"../../../../../../Users/Luis/Documents/GitHub/New_Prototype/BP_Cplusplus/Content/2dSideScroller/Textures/2DCharacter_IdleAnimAtlas.uasset" 0
"../../../../../../Users/Luis/Documents/GitHub/New_Prototype/BP_Cplusplus/Content/2dSideScroller/Sprites/IdleFrames/IdleCycle1.uasset" 1
"../../../../../../Users/Luis/Documents/GitHub/New_Prototype/BP_Cplusplus/Content/2dSideScroller/Sprites/IdleFrames/IdleCycle2.uasset" 2
"../../../../../../Users/Luis/Documents/GitHub/New_Prototype/BP_Cplusplus/Content/2dSideScroller/Sprites/IdleFrames/IdleCycle3.uasset" 3
"../../../../../../Users/Luis/Documents/GitHub/New_Prototype/BP_Cplusplus/Content/2dSideScroller/Sprites/IdleFrames/IdleCycle4.uasset" 4
"../../../../../../Users/Luis/Documents/GitHub/New_Prototype/BP_Cplusplus/Content/2dSideScroller/Sprites/IdleFrames/IdleCycle5.uasset" 5
"../../../../../../Users/Luis/Documents/GitHub/New_Prototype/BP_Cplusplus/Content/2dSideScroller/Sprites/IdleFrames/IdleCycle6.uasset" 6
"../../../../../../Users/Luis/Documents/GitHub/New_Prototype/BP_Cplusplus/Content/2dSideScroller/Sprites/IdleFrames/IdleCycle7.uasset" 7
"../../../../../../Users/Luis/Documents/GitHub/New_Prototype/BP_Cplusplus/Content/2dSideScroller/Sprites/IdleFrames/IdleCycle8.uasset" 8
"../../../../../../Users/Luis/Documents/GitHub/New_Prototype/BP_Cplusplus/Content/2DSideScroller/Sprites/IdleAnimation.uasset" 9
"../../../../../../Users/Luis/Documents/GitHub/New_Prototype/BP_Cplusplus/Content/2dSideScroller/Textures/2DBackgroundTile.uasset" 10
"../../../../../../Users/Luis/Documents/GitHub/New_Prototype/BP_Cplusplus/Content/2DSideScroller/Materials/PrototypingSpriteMaterial.uasset" 11
"../../../../../../Users/Luis/Documents/GitHub/New_Prototype/BP_Cplusplus/Content/2DSideScroller/Sprites/PrototypingSprite.uasset" 12
"../../../../../../Users/Luis/Documents/GitHub/New_Prototype/BP_Cplusplus/Content/2dSideScroller/Textures/2DCharacter_RunAnimAtlas.uasset" 13
"../../../../../../Users/Luis/Documents/GitHub/New_Prototype/BP_Cplusplus/Content/2dSideScroller/Sprites/RunFrames/RunCycle_1.uasset" 14
"../../../../../../Users/Luis/Documents/GitHub/New_Prototype/BP_Cplusplus/Content/2dSideScroller/Sprites/RunFrames/RunCycle_10.uasset" 15
"../../../../../../Users/Luis/Documents/GitHub/New_Prototype/BP_Cplusplus/Content/2dSideScroller/Sprites/RunFrames/RunCycle_11.uasset" 16
"../../../../../../Users/Luis/Documents/GitHub/New_Prototype/BP_Cplusplus/Content/2dSideScroller/Sprites/RunFrames/RunCycle_12.uasset" 17
"../../../../../../Users/Luis/Documents/GitHub/New_Prototype/BP_Cplusplus/Content/2dSideScroller/Sprites/RunFrames/RunCycle_13.uasset" 18
"../../../../../../Users/Luis/Documents/GitHub/New_Prototype/BP_Cplusplus/Content/2dSideScroller/Sprites/RunFrames/RunCycle_14.uasset" 19
"../../../../../../Users/Luis/Documents/GitHub/New_Prototype/BP_Cplusplus/Content/2dSideScroller/Sprites/RunFrames/RunCycle_15.uasset" 20
"../../../../../../Users/Luis/Documents/GitHub/New_Prototype/BP_Cplusplus/Content/2dSideScroller/Sprites/RunFrames/RunCycle_16.uasset" 21
"../../../../../../Users/Luis/Documents/GitHub/New_Prototype/BP_Cplusplus/Content/2dSideScroller/Sprites/RunFrames/RunCycle_2.uasset" 22
"../../../../../../Users/Luis/Documents/GitHub/New_Prototype/BP_Cplusplus/Content/2dSideScroller/Sprites/RunFrames/RunCycle_3.uasset" 23
"../../../../../../Users/Luis/Documents/GitHub/New_Prototype/BP_Cplusplus/Content/2dSideScroller/Sprites/RunFrames/RunCycle_4.uasset" 24
"../../../../../../Users/Luis/Documents/GitHub/New_Prototype/BP_Cplusplus/Content/2dSideScroller/Sprites/RunFrames/RunCycle_5.uasset" 25
"../../../../../../Users/Luis/Documents/GitHub/New_Prototype/BP_Cplusplus/Content/2dSideScroller/Sprites/RunFrames/RunCycle_6.uasset" 26
"../../../../../../Users/Luis/Documents/GitHub/New_Prototype/BP_Cplusplus/Content/2dSideScroller/Sprites/RunFrames/RunCycle_7.uasset" 27
"../../../../../../Users/Luis/Documents/GitHub/New_Prototype/BP_Cplusplus/Content/2dSideScroller/Sprites/RunFrames/RunCycle_8.uasset" 28
"../../../../../../Users/Luis/Documents/GitHub/New_Prototype/BP_Cplusplus/Content/2dSideScroller/Sprites/RunFrames/RunCycle_9.uasset" 29
"../../../../../../Users/Luis/Documents/GitHub/New_Prototype/BP_Cplusplus/Content/2DSideScroller/Sprites/RunningAnimation.uasset" 30
"../../../../../../Users/Luis/Documents/GitHub/New_Prototype/BP_Cplusplus/Content/Final_Project_Content/PlayerController2.uasset" 31
"../../../Engine/Content/EditorBlueprintResources/StandardMacros.uasset" 32
"../../../../../../Users/Luis/Documents/GitHub/New_Prototype/BP_Cplusplus/Content/Final_Project_Content/Sound_Music/82109__gniffelbaf__balloon-burst-01.uasset" 33
"../../../../../../Users/Luis/Documents/GitHub/New_Prototype/BP_Cplusplus/Content/Final_Project_Content/Sprites/enemy_eye.uasset" 34
"../../../../../../Users/Luis/Documents/GitHub/New_Prototype/BP_Cplusplus/Content/Final_Project_Content/Sprites/enemy_eye_Sprite.uasset" 35
"../../../../../../Users/Luis/Documents/GitHub/New_Prototype/BP_Cplusplus/Content/Final_Project_Content/Blueprints/BP_Enemy_Eye.uasset" 36
"../../../../../../Users/Luis/Documents/GitHub/New_Prototype/BP_Cplusplus/Content/Final_Project_Content/Blueprints/BP_Enemy_Eye1.uasset" 37
"../../../../../../Users/Luis/Documents/GitHub/New_Prototype/BP_Cplusplus/Content/Final_Project_Content/Blueprints/BP_Enemy_Eye2.uasset" 38
"../../../../../../Users/Luis/Documents/GitHub/New_Prototype/BP_Cplusplus/Content/Final_Project_Content/Sprites/Placeholder/Bullet.uasset" 39
"../../../../../../Users/Luis/Documents/GitHub/New_Prototype/BP_Cplusplus/Content/Final_Project_Content/Sprites/Using/Bullet_Sprite.uasset" 40
"../../../../../../Users/Luis/Documents/GitHub/New_Prototype/BP_Cplusplus/Content/Final_Project_Content/Blueprints/BP_Ammo.uasset" 41
"../../../../../../Users/Luis/Documents/GitHub/New_Prototype/BP_Cplusplus/Content/Final_Project_Content/Sound_Music/Jump.uasset" 42
"../../../../../../Users/Luis/Documents/GitHub/New_Prototype/BP_Cplusplus/Content/Final_Project_Content/Sound_Music/Shooting.uasset" 43
"../../../../../../Users/Luis/Documents/GitHub/New_Prototype/BP_Cplusplus/Content/Final_Project_Content/Sprites/Character.uasset" 44
"../../../../../../Users/Luis/Documents/GitHub/New_Prototype/BP_Cplusplus/Content/Final_Project_Content/Sprites/Using/Character_Sprite_0.uasset" 45
"../../../../../../Users/Luis/Documents/GitHub/New_Prototype/BP_Cplusplus/Content/Final_Project_Content/Sprites/Character1.uasset" 46
"../../../../../../Users/Luis/Documents/GitHub/New_Prototype/BP_Cplusplus/Content/Final_Project_Content/Sprites/Character/Idle_Animation.uasset" 47
"../../../../../../Users/Luis/Documents/GitHub/New_Prototype/BP_Cplusplus/Content/Final_Project_Content/Sprites/Character/Idle_Animation_Sprite_0.uasset" 48
"../../../../../../Users/Luis/Documents/GitHub/New_Prototype/BP_Cplusplus/Content/Final_Project_Content/Sprites/Character/Idle_Animation_Sprite_1.uasset" 49
"../../../../../../Users/Luis/Documents/GitHub/New_Prototype/BP_Cplusplus/Content/Final_Project_Content/Sprites/Flipbook/Idle_Animation1.uasset" 50
"../../../../../../Users/Luis/Documents/GitHub/New_Prototype/BP_Cplusplus/Content/Final_Project_Content/Sprites/Character/Run_Animation.uasset" 51
"../../../../../../Users/Luis/Documents/GitHub/New_Prototype/BP_Cplusplus/Content/Final_Project_Content/Sprites/Character/Run_Animation_Sprite_0.uasset" 52
"../../../../../../Users/Luis/Documents/GitHub/New_Prototype/BP_Cplusplus/Content/Final_Project_Content/Sprites/Character/Run_Animation_Sprite_1.uasset" 53
"../../../../../../Users/Luis/Documents/GitHub/New_Prototype/BP_Cplusplus/Content/Final_Project_Content/Sprites/Character/Run_Animation_Sprite_2.uasset" 54
"../../../../../../Users/Luis/Documents/GitHub/New_Prototype/BP_Cplusplus/Content/Final_Project_Content/Sprites/Character/Run_Animation_Sprite_3.uasset" 55
"../../../../../../Users/Luis/Documents/GitHub/New_Prototype/BP_Cplusplus/Content/Final_Project_Content/Sprites/Character/Run_Animation_Sprite_4.uasset" 56
"../../../../../../Users/Luis/Documents/GitHub/New_Prototype/BP_Cplusplus/Content/Final_Project_Content/Sprites/Character/Run_Animation_Sprite_5.uasset" 57
"../../../../../../Users/Luis/Documents/GitHub/New_Prototype/BP_Cplusplus/Content/Final_Project_Content/Sprites/Flipbook/Run_Animation1.uasset" 58
"../../../../../../Users/Luis/Documents/GitHub/New_Prototype/BP_Cplusplus/Content/Final_Project_Content/Widgets/Health.uasset" 59
"../../../../../../Users/Luis/Documents/GitHub/New_Prototype/BP_Cplusplus/Content/Final_Project_Content/Blueprints/2DSideScrollerCharacter.uasset" 60
"../../../../../../Users/Luis/Documents/GitHub/New_Prototype/BP_Cplusplus/Content/Final_Project_Content/Blueprints/BP_Ammo1.uasset" 61
"../../../../../../Users/Luis/Documents/GitHub/New_Prototype/BP_Cplusplus/Content/Final_Project_Content/Sprites/eyelander.uasset" 62
"../../../../../../Users/Luis/Documents/GitHub/New_Prototype/BP_Cplusplus/Content/Final_Project_Content/Sprites/eyelander_Sprite.uasset" 63
"../../../../../../Users/Luis/Documents/GitHub/New_Prototype/BP_Cplusplus/Content/Final_Project_Content/Blueprints/BossEnemy.uasset" 64
"../../../../../../Users/Luis/Documents/GitHub/New_Prototype/BP_Cplusplus/Content/Final_Project_Content/Sound_Music/Alarm.uasset" 65
"../../../../../../Users/Luis/Documents/GitHub/New_Prototype/BP_Cplusplus/Content/Final_Project_Content/Sound_Music/Background_Ambience.uasset" 66
"../../../../../../Users/Luis/Documents/GitHub/New_Prototype/BP_Cplusplus/Content/Final_Project_Content/Sound_Music/Checkpoint.uasset" 67
"../../../../../../Users/Luis/Documents/GitHub/New_Prototype/BP_Cplusplus/Content/Final_Project_Content/Sound_Music/Menu_Sound.uasset" 68
"../../../../../../Users/Luis/Documents/GitHub/New_Prototype/BP_Cplusplus/Content/Final_Project_Content/Sprites/Textures/Basic_checkpoint.uasset" 69
"../../../../../../Users/Luis/Documents/GitHub/New_Prototype/BP_Cplusplus/Content/Final_Project_Content/Sprites/Basic_checkpoint_Sprite.uasset" 70
"../../../../../../Users/Luis/Documents/GitHub/New_Prototype/BP_Cplusplus/Content/Final_Project_Content/Sprites/Background/Floor.uasset" 71
"../../../../../../Users/Luis/Documents/GitHub/New_Prototype/BP_Cplusplus/Content/Final_Project_Content/Sprites/Background/Floor_Sprite_2.uasset" 72
"../../../../../../Users/Luis/Documents/GitHub/New_Prototype/BP_Cplusplus/Content/Final_Project_Content/Sprites/Character/Respawn_Animation_.uasset" 73
"../../../../../../Users/Luis/Documents/GitHub/New_Prototype/BP_Cplusplus/Content/Final_Project_Content/Sprites/Character/Respawn_Animation__Sprite_0.uasset" 74
"../../../../../../Users/Luis/Documents/GitHub/New_Prototype/BP_Cplusplus/Content/Final_Project_Content/Sprites/Character/Respawn_Animation__Sprite_1.uasset" 75
"../../../../../../Users/Luis/Documents/GitHub/New_Prototype/BP_Cplusplus/Content/Final_Project_Content/Sprites/Character/Respawn_Animation__Sprite_2.uasset" 76
"../../../../../../Users/Luis/Documents/GitHub/New_Prototype/BP_Cplusplus/Content/Final_Project_Content/Sprites/Character/Respawn_Animation__Sprite_3.uasset" 77
"../../Plugins/2D/Paper2D/Content/DefaultSpriteMaterial.uasset" 78
"../../Plugins/2D/Paper2D/Content/TranslucentUnlitSpriteMaterial.uasset" 79
"../../../../../../Users/Luis/Documents/GitHub/New_Prototype/BP_Cplusplus/Content/Final_Project_Content/Sprites/Character/Respawn_Animation__Sprite_4.uasset" 80
"../../../../../../Users/Luis/Documents/GitHub/New_Prototype/BP_Cplusplus/Content/Final_Project_Content/Sprites/Character/Respawn_Animation__Sprite_5.uasset" 81
"../../../../../../Users/Luis/Documents/GitHub/New_Prototype/BP_Cplusplus/Content/Final_Project_Content/Sprites/Flipbook/Respawn_Animation.uasset" 82
"../../../../../../Users/Luis/Documents/GitHub/New_Prototype/BP_Cplusplus/Content/Final_Project_Content/Sprites/Placeholder/Idle_Sprites.uasset" 83
"../../../../../../Users/Luis/Documents/GitHub/New_Prototype/BP_Cplusplus/Content/Final_Project_Content/Sprites/Placeholder/Idle_Sprites_Sprite_0.uasset" 84
"../../../../../../Users/Luis/Documents/GitHub/New_Prototype/BP_Cplusplus/Content/Final_Project_Content/Sprites/Placeholder/Idle_Sprites_Sprite_1.uasset" 85
"../../../../../../Users/Luis/Documents/GitHub/New_Prototype/BP_Cplusplus/Content/Final_Project_Content/Sprites/Placeholder/Idle_Sprites_Sprite_2.uasset" 86
"../../../../../../Users/Luis/Documents/GitHub/New_Prototype/BP_Cplusplus/Content/Final_Project_Content/Sprites/Flipbook/Placeholde/Idle_Sprites1.uasset" 87
"../../../../../../Users/Luis/Documents/GitHub/New_Prototype/BP_Cplusplus/Content/Final_Project_Content/Sprites/Placeholder/Jump_Sprite.uasset" 88
"../../../../../../Users/Luis/Documents/GitHub/New_Prototype/BP_Cplusplus/Content/Final_Project_Content/Sprites/Placeholder/Jump_Sprite_Sprite_0.uasset" 89
"../../../../../../Users/Luis/Documents/GitHub/New_Prototype/BP_Cplusplus/Content/Final_Project_Content/Sprites/Placeholder/Jump_Sprite_Sprite_1.uasset" 90
"../../../../../../Users/Luis/Documents/GitHub/New_Prototype/BP_Cplusplus/Content/Final_Project_Content/Sprites/Placeholder/Jump_Sprite_Sprite_2.uasset" 91
"../../../../../../Users/Luis/Documents/GitHub/New_Prototype/BP_Cplusplus/Content/Final_Project_Content/Sprites/Placeholder/Jump_Sprite_Sprite_3.uasset" 92
"../../../../../../Users/Luis/Documents/GitHub/New_Prototype/BP_Cplusplus/Content/Final_Project_Content/Sprites/Placeholder/Jump_Sprite_Sprite_4.uasset" 93
"../../../../../../Users/Luis/Documents/GitHub/New_Prototype/BP_Cplusplus/Content/Final_Project_Content/Sprites/Flipbook/Placeholde/Jump_Sprite1.uasset" 94
"../../../../../../Users/Luis/Documents/GitHub/New_Prototype/BP_Cplusplus/Content/Final_Project_Content/Sprites/Placeholder/Run_Sprites.uasset" 95
"../../../../../../Users/Luis/Documents/GitHub/New_Prototype/BP_Cplusplus/Content/Final_Project_Content/Sprites/Placeholder/Run_Sprites_Sprite_0.uasset" 96
"../../../../../../Users/Luis/Documents/GitHub/New_Prototype/BP_Cplusplus/Content/Final_Project_Content/Sprites/Placeholder/Run_Sprites_Sprite_1.uasset" 97
"../../../../../../Users/Luis/Documents/GitHub/New_Prototype/BP_Cplusplus/Content/Final_Project_Content/Sprites/Placeholder/Run_Sprites_Sprite_2.uasset" 98
"../../../../../../Users/Luis/Documents/GitHub/New_Prototype/BP_Cplusplus/Content/Final_Project_Content/Sprites/Placeholder/Run_Sprites_Sprite_3.uasset" 99
"../../../../../../Users/Luis/Documents/GitHub/New_Prototype/BP_Cplusplus/Content/Final_Project_Content/Sprites/Placeholder/Run_Sprites_Sprite_4.uasset" 100
"../../../../../../Users/Luis/Documents/GitHub/New_Prototype/BP_Cplusplus/Content/Final_Project_Content/Sprites/Placeholder/Run_Sprites_Sprite_5.uasset" 101
"../../../../../../Users/Luis/Documents/GitHub/New_Prototype/BP_Cplusplus/Content/Final_Project_Content/Sprites/Flipbook/Placeholde/Run_Sprites1.uasset" 102
"../../../../../../Users/Luis/Documents/GitHub/New_Prototype/BP_Cplusplus/Content/Final_Project_Content/Sprites/Placeholder/Shoot_Sprites.uasset" 103
"../../../../../../Users/Luis/Documents/GitHub/New_Prototype/BP_Cplusplus/Content/Final_Project_Content/Sprites/Placeholder/Shoot_Sprites_Sprite_0.uasset" 104
"../../../../../../Users/Luis/Documents/GitHub/New_Prototype/BP_Cplusplus/Content/Final_Project_Content/Sprites/Placeholder/Shoot_Sprites_Sprite_1.uasset" 105
"../../../../../../Users/Luis/Documents/GitHub/New_Prototype/BP_Cplusplus/Content/Final_Project_Content/Sprites/Placeholder/Shoot_Sprites_Sprite_2.uasset" 106
"../../../../../../Users/Luis/Documents/GitHub/New_Prototype/BP_Cplusplus/Content/Final_Project_Content/Sprites/Placeholder/Shoot_Sprites_Sprite_3.uasset" 107
"../../../../../../Users/Luis/Documents/GitHub/New_Prototype/BP_Cplusplus/Content/Final_Project_Content/Sprites/Flipbook/Placeholde/Shoot_Sprites1.uasset" 108
"../../../../../../Users/Luis/Documents/GitHub/New_Prototype/BP_Cplusplus/Content/Final_Project_Content/Widgets/Boss_Health.uasset" 109
"../../../../../../Users/Luis/Documents/GitHub/New_Prototype/BP_Cplusplus/Content/Final_Project_Content/Widgets/Pause_Menu.uasset" 110
"../../../Engine/Content/Functions/Engine_MaterialFunctions01/Opacity/CameraDepthFade.uasset" 111
"../../../Engine/Content/EngineMaterials/T_Default_Material_Grid_M.uasset" 112
"../../../Engine/Content/EngineMaterials/T_Default_Material_Grid_N.uasset" 113
"../../../Engine/Content/EngineMaterials/WorldGridMaterial.uasset" 114
"../../../Engine/Content/ArtTools/RenderToTexture/Meshes/S_1_Unit_Plane.uasset" 115
"../../../Engine/Content/EngineMaterials/DefaultMaterial.uasset" 116
"../../../Engine/Content/BasicShapes/Cone.uasset" 117
"../../../Engine/Content/BasicShapes/Cube.uasset" 118
"../../../Engine/Content/BasicShapes/Cylinder.uasset" 119
"../../../Engine/Content/BasicShapes/Plane.uasset" 120
"../../../Engine/Content/BasicShapes/Sphere.uasset" 121
"../../../Engine/Content/EditorLandscapeResources/DataLayer.uasset" 122
"../../../Engine/Content/EditorMaterials/GizmoMaterial.uasset" 123
"../../../Engine/Content/EditorMaterials/MAT_Groups_Toggle.uasset" 124
"../../../Engine/Content/EditorMaterials/MAT_Groups_Visibility.uasset" 125
"../../../Engine/Content/EditorMaterials/PreviewShadowIndicator.uasset" 126
"../../../Engine/Content/EditorMaterials/PreviewShadowIndicatorMaterial.uasset" 127
"../../../Engine/Content/EditorMaterials/MatineeGroups/MAT_ColorTrack.uasset" 128
"../../../Engine/Content/EditorMaterials/MatineeGroups/MAT_Groups_Anim.uasset" 129
"../../../Engine/Content/EditorMaterials/MatineeGroups/MAT_Groups_AudioMaster.uasset" 130
"../../../Engine/Content/EditorMaterials/MatineeGroups/MAT_Groups_Director.uasset" 131
"../../../Engine/Content/EditorMaterials/MatineeGroups/MAT_Groups_Event.uasset" 132
"../../../Engine/Content/EditorMaterials/MatineeGroups/MAT_Groups_Fade.uasset" 133
"../../../Engine/Content/EditorMaterials/MatineeGroups/MAT_Groups_Float.uasset" 134
"../../../Engine/Content/EditorMaterials/MatineeGroups/MAT_Groups_Move.uasset" 135
"../../../Engine/Content/EditorMaterials/MatineeGroups/MAT_Groups_Slomo.uasset" 136
"../../../Engine/Content/EditorMaterials/MatineeGroups/MAT_Groups_Sound.uasset" 137
"../../../Engine/Content/EditorMaterials/MatineeGroups/MAT_Groups_Vector.uasset" 138
"../../../Engine/Content/EditorMaterials/ParticleSystems/PSysThumbnail_NoImage.uasset" 139
"../../../Engine/Content/EditorMaterials/ParticleSystems/PSysThumbnail_OOD.uasset" 140
"../../../Engine/Content/EditorMaterials/Camera/CineMat.uasset" 141
"../../../Engine/Content/EditorMaterials/Camera/MI_CineMat_Rig.uasset" 142
"../../../Engine/Content/EditorMeshes/Camera/SM_CraneRig_Arm.uasset" 143
"../../../Engine/Content/EditorMeshes/Camera/SM_CraneRig_Base.uasset" 144
"../../../Engine/Content/EditorMeshes/Camera/SM_CraneRig_Body.uasset" 145
"../../../Engine/Content/EditorMeshes/Camera/SM_CraneRig_Mount.uasset" 146
"../../../Engine/Content/EditorMeshes/Camera/SM_RailRig_Mount.uasset" 147
"../../../Engine/Content/EditorMeshes/Camera/SM_RailRig_Track.uasset" 148
"../../../Engine/Content/EditorResources/BSPVertex.uasset" 149
"../../../Engine/Content/EditorResources/EmptyActor.uasset" 150
"../../../Engine/Content/EditorResources/S_Actor.uasset" 151
"../../../Engine/Content/EditorResources/S_Trigger.uasset" 152
"../../../Engine/Content/EditorResources/SequenceRecorder/Countdown.uasset" 153
"../../../Engine/Content/EditorResources/SequenceRecorder/RecordingIndicator.uasset" 154
"../../../Engine/Content/EditorSounds/Notifications/CompileFailed.uasset" 155
"../../../Engine/Content/EditorSounds/Notifications/CompileFailed_Cue.uasset" 156
"../../../Engine/Content/EditorSounds/Notifications/CompileSuccess.uasset" 157
"../../../Engine/Content/EditorSounds/Notifications/CompileStart_Cue.uasset" 158
"../../../Engine/Content/EditorSounds/Notifications/CompileSuccess_Cue.uasset" 159
"../../../Engine/Content/EngineDamageTypes/DmgTypeBP_Environmental.uasset" 160
"../../../Engine/Content/EngineDebugMaterials/HeatmapGradient.uasset" 161
"../../../Engine/Content/EngineDebugMaterials/BoneWeightMaterial.uasset" 162
"../../../Engine/Content/EngineDebugMaterials/ClothMaterial.uasset" 163
"../../../Engine/Content/EngineDebugMaterials/ClothMaterial_WF.uasset" 164
"../../../Engine/Content/EngineDebugMaterials/DebugEditorMaterial.uasset" 165
"../../../Engine/Content/EngineDebugMaterials/DebugMeshMaterial.uasset" 166
"../../../Engine/Content/EngineDebugMaterials/GeomMaterial.uasset" 167
"../../../Engine/Content/EngineDebugMaterials/M_SimpleTranslucent.uasset" 168
"../../../Engine/Content/EngineFonts/Faces/RobotoBold.uasset" 169
"../../../Engine/Content/EngineFonts/Faces/RobotoBoldItalic.uasset" 170
"../../../Engine/Content/EngineFonts/Faces/RobotoItalic.uasset" 171
"../../../Engine/Content/EngineFonts/Faces/RobotoLight.uasset" 172
"../../../Engine/Content/EngineFonts/Faces/RobotoRegular.uasset" 173
"../../../Engine/Content/EngineFonts/Roboto.uasset" 174
"../../../Engine/Content/EngineFonts/Faces/RobotoTiny.uasset" 175
"../../../Engine/Content/EngineFonts/RobotoTiny.uasset" 176
"../../../Engine/Content/EngineMaterials/BaseFlattenDiffuseMap.uasset" 177
"../../../Engine/Content/EngineMaterials/BaseFlattenEmissiveMap.uasset" 178
"../../../Engine/Content/EngineMaterials/BaseFlattenGrayscaleMap.uasset" 179
"../../../Engine/Content/EngineMaterials/BaseFlattenNormalMap.uasset" 180
"../../../Engine/Content/EngineMaterials/BaseFlattenMaterial.uasset" 181
"../../../Engine/Content/EngineMaterials/DefaultBloomKernel.uasset" 182
"../../../Engine/Content/EngineMaterials/DefaultBokeh.uasset" 183
"../../../Engine/Content/EngineMaterials/DefaultDiffuse.uasset" 184
"../../../Engine/Content/EngineMaterials/DefaultDeferredDecalMaterial.uasset" 185
"../../../Engine/Content/EngineMaterials/DefaultLightFunctionMaterial.uasset" 186
"../../../Engine/Content/EngineMaterials/DefaultPhysicalMaterial.uasset" 187
"../../../Engine/Content/Functions/Engine_MaterialFunctions02/Utility/BreakOutFloat2Components.uasset" 188
"../../../Engine/Content/EngineMaterials/DefaultPostProcessMaterial.uasset" 189
"../../../Engine/Content/EngineFonts/RobotoDistanceField.uasset" 190
"../../../Engine/Content/EngineMaterials/DefaultTextMaterialOpaque.uasset" 191
"../../../Engine/Content/EngineMaterials/DefaultWhiteGrid.uasset" 192
"../../../Engine/Content/EngineMaterials/EditorBrushMaterial.uasset" 193
"../../../Engine/Content/EngineMaterials/Good64x64TilingNoiseHighFreq.uasset" 194
"../../../Engine/Content/EngineMaterials/MiniFont.uasset" 195
"../../../Engine/Content/EngineMaterials/InvalidLightmapSettings.uasset" 196
"../../../Engine/Content/EngineMaterials/M_InvalidLightmapSettings.uasset" 197
"../../../Engine/Content/Functions/Engine_MaterialFunctions02/WorldPositionOffset/CameraOffset.uasset" 198
"../../../Engine/Content/EngineMaterials/PhAT_JointLimitMaterial.uasset" 199
"../../../Engine/Content/EngineMaterials/PreintegratedSkinBRDF.uasset" 200
"../../../Engine/Content/EngineMaterials/RemoveSurfaceMaterial.uasset" 201
"../../../Engine/Content/EngineMaterials/WeightMapPlaceholderTexture.uasset" 202
"../../../Engine/Content/EngineResources/WhiteSquareTexture.uasset" 203
"../../../Engine/Content/EngineMaterials/Widget3DPassThrough.uasset" 204
"../../../Engine/Content/EngineMaterials/Widget3DPassThrough_Masked.uasset" 205
"../../../Engine/Content/EngineMaterials/Widget3DPassThrough_Opaque.uasset" 206
"../../../Engine/Content/EngineMaterials/Widget3DPassThrough_Masked_OneSided.uasset" 207
"../../../Engine/Content/EngineMaterials/Widget3DPassThrough_Opaque_OneSided.uasset" 208
"../../../Engine/Content/EngineMaterials/Widget3DPassThrough_Translucent.uasset" 209
"../../../Engine/Content/EngineMaterials/Widget3DPassThrough_Translucent_OneSided.uasset" 210
"../../../Engine/Content/EngineMeshes/Cylinder.uasset" 211
"../../../Engine/Content/EngineMeshes/Sphere.uasset" 212
"../../../Engine/Content/EngineResources/Black.uasset" 213
"../../../Engine/Content/EngineResources/DefaultTexture.uasset" 214
"../../../Engine/Content/EngineResources/DefaultTextureCube.uasset" 215
"../../../Engine/Content/EngineResources/DefaultVolumeTexture2D.uasset" 216
"../../../Engine/Content/EngineResources/DefaultVolumeTexture.uasset" 217
"../../../Engine/Content/EngineResources/GradientTexture0.uasset" 218
"../../../Engine/Content/EngineSounds/Master.uasset" 219
"../../../Engine/Content/Functions/Engine_MaterialFunctions01/Shading/ConvertFromDiffSpec.uasset" 220
"../../../Engine/Content/Functions/Engine_MaterialFunctions01/Shading/PowerToRoughness.uasset" 221
"../../../Engine/Content/Maps/Templates/Thumbnails/Default.uasset" 222
"../../../Engine/Content/Maps/Templates/Thumbnails/VR-Basic.uasset" 223
"../../../Engine/Content/MobileResources/T_MobileControls_texture.uasset" 224
"../../../Engine/Content/MobileResources/T_MobileMenu2.uasset" 225
"../../../Engine/Content/MobileResources/HUD/AnalogHat.uasset" 226
"../../../Engine/Content/MobileResources/HUD/VirtualJoystick_Background.uasset" 227
"../../../Engine/Content/MobileResources/HUD/VirtualJoystick_Thumb.uasset" 228
"../../../Engine/Content/MobileResources/HUD/DefaultVirtualJoysticks.uasset" 229
"../../../Engine/Content/MobileResources/HUD/LeftVirtualJoystickOnly.uasset" 230
"../../../Engine/Content/MobileResources/HUD/MobileHUDButton1_off.uasset" 231
"../../../Engine/Content/MobileResources/HUD/MobileHUDButton1_on.uasset" 232
"../../../Engine/Content/MobileResources/HUD/MobileHUDButton2_off.uasset" 233
"../../../Engine/Content/MobileResources/HUD/MobileHUDButton2_on.uasset" 234
"../../../Engine/Content/MobileResources/HUD/MobileHUDButton3.uasset" 235
"../../../Engine/Content/MobileResources/HUD/MobileHUDButtonFire.uasset" 236
"../../../Engine/Content/MobileResources/HUD/MobileHUDDirectionPad.uasset" 237
"../../../Engine/Content/MobileResources/HUD/MobileHUDDirectionPad2.uasset" 238
"../../../Engine/Content/MobileResources/HUD/MobileHUDDirectionPad3.uasset" 239
"../../../Engine/Content/MobileResources/HUD/MobileHUDDirectionStick.uasset" 240
"../../../Engine/Content/MobileResources/HUD/T_Castle_ThumbstickInner.uasset" 241
"../../../Engine/Content/MobileResources/HUD/T_Castle_ThumbstickOutter.uasset" 242
"../../../Engine/Content/Tutorial/ContentIntroCurve.uasset" 243
"../../../Engine/Content/Tutorial/Basics/TutorialAssets/icon_tab_Levels_40x.uasset" 244
"../../../Engine/Content/VREditor/LaserPointer/VR_LaserPower_01.uasset" 245
"../../../Engine/Content/VREditor/TransformGizmo/TransformGizmoMaterial.uasset" 246
"../../../Engine/Content/VREditor/TransformGizmo/TranslucentTransformGizmoMaterial.uasset" 247
"../../../Engine/Content/VREditor/TransformGizmo/BoundingBoxCorner.uasset" 248
"../../../Engine/Content/VREditor/TransformGizmo/BoundingBoxEdge.uasset" 249
"../../../Engine/Content/VREditor/TransformGizmo/PlaneTranslationHandle.uasset" 250
"../../../Engine/Content/VREditor/TransformGizmo/Main.uasset" 251
"../../../Engine/Content/VREditor/TransformGizmo/Xray.uasset" 252
"../../../Engine/Content/VREditor/TransformGizmo/SM_Sequencer_Key.uasset" 253
"../../../Engine/Content/VREditor/TransformGizmo/SM_Sequencer_Node.uasset" 254
"../../Plugins/2D/Paper2D/Content/PlaceholderTextures/DummySpriteTexture.uasset" 255
"../../Plugins/2D/Paper2D/Content/DummySprite.uasset" 256
"../../Plugins/2D/Paper2D/Content/DefaultPaperTerrainMaterial.uasset" 257
"../../Plugins/2D/Paper2D/Content/MaskedUnlitSpriteMaterial.uasset" 258
"../../Plugins/Runtime/Oculus/OculusVR/Content/Materials/PokeAHoleMaterial.uasset" 259
"../../Plugins/Runtime/Oculus/OculusVR/Content/Textures/GearVRController_AO.uasset" 260
"../../Plugins/Runtime/Oculus/OculusVR/Content/Textures/GearVRController_Color.uasset" 261
"../../Plugins/Runtime/Oculus/OculusVR/Content/Textures/GearVRController_Normal.uasset" 262
"../../Plugins/Runtime/Oculus/OculusVR/Content/Materials/GearVRControllerMaterial.uasset" 263
"../../Plugins/Runtime/Oculus/OculusVR/Content/Meshes/GearVrController.uasset" 264
"../../Plugins/Runtime/Oculus/OculusVR/Content/Textures/touchController_albedo.uasset" 265
"../../Plugins/Runtime/Oculus/OculusVR/Content/Textures/touchController_controlmap.uasset" 266
"../../Plugins/Runtime/Oculus/OculusVR/Content/Materials/touchController_mat.uasset" 267
"../../Plugins/Runtime/Oculus/OculusVR/Content/Meshes/LeftTouchController.uasset" 268
"../../Plugins/Runtime/Oculus/OculusVR/Content/Meshes/RiftHMD.uasset" 269
"../../Plugins/Runtime/Oculus/OculusVR/Content/Meshes/RightTouchController.uasset" 270
"../../../../../../Users/Luis/Documents/GitHub/New_Prototype/BP_Cplusplus/Content/2DSideScrollerBP/Blueprints/2DSideScrollerGameMode.uasset" 271
"../../../../../../Users/Luis/Documents/GitHub/New_Prototype/BP_Cplusplus/Content/Maps/2DSideScrollerExampleMap_BuiltData.uasset" 272
"../../../Engine/Content/MapTemplates/Bokeh_5Sides.uasset" 273
"../../../Engine/Content/MapTemplates/T_ScreenDirt02_w.uasset" 274
"../../Plugins/2D/Paper2D/Content/OpaqueUnlitSpriteMaterial.uasset" 275
"../../../../../../Users/Luis/Documents/GitHub/New_Prototype/BP_Cplusplus/Content/2dSideScroller/Textures/2DBackground.uasset" 276
"../../../../../../Users/Luis/Documents/GitHub/New_Prototype/BP_Cplusplus/Content/2DSideScroller/Sprites/Background_Sprite.uasset" 277
"../../../../../../Users/Luis/Documents/GitHub/New_Prototype/BP_Cplusplus/Content/2dSideScroller/Textures/2DBackgroundBlockAtlas.uasset" 278
"../../../../../../Users/Luis/Documents/GitHub/New_Prototype/BP_Cplusplus/Content/2DSideScroller/Sprites/Ledge.uasset" 279
"../../../../../../Users/Luis/Documents/GitHub/New_Prototype/BP_Cplusplus/Content/Maps/2DSideScrollerExampleMap.umap" 280
"../../../../../../Users/Luis/Documents/GitHub/New_Prototype/BP_Cplusplus/Content/Final_Project_Content/Sprites/eyelander1.uasset" 281
"../../../../../../Users/Luis/Documents/GitHub/New_Prototype/BP_Cplusplus/Content/Final_Project_Content/Sprites/eyelander1_Sprite.uasset" 282
"../../../../../../Users/Luis/Documents/GitHub/New_Prototype/BP_Cplusplus/Content/Final_Project_Content/Blueprints/Boss.uasset" 283
"../../../../../../Users/Luis/Documents/GitHub/New_Prototype/BP_Cplusplus/Content/Final_Project_Content/checkpoints/Save_info.uasset" 284
"../../../../../../Users/Luis/Documents/GitHub/New_Prototype/BP_Cplusplus/Content/Final_Project_Content/checkpoints/checkpoint.uasset" 285
"../../../../../../Users/Luis/Documents/GitHub/New_Prototype/BP_Cplusplus/Content/Final_Project_Content/checkpoints/save.uasset" 286
"../../../../../../Users/Luis/Documents/GitHub/New_Prototype/BP_Cplusplus/Content/Final_Project_Content/checkpoints/BP_Checkpoint.uasset" 287
"../../../../../../Users/Luis/Documents/GitHub/New_Prototype/BP_Cplusplus/Content/Final_Project_Content/Blueprints/Activate_2nd_Stage.uasset" 288
"../../../../../../Users/Luis/Documents/GitHub/New_Prototype/BP_Cplusplus/Content/Final_Project_Content/Sprites/Background/Building_245.uasset" 289
"../../../../../../Users/Luis/Documents/GitHub/New_Prototype/BP_Cplusplus/Content/Final_Project_Content/Sprites/Background/Building_245_TileSet.uasset" 290
"../../../../../../Users/Luis/Documents/GitHub/New_Prototype/BP_Cplusplus/Content/Final_Project_Content/Sprites/Background/Floor_TileSet.uasset" 291
"../../../../../../Users/Luis/Documents/GitHub/New_Prototype/BP_Cplusplus/Content/Final_Project_Content/Sprites/Background/Sprites.uasset" 292
"../../../../../../Users/Luis/Documents/GitHub/New_Prototype/BP_Cplusplus/Content/Final_Project_Content/Sprites/Background/Sprites_TileSet.uasset" 293
"../../../../../../Users/Luis/Documents/GitHub/New_Prototype/BP_Cplusplus/Content/Final_Project_Content/Sprites/Tilemaps_tilesets/Level_01.uasset" 294
"../../../../../../Users/Luis/Documents/GitHub/New_Prototype/BP_Cplusplus/Content/Maps/First_Lvl.umap" 295
"../../../../../../Users/Luis/Documents/GitHub/New_Prototype/BP_Cplusplus/Content/Final_Project_Content/Sprites/airship.uasset" 296
"../../../../../../Users/Luis/Documents/GitHub/New_Prototype/BP_Cplusplus/Content/Final_Project_Content/Sprites/airship_Sprite.uasset" 297
"../../../../../../Users/Luis/Documents/GitHub/New_Prototype/BP_Cplusplus/Content/Final_Project_Content/Sprites/airship_Flipbook.uasset" 298
"../../../../../../Users/Luis/Documents/GitHub/New_Prototype/BP_Cplusplus/Content/Final_Project_Content/Blueprints/Space_Ship.uasset" 299
"../../../../../../Users/Luis/Documents/GitHub/New_Prototype/BP_Cplusplus/Content/Final_Project_Content/2DShipGameMode.uasset" 300
"../../../../../../Users/Luis/Documents/GitHub/New_Prototype/BP_Cplusplus/Content/Final_Project_Content/Blueprints/Activate_3rd_Stage.uasset" 301
"../../../../../../Users/Luis/Documents/GitHub/New_Prototype/BP_Cplusplus/Content/Final_Project_Content/Sprites/Tilemaps_tilesets/Tilemap1.uasset" 302
"../../../../../../Users/Luis/Documents/GitHub/New_Prototype/BP_Cplusplus/Content/Maps/Second_Lvl.umap" 303
"../../../../../../Users/Luis/Documents/GitHub/New_Prototype/BP_Cplusplus/Content/Final_Project_Content/Blueprints/Boss1.uasset" 304
"../../../../../../Users/Luis/Documents/GitHub/New_Prototype/BP_Cplusplus/Content/Final_Project_Content/Sprites/Tilemaps_tilesets/Tilemap2.uasset" 305
"../../../../../../Users/Luis/Documents/GitHub/New_Prototype/BP_Cplusplus/Content/Maps/Third_Lvl.umap" 306
"../../../Engine/Content/Maps/Entry_BuiltData.uasset" 307
"../../../Engine/Content/Maps/Entry.umap" 308
