Log file open, 11/06/18 12:44:00
LogWindows: Failed to load 'aqProf.dll' (GetLastError=126)
LogWindows: File 'aqProf.dll' does not exist
LogWindows: Failed to load 'VtuneApi.dll' (GetLastError=126)
LogWindows: File 'VtuneApi.dll' does not exist
LogWindows: Failed to load 'VtuneApi32e.dll' (GetLastError=126)
LogWindows: File 'VtuneApi32e.dll' does not exist
LogInit: Display: Running engine for game: BP_Cplusplus
LogPlatformFile: Not using cached read wrapper
LogTaskGraph: Started task graph with 5 named threads and 23 total threads with 3 sets of task threads.
LogStats: Stats thread started at 0.293381
LogD3D11RHI: Loaded GFSDK_Aftermath_Lib.x64.dll
LogICUInternationalization: Display: ICU TimeZone Detection - Raw Offset: -6:00, Platform Override: ''
LogPluginManager: Mounting plugin Paper2D
LogPluginManager: Mounting plugin AISupport
LogPluginManager: Mounting plugin LightPropagationVolume
LogPluginManager: Mounting plugin CLionSourceCodeAccess
LogPluginManager: Mounting plugin CodeLiteSourceCodeAccess
LogPluginManager: Mounting plugin GitSourceControl
LogPluginManager: Mounting plugin KDevelopSourceCodeAccess
LogPluginManager: Mounting plugin NullSourceCodeAccess
LogPluginManager: Mounting plugin PerforceSourceControl
LogPluginManager: Mounting plugin SubversionSourceControl
LogPluginManager: Mounting plugin UObjectPlugin
LogPluginManager: Mounting plugin VisualStudioCodeSourceCodeAccess
LogPluginManager: Mounting plugin VisualStudioSourceCodeAccess
LogPluginManager: Mounting plugin XCodeSourceCodeAccess
LogPluginManager: Mounting plugin AssetManagerEditor
LogPluginManager: Mounting plugin CryptoKeys
LogPluginManager: Mounting plugin DataValidation
LogPluginManager: Mounting plugin FacialAnimation
LogPluginManager: Mounting plugin GameplayTagsEditor
LogPluginManager: Mounting plugin MacGraphicsSwitching
LogPluginManager: Mounting plugin MeshEditor
LogPluginManager: Mounting plugin MobileLauncherProfileWizard
LogPluginManager: Mounting plugin PluginBrowser
LogPluginManager: Mounting plugin SpeedTreeImporter
LogPluginManager: Mounting plugin DatasmithContent
LogPluginManager: Mounting plugin AlembicImporter
LogPluginManager: Mounting plugin AppleImageUtils
LogPluginManager: Mounting plugin AppleVision
LogPluginManager: Mounting plugin BackChannel
LogPluginManager: Mounting plugin CharacterAI
LogPluginManager: Mounting plugin GeometryCache
LogPluginManager: Mounting plugin HTML5Networking
LogPluginManager: Mounting plugin ProxyLODPlugin
LogPluginManager: Mounting plugin MagicLeap
LogPluginManager: Mounting plugin MagicLeapEmulator
LogPluginManager: Mounting plugin MagicLeapMedia
LogPluginManager: Mounting plugin AndroidMedia
LogPluginManager: Mounting plugin AvfMedia
LogPluginManager: Mounting plugin ImgMedia
LogPluginManager: Mounting plugin LinearTimecode
LogPluginManager: Mounting plugin MediaCompositing
LogPluginManager: Mounting plugin MediaPlayerEditor
LogPluginManager: Mounting plugin WmfMedia
LogPluginManager: Mounting plugin TcpMessaging
LogPluginManager: Mounting plugin UdpMessaging
LogPluginManager: Mounting plugin ActorSequence
LogPluginManager: Mounting plugin LevelSequenceEditor
LogPluginManager: Mounting plugin MatineeToLevelSequence
LogPluginManager: Mounting plugin NetcodeUnitTest
LogPluginManager: Mounting plugin NUTUnrealEngine4
LogPluginManager: Mounting plugin OnlineSubsystemGooglePlay
LogPluginManager: Mounting plugin OnlineSubsystemIOS
LogPluginManager: Mounting plugin OnlineSubsystem
LogPluginManager: Mounting plugin OnlineSubsystemNull
LogPluginManager: Mounting plugin OnlineSubsystemUtils
LogPluginManager: Mounting plugin LauncherChunkInstaller
LogPluginManager: Mounting plugin AndroidDeviceProfileSelector
LogPluginManager: Mounting plugin AndroidMoviePlayer
LogPluginManager: Mounting plugin AndroidPermission
LogPluginManager: Mounting plugin AppleMoviePlayer
LogPluginManager: Mounting plugin ArchVisCharacter
LogPluginManager: Mounting plugin AudioCapture
LogPluginManager: Mounting plugin CableComponent
LogPluginManager: Mounting plugin CustomMeshComponent
LogPluginManager: Mounting plugin EditableMesh
LogPluginManager: Mounting plugin ExampleDeviceProfileSelector
LogPluginManager: Mounting plugin GoogleCloudMessaging
LogPluginManager: Mounting plugin ImmediatePhysics
LogPluginManager: Mounting plugin IOSDeviceProfileSelector
LogPluginManager: Mounting plugin LinuxDeviceProfileSelector
LogPluginManager: Mounting plugin LocationServicesBPLibrary
LogPluginManager: Mounting plugin MobilePatchingUtils
LogPluginManager: Mounting plugin OculusVR
LogPluginManager: Plugin shader directory ../../../Engine/Plugins/Runtime/Oculus/OculusVR/Shaders found
LogPluginManager: Mapping shader source directory ../../../Engine/Plugins/Runtime/Oculus/OculusVR/Shaders to virtual directory /Plugin/OculusVR
LogPluginManager: Mounting plugin PhysXVehicles
LogPluginManager: Mounting plugin ProceduralMeshComponent
LogPluginManager: Mounting plugin RuntimePhysXCooking
LogPluginManager: Mounting plugin SteamVR
LogPluginManager: Mounting plugin WindowsMoviePlayer
LogStreaming: Display: Took  0.148s to configure plugins.
LogInit: Using libcurl 7.55.1-DEV
LogInit:  - built for x86_64-pc-win32
LogInit:  - supports SSL with OpenSSL/1.0.2h
LogInit:  - supports HTTP deflate (compression) using libz 1.2.8
LogInit:  - other features:
LogInit:      CURL_VERSION_SSL
LogInit:      CURL_VERSION_LIBZ
LogInit:      CURL_VERSION_IPV6
LogInit:      CURL_VERSION_ASYNCHDNS
LogInit:      CURL_VERSION_LARGEFILE
LogInit:      CURL_VERSION_IDN
LogInit:  CurlRequestOptions (configurable via config and command line):
LogInit:  - bVerifyPeer = false  - Libcurl will NOT verify peer certificate
LogInit:  - bUseHttpProxy = false  - Libcurl will NOT use HTTP proxy
LogInit:  - bDontReuseConnections = false  - Libcurl will reuse connections
LogInit:  - CertBundlePath = nullptr  - Libcurl will use whatever was configured at build time.
LogInit:  - MaxHostConnections = 16  - Libcurl will limit the number of connections to a host
LogInit:  - LocalHostAddr = Default
LogInit:  - BufferSize = 65536
LogInit: WinSock: version 1.1 (2.2), MaxSocks=32767, MaxUdp=65467
LogHMD: Failed initializing OVRPlugin 1.25.0
LogInit: Build: ++UE4+Release-4.20-CL-4369336
LogInit: Engine Version: 4.20.3-4369336+++UE4+Release-4.20
LogInit: Compatible Engine Version: 4.20.0-4212847+++UE4+Release-4.20
LogInit: Net CL: 4212847
LogInit: OS: Windows 10 (), CPU: Intel(R) Core(TM) i7-4770 CPU @ 3.40GHz, GPU: AMD Radeon HD 8570
LogInit: Compiled (64-bit): Sep 17 2018 12:26:19
LogInit: Compiled with Visual C++: 19.13.26129.00
LogInit: Build Configuration: Development
LogInit: Branch Name: ++UE4+Release-4.20
LogInit: Command Line:  
LogInit: Base Directory: C:/UE4/UE_4.20/Engine/Binaries/Win64/
LogInit: Installed Engine Build: 1
LogDevObjectVersion: Number of dev versions registered: 20
LogDevObjectVersion:   Dev-Blueprints (B0D832E4-1F89-4F0D-ACCF-7EB736FD4AA2): 10
LogDevObjectVersion:   Dev-Build (E1C64328-A22C-4D53-A36C-8E866417BD8C): 0
LogDevObjectVersion:   Dev-Core (375EC13C-06E4-48FB-B500-84F0262A717E): 2
LogDevObjectVersion:   Dev-Editor (E4B068ED-F494-42E9-A231-DA0B2E46BB41): 24
LogDevObjectVersion:   Dev-Framework (CFFC743F-43B0-4480-9391-14DF171D2073): 34
LogDevObjectVersion:   Dev-Mobile (B02B49B5-BB20-44E9-A304-32B752E40360): 2
LogDevObjectVersion:   Dev-Networking (A4E4105C-59A1-49B5-A7C5-40C4547EDFEE): 0
LogDevObjectVersion:   Dev-Online (39C831C9-5AE6-47DC-9A44-9C173E1C8E7C): 0
LogDevObjectVersion:   Dev-Physics (78F01B33-EBEA-4F98-B9B4-84EACCB95AA2): 0
LogDevObjectVersion:   Dev-Platform (6631380F-2D4D-43E0-8009-CF276956A95A): 0
LogDevObjectVersion:   Dev-Rendering (12F88B9F-8875-4AFC-A67C-D90C383ABD29): 26
LogDevObjectVersion:   Dev-Sequencer (7B5AE74C-D270-4C10-A958-57980B212A5A): 9
LogDevObjectVersion:   Dev-VR (D7296918-1DD6-4BDD-9DE2-64A83CC13884): 2
LogDevObjectVersion:   Dev-LoadTimes (C2A15278-BFE7-4AFE-6C17-90FF531DF755): 1
LogDevObjectVersion:   Private-Geometry (6EACA3D4-40EC-4CC1-B786-8BED09428FC5): 3
LogDevObjectVersion:   Dev-AnimPhys (29E575DD-E0A3-4627-9D10-D276232CDCEA): 17
LogDevObjectVersion:   Dev-ReflectionCapture (6B266CEC-1EC7-4B8F-A30B-E4D90942FC07): 1
LogDevObjectVersion:   Dev-Automation (0DF73D61-A23F-47EA-B727-89E90C41499A): 1
LogDevObjectVersion:   FortniteMain (601D1886-AC64-4F84-AA16-D3DE0DEAC7D6): 12
LogDevObjectVersion:   Dev-Enterprise (9DFFBCD6-494F-0158-E221-12823C92A888): 1
LogStreaming: Display: Took  0.004s to delete old logs.
LogInit: Presizing for max 8388607 objects, including 0 objects not considered by GC, pre-allocating 0 bytes for permanent pool.
LogInit: Object subsystem initialized
[2018.11.06-18.44.01:195][  0]LogInit: Selected Device Profile: [Windows]
[2018.11.06-18.44.01:195][  0]LogInit: Applying CVar settings loaded from the selected device profile: [Windows]
[2018.11.06-18.44.01:209][  0]LogHAL: Display: Platform has ~ 16 GB [17119154176 / 17179869184 / 16], which maps to Larger [LargestMinGB=32, LargerMinGB=12, DefaultMinGB=8, SmallerMinGB=6, SmallestMinGB=0)
[2018.11.06-18.44.01:209][  0]LogInit: Setting Device Profile CVar: [[r.Vulkan.UseRealUBs:1]]
[2018.11.06-18.44.01:209][  0]LogInit: Going up to parent DeviceProfile []
[2018.11.06-18.44.01:209][  0]LogInit: Computer: SW-WLC124-14
[2018.11.06-18.44.01:209][  0]LogInit: User: W209724991
[2018.11.06-18.44.01:209][  0]LogInit: CPU Page size=4096, Cores=4
[2018.11.06-18.44.01:209][  0]LogInit: High frequency timer resolution =3.312657 MHz
[2018.11.06-18.44.01:209][  0]LogMemory: Memory total: Physical=15.9GB (16GB approx)
[2018.11.06-18.44.01:209][  0]LogMemory: Platform Memory Stats for Windows
[2018.11.06-18.44.01:210][  0]LogMemory: Process Physical Memory: 102.55 MB used, 102.55 MB peak
[2018.11.06-18.44.01:210][  0]LogMemory: Process Virtual Memory: 92.42 MB used, 92.42 MB peak
[2018.11.06-18.44.01:210][  0]LogMemory: Physical Memory: 5777.15 MB used,  10548.95 MB free, 16326.10 MB total
[2018.11.06-18.44.01:210][  0]LogMemory: Virtual Memory: 512.95 MB used,  10548.95 MB free, 134217728.00 MB total
[2018.11.06-18.44.01:231][  0]LogInit: Using OS detected language (en-US).
[2018.11.06-18.44.01:231][  0]LogInit: Using OS detected locale (en-US).
[2018.11.06-18.44.01:233][  0]LogTextLocalizationManager: No specific localization for 'en-US' exists, so the 'en' localization will be used.
[2018.11.06-18.44.01:723][  0]LogStreaming: Display: Took  0.492s to InitEngineTextLocalization.
[2018.11.06-18.44.01:724][  0]LogInit: Setting process to per monitor DPI aware
[2018.11.06-18.44.01:755][  0]LogSlate: New Slate User Created.  User Index 0, Is Virtual User: 0
[2018.11.06-18.44.01:755][  0]LogSlate: Slate User Registered.  User Index 0, Is Virtual User: 0
[2018.11.06-18.44.02:077][  0]LogHMD: Failed to initialize OpenVR with code 126
[2018.11.06-18.44.02:077][  0]LogD3D11RHI: D3D11 adapters:
[2018.11.06-18.44.02:105][  0]LogD3D11RHI:    0. 'AMD Radeon HD 8570' (Feature Level 11_0)
[2018.11.06-18.44.02:105][  0]LogD3D11RHI:       1005/0/8163 MB DedicatedVideo/DedicatedSystem/SharedSystem, Outputs:1, VendorId:0x1002
[2018.11.06-18.44.02:107][  0]LogD3D11RHI:    1. 'Microsoft Basic Render Driver' (Feature Level 11_0)
[2018.11.06-18.44.02:108][  0]LogD3D11RHI:       0/0/8163 MB DedicatedVideo/DedicatedSystem/SharedSystem, Outputs:0, VendorId:0x1414
[2018.11.06-18.44.02:108][  0]LogD3D11RHI: Chosen D3D11 Adapter: 0
[2018.11.06-18.44.02:121][  0]LogD3D11RHI: Creating new Direct3DDevice
[2018.11.06-18.44.02:121][  0]LogD3D11RHI:     GPU DeviceId: 0x6611 (for the marketing name, search the web for "GPU Device Id")
[2018.11.06-18.44.02:121][  0]LogWindows: EnumDisplayDevices:
[2018.11.06-18.44.02:121][  0]LogWindows:    0. 'AMD Radeon HD 8570' (P:1 D:1)
[2018.11.06-18.44.02:122][  0]LogWindows:    1. 'AMD Radeon HD 8570' (P:0 D:0)
[2018.11.06-18.44.02:122][  0]LogWindows: DebugString: FoundDriverCount:2 
[2018.11.06-18.44.02:122][  0]LogD3D11RHI:     Adapter Name: AMD Radeon HD 8570
[2018.11.06-18.44.02:122][  0]LogD3D11RHI:   Driver Version: Crimson 16.6 (internal:21.19.144.32768, unified:21.19.144.32768)
[2018.11.06-18.44.02:122][  0]LogD3D11RHI:      Driver Date: 10-25-2016
[2018.11.06-18.44.02:122][  0]LogRHI: Texture pool is 703 MB (70% of 1005 MB)
[2018.11.06-18.44.02:186][  0]LogD3D11RHI: Async texture creation enabled
[2018.11.06-18.44.02:199][  0]LogD3D11RHI: GPU Timing Frequency: 27.000000 (Debug: 2 1)
[2018.11.06-18.44.02:200][  0]LogShaderCompilers: Guid format shader working directory is -28 characters bigger than the processId version (../../../../../Users/w209724991/Documents/New folder/New_Prototype/BP_Cplusplus/Intermediate/Shaders/WorkingDirectory/7212/).
[2018.11.06-18.44.02:200][  0]LogShaderCompilers: Cleaned the shader compiler working directory 'C:/Users/w209724991/AppData/Local/Temp/UnrealShaderWorkingDir/17D34BD149418604F87ADB8E1A5109E2/'.
[2018.11.06-18.44.02:541][  0]LogTemp: Display: Loaded TP AllDesktopTargetPlatform
[2018.11.06-18.44.02:563][  0]LogTemp: Display: Loaded TP MacClientTargetPlatform
[2018.11.06-18.44.02:585][  0]LogTemp: Display: Loaded TP MacNoEditorTargetPlatform
[2018.11.06-18.44.02:605][  0]LogTemp: Display: Loaded TP MacServerTargetPlatform
[2018.11.06-18.44.02:623][  0]LogTemp: Display: Loaded TP MacTargetPlatform
[2018.11.06-18.44.02:639][  0]LogTemp: Display: Loaded TP WindowsClientTargetPlatform
[2018.11.06-18.44.02:657][  0]LogTemp: Display: Loaded TP WindowsNoEditorTargetPlatform
[2018.11.06-18.44.02:674][  0]LogTemp: Display: Loaded TP WindowsServerTargetPlatform
[2018.11.06-18.44.02:682][  0]LogTemp: Display: Loaded TP WindowsTargetPlatform
[2018.11.06-18.44.02:769][  0]LogTemp: Display: Loaded TP AndroidTargetPlatform
[2018.11.06-18.44.02:769][  0]LogTemp: Display: Loaded TP AndroidTargetPlatform
[2018.11.06-18.44.02:769][  0]LogTemp: Display: Loaded TP AndroidTargetPlatform
[2018.11.06-18.44.02:769][  0]LogTemp: Display: Loaded TP AndroidTargetPlatform
[2018.11.06-18.44.02:769][  0]LogTemp: Display: Loaded TP AndroidTargetPlatform
[2018.11.06-18.44.02:769][  0]LogTemp: Display: Loaded TP AndroidTargetPlatform
[2018.11.06-18.44.02:769][  0]LogTemp: Display: Loaded TP AndroidTargetPlatform
[2018.11.06-18.44.02:769][  0]LogTemp: Display: Loaded TP AndroidTargetPlatform
[2018.11.06-18.44.02:769][  0]LogTemp: Display: Loaded TP AndroidTargetPlatform
[2018.11.06-18.44.02:769][  0]LogTemp: Display: Loaded TP AndroidTargetPlatform
[2018.11.06-18.44.02:769][  0]LogTemp: Display: Loaded TP AndroidTargetPlatform
[2018.11.06-18.44.02:769][  0]LogTemp: Display: Loaded TP AndroidTargetPlatform
[2018.11.06-18.44.02:769][  0]LogTemp: Display: Loaded TP AndroidTargetPlatform
[2018.11.06-18.44.02:769][  0]LogTemp: Display: Loaded TP AndroidTargetPlatform
[2018.11.06-18.44.02:769][  0]LogTemp: Display: Loaded TP AndroidTargetPlatform
[2018.11.06-18.44.02:769][  0]LogTemp: Display: Loaded TP AndroidTargetPlatform
[2018.11.06-18.44.02:769][  0]LogTemp: Display: Loaded TP AndroidTargetPlatform
[2018.11.06-18.44.02:769][  0]LogTemp: Display: Loaded TP AndroidTargetPlatform
[2018.11.06-18.44.02:771][  0]LogTemp: Display: Loaded TP HTML5TargetPlatform
[2018.11.06-18.44.02:834][  0]LogTemp: Display: Loaded TP IOSTargetPlatform
[2018.11.06-18.44.02:834][  0]LogTemp: Display: Loaded TP IOSTargetPlatform
[2018.11.06-18.44.02:859][  0]LogTemp: Display: Loaded TP TVOSTargetPlatform
[2018.11.06-18.44.02:860][  0]LogTemp: Display: Loaded TP TVOSTargetPlatform
[2018.11.06-18.44.02:873][  0]LogTemp: Display: Loaded TP LinuxClientTargetPlatform
[2018.11.06-18.44.02:886][  0]LogTemp: Display: Loaded TP LinuxNoEditorTargetPlatform
[2018.11.06-18.44.02:900][  0]LogTemp: Display: Loaded TP LinuxServerTargetPlatform
[2018.11.06-18.44.02:914][  0]LogTemp: Display: Loaded TP LinuxTargetPlatform
[2018.11.06-18.44.02:923][  0]LogTemp: Display: Loaded TP LuminTargetPlatform
[2018.11.06-18.44.02:923][  0]LogTargetPlatformManager: Display: Building Assets For Windows
[2018.11.06-18.44.03:010][  0]LogXGEController: Cleaning working directory: C:/Users/w209724991/AppData/Local/Temp/UnrealXGEWorkingDir/
[2018.11.06-18.44.03:022][  0]LogShaderCompilers: Display: Using XGE Shader Compiler (Interception Interface).
[2018.11.06-18.44.03:836][  0]LogDerivedDataCache: Display: Max Cache Size: 512 MB
[2018.11.06-18.44.03:962][  0]LogDerivedDataCache: Loaded boot cache 0.13s 71MB C:/Users/w209724991/AppData/Local/UnrealEngine/4.20/DerivedDataCache/Boot.ddc.
[2018.11.06-18.44.03:962][  0]LogDerivedDataCache: Display: Loaded Boot cache: C:/Users/w209724991/AppData/Local/UnrealEngine/4.20/DerivedDataCache/Boot.ddc
[2018.11.06-18.44.03:962][  0]LogDerivedDataCache: FDerivedDataBackendGraph:  Pak pak cache file ../../../../../Users/w209724991/Documents/New folder/New_Prototype/BP_Cplusplus/DerivedDataCache/DDC.ddp not found, will not use a pak cache.
[2018.11.06-18.44.03:962][  0]LogDerivedDataCache: Unable to find inner node Pak for hierarchical cache Hierarchy.
[2018.11.06-18.44.03:962][  0]LogDerivedDataCache: FDerivedDataBackendGraph:  CompressedPak pak cache file ../../../../../Users/w209724991/Documents/New folder/New_Prototype/BP_Cplusplus/DerivedDataCache/Compressed.ddp not found, will not use a pak cache.
[2018.11.06-18.44.03:962][  0]LogDerivedDataCache: Unable to find inner node CompressedPak for hierarchical cache Hierarchy.
[2018.11.06-18.44.03:976][  0]LogDerivedDataCache: Display: Pak cache opened for reading ../../../Engine/DerivedDataCache/Compressed.ddp.
[2018.11.06-18.44.03:987][  0]LogDerivedDataCache: Using Local data cache path C:/Users/w209724991/AppData/Local/UnrealEngine/Common/DerivedDataCache: Writable
[2018.11.06-18.44.03:987][  0]LogDerivedDataCache: Shared data cache path not found in *engine.ini, will not use an Shared cache.
[2018.11.06-18.44.03:987][  0]LogDerivedDataCache: Unable to find inner node Shared for hierarchical cache Hierarchy.
[2018.11.06-18.44.04:010][  0]LogMaterial: Verifying Global Shaders for PCD3D_SM5
[2018.11.06-18.44.04:011][  0]LogSlate: Using FreeType 2.6.0
[2018.11.06-18.44.04:012][  0]LogSlate: SlateFontServices - WITH_FREETYPE: 1, WITH_HARFBUZZ: 1
[2018.11.06-18.44.04:094][  0]LogAssetRegistry: FAssetRegistry took 0.0260 seconds to start up
[2018.11.06-18.44.04:439][  0]LogInit: Selected Device Profile: [Windows]
[2018.11.06-18.44.04:587][  0]LogSimplygon: Simplygon DLL not present - disabling.
[2018.11.06-18.44.04:593][  0]LogMeshReduction: Using SimplygonSwarm for distributed automatic mesh merging
[2018.11.06-18.44.04:593][  0]LogMeshReduction: Using ProxyLODMeshReduction for automatic mesh merging
[2018.11.06-18.44.04:593][  0]LogMeshReduction: Using QuadricMeshReduction for automatic static mesh reduction
[2018.11.06-18.44.04:593][  0]LogMeshReduction: No automatic skeletal mesh reduction module available
[2018.11.06-18.44.04:607][  0]LogNetVersion: BP_Cplusplus 1.0.0, NetCL: 4212847, EngineNetVer: 5, GameNetVer: 0 (Checksum: 68179885)
[2018.11.06-18.44.05:182][  0]LogPackageLocalizationCache: Processed 11 localized package path(s) for 2 prioritized culture(s) in 0.113777 seconds
[2018.11.06-18.44.05:189][  0]LogUObjectArray: 38425 objects as part of root set at end of initial load.
[2018.11.06-18.44.05:189][  0]LogUObjectAllocator: 6690864 out of 0 bytes used by permanent object pool.
[2018.11.06-18.44.05:189][  0]LogUObjectArray: CloseDisregardForGC: 0/0 objects in disregard for GC pool
[2018.11.06-18.44.06:136][  0]LogTcpMessaging: Initializing TcpMessaging bridge
[2018.11.06-18.44.06:150][  0]LogUdpMessaging: Initializing bridge on interface 0.0.0.0:0 to multicast group 230.0.0.1:6666.
[2018.11.06-18.44.06:300][  0]SourceControl: Source control is disabled
[2018.11.06-18.44.06:300][  0]SourceControl: Source control is disabled
[2018.11.06-18.44.06:302][  0]SourceControl: Source control is disabled
[2018.11.06-18.44.06:303][  0]SourceControl: Source control is disabled
[2018.11.06-18.44.06:469][  0]LogAndroidPermission: UAndroidPermissionCallbackProxy::GetInstance
[2018.11.06-18.44.06:519][  0]LogOcInput: OculusInput pre-init called
[2018.11.06-18.44.06:595][  0]LogEngine: Initializing Engine...
[2018.11.06-18.44.06:621][  0]LogHMD: Failed to initialize OpenVR with code 126
[2018.11.06-18.44.06:623][  0]LogStats: UGameplayTagsManager::ConstructGameplayTagTree: ImportINI prefixes -  0.000 s
[2018.11.06-18.44.06:623][  0]LogStats: UGameplayTagsManager::ConstructGameplayTagTree: Construct from data asset -  0.000 s
[2018.11.06-18.44.06:623][  0]LogStats: UGameplayTagsManager::ConstructGameplayTagTree: ImportINI -  0.000 s
[2018.11.06-18.44.06:623][  0]LogStats: UGameplayTagsManager::ConstructGameplayTagTree: GameplayTagTreeChangedEvent.Broadcast -  0.000 s
[2018.11.06-18.44.06:904][  0]LogInit: Initializing FReadOnlyCVARCache
[2018.11.06-18.44.06:922][  0]LogAIModule: Creating AISystem for world Untitled
[2018.11.06-18.44.06:931][  0]LogInit: XAudio2 using 'Speakers / Headphones (Realtek High Definition Audio)' : 2 channels at 48 kHz using 32 bits per sample (channel mask 0x3)
[2018.11.06-18.44.06:959][  0]LogInit: FAudioDevice initialized.
[2018.11.06-18.44.06:959][  0]LogNetVersion: Set ProjectVersion to 1.0.0.0. Version Checksum will be recalculated on next use.
[2018.11.06-18.44.07:213][  0]LogDerivedDataCache: Saved boot cache 0.25s 71MB C:/Users/w209724991/AppData/Local/UnrealEngine/4.20/DerivedDataCache/Boot.ddc.
[2018.11.06-18.44.07:229][  0]LogInit: Texture streaming: Enabled
[2018.11.06-18.44.07:256][  0]LogEngineSessionManager: EngineSessionManager initialized
[2018.11.06-18.44.07:280][  0]LogInit: Transaction tracking system initialized
[2018.11.06-18.44.07:319][  0]BlueprintLog: New page: Editor Load
[2018.11.06-18.44.07:435][  0]LocalizationService: Localization service is disabled
[2018.11.06-18.44.07:702][  0]LogCook: Display: Max memory allowance for cook 16384mb min free memory 0mb
[2018.11.06-18.44.07:702][  0]LogCook: Display: Mobile HDR setting 1
[2018.11.06-18.44.07:702][  0]LogGameplayTags: Display: UGameplayTagsManager::DoneAddingNativeTags. DelegateIsBound: 0
[2018.11.06-18.44.07:703][  0]LogStats: UGameplayTagsManager::ConstructGameplayTagTree: ImportINI prefixes -  0.000 s
[2018.11.06-18.44.07:703][  0]LogStats: UGameplayTagsManager::ConstructGameplayTagTree: Construct from data asset -  0.000 s
[2018.11.06-18.44.07:703][  0]LogStats: UGameplayTagsManager::ConstructGameplayTagTree: ImportINI -  0.000 s
[2018.11.06-18.44.07:703][  0]LogStats: UGameplayTagsManager::ConstructGameplayTagTree: GameplayTagTreeChangedEvent.Broadcast -  0.000 s
[2018.11.06-18.44.07:856][  0]LogFileCache: Scanning file cache for directory 'C:/Users/w209724991/Documents/New folder/New_Prototype/BP_Cplusplus/Content/' took 0.01s
[2018.11.06-18.44.07:856][  0]SourceControl: Source control is disabled
[2018.11.06-18.44.07:856][  0]Cmd: MAP LOAD FILE="../../../../../Users/w209724991/Documents/New folder/New_Prototype/BP_Cplusplus/Content/2DSideScrollerBP/Maps/2DSideScrollerExampleMap.umap" TEMPLATE=0 SHOWPROGRESS=1 FEATURELEVEL=3
[2018.11.06-18.44.07:856][  0]LogEditorServer: Warning: Can't find file '../../../../../Users/w209724991/Documents/New folder/New_Prototype/BP_Cplusplus/Content/2DSideScrollerBP/Maps/2DSideScrollerExampleMap.umap'
[2018.11.06-18.44.07:856][  0]Cmd: MAP CHECKDEP NOCLEARLOG
[2018.11.06-18.44.07:944][  0]MapCheck: Map check complete: 0 Error(s), 0 Warning(s), took 88.266ms to complete.
[2018.11.06-18.44.07:945][  0]LogFileHelpers: Loading map '2DSideScrollerExampleMap' took 0.089
[2018.11.06-18.44.08:021][  0]LogCollectionManager: Loaded 0 collections in 0.002804 seconds
[2018.11.06-18.44.08:063][  0]LogFileCache: Scanning file cache for directory 'C:/Users/w209724991/Documents/New folder/New_Prototype/BP_Cplusplus/Saved/Collections/' took 0.01s
[2018.11.06-18.44.08:063][  0]LogFileCache: Scanning file cache for directory 'C:/Users/w209724991/Documents/New folder/New_Prototype/BP_Cplusplus/Content/Developers/W209724991/Collections/' took 0.01s
[2018.11.06-18.44.08:063][  0]LogFileCache: Scanning file cache for directory 'C:/Users/w209724991/Documents/New folder/New_Prototype/BP_Cplusplus/Content/Collections/' took 0.01s
[2018.11.06-18.44.08:063][  0]LogCollectionManager: Rebuilt the GUID cache for 0 collections in 0.000000 seconds
[2018.11.06-18.44.08:072][  0]LogContentBrowser: Native class hierarchy populated in 0.0090 seconds. Added 2572 classes and 603 folders.
[2018.11.06-18.44.08:081][  0]LogContentBrowser: Native class hierarchy updated for 'WidgetCarousel' in 0.0002 seconds. Added 0 classes and 0 folders.
[2018.11.06-18.44.08:147][  0]LogContentBrowser: Native class hierarchy updated for 'AddContentDialog' in 0.0002 seconds. Added 0 classes and 0 folders.
[2018.11.06-18.44.08:166][  0]LogSlate: Updating window title bar state: overlay mode, drag disabled, window buttons hidden, title bar hidden
[2018.11.06-18.44.08:174][  0]LogSlate: Updating window title bar state: overlay mode, drag disabled, window buttons hidden, title bar hidden
[2018.11.06-18.44.08:181][  0]LogSlate: Updating window title bar state: overlay mode, drag disabled, window buttons hidden, title bar hidden
[2018.11.06-18.44.08:188][  0]LogSlate: Updating window title bar state: overlay mode, drag disabled, window buttons hidden, title bar hidden
[2018.11.06-18.44.08:195][  0]LogContentBrowser: Native class hierarchy updated for 'SceneOutliner' in 0.0004 seconds. Added 1 classes and 2 folders.
[2018.11.06-18.44.08:210][  0]LogSlate: Took 0.000225 seconds to synchronously load lazily loaded font '../../../Engine/Content/Slate/Fonts/Roboto-Regular.ttf' (155K)
[2018.11.06-18.44.08:212][  0]LogSlate: Took 0.000234 seconds to synchronously load lazily loaded font '../../../Engine/Content/Editor/Slate/Fonts/FontAwesome.ttf' (139K)
[2018.11.06-18.44.08:212][  0]LogSlate: Took 0.000167 seconds to synchronously load lazily loaded font '../../../Engine/Content/Slate/Fonts/Roboto-Bold.ttf' (160K)
[2018.11.06-18.44.08:263][  0]LogRenderer: Reallocating scene render targets to support 1120x924 Format 9 NumSamples 1 (Frame:1).
[2018.11.06-18.44.08:413][  0]LogContentBrowser: Native class hierarchy updated for 'HierarchicalLODOutliner' in 0.0003 seconds. Added 0 classes and 0 folders.
[2018.11.06-18.44.08:413][  0]LogLoad: (Engine Initialization) Total time: 9.75 seconds
[2018.11.06-18.44.08:413][  0]LogLoad: (Engine Initialization) Total Blueprint compile time: 0.00 seconds
[2018.11.06-18.44.08:457][  0]LogContentStreaming: Texture pool size now 800 MB
[2018.11.06-18.44.08:558][  0]LogSlate: Took 0.000235 seconds to synchronously load lazily loaded font '../../../Engine/Content/Slate/Fonts/Roboto-Light.ttf' (167K)
[2018.11.06-18.44.08:586][  1]LogAssetRegistry: Asset discovery search completed in 4.5132 seconds
[2018.11.06-18.44.08:588][  1]LogCollectionManager: Rebuilt the object cache for 0 collections in 0.000001 seconds (found 0 objects)
[2018.11.06-18.44.08:588][  1]LogCollectionManager: Fixed up redirectors for 0 collections in 0.000038 seconds (updated 0 objects)
[2018.11.06-18.44.10:820][100]LogSlate: FSceneViewport::OnFocusLost() reason 0
[2018.11.06-18.44.12:469][178]LogSlate: Took 0.000183 seconds to synchronously load lazily loaded font '../../../Engine/Content/Slate/Fonts/Roboto-Light.ttf' (167K)
[2018.11.06-18.44.12:732][178]LogAIModule: Creating AISystem for world First_Lvl
[2018.11.06-18.44.12:737][178]LogAssetEditorManager: Opening Asset editor for World /Game/Maps/First_Lvl.First_Lvl
[2018.11.06-18.44.12:761][178]Cmd: MAP LOAD FILE="../../../../../Users/w209724991/Documents/New folder/New_Prototype/BP_Cplusplus/Content/Maps/First_Lvl.umap" TEMPLATE=0 SHOWPROGRESS=1 FEATURELEVEL=3
[2018.11.06-18.44.12:761][178]LightingResults: New page: Lighting Build
[2018.11.06-18.44.12:765][178]LogContentBrowser: Native class hierarchy updated for 'StatsViewer' in 0.0003 seconds. Added 5 classes and 0 folders.
[2018.11.06-18.44.12:766][178]LoadErrors: New page: Loading map: First_Lvl.umap
[2018.11.06-18.44.12:766][178]MapCheck: New page: Map Check
[2018.11.06-18.44.12:766][178]LightingResults: New page: Lighting Build
[2018.11.06-18.44.12:795][178]LogEditorServer: Finished looking for orphan Actors (0.000 secs)
[2018.11.06-18.44.12:848][178]Cmd: MAP CHECKDEP NOCLEARLOG
[2018.11.06-18.44.12:931][178]MapCheck: Map check complete: 0 Error(s), 0 Warning(s), took 83.544ms to complete.
[2018.11.06-18.44.12:932][178]LogFileHelpers: Loading map 'First_Lvl' took 0.171
[2018.11.06-18.44.14:120][229]LogTemp: Repeating last play command: New Editor Window (PIE)
[2018.11.06-18.44.14:138][229]LogBlueprintUserMessages: Early PlayInEditor Detection: Level '/Game/Maps/First_Lvl.First_Lvl:PersistentLevel' has LevelScriptBlueprint '/Game/Maps/First_Lvl.First_Lvl:PersistentLevel.First_Lvl' with GeneratedClass '/Game/Maps/First_Lvl.First_Lvl_C' with ClassGeneratedBy '/Game/Maps/First_Lvl.First_Lvl:PersistentLevel.First_Lvl'
[2018.11.06-18.44.14:139][229]LogPlayLevel: PlayLevel: No blueprints needed recompiling
[2018.11.06-18.44.14:150][229]PIE: New page: PIE session: First_Lvl (Nov 6, 2018, 6:44:14 AM)
[2018.11.06-18.44.14:151][229]LogPlayLevel: Creating play world package: /Game/Maps/UEDPIE_0_First_Lvl
[2018.11.06-18.44.14:153][229]LogPlayLevel: PIE: StaticDuplicateObject took: (0.002620s)
[2018.11.06-18.44.14:154][229]LogAIModule: Creating AISystem for world First_Lvl
[2018.11.06-18.44.14:154][229]LogPlayLevel: PIE: World Init took: (0.000736s)
[2018.11.06-18.44.14:154][229]LogPlayLevel: PIE: Created PIE world by copying editor world from /Game/Maps/First_Lvl.First_Lvl to /Game/Maps/UEDPIE_0_First_Lvl.First_Lvl (0.003546s)
[2018.11.06-18.44.14:183][229]LogInit: XAudio2 using 'Speakers / Headphones (Realtek High Definition Audio)' : 2 channels at 48 kHz using 32 bits per sample (channel mask 0x3)
[2018.11.06-18.44.14:215][229]LogInit: FAudioDevice initialized.
[2018.11.06-18.44.14:283][229]LogSlate: Updating window title bar state: overlay mode, drag disabled, window buttons hidden, title bar hidden
[2018.11.06-18.44.14:332][229]LogLoad: Game class is '2DSideScrollerGameMode_C'
[2018.11.06-18.44.14:334][229]LogWorld: Bringing World /Game/Maps/UEDPIE_0_First_Lvl.First_Lvl up for play (max tick rate 0) at 2018.11.06-12.44.14
[2018.11.06-18.44.14:334][229]LogWorld: Bringing up level for play took: 0.001243
[2018.11.06-18.44.14:355][229]LogContentBrowser: Native class hierarchy updated for 'MovieSceneCapture' in 0.0003 seconds. Added 10 classes and 0 folders.
[2018.11.06-18.44.14:359][229]PIE: Play in editor start time for /Game/Maps/UEDPIE_0_First_Lvl 0.433
[2018.11.06-18.44.14:359][229]LogBlueprintUserMessages: Late PlayInEditor Detection: Level '/Game/Maps/First_Lvl.First_Lvl:PersistentLevel' has LevelScriptBlueprint '/Game/Maps/First_Lvl.First_Lvl:PersistentLevel.First_Lvl' with GeneratedClass '/Game/Maps/First_Lvl.First_Lvl_C' with ClassGeneratedBy '/Game/Maps/First_Lvl.First_Lvl:PersistentLevel.First_Lvl'
[2018.11.06-18.44.14:383][229]LogRenderer: Reallocating scene render targets to support 1124x924 Format 9 NumSamples 1 (Frame:1).
[2018.11.06-18.44.17:855][417]LogBlueprintUserMessages: [BP_checkpoint_2] X=263.306 Y=0.000 Z=163.051
[2018.11.06-18.44.20:558][566]LogBlueprintUserMessages: [BP_checkpoint_2] X=332.504 Y=0.000 Z=163.051
[2018.11.06-18.44.22:856][692]LogBlueprintUserMessages: [BP_checkpoint_2] X=362.866 Y=0.000 Z=163.051
[2018.11.06-18.44.26:237][877]LogBlueprintUserMessages: Early EndPlayMap Detection: Level '/Game/Maps/First_Lvl.First_Lvl:PersistentLevel' has LevelScriptBlueprint '/Game/Maps/First_Lvl.First_Lvl:PersistentLevel.First_Lvl' with GeneratedClass '/Game/Maps/First_Lvl.First_Lvl_C' with ClassGeneratedBy '/Game/Maps/First_Lvl.First_Lvl:PersistentLevel.First_Lvl'
[2018.11.06-18.44.26:237][877]LogSlate: Updating window title bar state: overlay mode, drag disabled, window buttons hidden, title bar hidden
[2018.11.06-18.44.26:256][877]LogSlate: Window 'BP_Cplusplus Game Preview Standalone (64-bit/PCD3D_SM5)' being destroyed
[2018.11.06-18.44.26:290][877]LogPlayLevel: Display: Shutting down PIE online subsystems
[2018.11.06-18.44.26:290][877]LogBlueprintUserMessages: Late EndPlayMap Detection: Level '/Game/Maps/First_Lvl.First_Lvl:PersistentLevel' has LevelScriptBlueprint '/Game/Maps/First_Lvl.First_Lvl:PersistentLevel.First_Lvl' with GeneratedClass '/Game/Maps/First_Lvl.First_Lvl_C' with ClassGeneratedBy '/Game/Maps/First_Lvl.First_Lvl:PersistentLevel.First_Lvl'
[2018.11.06-18.44.26:484][884]LogPlayLevel: Display: Destroying online subsystem :Context_1
[2018.11.06-18.44.34:034][211]LogAssetEditorManager: Opening Asset editor for Blueprint /Game/Final_Project_Content/Blueprints/2DSideScrollerCharacter.2DSideScrollerCharacter
[2018.11.06-18.44.34:475][211]LogContentBrowser: Native class hierarchy updated for 'BlueprintGraph' in 0.0007 seconds. Added 116 classes and 0 folders.
[2018.11.06-18.44.35:278][211]LogSlate: Took 0.000317 seconds to synchronously load lazily loaded font '../../../Engine/Content/Slate/Fonts/Roboto-BoldCondensed.ttf' (158K)
[2018.11.06-18.44.35:558][212]LogSlate: Took 0.000219 seconds to synchronously load lazily loaded font '../../../Engine/Content/Slate/Fonts/Roboto-Italic.ttf' (157K)
[2018.11.06-18.44.49:382][ 32]BlueprintLog: New page: Compile 2DSideScrollerCharacter
[2018.11.06-18.44.53:995][276]LogTemp: Repeating last play command: New Editor Window (PIE)
[2018.11.06-18.44.54:016][276]LogBlueprintUserMessages: Early PlayInEditor Detection: Level '/Game/Maps/First_Lvl.First_Lvl:PersistentLevel' has LevelScriptBlueprint '/Game/Maps/First_Lvl.First_Lvl:PersistentLevel.First_Lvl' with GeneratedClass '/Game/Maps/First_Lvl.First_Lvl_C' with ClassGeneratedBy '/Game/Maps/First_Lvl.First_Lvl:PersistentLevel.First_Lvl'
[2018.11.06-18.44.54:016][276]LogPlayLevel: PlayLevel: No blueprints needed recompiling
[2018.11.06-18.44.54:016][276]PIE: New page: PIE session: First_Lvl (Nov 6, 2018, 6:44:54 AM)
[2018.11.06-18.44.54:017][276]LogPlayLevel: Creating play world package: /Game/Maps/UEDPIE_0_First_Lvl
[2018.11.06-18.44.54:019][276]LogPlayLevel: PIE: StaticDuplicateObject took: (0.002464s)
[2018.11.06-18.44.54:020][276]LogAIModule: Creating AISystem for world First_Lvl
[2018.11.06-18.44.54:020][276]LogPlayLevel: PIE: World Init took: (0.000656s)
[2018.11.06-18.44.54:020][276]LogPlayLevel: PIE: Created PIE world by copying editor world from /Game/Maps/First_Lvl.First_Lvl to /Game/Maps/UEDPIE_0_First_Lvl.First_Lvl (0.003211s)
[2018.11.06-18.44.54:048][276]LogInit: XAudio2 using 'Speakers / Headphones (Realtek High Definition Audio)' : 2 channels at 48 kHz using 32 bits per sample (channel mask 0x3)
[2018.11.06-18.44.54:071][276]LogInit: FAudioDevice initialized.
[2018.11.06-18.44.54:077][276]LogSlate: Updating window title bar state: overlay mode, drag disabled, window buttons hidden, title bar hidden
[2018.11.06-18.44.54:115][276]LogLoad: Game class is '2DSideScrollerGameMode_C'
[2018.11.06-18.44.54:117][276]LogWorld: Bringing World /Game/Maps/UEDPIE_0_First_Lvl.First_Lvl up for play (max tick rate 0) at 2018.11.06-12.44.54
[2018.11.06-18.44.54:117][276]LogWorld: Bringing up level for play took: 0.000938
[2018.11.06-18.44.54:137][276]PIE: Play in editor start time for /Game/Maps/UEDPIE_0_First_Lvl 0.21
[2018.11.06-18.44.54:137][276]LogBlueprintUserMessages: Late PlayInEditor Detection: Level '/Game/Maps/First_Lvl.First_Lvl:PersistentLevel' has LevelScriptBlueprint '/Game/Maps/First_Lvl.First_Lvl:PersistentLevel.First_Lvl' with GeneratedClass '/Game/Maps/First_Lvl.First_Lvl_C' with ClassGeneratedBy '/Game/Maps/First_Lvl.First_Lvl:PersistentLevel.First_Lvl'
[2018.11.06-18.44.58:085][478]LogBlueprintUserMessages: [BP_checkpoint_2] X=248.569 Y=0.000 Z=163.051
[2018.11.06-18.45.02:989][731]LogBlueprintUserMessages: Early EndPlayMap Detection: Level '/Game/Maps/First_Lvl.First_Lvl:PersistentLevel' has LevelScriptBlueprint '/Game/Maps/First_Lvl.First_Lvl:PersistentLevel.First_Lvl' with GeneratedClass '/Game/Maps/First_Lvl.First_Lvl_C' with ClassGeneratedBy '/Game/Maps/First_Lvl.First_Lvl:PersistentLevel.First_Lvl'
[2018.11.06-18.45.02:990][731]LogSlate: Updating window title bar state: overlay mode, drag disabled, window buttons hidden, title bar hidden
[2018.11.06-18.45.03:010][731]LogSlate: Window 'BP_Cplusplus Game Preview Standalone (64-bit/PCD3D_SM5)' being destroyed
[2018.11.06-18.45.03:044][731]LogPlayLevel: Display: Shutting down PIE online subsystems
[2018.11.06-18.45.03:044][731]LogBlueprintUserMessages: Late EndPlayMap Detection: Level '/Game/Maps/First_Lvl.First_Lvl:PersistentLevel' has LevelScriptBlueprint '/Game/Maps/First_Lvl.First_Lvl:PersistentLevel.First_Lvl' with GeneratedClass '/Game/Maps/First_Lvl.First_Lvl_C' with ClassGeneratedBy '/Game/Maps/First_Lvl.First_Lvl:PersistentLevel.First_Lvl'
[2018.11.06-18.45.03:191][738]LogPlayLevel: Display: Destroying online subsystem :Context_3
[2018.11.06-18.45.11:702][145]LogRenderer: Reallocating scene render targets to support 1144x924 Format 9 NumSamples 1 (Frame:1).
[2018.11.06-18.45.16:895][407]LogSlate: FSceneViewport::OnFocusLost() reason 0
[2018.11.06-18.45.33:982][366]LogSlate: FSceneViewport::OnFocusLost() reason 0
[2018.11.06-18.45.40:794][766]LogSlate: FSceneViewport::OnFocusLost() reason 0
[2018.11.06-18.45.40:911][773]BlueprintLog: New page: Compile 2DSideScrollerCharacter
