Log file open, 11/15/18 00:35:14
LogWindows: Failed to load 'aqProf.dll' (GetLastError=126)
LogWindows: File 'aqProf.dll' does not exist
LogWindows: Failed to load 'VSPerf140.dll' (GetLastError=126)
LogWindows: File 'VSPerf140.dll' does not exist
LogWindows: Failed to load 'VtuneApi.dll' (GetLastError=126)
LogWindows: File 'VtuneApi.dll' does not exist
LogWindows: Failed to load 'VtuneApi32e.dll' (GetLastError=126)
LogWindows: File 'VtuneApi32e.dll' does not exist
LogInit: Display: Running engine for game: XCP
LogPlatformFile: Not using cached read wrapper
LogTaskGraph: Started task graph with 5 named threads and 35 total threads with 3 sets of task threads.
LogStats: Stats thread started at 0.402676
LogD3D11RHI: Loaded GFSDK_Aftermath_Lib.x64.dll
LogICUInternationalization: Display: ICU TimeZone Detection - Raw Offset: -6:00, Platform Override: ''
LogPluginManager: Mounting plugin Paper2D
LogPluginManager: Mounting plugin AISupport
LogPluginManager: Mounting plugin LightPropagationVolume
LogPluginManager: Mounting plugin CLionSourceCodeAccess
LogPluginManager: Mounting plugin CodeLiteSourceCodeAccess
LogPluginManager: Mounting plugin GitSourceControl
LogPluginManager: Mounting plugin KDevelopSourceCodeAccess
LogPluginManager: Mounting plugin NullSourceCodeAccess
LogPluginManager: Mounting plugin PerforceSourceControl
LogPluginManager: Mounting plugin SubversionSourceControl
LogPluginManager: Mounting plugin UObjectPlugin
LogPluginManager: Mounting plugin VisualStudioCodeSourceCodeAccess
LogPluginManager: Mounting plugin VisualStudioSourceCodeAccess
LogPluginManager: Mounting plugin XCodeSourceCodeAccess
LogPluginManager: Mounting plugin AssetManagerEditor
LogPluginManager: Mounting plugin CryptoKeys
LogPluginManager: Mounting plugin DataValidation
LogPluginManager: Mounting plugin FacialAnimation
LogPluginManager: Mounting plugin GameplayTagsEditor
LogPluginManager: Mounting plugin MacGraphicsSwitching
LogPluginManager: Mounting plugin MeshEditor
LogPluginManager: Mounting plugin MobileLauncherProfileWizard
LogPluginManager: Mounting plugin PluginBrowser
LogPluginManager: Mounting plugin SpeedTreeImporter
LogPluginManager: Mounting plugin DatasmithContent
LogPluginManager: Mounting plugin AlembicImporter
LogPluginManager: Mounting plugin AppleImageUtils
LogPluginManager: Mounting plugin AppleVision
LogPluginManager: Mounting plugin BackChannel
LogPluginManager: Mounting plugin CharacterAI
LogPluginManager: Mounting plugin GeometryCache
LogPluginManager: Mounting plugin HTML5Networking
LogPluginManager: Mounting plugin ProxyLODPlugin
LogPluginManager: Mounting plugin MagicLeap
LogPluginManager: Mounting plugin MagicLeapEmulator
LogPluginManager: Mounting plugin MagicLeapMedia
LogPluginManager: Mounting plugin AndroidMedia
LogPluginManager: Mounting plugin AvfMedia
LogPluginManager: Mounting plugin ImgMedia
LogPluginManager: Mounting plugin LinearTimecode
LogPluginManager: Mounting plugin MediaCompositing
LogPluginManager: Mounting plugin MediaPlayerEditor
LogPluginManager: Mounting plugin WmfMedia
LogPluginManager: Mounting plugin TcpMessaging
LogPluginManager: Mounting plugin UdpMessaging
LogPluginManager: Mounting plugin ActorSequence
LogPluginManager: Mounting plugin LevelSequenceEditor
LogPluginManager: Mounting plugin MatineeToLevelSequence
LogPluginManager: Mounting plugin NetcodeUnitTest
LogPluginManager: Mounting plugin NUTUnrealEngine4
LogPluginManager: Mounting plugin OnlineSubsystemGooglePlay
LogPluginManager: Mounting plugin OnlineSubsystemIOS
LogPluginManager: Mounting plugin OnlineSubsystem
LogPluginManager: Mounting plugin OnlineSubsystemNull
LogPluginManager: Mounting plugin OnlineSubsystemUtils
LogPluginManager: Mounting plugin LauncherChunkInstaller
LogPluginManager: Mounting plugin AndroidDeviceProfileSelector
LogPluginManager: Mounting plugin AndroidMoviePlayer
LogPluginManager: Mounting plugin AndroidPermission
LogPluginManager: Mounting plugin AppleMoviePlayer
LogPluginManager: Mounting plugin ArchVisCharacter
LogPluginManager: Mounting plugin AudioCapture
LogPluginManager: Mounting plugin CableComponent
LogPluginManager: Mounting plugin CustomMeshComponent
LogPluginManager: Mounting plugin EditableMesh
LogPluginManager: Mounting plugin ExampleDeviceProfileSelector
LogPluginManager: Mounting plugin GoogleCloudMessaging
LogPluginManager: Mounting plugin ImmediatePhysics
LogPluginManager: Mounting plugin IOSDeviceProfileSelector
LogPluginManager: Mounting plugin LinuxDeviceProfileSelector
LogPluginManager: Mounting plugin LocationServicesBPLibrary
LogPluginManager: Mounting plugin MobilePatchingUtils
LogPluginManager: Mounting plugin OculusVR
LogPluginManager: Plugin shader directory ../../../Engine/Plugins/Runtime/Oculus/OculusVR/Shaders found
LogPluginManager: Mapping shader source directory ../../../Engine/Plugins/Runtime/Oculus/OculusVR/Shaders to virtual directory /Plugin/OculusVR
LogPluginManager: Mounting plugin PhysXVehicles
LogPluginManager: Mounting plugin ProceduralMeshComponent
LogPluginManager: Mounting plugin RuntimePhysXCooking
LogPluginManager: Mounting plugin SteamVR
LogPluginManager: Mounting plugin WindowsMoviePlayer
LogStreaming: Display: Took  0.099s to configure plugins.
LogInit: Using libcurl 7.55.1-DEV
LogInit:  - built for x86_64-pc-win32
LogInit:  - supports SSL with OpenSSL/1.0.2h
LogInit:  - supports HTTP deflate (compression) using libz 1.2.8
LogInit:  - other features:
LogInit:      CURL_VERSION_SSL
LogInit:      CURL_VERSION_LIBZ
LogInit:      CURL_VERSION_IPV6
LogInit:      CURL_VERSION_ASYNCHDNS
LogInit:      CURL_VERSION_LARGEFILE
LogInit:      CURL_VERSION_IDN
LogInit:  CurlRequestOptions (configurable via config and command line):
LogInit:  - bVerifyPeer = false  - Libcurl will NOT verify peer certificate
LogInit:  - bUseHttpProxy = false  - Libcurl will NOT use HTTP proxy
LogInit:  - bDontReuseConnections = false  - Libcurl will reuse connections
LogInit:  - CertBundlePath = nullptr  - Libcurl will use whatever was configured at build time.
LogInit:  - MaxHostConnections = 16  - Libcurl will limit the number of connections to a host
LogInit:  - LocalHostAddr = Default
LogInit:  - BufferSize = 65536
LogInit: WinSock: version 1.1 (2.2), MaxSocks=32767, MaxUdp=65467
LogInit: Build: ++UE4+Release-4.20-CL-4302132
LogInit: Engine Version: 4.20.2-4302132+++UE4+Release-4.20
LogInit: Compatible Engine Version: 4.20.0-4212847+++UE4+Release-4.20
LogInit: Net CL: 4212847
LogInit: OS: Windows 10 (), CPU: Intel(R) Core(TM) i7-8750H CPU @ 2.20GHz, GPU: NVIDIA GeForce GTX 1060
LogInit: Compiled (64-bit): Aug 21 2018 02:06:06
LogInit: Compiled with Visual C++: 19.13.26129.00
LogInit: Build Configuration: Development
LogInit: Branch Name: ++UE4+Release-4.20
LogInit: Command Line:  
LogInit: Base Directory: C:/Program Files/Epic Games/UE_4.20/Engine/Binaries/Win64/
LogInit: Installed Engine Build: 1
LogDevObjectVersion: Number of dev versions registered: 20
LogDevObjectVersion:   Dev-Blueprints (B0D832E4-1F89-4F0D-ACCF-7EB736FD4AA2): 10
LogDevObjectVersion:   Dev-Build (E1C64328-A22C-4D53-A36C-8E866417BD8C): 0
LogDevObjectVersion:   Dev-Core (375EC13C-06E4-48FB-B500-84F0262A717E): 2
LogDevObjectVersion:   Dev-Editor (E4B068ED-F494-42E9-A231-DA0B2E46BB41): 24
LogDevObjectVersion:   Dev-Framework (CFFC743F-43B0-4480-9391-14DF171D2073): 34
LogDevObjectVersion:   Dev-Mobile (B02B49B5-BB20-44E9-A304-32B752E40360): 2
LogDevObjectVersion:   Dev-Networking (A4E4105C-59A1-49B5-A7C5-40C4547EDFEE): 0
LogDevObjectVersion:   Dev-Online (39C831C9-5AE6-47DC-9A44-9C173E1C8E7C): 0
LogDevObjectVersion:   Dev-Physics (78F01B33-EBEA-4F98-B9B4-84EACCB95AA2): 0
LogDevObjectVersion:   Dev-Platform (6631380F-2D4D-43E0-8009-CF276956A95A): 0
LogDevObjectVersion:   Dev-Rendering (12F88B9F-8875-4AFC-A67C-D90C383ABD29): 26
LogDevObjectVersion:   Dev-Sequencer (7B5AE74C-D270-4C10-A958-57980B212A5A): 9
LogDevObjectVersion:   Dev-VR (D7296918-1DD6-4BDD-9DE2-64A83CC13884): 2
LogDevObjectVersion:   Dev-LoadTimes (C2A15278-BFE7-4AFE-6C17-90FF531DF755): 1
LogDevObjectVersion:   Private-Geometry (6EACA3D4-40EC-4CC1-B786-8BED09428FC5): 3
LogDevObjectVersion:   Dev-AnimPhys (29E575DD-E0A3-4627-9D10-D276232CDCEA): 17
LogDevObjectVersion:   Dev-ReflectionCapture (6B266CEC-1EC7-4B8F-A30B-E4D90942FC07): 1
LogDevObjectVersion:   Dev-Automation (0DF73D61-A23F-47EA-B727-89E90C41499A): 1
LogDevObjectVersion:   FortniteMain (601D1886-AC64-4F84-AA16-D3DE0DEAC7D6): 12
LogDevObjectVersion:   Dev-Enterprise (9DFFBCD6-494F-0158-E221-12823C92A888): 1
LogStreaming: Display: Took  0.002s to delete old logs.
LogInit: Presizing for max 8388607 objects, including 0 objects not considered by GC, pre-allocating 0 bytes for permanent pool.
LogInit: Object subsystem initialized
[2018.11.15-06.35.15:134][  0]LogInit: Selected Device Profile: [Windows]
[2018.11.15-06.35.15:134][  0]LogInit: Applying CVar settings loaded from the selected device profile: [Windows]
[2018.11.15-06.35.15:141][  0]LogHAL: Display: Platform has ~ 16 GB [17052700672 / 17179869184 / 16], which maps to Larger [LargestMinGB=32, LargerMinGB=12, DefaultMinGB=8, SmallerMinGB=6, SmallestMinGB=0)
[2018.11.15-06.35.15:141][  0]LogInit: Setting Device Profile CVar: [[r.Vulkan.UseRealUBs:1]]
[2018.11.15-06.35.15:141][  0]LogInit: Going up to parent DeviceProfile []
[2018.11.15-06.35.15:141][  0]LogInit: Computer: MSI
[2018.11.15-06.35.15:141][  0]LogInit: User: Luis
[2018.11.15-06.35.15:141][  0]LogInit: CPU Page size=4096, Cores=6
[2018.11.15-06.35.15:141][  0]LogInit: High frequency timer resolution =2.156254 MHz
[2018.11.15-06.35.15:142][  0]LogMemory: Memory total: Physical=15.9GB (16GB approx)
[2018.11.15-06.35.15:142][  0]LogMemory: Platform Memory Stats for Windows
[2018.11.15-06.35.15:142][  0]LogMemory: Process Physical Memory: 103.00 MB used, 103.00 MB peak
[2018.11.15-06.35.15:142][  0]LogMemory: Process Virtual Memory: 92.39 MB used, 92.39 MB peak
[2018.11.15-06.35.15:142][  0]LogMemory: Physical Memory: 8191.32 MB used,  8071.41 MB free, 16262.72 MB total
[2018.11.15-06.35.15:142][  0]LogMemory: Virtual Memory: 4663.68 MB used,  8071.41 MB free, 134217728.00 MB total
[2018.11.15-06.35.15:728][  0]LogInit: Using OS detected language (en-US).
[2018.11.15-06.35.15:728][  0]LogInit: Using OS detected locale (en-US).
[2018.11.15-06.35.15:728][  0]LogTextLocalizationManager: No specific localization for 'en-US' exists, so the 'en' localization will be used.
[2018.11.15-06.35.16:017][  0]LogStreaming: Display: Took  0.289s to InitEngineTextLocalization.
[2018.11.15-06.35.16:017][  0]LogInit: Setting process to per monitor DPI aware
[2018.11.15-06.35.16:052][  0]LogSlate: New Slate User Created.  User Index 0, Is Virtual User: 0
[2018.11.15-06.35.16:052][  0]LogSlate: Slate User Registered.  User Index 0, Is Virtual User: 0
[2018.11.15-06.35.16:206][  0]LogHMD: Failed to initialize OpenVR with code 110
[2018.11.15-06.35.16:206][  0]LogD3D11RHI: D3D11 adapters:
[2018.11.15-06.35.16:272][  0]LogD3D11RHI:    0. 'NVIDIA GeForce GTX 1060' (Feature Level 11_0)
[2018.11.15-06.35.16:272][  0]LogD3D11RHI:       6052/0/8131 MB DedicatedVideo/DedicatedSystem/SharedSystem, Outputs:1, VendorId:0x10de
[2018.11.15-06.35.16:328][  0]LogD3D11RHI:    1. 'Intel(R) UHD Graphics 630' (Feature Level 11_0)
[2018.11.15-06.35.16:328][  0]LogD3D11RHI:       128/0/8131 MB DedicatedVideo/DedicatedSystem/SharedSystem, Outputs:0, VendorId:0x8086
[2018.11.15-06.35.16:330][  0]LogD3D11RHI:    2. 'Microsoft Basic Render Driver' (Feature Level 11_0)
[2018.11.15-06.35.16:330][  0]LogD3D11RHI:       0/0/8131 MB DedicatedVideo/DedicatedSystem/SharedSystem, Outputs:0, VendorId:0x1414
[2018.11.15-06.35.16:330][  0]LogD3D11RHI: Chosen D3D11 Adapter: 0
[2018.11.15-06.35.16:337][  0]LogD3D11RHI: Creating new Direct3DDevice
[2018.11.15-06.35.16:338][  0]LogD3D11RHI:     GPU DeviceId: 0x1c20 (for the marketing name, search the web for "GPU Device Id")
[2018.11.15-06.35.16:338][  0]LogWindows: EnumDisplayDevices:
[2018.11.15-06.35.16:338][  0]LogWindows:    0. 'Intel(R) UHD Graphics 630' (P:0 D:0)
[2018.11.15-06.35.16:338][  0]LogWindows:    1. 'Intel(R) UHD Graphics 630' (P:0 D:0)
[2018.11.15-06.35.16:338][  0]LogWindows:    2. 'Intel(R) UHD Graphics 630' (P:0 D:0)
[2018.11.15-06.35.16:339][  0]LogWindows:    3. 'NVIDIA GeForce GTX 1060' (P:1 D:1)
[2018.11.15-06.35.16:339][  0]LogWindows:    4. 'NVIDIA GeForce GTX 1060' (P:0 D:0)
[2018.11.15-06.35.16:339][  0]LogWindows:    5. 'NVIDIA GeForce GTX 1060' (P:0 D:0)
[2018.11.15-06.35.16:339][  0]LogWindows:    6. 'NVIDIA GeForce GTX 1060' (P:0 D:0)
[2018.11.15-06.35.16:339][  0]LogWindows: DebugString: PrimaryIsNotTheChoosenAdapter PrimaryIsNotTheChoosenAdapter PrimaryIsNotTheChoosenAdapter FoundDriverCount:4 
[2018.11.15-06.35.16:339][  0]LogD3D11RHI:     Adapter Name: NVIDIA GeForce GTX 1060
[2018.11.15-06.35.16:339][  0]LogD3D11RHI:   Driver Version: 398.11 (internal:24.21.13.9811, unified:398.11)
[2018.11.15-06.35.16:339][  0]LogD3D11RHI:      Driver Date: 6-1-2018
[2018.11.15-06.35.16:339][  0]LogRHI: Texture pool is 4236 MB (70% of 6052 MB)
[2018.11.15-06.35.16:378][  0]LogD3D11RHI: Async texture creation enabled
[2018.11.15-06.35.16:398][  0]LogD3D11RHI: GPU Timing Frequency: 1000.000000 (Debug: 2 2)
[2018.11.15-06.35.16:447][  0]LogShaderCompilers: Guid format shader working directory is -28 characters bigger than the processId version (../../../../../../Users/Luis/Documents/GitHub/New_Prototype/BP_Cplusplus/Intermediate/Shaders/WorkingDirectory/28348/).
[2018.11.15-06.35.16:447][  0]LogShaderCompilers: Cleaned the shader compiler working directory 'C:/Users/Luis/AppData/Local/Temp/UnrealShaderWorkingDir/C8FDA8294658A3D802103E8286716793/'.
[2018.11.15-06.35.16:709][  0]LogTemp: Display: Loaded TP AllDesktopTargetPlatform
[2018.11.15-06.35.16:721][  0]LogTemp: Display: Loaded TP MacClientTargetPlatform
[2018.11.15-06.35.16:733][  0]LogTemp: Display: Loaded TP MacNoEditorTargetPlatform
[2018.11.15-06.35.16:744][  0]LogTemp: Display: Loaded TP MacServerTargetPlatform
[2018.11.15-06.35.16:756][  0]LogTemp: Display: Loaded TP MacTargetPlatform
[2018.11.15-06.35.16:768][  0]LogTemp: Display: Loaded TP WindowsClientTargetPlatform
[2018.11.15-06.35.16:781][  0]LogTemp: Display: Loaded TP WindowsNoEditorTargetPlatform
[2018.11.15-06.35.16:793][  0]LogTemp: Display: Loaded TP WindowsServerTargetPlatform
[2018.11.15-06.35.16:800][  0]LogTemp: Display: Loaded TP WindowsTargetPlatform
[2018.11.15-06.35.16:868][  0]LogTemp: Display: Loaded TP AndroidTargetPlatform
[2018.11.15-06.35.16:868][  0]LogTemp: Display: Loaded TP AndroidTargetPlatform
[2018.11.15-06.35.16:868][  0]LogTemp: Display: Loaded TP AndroidTargetPlatform
[2018.11.15-06.35.16:868][  0]LogTemp: Display: Loaded TP AndroidTargetPlatform
[2018.11.15-06.35.16:868][  0]LogTemp: Display: Loaded TP AndroidTargetPlatform
[2018.11.15-06.35.16:868][  0]LogTemp: Display: Loaded TP AndroidTargetPlatform
[2018.11.15-06.35.16:868][  0]LogTemp: Display: Loaded TP AndroidTargetPlatform
[2018.11.15-06.35.16:868][  0]LogTemp: Display: Loaded TP AndroidTargetPlatform
[2018.11.15-06.35.16:868][  0]LogTemp: Display: Loaded TP AndroidTargetPlatform
[2018.11.15-06.35.16:869][  0]LogTemp: Display: Loaded TP AndroidTargetPlatform
[2018.11.15-06.35.16:869][  0]LogTemp: Display: Loaded TP AndroidTargetPlatform
[2018.11.15-06.35.16:869][  0]LogTemp: Display: Loaded TP AndroidTargetPlatform
[2018.11.15-06.35.16:869][  0]LogTemp: Display: Loaded TP AndroidTargetPlatform
[2018.11.15-06.35.16:869][  0]LogTemp: Display: Loaded TP AndroidTargetPlatform
[2018.11.15-06.35.16:869][  0]LogTemp: Display: Loaded TP AndroidTargetPlatform
[2018.11.15-06.35.16:869][  0]LogTemp: Display: Loaded TP AndroidTargetPlatform
[2018.11.15-06.35.16:869][  0]LogTemp: Display: Loaded TP AndroidTargetPlatform
[2018.11.15-06.35.16:869][  0]LogTemp: Display: Loaded TP AndroidTargetPlatform
[2018.11.15-06.35.16:870][  0]LogTemp: Display: Loaded TP HTML5TargetPlatform
[2018.11.15-06.35.16:929][  0]LogTemp: Display: Loaded TP IOSTargetPlatform
[2018.11.15-06.35.16:929][  0]LogTemp: Display: Loaded TP IOSTargetPlatform
[2018.11.15-06.35.16:949][  0]LogTemp: Display: Loaded TP TVOSTargetPlatform
[2018.11.15-06.35.16:949][  0]LogTemp: Display: Loaded TP TVOSTargetPlatform
[2018.11.15-06.35.16:961][  0]LogTemp: Display: Loaded TP LinuxClientTargetPlatform
[2018.11.15-06.35.16:972][  0]LogTemp: Display: Loaded TP LinuxNoEditorTargetPlatform
[2018.11.15-06.35.16:984][  0]LogTemp: Display: Loaded TP LinuxServerTargetPlatform
[2018.11.15-06.35.16:996][  0]LogTemp: Display: Loaded TP LinuxTargetPlatform
[2018.11.15-06.35.17:004][  0]LogTemp: Display: Loaded TP LuminTargetPlatform
[2018.11.15-06.35.17:005][  0]LogTargetPlatformManager: Display: Building Assets For Windows
[2018.11.15-06.35.17:071][  0]LogXGEController: Cleaning working directory: C:/Users/Luis/AppData/Local/Temp/UnrealXGEWorkingDir/
[2018.11.15-06.35.17:071][  0]LogXGEController: Cannot use XGE Controller as Incredibuild is not installed on this machine.
[2018.11.15-06.35.17:071][  0]LogShaderCompilers: Cannot use XGE Shader Compiler as Incredibuild is not installed on this machine.
[2018.11.15-06.35.17:071][  0]LogShaderCompilers: Display: Using Local Shader Compiler.
[2018.11.15-06.35.17:668][  0]LogDerivedDataCache: Display: Max Cache Size: 512 MB
[2018.11.15-06.35.17:713][  0]LogDerivedDataCache: Loaded boot cache 0.04s 71MB C:/Users/Luis/AppData/Local/UnrealEngine/4.20/DerivedDataCache/Boot.ddc.
[2018.11.15-06.35.17:714][  0]LogDerivedDataCache: Display: Loaded Boot cache: C:/Users/Luis/AppData/Local/UnrealEngine/4.20/DerivedDataCache/Boot.ddc
[2018.11.15-06.35.17:714][  0]LogDerivedDataCache: FDerivedDataBackendGraph:  Pak pak cache file ../../../../../../Users/Luis/Documents/GitHub/New_Prototype/BP_Cplusplus/DerivedDataCache/DDC.ddp not found, will not use a pak cache.
[2018.11.15-06.35.17:714][  0]LogDerivedDataCache: Unable to find inner node Pak for hierarchical cache Hierarchy.
[2018.11.15-06.35.17:714][  0]LogDerivedDataCache: FDerivedDataBackendGraph:  CompressedPak pak cache file ../../../../../../Users/Luis/Documents/GitHub/New_Prototype/BP_Cplusplus/DerivedDataCache/Compressed.ddp not found, will not use a pak cache.
[2018.11.15-06.35.17:714][  0]LogDerivedDataCache: Unable to find inner node CompressedPak for hierarchical cache Hierarchy.
[2018.11.15-06.35.17:725][  0]LogDerivedDataCache: Display: Pak cache opened for reading ../../../Engine/DerivedDataCache/Compressed.ddp.
[2018.11.15-06.35.17:737][  0]LogDerivedDataCache: Using Local data cache path C:/Users/Luis/AppData/Local/UnrealEngine/Common/DerivedDataCache: Writable
[2018.11.15-06.35.17:737][  0]LogDerivedDataCache: Shared data cache path not found in *engine.ini, will not use an Shared cache.
[2018.11.15-06.35.17:737][  0]LogDerivedDataCache: Unable to find inner node Shared for hierarchical cache Hierarchy.
[2018.11.15-06.35.17:752][  0]LogMaterial: Verifying Global Shaders for PCD3D_SM5
[2018.11.15-06.35.17:753][  0]LogSlate: Using FreeType 2.6.0
[2018.11.15-06.35.17:753][  0]LogSlate: SlateFontServices - WITH_FREETYPE: 1, WITH_HARFBUZZ: 1
[2018.11.15-06.35.17:818][  0]LogAssetRegistry: FAssetRegistry took 0.0259 seconds to start up
[2018.11.15-06.35.18:072][  0]LogInit: Selected Device Profile: [Windows]
[2018.11.15-06.35.18:184][  0]LogSimplygon: Simplygon DLL not present - disabling.
[2018.11.15-06.35.18:189][  0]LogMeshReduction: Using SimplygonSwarm for distributed automatic mesh merging
[2018.11.15-06.35.18:189][  0]LogMeshReduction: Using ProxyLODMeshReduction for automatic mesh merging
[2018.11.15-06.35.18:190][  0]LogMeshReduction: Using QuadricMeshReduction for automatic static mesh reduction
[2018.11.15-06.35.18:190][  0]LogMeshReduction: No automatic skeletal mesh reduction module available
[2018.11.15-06.35.18:217][  0]LogNetVersion: XCP 1.0.0, NetCL: 4212847, EngineNetVer: 5, GameNetVer: 0 (Checksum: 2987001549)
[2018.11.15-06.35.18:615][  0]LogPackageLocalizationCache: Processed 11 localized package path(s) for 2 prioritized culture(s) in 0.080824 seconds
[2018.11.15-06.35.18:620][  0]LogUObjectArray: 38425 objects as part of root set at end of initial load.
[2018.11.15-06.35.18:620][  0]LogUObjectAllocator: 6690864 out of 0 bytes used by permanent object pool.
[2018.11.15-06.35.18:620][  0]LogUObjectArray: CloseDisregardForGC: 0/0 objects in disregard for GC pool
[2018.11.15-06.35.19:347][  0]LogTcpMessaging: Initializing TcpMessaging bridge
[2018.11.15-06.35.19:361][  0]LogUdpMessaging: Initializing bridge on interface 0.0.0.0:0 to multicast group 230.0.0.1:6666.
[2018.11.15-06.35.19:497][  0]SourceControl: Source control is disabled
[2018.11.15-06.35.19:497][  0]SourceControl: Source control is disabled
[2018.11.15-06.35.19:499][  0]SourceControl: Source control is disabled
[2018.11.15-06.35.19:501][  0]SourceControl: Source control is disabled
[2018.11.15-06.35.19:674][  0]LogAndroidPermission: UAndroidPermissionCallbackProxy::GetInstance
[2018.11.15-06.35.19:763][  0]LogOcInput: OculusInput pre-init called
[2018.11.15-06.35.19:817][  0]LogEngine: Initializing Engine...
[2018.11.15-06.35.19:818][  0]LogHMD: Failed to initialize OpenVR with code 110
[2018.11.15-06.35.19:820][  0]LogStats: UGameplayTagsManager::ConstructGameplayTagTree: ImportINI prefixes -  0.000 s
[2018.11.15-06.35.19:820][  0]LogStats: UGameplayTagsManager::ConstructGameplayTagTree: Construct from data asset -  0.000 s
[2018.11.15-06.35.19:820][  0]LogStats: UGameplayTagsManager::ConstructGameplayTagTree: ImportINI -  0.000 s
[2018.11.15-06.35.19:820][  0]LogStats: UGameplayTagsManager::ConstructGameplayTagTree: GameplayTagTreeChangedEvent.Broadcast -  0.000 s
[2018.11.15-06.35.19:990][  0]LogInit: Initializing FReadOnlyCVARCache
[2018.11.15-06.35.20:001][  0]LogAIModule: Creating AISystem for world Untitled
[2018.11.15-06.35.20:016][  0]LogInit: XAudio2 using 'ROG PG248Q (NVIDIA High Definition Audio)' : 2 channels at 48 kHz using 16 bits per sample (channel mask 0x3)
[2018.11.15-06.35.20:091][  0]LogInit: FAudioDevice initialized.
[2018.11.15-06.35.20:091][  0]LogNetVersion: Set ProjectVersion to 1.0.0.0. Version Checksum will be recalculated on next use.
[2018.11.15-06.35.20:162][  0]LogDerivedDataCache: Saved boot cache 0.07s 71MB C:/Users/Luis/AppData/Local/UnrealEngine/4.20/DerivedDataCache/Boot.ddc.
[2018.11.15-06.35.20:162][  0]LogInit: Texture streaming: Enabled
[2018.11.15-06.35.20:179][  0]LogEngineSessionManager: EngineSessionManager initialized
[2018.11.15-06.35.20:191][  0]LogInit: Transaction tracking system initialized
[2018.11.15-06.35.20:214][  0]BlueprintLog: New page: Editor Load
[2018.11.15-06.35.20:305][  0]LocalizationService: Localization service is disabled
[2018.11.15-06.35.20:529][  0]LogCook: Display: Max memory allowance for cook 16384mb min free memory 0mb
[2018.11.15-06.35.20:529][  0]LogCook: Display: Mobile HDR setting 1
[2018.11.15-06.35.20:529][  0]LogGameplayTags: Display: UGameplayTagsManager::DoneAddingNativeTags. DelegateIsBound: 0
[2018.11.15-06.35.20:529][  0]LogStats: UGameplayTagsManager::ConstructGameplayTagTree: ImportINI prefixes -  0.000 s
[2018.11.15-06.35.20:529][  0]LogStats: UGameplayTagsManager::ConstructGameplayTagTree: Construct from data asset -  0.000 s
[2018.11.15-06.35.20:529][  0]LogStats: UGameplayTagsManager::ConstructGameplayTagTree: ImportINI -  0.000 s
[2018.11.15-06.35.20:529][  0]LogStats: UGameplayTagsManager::ConstructGameplayTagTree: GameplayTagTreeChangedEvent.Broadcast -  0.000 s
[2018.11.15-06.35.20:596][  0]LogFileCache: Scanning file cache for directory 'C:/Users/Luis/Documents/GitHub/New_Prototype/BP_Cplusplus/Content/' took 0.01s
[2018.11.15-06.35.20:638][  0]SourceControl: Source control is disabled
[2018.11.15-06.35.20:638][  0]Cmd: MAP LOAD FILE="../../../../../../Users/Luis/Documents/GitHub/New_Prototype/BP_Cplusplus/Content/Maps/First_Lvl.umap" TEMPLATE=0 SHOWPROGRESS=1 FEATURELEVEL=3
[2018.11.15-06.35.20:638][  0]LightingResults: New page: Lighting Build
[2018.11.15-06.35.20:640][  0]MapCheck: New page: Map Check
[2018.11.15-06.35.20:640][  0]LightingResults: New page: Lighting Build
[2018.11.15-06.35.21:017][  0]LogAIModule: Creating AISystem for world First_Lvl
[2018.11.15-06.35.21:022][  0]LogEditorServer: Finished looking for orphan Actors (0.000 secs)
[2018.11.15-06.35.21:048][  0]Cmd: MAP CHECKDEP NOCLEARLOG
[2018.11.15-06.35.21:110][  0]MapCheck: Map check complete: 0 Error(s), 0 Warning(s), took 61.782ms to complete.
[2018.11.15-06.35.21:110][  0]LogFileHelpers: Loading map 'First_Lvl' took 0.472
[2018.11.15-06.35.21:220][  0]LogSlate: Updating window title bar state: overlay mode, drag disabled, window buttons hidden, title bar hidden
[2018.11.15-06.35.21:227][  0]LogSlate: Updating window title bar state: overlay mode, drag disabled, window buttons hidden, title bar hidden
[2018.11.15-06.35.21:233][  0]LogSlate: Updating window title bar state: overlay mode, drag disabled, window buttons hidden, title bar hidden
[2018.11.15-06.35.21:240][  0]LogSlate: Updating window title bar state: overlay mode, drag disabled, window buttons hidden, title bar hidden
[2018.11.15-06.35.21:246][  0]LogCollectionManager: Loaded 0 collections in 0.001350 seconds
[2018.11.15-06.35.21:324][  0]LogFileCache: Scanning file cache for directory 'C:/Users/Luis/Documents/GitHub/New_Prototype/BP_Cplusplus/Saved/Collections/' took 0.01s
[2018.11.15-06.35.21:324][  0]LogFileCache: Scanning file cache for directory 'C:/Users/Luis/Documents/GitHub/New_Prototype/BP_Cplusplus/Content/Developers/Luis/Collections/' took 0.01s
[2018.11.15-06.35.21:325][  0]LogFileCache: Scanning file cache for directory 'C:/Users/Luis/Documents/GitHub/New_Prototype/BP_Cplusplus/Content/Collections/' took 0.01s
[2018.11.15-06.35.21:325][  0]LogCollectionManager: Rebuilt the GUID cache for 0 collections in 0.000000 seconds
[2018.11.15-06.35.21:332][  0]LogContentBrowser: Native class hierarchy populated in 0.0074 seconds. Added 2572 classes and 603 folders.
[2018.11.15-06.35.21:337][  0]LogContentBrowser: Native class hierarchy updated for 'WidgetCarousel' in 0.0002 seconds. Added 0 classes and 0 folders.
[2018.11.15-06.35.21:370][  0]LogContentBrowser: Native class hierarchy updated for 'AddContentDialog' in 0.0002 seconds. Added 0 classes and 0 folders.
[2018.11.15-06.35.21:376][  0]LogContentBrowser: Native class hierarchy updated for 'SceneOutliner' in 0.0002 seconds. Added 1 classes and 2 folders.
[2018.11.15-06.35.21:427][  0]LogSlate: Took 0.000142 seconds to synchronously load lazily loaded font '../../../Engine/Content/Slate/Fonts/Roboto-Regular.ttf' (155K)
[2018.11.15-06.35.21:428][  0]LogSlate: Took 0.000116 seconds to synchronously load lazily loaded font '../../../Engine/Content/Slate/Fonts/Roboto-Bold.ttf' (160K)
[2018.11.15-06.35.21:432][  0]LogSlate: Took 0.000115 seconds to synchronously load lazily loaded font '../../../Engine/Content/Editor/Slate/Fonts/FontAwesome.ttf' (139K)
[2018.11.15-06.35.21:480][  0]LogRenderer: Reallocating scene render targets to support 1036x468 Format 10 NumSamples 1 (Frame:1).
[2018.11.15-06.35.21:574][  0]LogContentBrowser: Native class hierarchy updated for 'HierarchicalLODOutliner' in 0.0002 seconds. Added 0 classes and 0 folders.
[2018.11.15-06.35.21:574][  0]LogLoad: (Engine Initialization) Total time: 8.08 seconds
[2018.11.15-06.35.21:574][  0]LogLoad: (Engine Initialization) Total Blueprint compile time: 0.00 seconds
[2018.11.15-06.35.21:593][  0]LogWindowsTextInputMethodSystem: Display: IME system now deactivated.
[2018.11.15-06.35.21:612][  0]LogAssetRegistry: Asset discovery search completed in 3.8166 seconds
[2018.11.15-06.35.21:613][  0]LogCollectionManager: Rebuilt the object cache for 0 collections in 0.000000 seconds (found 0 objects)
[2018.11.15-06.35.21:613][  0]LogCollectionManager: Fixed up redirectors for 0 collections in 0.000051 seconds (updated 0 objects)
[2018.11.15-06.35.21:615][  0]LogContentStreaming: Texture pool size now 1000 MB
[2018.11.15-06.35.21:667][  0]LogSlate: Took 0.000102 seconds to synchronously load lazily loaded font '../../../Engine/Content/Slate/Fonts/Roboto-Light.ttf' (167K)
[2018.11.15-06.35.25:638][237]LogSlate: FSceneViewport::OnFocusLost() reason 0
[2018.11.15-06.35.33:595][714]LogSlate: Took 0.000130 seconds to synchronously load lazily loaded font '../../../Engine/Content/Slate/Fonts/Roboto-Light.ttf' (167K)
[2018.11.15-06.35.33:657][714]LogAIModule: Creating AISystem for world First_Lvl_Dup
[2018.11.15-06.35.33:663][714]LogAssetEditorManager: Opening Asset editor for World /Game/Maps/First_Lvl_Dup.First_Lvl_Dup
[2018.11.15-06.35.33:684][714]Cmd: MAP LOAD FILE="../../../../../../Users/Luis/Documents/GitHub/New_Prototype/BP_Cplusplus/Content/Maps/First_Lvl_Dup.umap" TEMPLATE=0 SHOWPROGRESS=1 FEATURELEVEL=3
[2018.11.15-06.35.33:684][714]LightingResults: New page: Lighting Build
[2018.11.15-06.35.33:685][714]LoadErrors: New page: Loading map: First_Lvl_Dup.umap
[2018.11.15-06.35.33:685][714]MapCheck: New page: Map Check
[2018.11.15-06.35.33:685][714]LightingResults: New page: Lighting Build
[2018.11.15-06.35.33:763][714]LogEditorServer: Finished looking for orphan Actors (0.000 secs)
[2018.11.15-06.35.33:810][714]Cmd: MAP CHECKDEP NOCLEARLOG
[2018.11.15-06.35.33:873][714]MapCheck: Map check complete: 0 Error(s), 0 Warning(s), took 63.276ms to complete.
[2018.11.15-06.35.33:875][714]LogFileHelpers: Loading map 'First_Lvl_Dup' took 0.191
[2018.11.15-06.35.35:690][811]LogTexture: Display: Building textures: Cloud (BGRA8, 512X128)
[2018.11.15-06.35.35:691][811]LogTexture: Display: Building textures: Background (BGRA8, 1024X702)
[2018.11.15-06.35.35:691][811]LogTexture: Display: Building textures: Buildings_BG_02 (BGRA8, 1600X320)
[2018.11.15-06.35.35:691][811]LogTexture: Display: Building textures: Buildings_BG (BGRA8, 1600X320)
[2018.11.15-06.35.35:691][811]LogTexture: Display: Building textures: SavePoint (BGRA8, 188X552)
[2018.11.15-06.35.35:694][811]LogAIModule: Creating AISystem for world Second_Lvl
[2018.11.15-06.35.35:701][811]LogAssetEditorManager: Opening Asset editor for World /Game/Maps/Second_Lvl.Second_Lvl
[2018.11.15-06.35.35:723][811]Cmd: MAP LOAD FILE="../../../../../../Users/Luis/Documents/GitHub/New_Prototype/BP_Cplusplus/Content/Maps/Second_Lvl.umap" TEMPLATE=0 SHOWPROGRESS=1 FEATURELEVEL=3
[2018.11.15-06.35.35:723][811]LightingResults: New page: Lighting Build
[2018.11.15-06.35.35:724][811]LoadErrors: New page: Loading map: Second_Lvl.umap
[2018.11.15-06.35.35:724][811]MapCheck: New page: Map Check
[2018.11.15-06.35.35:724][811]LightingResults: New page: Lighting Build
[2018.11.15-06.35.35:803][811]LogEditorServer: Finished looking for orphan Actors (0.000 secs)
[2018.11.15-06.35.35:848][811]Cmd: MAP CHECKDEP NOCLEARLOG
[2018.11.15-06.35.35:915][811]MapCheck: Map check complete: 0 Error(s), 0 Warning(s), took 67.614ms to complete.
[2018.11.15-06.35.35:917][811]LogFileHelpers: Loading map 'Second_Lvl' took 0.195
[2018.11.15-06.42.58:670][618]LogEditorViewport: Clicking on Actor (LMB): PaperTileMapActor (Tilemap1)
[2018.11.15-06.43.01:802][804]LogEditorViewport: Clicking Background
[2018.11.15-06.43.15:902][592]LogEditorViewport: Clicking on Actor (LMB): PaperSpriteActor (SavePoint_Sprite)
[2018.11.15-06.43.27:134][264]LogEditorViewport: Clicking Background
[2018.11.15-06.43.37:652][895]LogEditorViewport: Clicking Background
[2018.11.15-06.43.39:069][980]LogSlate: FSceneViewport::OnFocusLost() reason 0
[2018.11.15-06.43.39:369][987]LogSavePackage: Moving '../../../../../../Users/Luis/Documents/GitHub/New_Prototype/BP_Cplusplus/Saved/Second_Lvl745D339A465A7D8DE605EF9A4E3101D2.tmp' to '../../../../../../Users/Luis/Documents/GitHub/New_Prototype/BP_Cplusplus/Content/Maps/Second_Lvl.umap'
[2018.11.15-06.43.57:276][875]LogSlate: Window 'XCP - Unreal Editor' being destroyed
[2018.11.15-06.43.57:441][876]Cmd: QUIT_EDITOR
[2018.11.15-06.43.57:458][876]LogWindowsTextInputMethodSystem: Display: IME system now deactivated.
[2018.11.15-06.43.57:468][876]LogExit: Preparing to exit.
[2018.11.15-06.43.58:627][876]LogExit: Editor shut down
[2018.11.15-06.43.58:628][876]LogExit: Transaction tracking system shut down
[2018.11.15-06.43.59:172][876]LogExit: Object subsystem successfully closed.
[2018.11.15-06.43.59:187][876]LogShaderCompilers: Display: Shaders left to compile 0
[2018.11.15-06.43.59:189][876]LogD3D11RHI: Shutdown
[2018.11.15-06.43.59:189][876]LogD3D11RHI: CleanupD3DDevice
[2018.11.15-06.43.59:190][876]LogD3D11RHI: ~FD3D11DynamicRHI
[2018.11.15-06.43.59:211][876]LogModuleManager: Shutting down and abandoning module HierarchicalLODOutliner (610)
[2018.11.15-06.43.59:211][876]LogModuleManager: Shutting down and abandoning module SceneOutliner (608)
[2018.11.15-06.43.59:211][876]LogModuleManager: Shutting down and abandoning module AddContentDialog (606)
[2018.11.15-06.43.59:211][876]LogModuleManager: Shutting down and abandoning module WidgetCarousel (605)
[2018.11.15-06.43.59:211][876]LogModuleManager: Shutting down and abandoning module EditorWidgets (602)
[2018.11.15-06.43.59:211][876]LogModuleManager: Shutting down and abandoning module CollectionManager (600)
[2018.11.15-06.43.59:211][876]LogModuleManager: Shutting down and abandoning module StatsViewer (598)
[2018.11.15-06.43.59:211][876]LogModuleManager: Shutting down and abandoning module FoliageEdit (596)
[2018.11.15-06.43.59:211][876]LogModuleManager: Shutting down and abandoning module LandscapeEditor (594)
[2018.11.15-06.43.59:211][876]LogModuleManager: Shutting down and abandoning module MeshPaintMode (592)
[2018.11.15-06.43.59:211][876]LogModuleManager: Shutting down and abandoning module SceneDepthPickerMode (590)
[2018.11.15-06.43.59:211][876]LogModuleManager: Shutting down and abandoning module ActorPickerMode (588)
[2018.11.15-06.43.59:211][876]LogModuleManager: Shutting down and abandoning module GeometryMode (586)
[2018.11.15-06.43.59:211][876]LogModuleManager: Shutting down and abandoning module TextureAlignMode (584)
[2018.11.15-06.43.59:211][876]LogModuleManager: Shutting down and abandoning module BspMode (582)
[2018.11.15-06.43.59:212][876]LogModuleManager: Shutting down and abandoning module PIEPreviewDeviceProfileSelector (580)
[2018.11.15-06.43.59:212][876]LogModuleManager: Shutting down and abandoning module SequenceRecorderSections (578)
[2018.11.15-06.43.59:212][876]LogModuleManager: Shutting down and abandoning module AutomationWorker (576)
[2018.11.15-06.43.59:212][876]LogModuleManager: Shutting down and abandoning module AudioCaptureEditor (574)
[2018.11.15-06.43.59:212][876]LogModuleManager: Shutting down and abandoning module SequenceRecorder (573)
[2018.11.15-06.43.59:212][876]LogModuleManager: Shutting down and abandoning module MatineeToLevelSequence (570)
[2018.11.15-06.43.59:212][876]LogModuleManager: Shutting down and abandoning module LevelSequenceEditor (568)
[2018.11.15-06.43.59:212][876]LogModuleManager: Shutting down and abandoning module PlacementMode (567)
[2018.11.15-06.43.59:212][876]LogModuleManager: Shutting down and abandoning module MaterialEditor (566)
[2018.11.15-06.43.59:212][876]LogModuleManager: Shutting down and abandoning module WmfMediaFactory (562)
[2018.11.15-06.43.59:212][876]LogModuleManager: Shutting down and abandoning module WmfMediaEditor (560)
[2018.11.15-06.43.59:212][876]LogModuleManager: Shutting down and abandoning module MediaPlayerEditor (558)
[2018.11.15-06.43.59:212][876]LogModuleManager: Shutting down and abandoning module OpenExrWrapper (556)
[2018.11.15-06.43.59:212][876]LogModuleManager: Shutting down and abandoning module ImgMediaFactory (554)
[2018.11.15-06.43.59:212][876]LogModuleManager: Shutting down and abandoning module ImgMediaEditor (552)
[2018.11.15-06.43.59:212][876]LogModuleManager: Shutting down and abandoning module AvfMediaFactory (550)
[2018.11.15-06.43.59:212][876]LogModuleManager: Shutting down and abandoning module AvfMediaEditor (548)
[2018.11.15-06.43.59:212][876]LogModuleManager: Shutting down and abandoning module AndroidMediaFactory (546)
[2018.11.15-06.43.59:212][876]LogModuleManager: Shutting down and abandoning module AndroidMediaEditor (544)
[2018.11.15-06.43.59:212][876]LogModuleManager: Shutting down and abandoning module MagicLeapCameraPreviewFactory (542)
[2018.11.15-06.43.59:212][876]LogModuleManager: Shutting down and abandoning module MagicLeapMediaFactory (540)
[2018.11.15-06.43.59:212][876]LogModuleManager: Shutting down and abandoning module MagicLeapMediaEditor (538)
[2018.11.15-06.43.59:212][876]LogModuleManager: Shutting down and abandoning module CharacterAI (536)
[2018.11.15-06.43.59:212][876]LogModuleManager: Shutting down and abandoning module SmartSnapping (534)
[2018.11.15-06.43.59:212][876]LogModuleManager: Shutting down and abandoning module SessionServices (532)
[2018.11.15-06.43.59:212][876]LogModuleManager: Shutting down and abandoning module ViewportSnapping (530)
[2018.11.15-06.43.59:212][876]LogModuleManager: Shutting down and abandoning module ViewportInteraction (528)
[2018.11.15-06.43.59:212][876]LogModuleManager: Shutting down and abandoning module ClothPainter (526)
[2018.11.15-06.43.59:212][876]LogModuleManager: Shutting down and abandoning module SkeletalMeshEditor (525)
[2018.11.15-06.43.59:212][876]LogModuleManager: Shutting down and abandoning module LogVisualizer (522)
[2018.11.15-06.43.59:212][876]LogModuleManager: Shutting down and abandoning module IntroTutorials (520)
[2018.11.15-06.43.59:212][876]LogModuleManager: Shutting down and abandoning module GameProjectGeneration (519)
[2018.11.15-06.43.59:212][876]LogModuleManager: Shutting down and abandoning module LuminPlatformEditor (516)
[2018.11.15-06.43.59:212][876]LogModuleManager: Shutting down and abandoning module IOSPlatformEditor (514)
[2018.11.15-06.43.59:212][876]LogModuleManager: Shutting down and abandoning module HTML5PlatformEditor (512)
[2018.11.15-06.43.59:212][876]LogModuleManager: Shutting down and abandoning module AndroidPlatformEditor (510)
[2018.11.15-06.43.59:212][876]LogModuleManager: Shutting down and abandoning module AndroidDeviceDetection (509)
[2018.11.15-06.43.59:620][876]LogModuleManager: Shutting down and abandoning module WindowsPlatformEditor (506)
[2018.11.15-06.43.59:620][876]LogModuleManager: Shutting down and abandoning module LuminRuntimeSettings (504)
[2018.11.15-06.43.59:620][876]LogModuleManager: Shutting down and abandoning module IOSRuntimeSettings (502)
[2018.11.15-06.43.59:620][876]LogModuleManager: Shutting down and abandoning module AndroidRuntimeSettings (500)
[2018.11.15-06.43.59:620][876]LogModuleManager: Shutting down and abandoning module InputBindingEditor (498)
[2018.11.15-06.43.59:620][876]LogModuleManager: Shutting down and abandoning module MergeActors (496)
[2018.11.15-06.43.59:620][876]LogModuleManager: Shutting down and abandoning module LocalizationDashboard (494)
[2018.11.15-06.43.59:620][876]LogModuleManager: Shutting down and abandoning module LocalizationService (493)
[2018.11.15-06.43.59:621][876]LogModuleManager: Shutting down and abandoning module HardwareTargeting (490)
[2018.11.15-06.43.59:621][876]LogModuleManager: Shutting down and abandoning module DeviceProfileEditor (488)
[2018.11.15-06.43.59:621][876]LogModuleManager: Shutting down and abandoning module UndoHistory (486)
[2018.11.15-06.43.59:621][876]LogModuleManager: Shutting down and abandoning module XmlParser (484)
[2018.11.15-06.43.59:621][876]LogModuleManager: Shutting down and abandoning module Blutility (482)
[2018.11.15-06.43.59:621][876]LogModuleManager: Shutting down and abandoning module ProjectSettingsViewer (480)
[2018.11.15-06.43.59:621][876]LogModuleManager: Shutting down and abandoning module ProjectTargetPlatformEditor (479)
[2018.11.15-06.43.59:621][876]LogModuleManager: Shutting down and abandoning module EditorSettingsViewer (476)
[2018.11.15-06.43.59:621][876]LogModuleManager: Shutting down and abandoning module SettingsEditor (474)
[2018.11.15-06.43.59:621][876]LogModuleManager: Shutting down and abandoning module ProjectLauncher (472)
[2018.11.15-06.43.59:621][876]LogModuleManager: Shutting down and abandoning module SessionFrontend (470)
[2018.11.15-06.43.59:621][876]LogModuleManager: Shutting down and abandoning module ProfilerClient (468)
[2018.11.15-06.43.59:621][876]LogModuleManager: Shutting down and abandoning module DeviceManager (466)
[2018.11.15-06.43.59:621][876]LogModuleManager: Shutting down and abandoning module TargetDeviceServices (465)
[2018.11.15-06.43.59:676][876]LogModuleManager: Shutting down and abandoning module AutomationController (462)
[2018.11.15-06.43.59:676][876]LogModuleManager: Shutting down and abandoning module AutomationWindow (460)
[2018.11.15-06.43.59:676][876]LogModuleManager: Shutting down and abandoning module Layers (458)
[2018.11.15-06.43.59:676][876]LogModuleManager: Shutting down and abandoning module ComponentVisualizers (456)
[2018.11.15-06.43.59:676][876]LogModuleManager: Shutting down and abandoning module DetailCustomizations (454)
[2018.11.15-06.43.59:676][876]LogModuleManager: Shutting down and abandoning module PackagesDialog (452)
[2018.11.15-06.43.59:676][876]LogModuleManager: Shutting down and abandoning module Persona (450)
[2018.11.15-06.43.59:676][876]LogModuleManager: Shutting down and abandoning module AdvancedPreviewScene (449)
[2018.11.15-06.43.59:676][876]LogModuleManager: Shutting down and abandoning module AnimGraph (447)
[2018.11.15-06.43.59:676][876]LogModuleManager: Shutting down and abandoning module Kismet (444)
[2018.11.15-06.43.59:676][876]LogModuleManager: Shutting down and abandoning module GraphEditor (442)
[2018.11.15-06.43.59:677][876]LogModuleManager: Shutting down and abandoning module ClassViewer (440)
[2018.11.15-06.43.59:677][876]LogModuleManager: Shutting down and abandoning module Toolbox (438)
[2018.11.15-06.43.59:677][876]LogModuleManager: Shutting down and abandoning module ModuleUI (436)
[2018.11.15-06.43.59:677][876]LogModuleManager: Shutting down and abandoning module MovieSceneTools (434)
[2018.11.15-06.43.59:677][876]LogModuleManager: Shutting down and abandoning module OutputLog (432)
[2018.11.15-06.43.59:677][876]LogModuleManager: Shutting down and abandoning module GammaUI (430)
[2018.11.15-06.43.59:677][876]LogModuleManager: Shutting down and abandoning module Documentation (428)
[2018.11.15-06.43.59:677][876]LogModuleManager: Shutting down and abandoning module MovieSceneTracks (426)
[2018.11.15-06.43.59:677][876]LogModuleManager: Shutting down and abandoning module MovieScene (424)
[2018.11.15-06.43.59:677][876]LogModuleManager: Shutting down and abandoning module StreamingPauseRendering (422)
[2018.11.15-06.43.59:677][876]LogModuleManager: Shutting down and abandoning module LauncherPlatform (420)
[2018.11.15-06.43.59:677][876]LogModuleManager: Shutting down and abandoning module AnalyticsET (418)
[2018.11.15-06.43.59:677][876]LogModuleManager: Shutting down and abandoning module PortalServices (416)
[2018.11.15-06.43.59:677][876]LogModuleManager: Shutting down and abandoning module PortalRpc (414)
[2018.11.15-06.43.59:677][876]LogModuleManager: Shutting down and abandoning module MessagingRpc (412)
[2018.11.15-06.43.59:677][876]LogModuleManager: Shutting down and abandoning module AIModule (410)
[2018.11.15-06.43.59:677][876]LogModuleManager: Shutting down and abandoning module GameplayDebugger (409)
[2018.11.15-06.43.59:677][876]LogModuleManager: Shutting down and abandoning module AITestSuite (407)
[2018.11.15-06.43.59:677][876]LogModuleManager: Shutting down and abandoning module NavigationSystem (405)
[2018.11.15-06.43.59:677][876]LogModuleManager: Shutting down and abandoning module DesktopPlatform (402)
[2018.11.15-06.43.59:677][876]LogModuleManager: Shutting down and abandoning module ProfilerService (400)
[2018.11.15-06.43.59:847][876]LogModuleManager: Shutting down and abandoning module TaskGraph (398)
[2018.11.15-06.43.59:847][876]LogModuleManager: Shutting down and abandoning module SteamVRController (396)
[2018.11.15-06.43.59:847][876]LogModuleManager: Shutting down and abandoning module ProceduralMeshComponentEditor (394)
[2018.11.15-06.43.59:847][876]LogModuleManager: Shutting down and abandoning module ProceduralMeshComponent (392)
[2018.11.15-06.43.59:847][876]LogModuleManager: Shutting down and abandoning module OculusInput (390)
[2018.11.15-06.43.59:847][876]LogModuleManager: Shutting down and abandoning module MobilePatchingUtils (388)
[2018.11.15-06.43.59:847][876]LogModuleManager: Shutting down and abandoning module EditableMesh (386)
[2018.11.15-06.43.59:847][876]LogModuleManager: Shutting down and abandoning module CustomMeshComponent (384)
[2018.11.15-06.43.59:847][876]LogModuleManager: Shutting down and abandoning module CableComponent (382)
[2018.11.15-06.43.59:847][876]LogModuleManager: Shutting down and abandoning module AudioCapture (380)
[2018.11.15-06.43.59:847][876]LogModuleManager: Shutting down and abandoning module ArchVisCharacter (378)
[2018.11.15-06.43.59:847][876]LogModuleManager: Shutting down and abandoning module AndroidPermission (376)
[2018.11.15-06.43.59:847][876]LogModuleManager: Shutting down and abandoning module NUTUnrealEngine4 (374)
[2018.11.15-06.43.59:847][876]LogModuleManager: Shutting down and abandoning module NetcodeUnitTest (372)
[2018.11.15-06.43.59:847][876]LogModuleManager: Shutting down and abandoning module MediaCompositingEditor (370)
[2018.11.15-06.43.59:847][876]LogModuleManager: Shutting down and abandoning module MediaCompositing (368)
[2018.11.15-06.43.59:847][876]LogModuleManager: Shutting down and abandoning module LinearTimecode (366)
[2018.11.15-06.43.59:847][876]LogModuleManager: Shutting down and abandoning module ImgMedia (364)
[2018.11.15-06.43.59:850][876]LogModuleManager: Shutting down and abandoning module HTML5Networking (362)
[2018.11.15-06.43.59:850][876]LogModuleManager: Shutting down and abandoning module GeometryCacheTracks (360)
[2018.11.15-06.43.59:850][876]LogModuleManager: Shutting down and abandoning module GeometryCacheSequencer (358)
[2018.11.15-06.43.59:850][876]LogModuleManager: Shutting down and abandoning module BackChannel (356)
[2018.11.15-06.43.59:850][876]LogModuleManager: Shutting down and abandoning module AppleVision (354)
[2018.11.15-06.43.59:850][876]LogModuleManager: Shutting down and abandoning module AppleImageUtils (352)
[2018.11.15-06.43.59:850][876]LogModuleManager: Shutting down and abandoning module AlembicImporter (350)
[2018.11.15-06.43.59:850][876]LogModuleManager: Shutting down and abandoning module AlembicLibrary (349)
[2018.11.15-06.43.59:850][876]LogModuleManager: Shutting down and abandoning module GeometryCache (348)
[2018.11.15-06.43.59:850][876]LogModuleManager: Shutting down and abandoning module GeometryCacheEd (347)
[2018.11.15-06.43.59:850][876]LogModuleManager: Shutting down and abandoning module DatasmithContentEditor (342)
[2018.11.15-06.43.59:850][876]LogModuleManager: Shutting down and abandoning module DatasmithContent (340)
[2018.11.15-06.43.59:851][876]LogModuleManager: Shutting down and abandoning module SpeedTreeImporter (338)
[2018.11.15-06.43.59:851][876]LogModuleManager: Shutting down and abandoning module PluginBrowser (336)
[2018.11.15-06.43.59:851][876]LogModuleManager: Shutting down and abandoning module MobileLauncherProfileWizard (334)
[2018.11.15-06.43.59:851][876]LogModuleManager: Shutting down and abandoning module PolygonModeling (332)
[2018.11.15-06.43.59:851][876]LogModuleManager: Shutting down and abandoning module MeshEditor (330)
[2018.11.15-06.43.59:851][876]LogModuleManager: Shutting down and abandoning module CryptoKeysOpenSSL (328)
[2018.11.15-06.43.59:851][876]LogModuleManager: Shutting down and abandoning module CryptoKeys (326)
[2018.11.15-06.43.59:851][876]LogModuleManager: Shutting down and abandoning module VisualStudioSourceCodeAccess (324)
[2018.11.15-06.43.59:851][876]LogModuleManager: Shutting down and abandoning module VisualStudioCodeSourceCodeAccess (322)
[2018.11.15-06.43.59:851][876]LogModuleManager: Shutting down and abandoning module UObjectPlugin (320)
[2018.11.15-06.43.59:851][876]LogModuleManager: Shutting down and abandoning module SubversionSourceControl (318)
[2018.11.15-06.43.59:851][876]LogModuleManager: Shutting down and abandoning module PerforceSourceControl (316)
[2018.11.15-06.43.59:851][876]LogModuleManager: Shutting down and abandoning module GitSourceControl (314)
[2018.11.15-06.43.59:851][876]LogModuleManager: Shutting down and abandoning module SourceControl (313)
[2018.11.15-06.43.59:851][876]LogModuleManager: Shutting down and abandoning module CLionSourceCodeAccess (310)
[2018.11.15-06.43.59:851][876]LogModuleManager: Shutting down and abandoning module LightPropagationVolumeEditor (308)
[2018.11.15-06.43.59:851][876]LogModuleManager: Shutting down and abandoning module PaperTiledImporter (306)
[2018.11.15-06.43.59:851][876]LogModuleManager: Shutting down and abandoning module PaperSpriteSheetImporter (304)
[2018.11.15-06.43.59:851][876]LogModuleManager: Shutting down and abandoning module Paper2DEditor (302)
[2018.11.15-06.43.59:851][876]LogModuleManager: Shutting down and abandoning module MeshPaint (301)
[2018.11.15-06.43.59:851][876]LogModuleManager: Shutting down and abandoning module RuntimePhysXCooking (298)
[2018.11.15-06.43.59:851][876]LogModuleManager: Shutting down and abandoning module PhysXVehiclesEditor (296)
[2018.11.15-06.43.59:851][876]LogModuleManager: Shutting down and abandoning module PhysXVehicles (294)
[2018.11.15-06.43.59:851][876]LogModuleManager: Shutting down and abandoning module OculusEditor (292)
[2018.11.15-06.43.59:851][876]LogModuleManager: Shutting down and abandoning module LocationServicesBPLibrary (290)
[2018.11.15-06.43.59:851][876]LogModuleManager: Shutting down and abandoning module ImmediatePhysicsEditor (288)
[2018.11.15-06.43.59:851][876]LogModuleManager: Shutting down and abandoning module ImmediatePhysics (286)
[2018.11.15-06.43.59:851][876]LogModuleManager: Shutting down and abandoning module ActorSequence (284)
[2018.11.15-06.43.59:851][876]LogModuleManager: Shutting down and abandoning module UdpMessaging (282)
[2018.11.15-06.43.59:952][876]LogModuleManager: Shutting down and abandoning module TcpMessaging (280)
[2018.11.15-06.44.00:053][876]LogModuleManager: Shutting down and abandoning module MagicLeapAudio (278)
[2018.11.15-06.44.00:053][876]LogModuleManager: Shutting down and abandoning module GameplayTagsEditor (276)
[2018.11.15-06.44.00:053][876]LogModuleManager: Shutting down and abandoning module FacialAnimationEditor (274)
[2018.11.15-06.44.00:053][876]LogModuleManager: Shutting down and abandoning module FacialAnimation (272)
[2018.11.15-06.44.00:053][876]LogModuleManager: Shutting down and abandoning module DataValidation (270)
[2018.11.15-06.44.00:053][876]LogModuleManager: Shutting down and abandoning module AssetManagerEditor (268)
[2018.11.15-06.44.00:053][876]LogModuleManager: Shutting down and abandoning module LevelEditor (267)
[2018.11.15-06.44.00:053][876]LogModuleManager: Shutting down and abandoning module PixelInspectorModule (266)
[2018.11.15-06.44.00:053][876]LogModuleManager: Shutting down and abandoning module CommonMenuExtensions (264)
[2018.11.15-06.44.00:053][876]LogModuleManager: Shutting down and abandoning module MainFrame (262)
[2018.11.15-06.44.00:053][876]LogModuleManager: Shutting down and abandoning module HotReload (261)
[2018.11.15-06.44.00:054][876]LogModuleManager: Shutting down and abandoning module ContentBrowser (257)
[2018.11.15-06.44.00:054][876]LogModuleManager: Shutting down and abandoning module TreeMap (255)
[2018.11.15-06.44.00:054][876]LogModuleManager: Shutting down and abandoning module LightPropagationVolumeRuntime (252)
[2018.11.15-06.44.00:055][876]LogModuleManager: Shutting down and abandoning module AISupportModule (250)
[2018.11.15-06.44.00:055][876]LogModuleManager: Shutting down and abandoning module Paper2D (248)
[2018.11.15-06.44.00:055][876]LogModuleManager: Shutting down and abandoning module WindowsMoviePlayer (246)
[2018.11.15-06.44.00:055][876]LogModuleManager: Shutting down and abandoning module WmfMedia (244)
[2018.11.15-06.44.00:056][876]LogModuleManager: Shutting down and abandoning module Media (243)
[2018.11.15-06.44.00:062][876]LogModuleManager: Shutting down and abandoning module PacketHandler (240)
[2018.11.15-06.44.00:062][876]LogModuleManager: Shutting down and abandoning module ClothingSystemEditor (238)
[2018.11.15-06.44.00:062][876]LogModuleManager: Shutting down and abandoning module ClothingSystemRuntime (236)
[2018.11.15-06.44.00:062][876]LogModuleManager: Shutting down and abandoning module MediaAssets (234)
[2018.11.15-06.44.00:062][876]LogModuleManager: Shutting down and abandoning module Overlay (232)
[2018.11.15-06.44.00:062][876]LogModuleManager: Shutting down and abandoning module OverlayEditor (231)
[2018.11.15-06.44.00:062][876]LogModuleManager: Shutting down and abandoning module VREditor (228)
[2018.11.15-06.44.00:062][876]LogModuleManager: Shutting down and abandoning module StringTableEditor (226)
[2018.11.15-06.44.00:062][876]LogModuleManager: Shutting down and abandoning module GameplayTasksEditor (224)
[2018.11.15-06.44.00:062][876]LogModuleManager: Shutting down and abandoning module BehaviorTreeEditor (222)
[2018.11.15-06.44.00:062][876]LogModuleManager: Shutting down and abandoning module FunctionalTesting (220)
[2018.11.15-06.44.00:062][876]LogModuleManager: Shutting down and abandoning module CollisionAnalyzer (218)
[2018.11.15-06.44.00:062][876]LogModuleManager: Shutting down and abandoning module WorkspaceMenuStructure (217)
[2018.11.15-06.44.00:062][876]LogModuleManager: Shutting down and abandoning module UMG (214)
[2018.11.15-06.44.00:062][876]LogModuleManager: Shutting down and abandoning module UMGEditor (213)
[2018.11.15-06.44.00:062][876]LogModuleManager: Shutting down and abandoning module Sequencer (212)
[2018.11.15-06.44.00:062][876]LogModuleManager: Shutting down and abandoning module MessageLog (209)
[2018.11.15-06.44.00:062][876]LogModuleManager: Shutting down and abandoning module SlateReflector (204)
[2018.11.15-06.44.00:062][876]LogModuleManager: Shutting down and abandoning module Slate (202)
[2018.11.15-06.44.00:062][876]LogModuleManager: Shutting down and abandoning module EditorStyle (200)
[2018.11.15-06.44.00:064][876]LogModuleManager: Shutting down and abandoning module MRMesh (198)
[2018.11.15-06.44.00:064][876]LogModuleManager: Shutting down and abandoning module SourceCodeAccess (196)
[2018.11.15-06.44.00:064][876]LogModuleManager: Shutting down and abandoning module HeadMountedDisplay (194)
[2018.11.15-06.44.00:064][876]LogModuleManager: Shutting down and abandoning module XAudio2 (192)
[2018.11.15-06.44.00:064][876]LogModuleManager: Shutting down and abandoning module Networking (190)
[2018.11.15-06.44.00:064][876]LogModuleManager: Shutting down and abandoning module Core (188)
[2018.11.15-06.44.00:064][876]LogModuleManager: Shutting down and abandoning module LevelSequence (186)
[2018.11.15-06.44.00:064][876]LogModuleManager: Shutting down and abandoning module KismetCompiler (184)
[2018.11.15-06.44.00:064][876]LogModuleManager: Shutting down and abandoning module MeshUtilities (182)
[2018.11.15-06.44.00:064][876]LogModuleManager: Shutting down and abandoning module MeshMergeUtilities (181)
[2018.11.15-06.44.00:064][876]LogModuleManager: Shutting down and abandoning module MeshReductionInterface (180)
[2018.11.15-06.44.00:064][876]LogModuleManager: Shutting down and abandoning module SimplygonSwarm (179)
[2018.11.15-06.44.00:064][876]LogModuleManager: Shutting down and abandoning module ProxyLODMeshReduction (177)
[2018.11.15-06.44.00:064][876]LogModuleManager: Shutting down and abandoning module SimplygonMeshReduction (175)
[2018.11.15-06.44.00:064][876]LogModuleManager: Shutting down and abandoning module QuadricMeshReduction (173)
[2018.11.15-06.44.00:064][876]LogModuleManager: Shutting down and abandoning module MaterialBaking (169)
[2018.11.15-06.44.00:064][876]LogModuleManager: Shutting down and abandoning module DirectoryWatcher (165)
[2018.11.15-06.44.00:064][876]LogModuleManager: Shutting down and abandoning module DerivedDataCache (162)
[2018.11.15-06.44.00:165][876]LogDerivedDataCache: Shutdown
[2018.11.15-06.44.00:165][876]LogModuleManager: Shutting down and abandoning module XGEController (160)
[2018.11.15-06.44.00:165][876]LogXGEController: Cleaning working directory: C:/Users/Luis/AppData/Local/Temp/UnrealXGEWorkingDir/
[2018.11.15-06.44.00:165][876]LogModuleManager: Shutting down and abandoning module TargetPlatform (158)
[2018.11.15-06.44.00:165][876]LogModuleManager: Shutting down and abandoning module VulkanShaderFormat (157)
[2018.11.15-06.44.00:165][876]LogModuleManager: Shutting down and abandoning module ShaderFormatVectorVM (155)
[2018.11.15-06.44.00:165][876]LogModuleManager: Shutting down and abandoning module ShaderFormatOpenGL (153)
[2018.11.15-06.44.00:165][876]LogModuleManager: Shutting down and abandoning module ShaderFormatD3D (151)
[2018.11.15-06.44.00:165][876]LogModuleManager: Shutting down and abandoning module MetalShaderFormat (149)
[2018.11.15-06.44.00:165][876]LogModuleManager: Shutting down and abandoning module TextureFormatUncompressed (147)
[2018.11.15-06.44.00:165][876]LogModuleManager: Shutting down and abandoning module TextureFormatPVR (145)
[2018.11.15-06.44.00:165][876]LogModuleManager: Shutting down and abandoning module TextureFormatDXT (143)
[2018.11.15-06.44.00:165][876]LogModuleManager: Shutting down and abandoning module TextureFormatIntelISPCTexComp (141)
[2018.11.15-06.44.00:165][876]LogModuleManager: Shutting down and abandoning module TextureFormatASTC (139)
[2018.11.15-06.44.00:166][876]LogModuleManager: Shutting down and abandoning module ImageWrapper (138)
[2018.11.15-06.44.00:166][876]LogModuleManager: Shutting down and abandoning module TextureFormatAndroid (135)
[2018.11.15-06.44.00:166][876]LogModuleManager: Shutting down and abandoning module AudioFormatOpus (133)
[2018.11.15-06.44.00:166][876]LogModuleManager: Shutting down and abandoning module AudioFormatOgg (131)
[2018.11.15-06.44.00:166][876]LogModuleManager: Shutting down and abandoning module AudioFormatADPCM (129)
[2018.11.15-06.44.00:166][876]LogModuleManager: Shutting down and abandoning module LuminTargetPlatform (127)
[2018.11.15-06.44.00:166][876]LogModuleManager: Shutting down and abandoning module LinuxTargetPlatform (125)
[2018.11.15-06.44.00:166][876]LogModuleManager: Shutting down and abandoning module LinuxServerTargetPlatform (123)
[2018.11.15-06.44.00:166][876]LogModuleManager: Shutting down and abandoning module LinuxNoEditorTargetPlatform (121)
[2018.11.15-06.44.00:166][876]LogModuleManager: Shutting down and abandoning module LinuxClientTargetPlatform (119)
[2018.11.15-06.44.00:166][876]LogModuleManager: Shutting down and abandoning module TVOSTargetPlatform (117)
[2018.11.15-06.44.00:166][876]LogModuleManager: Shutting down and abandoning module Messaging (115)
[2018.11.15-06.44.00:166][876]LogModuleManager: Shutting down and abandoning module IOSTargetPlatform (113)
[2018.11.15-06.44.00:167][876]LogModuleManager: Shutting down and abandoning module HTML5TargetPlatform (111)
[2018.11.15-06.44.00:167][876]LogModuleManager: Shutting down and abandoning module AndroidTargetPlatform (109)
[2018.11.15-06.44.00:177][876]LogModuleManager: Shutting down and abandoning module WindowsTargetPlatform (107)
[2018.11.15-06.44.00:177][876]LogModuleManager: Shutting down and abandoning module WindowsServerTargetPlatform (105)
[2018.11.15-06.44.00:177][876]LogModuleManager: Shutting down and abandoning module WindowsNoEditorTargetPlatform (103)
[2018.11.15-06.44.00:177][876]LogModuleManager: Shutting down and abandoning module WindowsClientTargetPlatform (101)
[2018.11.15-06.44.00:177][876]LogModuleManager: Shutting down and abandoning module MacTargetPlatform (99)
[2018.11.15-06.44.00:177][876]LogModuleManager: Shutting down and abandoning module MacServerTargetPlatform (97)
[2018.11.15-06.44.00:177][876]LogModuleManager: Shutting down and abandoning module MacNoEditorTargetPlatform (95)
[2018.11.15-06.44.00:177][876]LogModuleManager: Shutting down and abandoning module MacClientTargetPlatform (93)
[2018.11.15-06.44.00:177][876]LogModuleManager: Shutting down and abandoning module AllDesktopTargetPlatform (91)
[2018.11.15-06.44.00:177][876]LogModuleManager: Shutting down and abandoning module InputCore (88)
[2018.11.15-06.44.00:177][876]LogModuleManager: Shutting down and abandoning module Settings (86)
[2018.11.15-06.44.00:177][876]LogModuleManager: Shutting down and abandoning module PhysXCooking (84)
[2018.11.15-06.44.00:177][876]LogModuleManager: Shutting down and abandoning module SteamVR (82)
[2018.11.15-06.44.00:177][876]LogModuleManager: Shutting down and abandoning module OculusHMD (80)
[2018.11.15-06.44.00:177][876]LogModuleManager: Shutting down and abandoning module ExampleDeviceProfileSelector (78)
[2018.11.15-06.44.00:177][876]LogModuleManager: Shutting down and abandoning module LauncherChunkInstaller (76)
[2018.11.15-06.44.00:177][876]LogModuleManager: Shutting down and abandoning module OnlineBlueprintSupport (74)
[2018.11.15-06.44.00:177][876]LogModuleManager: Shutting down and abandoning module OnlineSubsystem (70)
[2018.11.15-06.44.00:178][876]LogModuleManager: Shutting down and abandoning module XMPP (65)
[2018.11.15-06.44.00:178][876]LogModuleManager: Shutting down and abandoning module WebSockets (64)
[2018.11.15-06.44.00:202][876]LogModuleManager: Shutting down and abandoning module HTTP (61)
[2018.11.15-06.44.00:202][876]LogHttp: Display: Http module shutting down, but needs to wait on 1 outstanding Http requests:
[2018.11.15-06.44.00:202][876]LogHttp: Display: 	verb=[POST] url=[https://datarouter.ol.epicgames.com/datarouter/api/v1/public/data?SessionID=%7BFF7B5685-4C1E-352B-DB89-D39FF8CE128E%7D&AppID=UEEditor.Rocket.Release&AppVersion=4.20.2-4302132%2B%2B%2BUE4%2BRelease-4.20&UserID=d9969f954edac1b20f345b98e41e132f%7C200649e9e15c431388713df8e6b34389%7Ce62061a5-428f-41c4-8d88-77cb087d6a11&AppEnvironment=datacollector-binary&UploadType=eteventstream] status=Processing
[2018.11.15-06.44.00:206][876]LogModuleManager: Shutting down and abandoning module SSL (60)
[2018.11.15-06.44.00:206][876]LogModuleManager: Shutting down and abandoning module MagicLeapEmulator (56)
[2018.11.15-06.44.00:206][876]LogModuleManager: Shutting down and abandoning module MagicLeapPrivileges (54)
[2018.11.15-06.44.00:206][876]LogModuleManager: Shutting down and abandoning module MagicLeapIdentity (52)
[2018.11.15-06.44.00:206][876]LogModuleManager: Shutting down and abandoning module MagicLeapHelperVulkan (50)
[2018.11.15-06.44.00:206][876]LogModuleManager: Shutting down and abandoning module MagicLeapHelperOpenGL (48)
[2018.11.15-06.44.00:206][876]LogModuleManager: Shutting down and abandoning module MagicLeapSecureStorage (46)
[2018.11.15-06.44.00:206][876]LogModuleManager: Shutting down and abandoning module MagicLeapGestures (44)
[2018.11.15-06.44.00:206][876]LogModuleManager: Shutting down and abandoning module MagicLeapEyeTracker (42)
[2018.11.15-06.44.00:206][876]LogModuleManager: Shutting down and abandoning module MagicLeapController (40)
[2018.11.15-06.44.00:207][876]LogSlate: Slate User Destroyed.  User Index 0, Is Virtual User: 0
[2018.11.15-06.44.00:207][876]LogModuleManager: Shutting down and abandoning module MagicLeap (38)
[2018.11.15-06.44.00:207][876]LogModuleManager: Shutting down and abandoning module AnimationModifiers (36)
[2018.11.15-06.44.00:207][876]LogModuleManager: Shutting down and abandoning module PropertyEditor (35)
[2018.11.15-06.44.00:207][876]LogModuleManager: Shutting down and abandoning module AudioEditor (32)
[2018.11.15-06.44.00:207][876]LogModuleManager: Shutting down and abandoning module TextureCompressor (30)
[2018.11.15-06.44.00:207][876]LogModuleManager: Shutting down and abandoning module ShaderCore (28)
[2018.11.15-06.44.00:207][876]LogModuleManager: Shutting down and abandoning module Landscape (26)
[2018.11.15-06.44.00:207][876]LogModuleManager: Shutting down and abandoning module SlateRHIRenderer (24)
[2018.11.15-06.44.00:207][876]LogModuleManager: Shutting down and abandoning module OpenGLDrv (22)
[2018.11.15-06.44.00:207][876]LogModuleManager: Shutting down and abandoning module D3D11RHI (20)
[2018.11.15-06.44.00:207][876]LogModuleManager: Shutting down and abandoning module AnimGraphRuntime (18)
[2018.11.15-06.44.00:207][876]LogModuleManager: Shutting down and abandoning module Renderer (16)
[2018.11.15-06.44.00:207][876]LogModuleManager: Shutting down and abandoning module Engine (14)
[2018.11.15-06.44.00:207][876]LogModuleManager: Shutting down and abandoning module CoreUObject (12)
[2018.11.15-06.44.00:207][876]LogModuleManager: Shutting down and abandoning module NetworkFile (10)
[2018.11.15-06.44.00:207][876]LogModuleManager: Shutting down and abandoning module CookedIterativeFile (8)
[2018.11.15-06.44.00:207][876]LogModuleManager: Shutting down and abandoning module StreamingFile (6)
[2018.11.15-06.44.00:207][876]LogModuleManager: Shutting down and abandoning module SandboxFile (4)
[2018.11.15-06.44.00:207][876]LogModuleManager: Shutting down and abandoning module PakFile (2)
[2018.11.15-06.44.00:215][876]LogExit: Exiting.
[2018.11.15-06.44.00:231][876]Log file closed, 11/15/18 00:44:00
