Log file open, 11/12/18 19:31:32
LogWindows: Failed to load 'aqProf.dll' (GetLastError=126)
LogWindows: File 'aqProf.dll' does not exist
LogWindows: Failed to load 'VtuneApi.dll' (GetLastError=126)
LogWindows: File 'VtuneApi.dll' does not exist
LogWindows: Failed to load 'VtuneApi32e.dll' (GetLastError=126)
LogWindows: File 'VtuneApi32e.dll' does not exist
LogInit: Display: Running engine for game: XCP
LogPlatformFile: Not using cached read wrapper
LogTaskGraph: Started task graph with 5 named threads and 35 total threads with 3 sets of task threads.
LogStats: Stats thread started at 4.297711
LogD3D11RHI: Loaded GFSDK_Aftermath_Lib.x64.dll
LogICUInternationalization: Display: ICU TimeZone Detection - Raw Offset: -6:00, Platform Override: ''
LogPluginManager: Mounting plugin Paper2D
LogPluginManager: Mounting plugin AISupport
LogPluginManager: Mounting plugin LightPropagationVolume
LogPluginManager: Mounting plugin CLionSourceCodeAccess
LogPluginManager: Mounting plugin CodeLiteSourceCodeAccess
LogPluginManager: Mounting plugin GitSourceControl
LogPluginManager: Mounting plugin KDevelopSourceCodeAccess
LogPluginManager: Mounting plugin NullSourceCodeAccess
LogPluginManager: Mounting plugin PerforceSourceControl
LogPluginManager: Mounting plugin SubversionSourceControl
LogPluginManager: Mounting plugin UObjectPlugin
LogPluginManager: Mounting plugin VisualStudioCodeSourceCodeAccess
LogPluginManager: Mounting plugin VisualStudioSourceCodeAccess
LogPluginManager: Mounting plugin XCodeSourceCodeAccess
LogPluginManager: Mounting plugin AssetManagerEditor
LogPluginManager: Mounting plugin CryptoKeys
LogPluginManager: Mounting plugin DataValidation
LogPluginManager: Mounting plugin FacialAnimation
LogPluginManager: Mounting plugin GameplayTagsEditor
LogPluginManager: Mounting plugin MacGraphicsSwitching
LogPluginManager: Mounting plugin MeshEditor
LogPluginManager: Mounting plugin MobileLauncherProfileWizard
LogPluginManager: Mounting plugin PluginBrowser
LogPluginManager: Mounting plugin SpeedTreeImporter
LogPluginManager: Mounting plugin DatasmithContent
LogPluginManager: Mounting plugin AlembicImporter
LogPluginManager: Mounting plugin AppleImageUtils
LogPluginManager: Mounting plugin AppleVision
LogPluginManager: Mounting plugin BackChannel
LogPluginManager: Mounting plugin CharacterAI
LogPluginManager: Mounting plugin GeometryCache
LogPluginManager: Mounting plugin HTML5Networking
LogPluginManager: Mounting plugin ProxyLODPlugin
LogPluginManager: Mounting plugin MagicLeap
LogPluginManager: Mounting plugin MagicLeapEmulator
LogPluginManager: Mounting plugin MagicLeapMedia
LogPluginManager: Mounting plugin AndroidMedia
LogPluginManager: Mounting plugin AvfMedia
LogPluginManager: Mounting plugin ImgMedia
LogPluginManager: Mounting plugin LinearTimecode
LogPluginManager: Mounting plugin MediaCompositing
LogPluginManager: Mounting plugin MediaPlayerEditor
LogPluginManager: Mounting plugin WmfMedia
LogPluginManager: Mounting plugin TcpMessaging
LogPluginManager: Mounting plugin UdpMessaging
LogPluginManager: Mounting plugin ActorSequence
LogPluginManager: Mounting plugin LevelSequenceEditor
LogPluginManager: Mounting plugin MatineeToLevelSequence
LogPluginManager: Mounting plugin NetcodeUnitTest
LogPluginManager: Mounting plugin NUTUnrealEngine4
LogPluginManager: Mounting plugin OnlineSubsystemGooglePlay
LogPluginManager: Mounting plugin OnlineSubsystemIOS
LogPluginManager: Mounting plugin OnlineSubsystem
LogPluginManager: Mounting plugin OnlineSubsystemNull
LogPluginManager: Mounting plugin OnlineSubsystemUtils
LogPluginManager: Mounting plugin LauncherChunkInstaller
LogPluginManager: Mounting plugin AndroidDeviceProfileSelector
LogPluginManager: Mounting plugin AndroidMoviePlayer
LogPluginManager: Mounting plugin AndroidPermission
LogPluginManager: Mounting plugin AppleMoviePlayer
LogPluginManager: Mounting plugin ArchVisCharacter
LogPluginManager: Mounting plugin AudioCapture
LogPluginManager: Mounting plugin CableComponent
LogPluginManager: Mounting plugin CustomMeshComponent
LogPluginManager: Mounting plugin EditableMesh
LogPluginManager: Mounting plugin ExampleDeviceProfileSelector
LogPluginManager: Mounting plugin GoogleCloudMessaging
LogPluginManager: Mounting plugin ImmediatePhysics
LogPluginManager: Mounting plugin IOSDeviceProfileSelector
LogPluginManager: Mounting plugin LinuxDeviceProfileSelector
LogPluginManager: Mounting plugin LocationServicesBPLibrary
LogPluginManager: Mounting plugin MobilePatchingUtils
LogPluginManager: Mounting plugin OculusVR
LogPluginManager: Plugin shader directory ../../../Engine/Plugins/Runtime/Oculus/OculusVR/Shaders found
LogPluginManager: Mapping shader source directory ../../../Engine/Plugins/Runtime/Oculus/OculusVR/Shaders to virtual directory /Plugin/OculusVR
LogPluginManager: Mounting plugin PhysXVehicles
LogPluginManager: Mounting plugin ProceduralMeshComponent
LogPluginManager: Mounting plugin RuntimePhysXCooking
LogPluginManager: Mounting plugin SteamVR
LogPluginManager: Mounting plugin WindowsMoviePlayer
LogStreaming: Display: Took  0.177s to configure plugins.
LogInit: Using libcurl 7.55.1-DEV
LogInit:  - built for x86_64-pc-win32
LogInit:  - supports SSL with OpenSSL/1.0.2h
LogInit:  - supports HTTP deflate (compression) using libz 1.2.8
LogInit:  - other features:
LogInit:      CURL_VERSION_SSL
LogInit:      CURL_VERSION_LIBZ
LogInit:      CURL_VERSION_IPV6
LogInit:      CURL_VERSION_ASYNCHDNS
LogInit:      CURL_VERSION_LARGEFILE
LogInit:      CURL_VERSION_IDN
LogInit:  CurlRequestOptions (configurable via config and command line):
LogInit:  - bVerifyPeer = false  - Libcurl will NOT verify peer certificate
LogInit:  - bUseHttpProxy = false  - Libcurl will NOT use HTTP proxy
LogInit:  - bDontReuseConnections = false  - Libcurl will reuse connections
LogInit:  - CertBundlePath = nullptr  - Libcurl will use whatever was configured at build time.
LogInit:  - MaxHostConnections = 16  - Libcurl will limit the number of connections to a host
LogInit:  - LocalHostAddr = Default
LogInit:  - BufferSize = 65536
LogInit: WinSock: version 1.1 (2.2), MaxSocks=32767, MaxUdp=65467
LogInit: Build: ++UE4+Release-4.20-CL-4369336
LogInit: Engine Version: 4.20.3-4369336+++UE4+Release-4.20
LogInit: Compatible Engine Version: 4.20.0-4212847+++UE4+Release-4.20
LogInit: Net CL: 4212847
LogInit: OS: Windows 10 (), CPU: Intel(R) Core(TM) i7-5820K CPU @ 3.30GHz, GPU: NVIDIA GeForce GTX 980 Ti
LogInit: Compiled (64-bit): Sep 17 2018 12:26:19
LogInit: Compiled with Visual C++: 19.13.26129.00
LogInit: Build Configuration: Development
LogInit: Branch Name: ++UE4+Release-4.20
LogInit: Command Line:  
LogInit: Base Directory: E:/Program/Unreal/UE_4.20/Engine/Binaries/Win64/
LogInit: Installed Engine Build: 1
LogDevObjectVersion: Number of dev versions registered: 20
LogDevObjectVersion:   Dev-Blueprints (B0D832E4-1F89-4F0D-ACCF-7EB736FD4AA2): 10
LogDevObjectVersion:   Dev-Build (E1C64328-A22C-4D53-A36C-8E866417BD8C): 0
LogDevObjectVersion:   Dev-Core (375EC13C-06E4-48FB-B500-84F0262A717E): 2
LogDevObjectVersion:   Dev-Editor (E4B068ED-F494-42E9-A231-DA0B2E46BB41): 24
LogDevObjectVersion:   Dev-Framework (CFFC743F-43B0-4480-9391-14DF171D2073): 34
LogDevObjectVersion:   Dev-Mobile (B02B49B5-BB20-44E9-A304-32B752E40360): 2
LogDevObjectVersion:   Dev-Networking (A4E4105C-59A1-49B5-A7C5-40C4547EDFEE): 0
LogDevObjectVersion:   Dev-Online (39C831C9-5AE6-47DC-9A44-9C173E1C8E7C): 0
LogDevObjectVersion:   Dev-Physics (78F01B33-EBEA-4F98-B9B4-84EACCB95AA2): 0
LogDevObjectVersion:   Dev-Platform (6631380F-2D4D-43E0-8009-CF276956A95A): 0
LogDevObjectVersion:   Dev-Rendering (12F88B9F-8875-4AFC-A67C-D90C383ABD29): 26
LogDevObjectVersion:   Dev-Sequencer (7B5AE74C-D270-4C10-A958-57980B212A5A): 9
LogDevObjectVersion:   Dev-VR (D7296918-1DD6-4BDD-9DE2-64A83CC13884): 2
LogDevObjectVersion:   Dev-LoadTimes (C2A15278-BFE7-4AFE-6C17-90FF531DF755): 1
LogDevObjectVersion:   Private-Geometry (6EACA3D4-40EC-4CC1-B786-8BED09428FC5): 3
LogDevObjectVersion:   Dev-AnimPhys (29E575DD-E0A3-4627-9D10-D276232CDCEA): 17
LogDevObjectVersion:   Dev-ReflectionCapture (6B266CEC-1EC7-4B8F-A30B-E4D90942FC07): 1
LogDevObjectVersion:   Dev-Automation (0DF73D61-A23F-47EA-B727-89E90C41499A): 1
LogDevObjectVersion:   FortniteMain (601D1886-AC64-4F84-AA16-D3DE0DEAC7D6): 12
LogDevObjectVersion:   Dev-Enterprise (9DFFBCD6-494F-0158-E221-12823C92A888): 1
LogStreaming: Display: Took  0.002s to delete old logs.
LogInit: Presizing for max 8388607 objects, including 0 objects not considered by GC, pre-allocating 0 bytes for permanent pool.
LogInit: Object subsystem initialized
[2018.11.13-01.31.35:351][  0]LogInit: Selected Device Profile: [Windows]
[2018.11.13-01.31.35:351][  0]LogInit: Applying CVar settings loaded from the selected device profile: [Windows]
[2018.11.13-01.31.35:399][  0]LogHAL: Display: Platform has ~ 32 GB [34256556032 / 34359738368 / 32], which maps to Largest [LargestMinGB=32, LargerMinGB=12, DefaultMinGB=8, SmallerMinGB=6, SmallestMinGB=0)
[2018.11.13-01.31.35:399][  0]LogInit: Setting Device Profile CVar: [[r.Vulkan.UseRealUBs:1]]
[2018.11.13-01.31.35:399][  0]LogInit: Going up to parent DeviceProfile []
[2018.11.13-01.31.35:416][  0]LogInit: Computer: G-GOD
[2018.11.13-01.31.35:416][  0]LogInit: User: P
[2018.11.13-01.31.35:416][  0]LogInit: CPU Page size=4096, Cores=6
[2018.11.13-01.31.35:416][  0]LogInit: High frequency timer resolution =10.000000 MHz
[2018.11.13-01.31.35:416][  0]LogMemory: Memory total: Physical=31.9GB (32GB approx)
[2018.11.13-01.31.35:416][  0]LogMemory: Platform Memory Stats for Windows
[2018.11.13-01.31.35:416][  0]LogMemory: Process Physical Memory: 102.98 MB used, 102.98 MB peak
[2018.11.13-01.31.35:416][  0]LogMemory: Process Virtual Memory: 92.43 MB used, 92.43 MB peak
[2018.11.13-01.31.35:416][  0]LogMemory: Physical Memory: 8466.96 MB used,  24202.63 MB free, 32669.60 MB total
[2018.11.13-01.31.35:416][  0]LogMemory: Virtual Memory: 4663.88 MB used,  24202.63 MB free, 134217728.00 MB total
[2018.11.13-01.31.36:230][  0]LogInit: Using OS detected language (en-US).
[2018.11.13-01.31.36:231][  0]LogInit: Using OS detected locale (en-US).
[2018.11.13-01.31.36:271][  0]LogTextLocalizationManager: No specific localization for 'en-US' exists, so the 'en' localization will be used.
[2018.11.13-01.31.37:333][  0]LogStreaming: Display: Took  1.102s to InitEngineTextLocalization.
[2018.11.13-01.31.37:333][  0]LogInit: Setting process to per monitor DPI aware
[2018.11.13-01.31.38:000][  0]LogSlate: New Slate User Created.  User Index 0, Is Virtual User: 0
[2018.11.13-01.31.38:000][  0]LogSlate: Slate User Registered.  User Index 0, Is Virtual User: 0
[2018.11.13-01.31.41:926][  0]LogHMD: Failed to initialize OpenVR with code 110
[2018.11.13-01.31.41:926][  0]LogD3D11RHI: D3D11 adapters:
[2018.11.13-01.31.42:004][  0]LogD3D11RHI:    0. 'NVIDIA GeForce GTX 980 Ti' (Feature Level 11_0)
[2018.11.13-01.31.42:004][  0]LogD3D11RHI:       6097/0/16334 MB DedicatedVideo/DedicatedSystem/SharedSystem, Outputs:2, VendorId:0x10de
[2018.11.13-01.31.42:006][  0]LogD3D11RHI:    1. 'Microsoft Basic Render Driver' (Feature Level 11_0)
[2018.11.13-01.31.42:006][  0]LogD3D11RHI:       0/0/16334 MB DedicatedVideo/DedicatedSystem/SharedSystem, Outputs:0, VendorId:0x1414
[2018.11.13-01.31.42:006][  0]LogD3D11RHI: Chosen D3D11 Adapter: 0
[2018.11.13-01.31.42:017][  0]LogD3D11RHI: Creating new Direct3DDevice
[2018.11.13-01.31.42:017][  0]LogD3D11RHI:     GPU DeviceId: 0x17c8 (for the marketing name, search the web for "GPU Device Id")
[2018.11.13-01.31.42:017][  0]LogWindows: EnumDisplayDevices:
[2018.11.13-01.31.42:017][  0]LogWindows:    0. 'NVIDIA GeForce GTX 980 Ti' (P:1 D:1)
[2018.11.13-01.31.42:018][  0]LogWindows:    1. 'NVIDIA GeForce GTX 980 Ti' (P:0 D:1)
[2018.11.13-01.31.42:018][  0]LogWindows:    2. 'NVIDIA GeForce GTX 980 Ti' (P:0 D:0)
[2018.11.13-01.31.42:019][  0]LogWindows:    3. 'NVIDIA GeForce GTX 980 Ti' (P:0 D:0)
[2018.11.13-01.31.42:019][  0]LogWindows: DebugString: FoundDriverCount:4 
[2018.11.13-01.31.42:019][  0]LogD3D11RHI:     Adapter Name: NVIDIA GeForce GTX 980 Ti
[2018.11.13-01.31.42:019][  0]LogD3D11RHI:   Driver Version: 411.70 (internal:24.21.14.1170, unified:411.70)
[2018.11.13-01.31.42:019][  0]LogD3D11RHI:      Driver Date: 9-25-2018
[2018.11.13-01.31.42:019][  0]LogRHI: Texture pool is 4268 MB (70% of 6097 MB)
[2018.11.13-01.31.42:068][  0]LogD3D11RHI: Async texture creation enabled
[2018.11.13-01.31.42:104][  0]LogD3D11RHI: GPU Timing Frequency: 1000.000000 (Debug: 2 2)
[2018.11.13-01.31.42:155][  0]LogShaderCompilers: Guid format shader working directory is 3 characters bigger than the processId version (D:/2dProject/New_Prototype/BP_Cplusplus/Intermediate/Shaders/WorkingDirectory/8240/).
[2018.11.13-01.31.42:155][  0]LogShaderCompilers: Cleaned the shader compiler working directory 'C:/Users/P/AppData/Local/Temp/UnrealShaderWorkingDir/A4CBA15F4CD358675F1689974F8EAD0D/'.
[2018.11.13-01.31.43:082][  0]LogTemp: Display: Loaded TP AllDesktopTargetPlatform
[2018.11.13-01.31.43:135][  0]LogTemp: Display: Loaded TP MacClientTargetPlatform
[2018.11.13-01.31.43:163][  0]LogTemp: Display: Loaded TP MacNoEditorTargetPlatform
[2018.11.13-01.31.43:190][  0]LogTemp: Display: Loaded TP MacServerTargetPlatform
[2018.11.13-01.31.43:243][  0]LogTemp: Display: Loaded TP MacTargetPlatform
[2018.11.13-01.31.43:285][  0]LogTemp: Display: Loaded TP WindowsClientTargetPlatform
[2018.11.13-01.31.43:317][  0]LogTemp: Display: Loaded TP WindowsNoEditorTargetPlatform
[2018.11.13-01.31.43:352][  0]LogTemp: Display: Loaded TP WindowsServerTargetPlatform
[2018.11.13-01.31.43:374][  0]LogTemp: Display: Loaded TP WindowsTargetPlatform
[2018.11.13-01.31.43:513][  0]LogTemp: Display: Loaded TP AndroidTargetPlatform
[2018.11.13-01.31.43:513][  0]LogTemp: Display: Loaded TP AndroidTargetPlatform
[2018.11.13-01.31.43:513][  0]LogTemp: Display: Loaded TP AndroidTargetPlatform
[2018.11.13-01.31.43:513][  0]LogTemp: Display: Loaded TP AndroidTargetPlatform
[2018.11.13-01.31.43:513][  0]LogTemp: Display: Loaded TP AndroidTargetPlatform
[2018.11.13-01.31.43:513][  0]LogTemp: Display: Loaded TP AndroidTargetPlatform
[2018.11.13-01.31.43:513][  0]LogTemp: Display: Loaded TP AndroidTargetPlatform
[2018.11.13-01.31.43:513][  0]LogTemp: Display: Loaded TP AndroidTargetPlatform
[2018.11.13-01.31.43:513][  0]LogTemp: Display: Loaded TP AndroidTargetPlatform
[2018.11.13-01.31.43:513][  0]LogTemp: Display: Loaded TP AndroidTargetPlatform
[2018.11.13-01.31.43:513][  0]LogTemp: Display: Loaded TP AndroidTargetPlatform
[2018.11.13-01.31.43:513][  0]LogTemp: Display: Loaded TP AndroidTargetPlatform
[2018.11.13-01.31.43:513][  0]LogTemp: Display: Loaded TP AndroidTargetPlatform
[2018.11.13-01.31.43:513][  0]LogTemp: Display: Loaded TP AndroidTargetPlatform
[2018.11.13-01.31.43:513][  0]LogTemp: Display: Loaded TP AndroidTargetPlatform
[2018.11.13-01.31.43:513][  0]LogTemp: Display: Loaded TP AndroidTargetPlatform
[2018.11.13-01.31.43:513][  0]LogTemp: Display: Loaded TP AndroidTargetPlatform
[2018.11.13-01.31.43:513][  0]LogTemp: Display: Loaded TP AndroidTargetPlatform
[2018.11.13-01.31.43:535][  0]LogTemp: Display: Loaded TP HTML5TargetPlatform
[2018.11.13-01.31.43:703][  0]LogTemp: Display: Loaded TP IOSTargetPlatform
[2018.11.13-01.31.43:703][  0]LogTemp: Display: Loaded TP IOSTargetPlatform
[2018.11.13-01.31.43:746][  0]LogTemp: Display: Loaded TP TVOSTargetPlatform
[2018.11.13-01.31.43:746][  0]LogTemp: Display: Loaded TP TVOSTargetPlatform
[2018.11.13-01.31.43:776][  0]LogTemp: Display: Loaded TP LinuxClientTargetPlatform
[2018.11.13-01.31.43:802][  0]LogTemp: Display: Loaded TP LinuxNoEditorTargetPlatform
[2018.11.13-01.31.43:825][  0]LogTemp: Display: Loaded TP LinuxServerTargetPlatform
[2018.11.13-01.31.43:877][  0]LogTemp: Display: Loaded TP LinuxTargetPlatform
[2018.11.13-01.31.43:906][  0]LogTemp: Display: Loaded TP LuminTargetPlatform
[2018.11.13-01.31.43:906][  0]LogTargetPlatformManager: Display: Building Assets For Windows
[2018.11.13-01.31.44:784][  0]LogXGEController: Cleaning working directory: C:/Users/P/AppData/Local/Temp/UnrealXGEWorkingDir/
[2018.11.13-01.31.44:784][  0]LogXGEController: Cannot use XGE Controller as Incredibuild is not installed on this machine.
[2018.11.13-01.31.44:784][  0]LogShaderCompilers: Cannot use XGE Shader Compiler as Incredibuild is not installed on this machine.
[2018.11.13-01.31.44:784][  0]LogShaderCompilers: Display: Using Local Shader Compiler.
[2018.11.13-01.31.47:112][  0]LogDerivedDataCache: Display: Max Cache Size: 512 MB
[2018.11.13-01.31.47:464][  0]LogDerivedDataCache: Loaded boot cache 0.35s 71MB C:/Users/P/AppData/Local/UnrealEngine/4.20/DerivedDataCache/Boot.ddc.
[2018.11.13-01.31.47:466][  0]LogDerivedDataCache: Display: Loaded Boot cache: C:/Users/P/AppData/Local/UnrealEngine/4.20/DerivedDataCache/Boot.ddc
[2018.11.13-01.31.47:466][  0]LogDerivedDataCache: FDerivedDataBackendGraph:  Pak pak cache file D:/2dProject/New_Prototype/BP_Cplusplus/DerivedDataCache/DDC.ddp not found, will not use a pak cache.
[2018.11.13-01.31.47:466][  0]LogDerivedDataCache: Unable to find inner node Pak for hierarchical cache Hierarchy.
[2018.11.13-01.31.47:466][  0]LogDerivedDataCache: FDerivedDataBackendGraph:  CompressedPak pak cache file D:/2dProject/New_Prototype/BP_Cplusplus/DerivedDataCache/Compressed.ddp not found, will not use a pak cache.
[2018.11.13-01.31.47:466][  0]LogDerivedDataCache: Unable to find inner node CompressedPak for hierarchical cache Hierarchy.
[2018.11.13-01.31.47:534][  0]LogDerivedDataCache: Display: Pak cache opened for reading ../../../Engine/DerivedDataCache/Compressed.ddp.
[2018.11.13-01.31.47:549][  0]LogDerivedDataCache: Using Local data cache path C:/Users/P/AppData/Local/UnrealEngine/Common/DerivedDataCache: Writable
[2018.11.13-01.31.47:549][  0]LogDerivedDataCache: Shared data cache path not found in *engine.ini, will not use an Shared cache.
[2018.11.13-01.31.47:549][  0]LogDerivedDataCache: Unable to find inner node Shared for hierarchical cache Hierarchy.
[2018.11.13-01.31.47:569][  0]LogMaterial: Verifying Global Shaders for PCD3D_SM5
[2018.11.13-01.31.47:571][  0]LogSlate: Using FreeType 2.6.0
[2018.11.13-01.31.47:655][  0]LogSlate: SlateFontServices - WITH_FREETYPE: 1, WITH_HARFBUZZ: 1
[2018.11.13-01.31.48:767][  0]LogAssetRegistry: FAssetRegistry took 0.0269 seconds to start up
[2018.11.13-01.31.49:159][  0]LogInit: Selected Device Profile: [Windows]
[2018.11.13-01.31.51:372][  0]LogSimplygon: Simplygon DLL not present - disabling.
[2018.11.13-01.31.52:174][  0]LogMeshReduction: Using SimplygonSwarm for distributed automatic mesh merging
[2018.11.13-01.31.52:174][  0]LogMeshReduction: Using ProxyLODMeshReduction for automatic mesh merging
[2018.11.13-01.31.52:227][  0]LogMeshReduction: Using QuadricMeshReduction for automatic static mesh reduction
[2018.11.13-01.31.52:227][  0]LogMeshReduction: No automatic skeletal mesh reduction module available
[2018.11.13-01.31.52:875][  0]LogNetVersion: XCP 1.0.0, NetCL: 4212847, EngineNetVer: 5, GameNetVer: 0 (Checksum: 2987001549)
[2018.11.13-01.31.56:941][  0]LogPackageLocalizationCache: Processed 11 localized package path(s) for 2 prioritized culture(s) in 0.109770 seconds
[2018.11.13-01.31.56:948][  0]LogUObjectArray: 38426 objects as part of root set at end of initial load.
[2018.11.13-01.31.56:948][  0]LogUObjectAllocator: 6691096 out of 0 bytes used by permanent object pool.
[2018.11.13-01.31.56:948][  0]LogUObjectArray: CloseDisregardForGC: 0/0 objects in disregard for GC pool
[2018.11.13-01.32.31:754][  0]LogTcpMessaging: Initializing TcpMessaging bridge
[2018.11.13-01.32.31:804][  0]LogUdpMessaging: Initializing bridge on interface 0.0.0.0:0 to multicast group 230.0.0.1:6666.
[2018.11.13-01.32.32:757][  0]SourceControl: Source control is disabled
[2018.11.13-01.32.32:758][  0]SourceControl: Source control is disabled
[2018.11.13-01.32.32:818][  0]SourceControl: Source control is disabled
[2018.11.13-01.32.32:880][  0]SourceControl: Source control is disabled
[2018.11.13-01.32.34:556][  0]LogAndroidPermission: UAndroidPermissionCallbackProxy::GetInstance
[2018.11.13-01.32.34:808][  0]LogOcInput: OculusInput pre-init called
[2018.11.13-01.32.35:078][  0]LogEngine: Initializing Engine...
[2018.11.13-01.32.35:079][  0]LogHMD: Failed to initialize OpenVR with code 110
[2018.11.13-01.32.35:080][  0]LogStats: UGameplayTagsManager::ConstructGameplayTagTree: ImportINI prefixes -  0.000 s
[2018.11.13-01.32.35:080][  0]LogStats: UGameplayTagsManager::ConstructGameplayTagTree: Construct from data asset -  0.000 s
[2018.11.13-01.32.35:080][  0]LogStats: UGameplayTagsManager::ConstructGameplayTagTree: ImportINI -  0.000 s
[2018.11.13-01.32.35:080][  0]LogStats: UGameplayTagsManager::ConstructGameplayTagTree: GameplayTagTreeChangedEvent.Broadcast -  0.000 s
[2018.11.13-01.32.35:311][  0]LogInit: Initializing FReadOnlyCVARCache
[2018.11.13-01.32.35:354][  0]LogAIModule: Creating AISystem for world Untitled
[2018.11.13-01.32.35:382][  0]LogInit: XAudio2 using 'Speakers (Realtek High Definition Audio)' : 2 channels at 48 kHz using 32 bits per sample (channel mask 0x3)
[2018.11.13-01.32.35:413][  0]LogInit: FAudioDevice initialized.
[2018.11.13-01.32.35:413][  0]LogNetVersion: Set ProjectVersion to 1.0.0.0. Version Checksum will be recalculated on next use.
[2018.11.13-01.32.35:497][  0]LogDerivedDataCache: Saved boot cache 0.08s 71MB C:/Users/P/AppData/Local/UnrealEngine/4.20/DerivedDataCache/Boot.ddc.
[2018.11.13-01.32.35:501][  0]LogInit: Texture streaming: Enabled
[2018.11.13-01.32.35:630][  0]LogEngineSessionManager: EngineSessionManager initialized
[2018.11.13-01.32.35:669][  0]LogInit: Transaction tracking system initialized
[2018.11.13-01.32.35:817][  0]BlueprintLog: New page: Editor Load
[2018.11.13-01.32.36:766][  0]LocalizationService: Localization service is disabled
[2018.11.13-01.32.40:352][  0]LogCook: Display: Max memory allowance for cook 16384mb min free memory 0mb
[2018.11.13-01.32.40:352][  0]LogCook: Display: Mobile HDR setting 1
[2018.11.13-01.32.40:352][  0]LogGameplayTags: Display: UGameplayTagsManager::DoneAddingNativeTags. DelegateIsBound: 0
[2018.11.13-01.32.40:352][  0]LogStats: UGameplayTagsManager::ConstructGameplayTagTree: ImportINI prefixes -  0.000 s
[2018.11.13-01.32.40:352][  0]LogStats: UGameplayTagsManager::ConstructGameplayTagTree: Construct from data asset -  0.000 s
[2018.11.13-01.32.40:352][  0]LogStats: UGameplayTagsManager::ConstructGameplayTagTree: ImportINI -  0.000 s
[2018.11.13-01.32.40:352][  0]LogStats: UGameplayTagsManager::ConstructGameplayTagTree: GameplayTagTreeChangedEvent.Broadcast -  0.000 s
[2018.11.13-01.32.40:510][  0]LogFileCache: Scanning file cache for directory 'D:/2dProject/New_Prototype/BP_Cplusplus/Content/' took 0.02s
[2018.11.13-01.32.43:029][  0]SourceControl: Source control is disabled
[2018.11.13-01.32.43:029][  0]Cmd: MAP LOAD FILE="D:/2dProject/New_Prototype/BP_Cplusplus/Content/Maps/First_Lvl.umap" TEMPLATE=0 SHOWPROGRESS=1 FEATURELEVEL=3
[2018.11.13-01.32.43:030][  0]LightingResults: New page: Lighting Build
[2018.11.13-01.32.43:033][  0]MapCheck: New page: Map Check
[2018.11.13-01.32.43:033][  0]LightingResults: New page: Lighting Build
[2018.11.13-01.32.43:404][  0]LogAudioDerivedData: Display: Building compressed audio format OGG hash OGG wave 82109__gniffelbaf__balloon-burst-01...
[2018.11.13-01.32.43:405][  0]LogTemp: Couldn't find amount to resample to.
[2018.11.13-01.32.43:552][  0]LogAIModule: Creating AISystem for world First_Lvl
[2018.11.13-01.32.43:664][  0]LogEditorServer: Finished looking for orphan Actors (0.000 secs)
[2018.11.13-01.32.43:693][  0]Cmd: MAP CHECKDEP NOCLEARLOG
[2018.11.13-01.32.43:770][  0]MapCheck: Map check complete: 0 Error(s), 0 Warning(s), took 76.793ms to complete.
[2018.11.13-01.32.43:770][  0]LogFileHelpers: Loading map 'First_Lvl' took 0.741
[2018.11.13-01.32.43:984][  0]LogCollectionManager: Loaded 0 collections in 0.001262 seconds
[2018.11.13-01.32.44:030][  0]LogFileCache: Scanning file cache for directory 'D:/2dProject/New_Prototype/BP_Cplusplus/Saved/Collections/' took 0.01s
[2018.11.13-01.32.44:030][  0]LogFileCache: Scanning file cache for directory 'D:/2dProject/New_Prototype/BP_Cplusplus/Content/Developers/P/Collections/' took 0.01s
[2018.11.13-01.32.44:030][  0]LogFileCache: Scanning file cache for directory 'D:/2dProject/New_Prototype/BP_Cplusplus/Content/Collections/' took 0.01s
[2018.11.13-01.32.44:030][  0]LogCollectionManager: Rebuilt the GUID cache for 0 collections in 0.000000 seconds
[2018.11.13-01.32.44:040][  0]LogContentBrowser: Native class hierarchy populated in 0.0094 seconds. Added 2572 classes and 603 folders.
[2018.11.13-01.32.44:046][  0]LogContentBrowser: Native class hierarchy updated for 'WidgetCarousel' in 0.0003 seconds. Added 0 classes and 0 folders.
[2018.11.13-01.32.45:540][  0]LogContentBrowser: Native class hierarchy updated for 'AddContentDialog' in 0.0003 seconds. Added 0 classes and 0 folders.
[2018.11.13-01.32.45:680][  0]LogSlate: Updating window title bar state: overlay mode, drag disabled, window buttons hidden, title bar hidden
[2018.11.13-01.32.45:688][  0]LogSlate: Updating window title bar state: overlay mode, drag disabled, window buttons hidden, title bar hidden
[2018.11.13-01.32.45:696][  0]LogSlate: Updating window title bar state: overlay mode, drag disabled, window buttons hidden, title bar hidden
[2018.11.13-01.32.45:705][  0]LogSlate: Updating window title bar state: overlay mode, drag disabled, window buttons hidden, title bar hidden
[2018.11.13-01.32.45:745][  0]LogContentBrowser: Native class hierarchy updated for 'SceneOutliner' in 0.0003 seconds. Added 1 classes and 2 folders.
[2018.11.13-01.32.45:784][  0]LogSlate: Took 0.012739 seconds to synchronously load lazily loaded font '../../../Engine/Content/Slate/Fonts/Roboto-Regular.ttf' (155K)
[2018.11.13-01.32.45:794][  0]LogSlate: Took 0.009177 seconds to synchronously load lazily loaded font '../../../Engine/Content/Editor/Slate/Fonts/FontAwesome.ttf' (139K)
[2018.11.13-01.32.45:823][  0]LogSlate: Took 0.028784 seconds to synchronously load lazily loaded font '../../../Engine/Content/Slate/Fonts/Roboto-Bold.ttf' (160K)
[2018.11.13-01.32.45:881][  0]LogRenderer: Reallocating scene render targets to support 1068x924 Format 10 NumSamples 1 (Frame:1).
[2018.11.13-01.32.46:039][  0]LogContentBrowser: Native class hierarchy updated for 'HierarchicalLODOutliner' in 0.0003 seconds. Added 0 classes and 0 folders.
[2018.11.13-01.32.46:039][  0]LogLoad: (Engine Initialization) Total time: 95.32 seconds
[2018.11.13-01.32.46:039][  0]LogLoad: (Engine Initialization) Total Blueprint compile time: 0.00 seconds
[2018.11.13-01.32.46:085][  0]LogContentStreaming: Texture pool size now 3000 MB
[2018.11.13-01.32.46:168][  1]LogAssetRegistry: Asset discovery search completed in 57.4245 seconds
[2018.11.13-01.32.46:170][  1]LogCollectionManager: Rebuilt the object cache for 0 collections in 0.000000 seconds (found 0 objects)
[2018.11.13-01.32.46:170][  1]LogCollectionManager: Fixed up redirectors for 0 collections in 0.000056 seconds (updated 0 objects)
[2018.11.13-01.33.14:839][397]LogSlate: FSceneViewport::OnFocusLost() reason 0
[2018.11.13-01.33.14:956][404]LogTemp: Repeating last play command: New Editor Window (PIE)
[2018.11.13-01.33.14:973][404]LogBlueprintUserMessages: Early PlayInEditor Detection: Level '/Game/Maps/First_Lvl.First_Lvl:PersistentLevel' has LevelScriptBlueprint '/Game/Maps/First_Lvl.First_Lvl:PersistentLevel.First_Lvl' with GeneratedClass '/Game/Maps/First_Lvl.First_Lvl_C' with ClassGeneratedBy '/Game/Maps/First_Lvl.First_Lvl:PersistentLevel.First_Lvl'
[2018.11.13-01.33.14:973][404]LogPlayLevel: PlayLevel: No blueprints needed recompiling
[2018.11.13-01.33.14:986][404]PIE: New page: PIE session: First_Lvl (Nov 12, 2018, 1:33:14 PM)
[2018.11.13-01.33.14:986][404]LogPlayLevel: Creating play world package: /Game/Maps/UEDPIE_0_First_Lvl
[2018.11.13-01.33.14:989][404]LogPlayLevel: PIE: StaticDuplicateObject took: (0.002912s)
[2018.11.13-01.33.14:990][404]LogAIModule: Creating AISystem for world First_Lvl
[2018.11.13-01.33.14:990][404]LogPlayLevel: PIE: World Init took: (0.000677s)
[2018.11.13-01.33.14:990][404]LogPlayLevel: PIE: Created PIE world by copying editor world from /Game/Maps/First_Lvl.First_Lvl to /Game/Maps/UEDPIE_0_First_Lvl.First_Lvl (0.003741s)
[2018.11.13-01.33.15:028][404]LogInit: XAudio2 using 'Speakers (Realtek High Definition Audio)' : 2 channels at 48 kHz using 32 bits per sample (channel mask 0x3)
[2018.11.13-01.33.15:055][404]LogInit: FAudioDevice initialized.
[2018.11.13-01.33.15:074][404]LogSlate: Updating window title bar state: overlay mode, drag disabled, window buttons hidden, title bar hidden
[2018.11.13-01.33.15:132][404]LogLoad: Game class is '2DSideScrollerGameMode_C'
[2018.11.13-01.33.15:134][404]LogWorld: Bringing World /Game/Maps/UEDPIE_0_First_Lvl.First_Lvl up for play (max tick rate 0) at 2018.11.12-19.33.15
[2018.11.13-01.33.15:135][404]LogWorld: Bringing up level for play took: 0.001766
[2018.11.13-01.33.15:152][404]LogContentBrowser: Native class hierarchy updated for 'MovieSceneCapture' in 0.0003 seconds. Added 10 classes and 0 folders.
[2018.11.13-01.33.15:157][404]PIE: Play in editor start time for /Game/Maps/UEDPIE_0_First_Lvl -0.104
[2018.11.13-01.33.15:157][404]LogBlueprintUserMessages: Late PlayInEditor Detection: Level '/Game/Maps/First_Lvl.First_Lvl:PersistentLevel' has LevelScriptBlueprint '/Game/Maps/First_Lvl.First_Lvl:PersistentLevel.First_Lvl' with GeneratedClass '/Game/Maps/First_Lvl.First_Lvl_C' with ClassGeneratedBy '/Game/Maps/First_Lvl.First_Lvl:PersistentLevel.First_Lvl'
[2018.11.13-01.33.15:163][404]LogRenderer: Reallocating scene render targets to support 1292x924 Format 10 NumSamples 1 (Frame:1).
[2018.11.13-01.33.37:257][725]LogNet: Browse: /Game/Maps/Second_Lvl
[2018.11.13-01.33.37:257][725]LogLoad: LoadMap: /Game/Maps/Second_Lvl
[2018.11.13-01.33.37:824][725]LogAIModule: Creating AISystem for world Second_Lvl
[2018.11.13-01.33.37:824][725]LogLoad: Game class is '2DShipGameMode_C'
[2018.11.13-01.33.37:829][725]LogWorld: Bringing World /Game/Maps/UEDPIE_0_Second_Lvl.Second_Lvl up for play (max tick rate 0) at 2018.11.12-19.33.37
[2018.11.13-01.33.37:829][725]LogWorld: Bringing up level for play took: 0.003789
[2018.11.13-01.33.37:830][725]LogLoad: Took 0.573649 seconds to LoadMap(/Game/Maps/Second_Lvl)
[2018.11.13-01.33.41:558][949]LogNet: Browse: /Game/Maps/Third_Lvl
[2018.11.13-01.33.41:559][949]LogLoad: LoadMap: /Game/Maps/Third_Lvl
[2018.11.13-01.33.41:693][949]LogAIModule: Creating AISystem for world Third_Lvl
[2018.11.13-01.33.41:693][949]LogLoad: Game class is '2DSideScrollerGameMode_C'
[2018.11.13-01.33.41:695][949]LogWorld: Bringing World /Game/Maps/UEDPIE_0_Third_Lvl.Third_Lvl up for play (max tick rate 0) at 2018.11.12-19.33.41
[2018.11.13-01.33.41:695][949]LogWorld: Bringing up level for play took: 0.001460
[2018.11.13-01.33.41:697][949]LogLoad: Took 0.138414 seconds to LoadMap(/Game/Maps/Third_Lvl)
[2018.11.13-01.34.02:809][216]LogBlueprintUserMessages: Early EndPlayMap Detection: Level '/Game/Maps/First_Lvl.First_Lvl:PersistentLevel' has LevelScriptBlueprint '/Game/Maps/First_Lvl.First_Lvl:PersistentLevel.First_Lvl' with GeneratedClass '/Game/Maps/First_Lvl.First_Lvl_C' with ClassGeneratedBy '/Game/Maps/First_Lvl.First_Lvl:PersistentLevel.First_Lvl'
[2018.11.13-01.34.02:810][216]LogSlate: Updating window title bar state: overlay mode, drag disabled, window buttons hidden, title bar hidden
[2018.11.13-01.34.02:829][216]LogSlate: Window 'XCP Game Preview Standalone (64-bit/PCD3D_SM5)' being destroyed
[2018.11.13-01.34.02:858][216]LogPlayLevel: Display: Shutting down PIE online subsystems
[2018.11.13-01.34.02:859][216]LogBlueprintUserMessages: Late EndPlayMap Detection: Level '/Game/Maps/First_Lvl.First_Lvl:PersistentLevel' has LevelScriptBlueprint '/Game/Maps/First_Lvl.First_Lvl:PersistentLevel.First_Lvl' with GeneratedClass '/Game/Maps/First_Lvl.First_Lvl_C' with ClassGeneratedBy '/Game/Maps/First_Lvl.First_Lvl:PersistentLevel.First_Lvl'
[2018.11.13-01.34.02:999][223]LogPlayLevel: Display: Destroying online subsystem :Context_1
[2018.11.13-02.33.09:473][860]LogSlate: FSceneViewport::OnFocusLost() reason 0
[2018.11.13-02.33.23:687][709]LogSlate: Took 0.026934 seconds to synchronously load lazily loaded font '../../../Engine/Content/Slate/Fonts/Roboto-Light.ttf' (167K)
[2018.11.13-02.33.23:696][709]LogAssetEditorManager: Opening Asset editor for PaperTileMap /Game/Final_Project_Content/Sprites/Tilemaps_tilesets/Level_01.Level_01
[2018.11.13-02.33.23:806][709]LogSlate: Took 0.027468 seconds to synchronously load lazily loaded font '../../../Engine/Content/Slate/Fonts/Roboto-BoldCondensed.ttf' (158K)
[2018.11.13-02.33.26:680][871]LogSlate: FSceneViewport::OnFocusLost() reason 0
[2018.11.13-02.36.25:279][487]LogAssetEditorManager: Opening Asset editor for World /Game/Final_Project_Content/Sprites/Tilemaps_tilesets/NewWorld.NewWorld
[2018.11.13-02.36.26:526][487]LogSlate: Window 'Save Content' being destroyed
[2018.11.13-02.36.26:647][487]LogSavePackage: Moving 'D:/2dProject/New_Prototype/BP_Cplusplus/Saved/NewWorld0B743CA44CD0771B4AB4E38381F5FAF9.tmp' to 'D:/2dProject/New_Prototype/BP_Cplusplus/Content/Final_Project_Content/Sprites/Tilemaps_tilesets/NewWorld.umap'
[2018.11.13-02.36.26:650][487]LogFileHelpers: Saving map 'NewWorld' took 0.117
[2018.11.13-02.36.26:652][487]Cmd: MAP LOAD FILE="D:/2dProject/New_Prototype/BP_Cplusplus/Content/Final_Project_Content/Sprites/Tilemaps_tilesets/NewWorld.umap" TEMPLATE=0 SHOWPROGRESS=1 FEATURELEVEL=3
[2018.11.13-02.36.26:652][487]LightingResults: New page: Lighting Build
[2018.11.13-02.36.26:653][487]LoadErrors: New page: Loading map: NewWorld.umap
[2018.11.13-02.36.26:653][487]MapCheck: New page: Map Check
[2018.11.13-02.36.26:654][487]LightingResults: New page: Lighting Build
[2018.11.13-02.36.26:679][487]LogEditorServer: Finished looking for orphan Actors (0.000 secs)
[2018.11.13-02.36.26:679][487]LogAIModule: Creating AISystem for world NewWorld
[2018.11.13-02.36.26:737][487]Cmd: MAP CHECKDEP NOCLEARLOG
[2018.11.13-02.36.26:809][487]MapCheck: Map check complete: 0 Error(s), 0 Warning(s), took 71.796ms to complete.
[2018.11.13-02.36.26:811][487]LogFileHelpers: Loading map 'NewWorld' took 0.159
[2018.11.13-02.36.31:541][684]LogSlate: Window 'Delete Assets' being destroyed
[2018.11.13-02.36.31:561][684]LightingResults: New page: Lighting Build
[2018.11.13-02.36.31:561][684]MapCheck: New page: Map Check
[2018.11.13-02.36.31:561][684]LightingResults: New page: Lighting Build
[2018.11.13-02.36.31:586][684]LogAIModule: Creating AISystem for world Untitled
[2018.11.13-02.36.31:596][684]LoadErrors: New page: New Map
[2018.11.13-02.36.31:601][684]LogAIModule: Creating AISystem for world NewWorld
[2018.11.13-02.36.40:428][185]LogAssetEditorManager: Opening Asset editor for PaperTileMap /Game/Final_Project_Content/Sprites/Tilemaps_tilesets/NewPaperTileMap.NewPaperTileMap
[2018.11.13-02.36.43:536][356]LogAIModule: Creating AISystem for world First_Lvl
[2018.11.13-02.36.43:541][356]LogAssetEditorManager: Opening Asset editor for World /Game/Maps/First_Lvl.First_Lvl
[2018.11.13-02.36.44:664][356]LogSlate: Window 'Save Content' being destroyed
[2018.11.13-02.36.44:680][356]LogSavePackage: Moving 'D:/2dProject/New_Prototype/BP_Cplusplus/Saved/NewPaperTileMap9A4D08034C5EF190B2DE3C9619D42C0A.tmp' to 'D:/2dProject/New_Prototype/BP_Cplusplus/Content/Final_Project_Content/Sprites/Tilemaps_tilesets/NewPaperTileMap.uasset'
[2018.11.13-02.36.44:682][356]Cmd: MAP LOAD FILE="D:/2dProject/New_Prototype/BP_Cplusplus/Content/Maps/First_Lvl.umap" TEMPLATE=0 SHOWPROGRESS=1 FEATURELEVEL=3
[2018.11.13-02.36.44:682][356]LightingResults: New page: Lighting Build
[2018.11.13-02.36.44:682][356]LoadErrors: New page: Loading map: First_Lvl.umap
[2018.11.13-02.36.44:683][356]MapCheck: New page: Map Check
[2018.11.13-02.36.44:683][356]LightingResults: New page: Lighting Build
[2018.11.13-02.36.44:712][356]LogEditorServer: Finished looking for orphan Actors (0.000 secs)
[2018.11.13-02.36.44:768][356]Cmd: MAP CHECKDEP NOCLEARLOG
[2018.11.13-02.36.44:846][356]MapCheck: Map check complete: 0 Error(s), 0 Warning(s), took 78.118ms to complete.
[2018.11.13-02.36.44:846][356]LogFileHelpers: Loading map 'First_Lvl' took 0.164
[2018.11.13-02.36.49:111][610]LogSlate: FSceneViewport::OnFocusLost() reason 0
[2018.11.13-02.37.02:175][346]LogSlate: FSceneViewport::OnFocusLost() reason 0
[2018.11.13-02.37.04:755][500]LogAssetEditorManager: Opening Asset editor for PaperTileMap /Game/Final_Project_Content/Sprites/Tilemaps_tilesets/Level_01.Level_01
[2018.11.13-02.37.10:180][817]LogSlate: FSceneViewport::OnFocusLost() reason 0
[2018.11.13-02.37.21:058][460]LogSlate: FSceneViewport::OnFocusLost() reason 0
[2018.11.13-02.37.24:432][659]LogSlate: FSceneViewport::OnFocusLost() reason 0
[2018.11.13-02.37.26:136][758]LogSlate: FSceneViewport::OnFocusLost() reason 0
[2018.11.13-02.37.33:736][214]LogSlate: FSceneViewport::OnFocusLost() reason 0
[2018.11.13-02.37.34:649][267]LogSlate: Took 0.000245 seconds to synchronously load lazily loaded font '../../../Engine/Content/Slate/Fonts/Roboto-Light.ttf' (167K)
[2018.11.13-02.38.07:099][213]LogSlate: FSceneViewport::OnFocusLost() reason 0
[2018.11.13-02.38.32:785][754]LogSlate: FSceneViewport::OnFocusLost() reason 0
[2018.11.13-02.38.35:668][927]LogSlate: FSceneViewport::OnFocusLost() reason 0
[2018.11.13-02.38.57:521][238]LogSlate: FSceneViewport::OnFocusLost() reason 0
[2018.11.13-02.39.36:206][559]LogSlate: FSceneViewport::OnFocusLost() reason 0
[2018.11.13-02.40.05:041][289]LogSlate: FSceneViewport::OnFocusLost() reason 0
[2018.11.13-02.40.05:305][296]LogSavePackage: Moving 'D:/2dProject/New_Prototype/BP_Cplusplus/Saved/NewPaperTileMap48DBBF2D43A775DB5582938883C4FCD2.tmp' to 'D:/2dProject/New_Prototype/BP_Cplusplus/Content/Final_Project_Content/Sprites/Tilemaps_tilesets/NewPaperTileMap.uasset'
[2018.11.13-02.40.13:075][760]LogAIModule: Creating AISystem for world First_Lvl1
[2018.11.13-02.40.19:466][137]LogMetaData: Removing '/Game/Maps/First_Lvl_Dup.SKEL_First_Lvl_Dup_C' ref from Metadata '/Game/Maps/First_Lvl1.PackageMetaData'
[2018.11.13-02.40.19:466][137]LogMetaData: Removing '/Game/Maps/First_Lvl_Dup.First_Lvl_Dup_C' ref from Metadata '/Game/Maps/First_Lvl1.PackageMetaData'
[2018.11.13-02.40.19:570][137]Cmd: OBJ SAVEPACKAGE PACKAGE="/Game/Maps/First_Lvl_Dup" FILE="D:/2dProject/New_Prototype/BP_Cplusplus/Content/Maps/First_Lvl_Dup.umap" SILENT=true AUTOSAVING=false KEEPDIRTY=false
[2018.11.13-02.40.19:706][137]LogSavePackage: Moving 'D:/2dProject/New_Prototype/BP_Cplusplus/Saved/First_Lvl_Dup230EE2624A4E8DD8837704A241842CD9.tmp' to 'D:/2dProject/New_Prototype/BP_Cplusplus/Content/Maps/First_Lvl_Dup.umap'
[2018.11.13-02.40.19:713][137]LogFileHelpers: Saving map 'First_Lvl_Dup' took 0.221
[2018.11.13-02.40.20:745][189]LogAssetEditorManager: Opening Asset editor for World /Game/Maps/First_Lvl_Dup.First_Lvl_Dup
[2018.11.13-02.40.20:770][189]Cmd: MAP LOAD FILE="D:/2dProject/New_Prototype/BP_Cplusplus/Content/Maps/First_Lvl_Dup.umap" TEMPLATE=0 SHOWPROGRESS=1 FEATURELEVEL=3
[2018.11.13-02.40.20:770][189]LightingResults: New page: Lighting Build
[2018.11.13-02.40.20:771][189]LoadErrors: New page: Loading map: First_Lvl_Dup.umap
[2018.11.13-02.40.20:771][189]MapCheck: New page: Map Check
[2018.11.13-02.40.20:771][189]LightingResults: New page: Lighting Build
[2018.11.13-02.40.20:801][189]LogEditorServer: Finished looking for orphan Actors (0.000 secs)
[2018.11.13-02.40.20:856][189]Cmd: MAP CHECKDEP NOCLEARLOG
[2018.11.13-02.40.20:934][189]MapCheck: Map check complete: 0 Error(s), 0 Warning(s), took 78.097ms to complete.
[2018.11.13-02.40.20:935][189]LogFileHelpers: Loading map 'First_Lvl_Dup' took 0.166
[2018.11.13-02.40.22:633][289]LogEditorViewport: Clicking on Actor (LMB): PaperTileMapActor (Tilemap)
[2018.11.13-02.40.24:459][387]LogSlate: FSceneViewport::OnFocusLost() reason 2
[2018.11.13-02.40.27:078][543]LogSlate: Took 0.020717 seconds to synchronously load lazily loaded font '../../../Engine/Content/Slate/Fonts/Roboto-Italic.ttf' (157K)
[2018.11.13-02.40.29:596][694]LogEditorViewport: Clicking on Actor (LMB): PlayerStart (PlayerStart)
[2018.11.13-02.40.31:374][799]LogNavigationPoint: PostEditMove Clear paths rebuilt
[2018.11.13-02.40.32:131][844]LogSlate: FSceneViewport::OnFocusLost() reason 0
[2018.11.13-02.40.32:231][850]LogTemp: Repeating last play command: New Editor Window (PIE)
[2018.11.13-02.40.32:249][850]LogBlueprintUserMessages: Early PlayInEditor Detection: Level '/Game/Maps/First_Lvl_Dup.First_Lvl_Dup:PersistentLevel' has LevelScriptBlueprint '/Game/Maps/First_Lvl_Dup.First_Lvl_Dup:PersistentLevel.First_Lvl_Dup' with GeneratedClass '/Game/Maps/First_Lvl_Dup.First_Lvl_Dup_C' with ClassGeneratedBy '/Game/Maps/First_Lvl_Dup.First_Lvl_Dup:PersistentLevel.First_Lvl_Dup'
[2018.11.13-02.40.32:249][850]LogPlayLevel: PlayLevel: No blueprints needed recompiling
[2018.11.13-02.40.32:249][850]PIE: New page: PIE session: First_Lvl_Dup (Nov 12, 2018, 2:40:32 PM)
[2018.11.13-02.40.32:249][850]LogPlayLevel: Creating play world package: /Game/Maps/UEDPIE_0_First_Lvl_Dup
[2018.11.13-02.40.32:253][850]LogPlayLevel: PIE: StaticDuplicateObject took: (0.003435s)
[2018.11.13-02.40.32:253][850]LogAIModule: Creating AISystem for world First_Lvl_Dup
[2018.11.13-02.40.32:253][850]LogPlayLevel: PIE: World Init took: (0.000669s)
[2018.11.13-02.40.32:253][850]LogPlayLevel: PIE: Created PIE world by copying editor world from /Game/Maps/First_Lvl_Dup.First_Lvl_Dup to /Game/Maps/UEDPIE_0_First_Lvl_Dup.First_Lvl_Dup (0.004235s)
[2018.11.13-02.40.32:293][850]LogInit: XAudio2 using 'Speakers (Realtek High Definition Audio)' : 2 channels at 48 kHz using 32 bits per sample (channel mask 0x3)
[2018.11.13-02.40.32:317][850]LogInit: FAudioDevice initialized.
[2018.11.13-02.40.32:333][850]LogSlate: Updating window title bar state: overlay mode, drag disabled, window buttons hidden, title bar hidden
[2018.11.13-02.40.32:376][850]LogLoad: Game class is '2DSideScrollerGameMode_C'
[2018.11.13-02.40.32:378][850]LogWorld: Bringing World /Game/Maps/UEDPIE_0_First_Lvl_Dup.First_Lvl_Dup up for play (max tick rate 0) at 2018.11.12-20.40.32
[2018.11.13-02.40.32:378][850]LogWorld: Bringing up level for play took: 0.001311
[2018.11.13-02.40.32:396][850]PIE: Play in editor start time for /Game/Maps/UEDPIE_0_First_Lvl_Dup 1.135
[2018.11.13-02.40.32:396][850]LogBlueprintUserMessages: Late PlayInEditor Detection: Level '/Game/Maps/First_Lvl_Dup.First_Lvl_Dup:PersistentLevel' has LevelScriptBlueprint '/Game/Maps/First_Lvl_Dup.First_Lvl_Dup:PersistentLevel.First_Lvl_Dup' with GeneratedClass '/Game/Maps/First_Lvl_Dup.First_Lvl_Dup_C' with ClassGeneratedBy '/Game/Maps/First_Lvl_Dup.First_Lvl_Dup:PersistentLevel.First_Lvl_Dup'
[2018.11.13-02.40.37:630][161]LogBlueprintUserMessages: Early EndPlayMap Detection: Level '/Game/Maps/First_Lvl_Dup.First_Lvl_Dup:PersistentLevel' has LevelScriptBlueprint '/Game/Maps/First_Lvl_Dup.First_Lvl_Dup:PersistentLevel.First_Lvl_Dup' with GeneratedClass '/Game/Maps/First_Lvl_Dup.First_Lvl_Dup_C' with ClassGeneratedBy '/Game/Maps/First_Lvl_Dup.First_Lvl_Dup:PersistentLevel.First_Lvl_Dup'
[2018.11.13-02.40.37:630][161]LogSlate: Updating window title bar state: overlay mode, drag disabled, window buttons hidden, title bar hidden
[2018.11.13-02.40.37:649][161]LogSlate: Window 'XCP Game Preview Standalone (64-bit/PCD3D_SM5)' being destroyed
[2018.11.13-02.40.37:682][161]LogPlayLevel: Display: Shutting down PIE online subsystems
[2018.11.13-02.40.37:683][161]LogBlueprintUserMessages: Late EndPlayMap Detection: Level '/Game/Maps/First_Lvl_Dup.First_Lvl_Dup:PersistentLevel' has LevelScriptBlueprint '/Game/Maps/First_Lvl_Dup.First_Lvl_Dup:PersistentLevel.First_Lvl_Dup' with GeneratedClass '/Game/Maps/First_Lvl_Dup.First_Lvl_Dup_C' with ClassGeneratedBy '/Game/Maps/First_Lvl_Dup.First_Lvl_Dup:PersistentLevel.First_Lvl_Dup'
[2018.11.13-02.40.37:822][168]LogPlayLevel: Display: Destroying online subsystem :Context_6
[2018.11.13-02.40.41:672][399]LogSlate: FSceneViewport::OnFocusLost() reason 0
[2018.11.13-02.40.41:788][406]LogTemp: Repeating last play command: New Editor Window (PIE)
[2018.11.13-02.40.41:805][406]LogBlueprintUserMessages: Early PlayInEditor Detection: Level '/Game/Maps/First_Lvl_Dup.First_Lvl_Dup:PersistentLevel' has LevelScriptBlueprint '/Game/Maps/First_Lvl_Dup.First_Lvl_Dup:PersistentLevel.First_Lvl_Dup' with GeneratedClass '/Game/Maps/First_Lvl_Dup.First_Lvl_Dup_C' with ClassGeneratedBy '/Game/Maps/First_Lvl_Dup.First_Lvl_Dup:PersistentLevel.First_Lvl_Dup'
[2018.11.13-02.40.41:805][406]LogPlayLevel: PlayLevel: No blueprints needed recompiling
[2018.11.13-02.40.41:806][406]PIE: New page: PIE session: First_Lvl_Dup (Nov 12, 2018, 2:40:41 PM)
[2018.11.13-02.40.41:806][406]LogPlayLevel: Creating play world package: /Game/Maps/UEDPIE_0_First_Lvl_Dup
[2018.11.13-02.40.41:808][406]LogPlayLevel: PIE: StaticDuplicateObject took: (0.002662s)
[2018.11.13-02.40.41:809][406]LogAIModule: Creating AISystem for world First_Lvl_Dup
[2018.11.13-02.40.41:809][406]LogPlayLevel: PIE: World Init took: (0.000643s)
[2018.11.13-02.40.41:809][406]LogPlayLevel: PIE: Created PIE world by copying editor world from /Game/Maps/First_Lvl_Dup.First_Lvl_Dup to /Game/Maps/UEDPIE_0_First_Lvl_Dup.First_Lvl_Dup (0.003414s)
[2018.11.13-02.40.41:846][406]LogInit: XAudio2 using 'Speakers (Realtek High Definition Audio)' : 2 channels at 48 kHz using 32 bits per sample (channel mask 0x3)
[2018.11.13-02.40.41:868][406]LogInit: FAudioDevice initialized.
[2018.11.13-02.40.41:883][406]LogSlate: Updating window title bar state: overlay mode, drag disabled, window buttons hidden, title bar hidden
[2018.11.13-02.40.41:926][406]LogLoad: Game class is '2DSideScrollerGameMode_C'
[2018.11.13-02.40.41:928][406]LogWorld: Bringing World /Game/Maps/UEDPIE_0_First_Lvl_Dup.First_Lvl_Dup up for play (max tick rate 0) at 2018.11.12-20.40.41
[2018.11.13-02.40.41:928][406]LogWorld: Bringing up level for play took: 0.001211
[2018.11.13-02.40.41:944][406]PIE: Play in editor start time for /Game/Maps/UEDPIE_0_First_Lvl_Dup 0.684
[2018.11.13-02.40.41:945][406]LogBlueprintUserMessages: Late PlayInEditor Detection: Level '/Game/Maps/First_Lvl_Dup.First_Lvl_Dup:PersistentLevel' has LevelScriptBlueprint '/Game/Maps/First_Lvl_Dup.First_Lvl_Dup:PersistentLevel.First_Lvl_Dup' with GeneratedClass '/Game/Maps/First_Lvl_Dup.First_Lvl_Dup_C' with ClassGeneratedBy '/Game/Maps/First_Lvl_Dup.First_Lvl_Dup:PersistentLevel.First_Lvl_Dup'
[2018.11.13-02.40.45:403][611]LogCharacterMovement: 2DSideScrollerCharacter_C_0 is stuck and failed to move! Velocity: X=-24.73 Y=0.00 Z=0.00 Location: X=446.81 Y=0.00 Z=2.96 Normal: X=1.00 Y=0.00 Z=-0.00 PenetrationDepth:0.000 Actor:Boss_5 Component:PaperSprite BoneName:None (0 other events since notify)
[2018.11.13-02.40.47:704][749]LogBlueprintUserMessages: Early EndPlayMap Detection: Level '/Game/Maps/First_Lvl_Dup.First_Lvl_Dup:PersistentLevel' has LevelScriptBlueprint '/Game/Maps/First_Lvl_Dup.First_Lvl_Dup:PersistentLevel.First_Lvl_Dup' with GeneratedClass '/Game/Maps/First_Lvl_Dup.First_Lvl_Dup_C' with ClassGeneratedBy '/Game/Maps/First_Lvl_Dup.First_Lvl_Dup:PersistentLevel.First_Lvl_Dup'
[2018.11.13-02.40.47:704][749]LogSlate: Updating window title bar state: overlay mode, drag disabled, window buttons hidden, title bar hidden
[2018.11.13-02.40.47:722][749]LogSlate: Window 'XCP Game Preview Standalone (64-bit/PCD3D_SM5)' being destroyed
[2018.11.13-02.40.47:755][749]LogPlayLevel: Display: Shutting down PIE online subsystems
[2018.11.13-02.40.47:755][749]LogBlueprintUserMessages: Late EndPlayMap Detection: Level '/Game/Maps/First_Lvl_Dup.First_Lvl_Dup:PersistentLevel' has LevelScriptBlueprint '/Game/Maps/First_Lvl_Dup.First_Lvl_Dup:PersistentLevel.First_Lvl_Dup' with GeneratedClass '/Game/Maps/First_Lvl_Dup.First_Lvl_Dup_C' with ClassGeneratedBy '/Game/Maps/First_Lvl_Dup.First_Lvl_Dup:PersistentLevel.First_Lvl_Dup'
[2018.11.13-02.40.47:896][756]LogPlayLevel: Display: Destroying online subsystem :Context_7
[2018.11.13-02.40.54:297][140]LogEditorViewport: Clicking on Actor (LMB): PlayerStart (PlayerStart)
[2018.11.13-02.40.56:081][246]LogNavigationPoint: PostEditMove Clear paths rebuilt
[2018.11.13-02.40.56:770][287]LogSlate: FSceneViewport::OnFocusLost() reason 0
[2018.11.13-02.40.56:837][291]LogTemp: Repeating last play command: New Editor Window (PIE)
[2018.11.13-02.40.56:861][291]LogBlueprintUserMessages: Early PlayInEditor Detection: Level '/Game/Maps/First_Lvl_Dup.First_Lvl_Dup:PersistentLevel' has LevelScriptBlueprint '/Game/Maps/First_Lvl_Dup.First_Lvl_Dup:PersistentLevel.First_Lvl_Dup' with GeneratedClass '/Game/Maps/First_Lvl_Dup.First_Lvl_Dup_C' with ClassGeneratedBy '/Game/Maps/First_Lvl_Dup.First_Lvl_Dup:PersistentLevel.First_Lvl_Dup'
[2018.11.13-02.40.56:861][291]LogPlayLevel: PlayLevel: No blueprints needed recompiling
[2018.11.13-02.40.56:861][291]PIE: New page: PIE session: First_Lvl_Dup (Nov 12, 2018, 2:40:56 PM)
[2018.11.13-02.40.56:861][291]LogPlayLevel: Creating play world package: /Game/Maps/UEDPIE_0_First_Lvl_Dup
[2018.11.13-02.40.56:864][291]LogPlayLevel: PIE: StaticDuplicateObject took: (0.002813s)
[2018.11.13-02.40.56:865][291]LogAIModule: Creating AISystem for world First_Lvl_Dup
[2018.11.13-02.40.56:865][291]LogPlayLevel: PIE: World Init took: (0.000644s)
[2018.11.13-02.40.56:865][291]LogPlayLevel: PIE: Created PIE world by copying editor world from /Game/Maps/First_Lvl_Dup.First_Lvl_Dup to /Game/Maps/UEDPIE_0_First_Lvl_Dup.First_Lvl_Dup (0.003566s)
[2018.11.13-02.40.56:902][291]LogInit: XAudio2 using 'Speakers (Realtek High Definition Audio)' : 2 channels at 48 kHz using 32 bits per sample (channel mask 0x3)
[2018.11.13-02.40.56:925][291]LogInit: FAudioDevice initialized.
[2018.11.13-02.40.56:939][291]LogSlate: Updating window title bar state: overlay mode, drag disabled, window buttons hidden, title bar hidden
[2018.11.13-02.40.56:983][291]LogLoad: Game class is '2DSideScrollerGameMode_C'
[2018.11.13-02.40.56:985][291]LogWorld: Bringing World /Game/Maps/UEDPIE_0_First_Lvl_Dup.First_Lvl_Dup up for play (max tick rate 0) at 2018.11.12-20.40.56
[2018.11.13-02.40.56:985][291]LogWorld: Bringing up level for play took: 0.001246
[2018.11.13-02.40.57:002][291]PIE: Play in editor start time for /Game/Maps/UEDPIE_0_First_Lvl_Dup -0.259
[2018.11.13-02.40.57:002][291]LogBlueprintUserMessages: Late PlayInEditor Detection: Level '/Game/Maps/First_Lvl_Dup.First_Lvl_Dup:PersistentLevel' has LevelScriptBlueprint '/Game/Maps/First_Lvl_Dup.First_Lvl_Dup:PersistentLevel.First_Lvl_Dup' with GeneratedClass '/Game/Maps/First_Lvl_Dup.First_Lvl_Dup_C' with ClassGeneratedBy '/Game/Maps/First_Lvl_Dup.First_Lvl_Dup:PersistentLevel.First_Lvl_Dup'
[2018.11.13-02.41.09:656][ 47]LogBlueprintUserMessages: Early EndPlayMap Detection: Level '/Game/Maps/First_Lvl_Dup.First_Lvl_Dup:PersistentLevel' has LevelScriptBlueprint '/Game/Maps/First_Lvl_Dup.First_Lvl_Dup:PersistentLevel.First_Lvl_Dup' with GeneratedClass '/Game/Maps/First_Lvl_Dup.First_Lvl_Dup_C' with ClassGeneratedBy '/Game/Maps/First_Lvl_Dup.First_Lvl_Dup:PersistentLevel.First_Lvl_Dup'
[2018.11.13-02.41.09:656][ 47]LogSlate: Updating window title bar state: overlay mode, drag disabled, window buttons hidden, title bar hidden
[2018.11.13-02.41.09:676][ 47]LogSlate: Window 'XCP Game Preview Standalone (64-bit/PCD3D_SM5)' being destroyed
[2018.11.13-02.41.09:706][ 47]LogPlayLevel: Display: Shutting down PIE online subsystems
[2018.11.13-02.41.09:707][ 47]LogBlueprintUserMessages: Late EndPlayMap Detection: Level '/Game/Maps/First_Lvl_Dup.First_Lvl_Dup:PersistentLevel' has LevelScriptBlueprint '/Game/Maps/First_Lvl_Dup.First_Lvl_Dup:PersistentLevel.First_Lvl_Dup' with GeneratedClass '/Game/Maps/First_Lvl_Dup.First_Lvl_Dup_C' with ClassGeneratedBy '/Game/Maps/First_Lvl_Dup.First_Lvl_Dup:PersistentLevel.First_Lvl_Dup'
[2018.11.13-02.41.09:846][ 54]LogPlayLevel: Display: Destroying online subsystem :Context_8
[2018.11.13-02.41.43:065][ 47]LogEditorViewport: Clicking on Actor (LMB): BP_Enemy_Eye_C (BP_Enemy_Eye2)
[2018.11.13-02.42.29:712][611]LogEditorViewport: Clicking on Actor (LMB): Activate_2nd_Stage_C (Activate_2nd_Stage)
[2018.11.13-02.42.33:549][839]LogEditorViewport: Clicking Background
[2018.11.13-02.42.41:191][297]LogEditorViewport: Clicking on Actor (LMB): PaperTileMapActor (Tilemap)
[2018.11.13-02.42.43:899][455]LogSlate: FSceneViewport::OnFocusLost() reason 2
[2018.11.13-02.42.45:884][573]LogSlate: FSceneViewport::OnFocusLost() reason 0
[2018.11.13-02.42.51:273][896]LogSlate: FSceneViewport::OnFocusLost() reason 0
[2018.11.13-02.43.38:814][748]LogSlate: FSceneViewport::OnFocusLost() reason 0
[2018.11.13-02.43.53:180][605]LogSlate: FSceneViewport::OnFocusLost() reason 0
[2018.11.13-02.43.57:672][869]LogSlate: FSceneViewport::OnFocusLost() reason 0
[2018.11.13-02.44.19:665][179]LogSlate: FSceneViewport::OnFocusLost() reason 0
[2018.11.13-02.44.21:539][289]LogSlate: FSceneViewport::OnFocusLost() reason 0
[2018.11.13-02.44.44:438][661]LogSlate: FSceneViewport::OnFocusLost() reason 0
[2018.11.13-02.45.27:276][195]LogSlate: FSceneViewport::OnFocusLost() reason 2
[2018.11.13-02.51.10:609][607]Cmd: OBJ SAVEPACKAGE PACKAGE="/Game/Maps/First_Lvl_Dup" FILE="D:/2dProject/New_Prototype/BP_Cplusplus/Saved/Autosaves/Game/Maps/First_Lvl_Dup_Auto1.umap" SILENT=true AUTOSAVING=true KEEPDIRTY=false
[2018.11.13-02.51.10:733][607]LogSavePackage: Moving 'D:/2dProject/New_Prototype/BP_Cplusplus/Saved/First_Lvl_Dup_Auto1011F9D3F45DB9924443D99A9932D2AF8.tmp' to 'D:/2dProject/New_Prototype/BP_Cplusplus/Saved/Autosaves/Game/Maps/First_Lvl_Dup_Auto1.umap'
[2018.11.13-02.51.10:737][607]LogFileHelpers: Editor autosave (incl. sublevels) for '/Game/Maps/First_Lvl_Dup' took 0.154
[2018.11.13-02.51.10:737][607]LogFileHelpers: Editor autosave (incl. sublevels) for all levels took 0.154
[2018.11.13-02.51.10:739][607]OBJ SavePackage: Generating thumbnails for [0] asset(s) in package [/Game/Final_Project_Content/Sprites/Tilemaps_tilesets/NewPaperTileMap] ([1] browsable assets)...
[2018.11.13-02.51.10:739][607]OBJ SavePackage: Finished generating thumbnails for package [/Game/Final_Project_Content/Sprites/Tilemaps_tilesets/NewPaperTileMap]
[2018.11.13-02.51.10:835][607]LogSavePackage: Moving 'D:/2dProject/New_Prototype/BP_Cplusplus/Saved/NewPaperTileMap_Auto122085AFE4497A72E16334EBBCEAF6001.tmp' to 'D:/2dProject/New_Prototype/BP_Cplusplus/Saved/Autosaves/Game/Final_Project_Content/Sprites/Tilemaps_tilesets/NewPaperTileMap_Auto1.uasset'
[2018.11.13-02.51.10:836][607]LogFileHelpers: Auto-saving content packages took 0.098
[2018.11.13-02.58.14:076][954]LogEditorFactories: Performing atomic reimport of [D:/2D Game/Final/Tiles/Floor.psd]
[2018.11.13-02.58.14:077][954]LogFactory: FactoryCreateFile: Texture2D with ReimportTextureFactory (0 0 D:/2D Game/Final/Tiles/Floor.psd)
[2018.11.13-02.58.14:077][954]Format of this PSD is not supported. Only Grayscale and RGBColor PSD images are currently supported, in 8-bit or 16-bit.
[2018.11.13-02.58.14:077][954]Error: Texture import failed
[2018.11.13-02.58.14:077][954]LogEditorFactories: Warning: -- import failed
[2018.11.13-02.58.18:533][217]LogAssetEditorManager: Opening Asset editor for Texture2D /Game/Final_Project_Content/Sprites/Background/Floor.Floor
[2018.11.13-02.58.18:578][217]LogContentBrowser: Native class hierarchy updated for 'TextureEditor' in 0.0003 seconds. Added 1 classes and 2 folders.
[2018.11.13-02.58.47:804][952]LogFactory: FactoryCreateFile: Texture with ReimportTextureFactory (0 0 D:\2D Game\Final\Tiles\Floor_01.psd)
[2018.11.13-02.58.47:804][952]Format of this PSD is not supported. Only Grayscale and RGBColor PSD images are currently supported, in 8-bit or 16-bit.
[2018.11.13-02.58.47:804][952]Error: Texture import failed
[2018.11.13-02.58.51:104][952]LogSlate: Window 'Message' being destroyed
[2018.11.13-02.58.51:108][952]LogAssetTools: Warning: Failed to import 'D:\2D Game\Final\Tiles\Floor_01.psd'. Failed to create asset '/Game/Final_Project_Content/Sprites/Background/Floor_01'.
Please see Output Log for details.
[2018.11.13-02.58.58:777][410]LogFactory: FactoryCreateFile: Texture with ReimportTextureFactory (0 0 D:\2D Game\Final\Tiles\Floor_01.psd)
[2018.11.13-02.58.58:777][410]Format of this PSD is not supported. Only Grayscale and RGBColor PSD images are currently supported, in 8-bit or 16-bit.
[2018.11.13-02.58.58:777][410]Error: Texture import failed
[2018.11.13-02.59.00:077][410]LogSlate: Window 'Message' being destroyed
[2018.11.13-02.59.00:083][410]LogAssetTools: Warning: Failed to import 'D:\2D Game\Final\Tiles\Floor_01.psd'. Failed to create asset '/Game/Final_Project_Content/Sprites/Background/Floor_01'.
Please see Output Log for details.
[2018.11.13-02.59.15:597][273]LogSlate: Window 'Delete Assets' being destroyed
[2018.11.13-02.59.20:241][542]LogFactory: FactoryCreateFile: Texture with ReimportTextureFactory (0 0 D:\2D Game\Final\Tiles\Floor_New.psd)
[2018.11.13-02.59.20:241][542]Format of this PSD is not supported. Only Grayscale and RGBColor PSD images are currently supported, in 8-bit or 16-bit.
[2018.11.13-02.59.20:241][542]Error: Texture import failed
[2018.11.13-02.59.22:408][542]LogSlate: Window 'Message' being destroyed
[2018.11.13-02.59.22:413][542]LogAssetTools: Warning: Failed to import 'D:\2D Game\Final\Tiles\Floor_New.psd'. Failed to create asset '/Game/Final_Project_Content/Sprites/Background/Floor_New'.
Please see Output Log for details.
[2018.11.13-02.59.29:527][860]LogEditorFactories: Performing atomic reimport of [D:/2D Game/Final/Tiles/Floor_New.psd]
[2018.11.13-02.59.29:527][860]LogFactory: FactoryCreateFile: Texture2D with ReimportTextureFactory (0 0 D:/2D Game/Final/Tiles/Floor_New.psd)
[2018.11.13-02.59.29:528][860]Format of this PSD is not supported. Only Grayscale and RGBColor PSD images are currently supported, in 8-bit or 16-bit.
[2018.11.13-02.59.29:528][860]Error: Texture import failed
[2018.11.13-02.59.29:528][860]LogEditorFactories: Warning: -- import failed
[2018.11.13-02.59.31:746][991]LogAssetEditorManager: Opening Asset editor for Texture2D /Game/Final_Project_Content/Sprites/Background/Floor.Floor
[2018.11.13-02.59.35:763][218]LogSlate: Window 'NewPaperTileMap*' being destroyed
[2018.11.13-02.59.39:903][402]LogSlate: Window 'Save Content' being destroyed
[2018.11.13-02.59.39:931][402]Cmd: OBJ SAVEPACKAGE PACKAGE="/Game/Final_Project_Content/Sprites/Background/Floor" FILE="D:/2dProject/New_Prototype/BP_Cplusplus/Content/Final_Project_Content/Sprites/Background/Floor.uasset" SILENT=true
[2018.11.13-02.59.39:961][402]LogSavePackage: Moving 'D:/2dProject/New_Prototype/BP_Cplusplus/Saved/Floor830836CD444A886A3DED1680FDA71522.tmp' to 'D:/2dProject/New_Prototype/BP_Cplusplus/Content/Final_Project_Content/Sprites/Background/Floor.uasset'
[2018.11.13-02.59.40:065][402]LogSavePackage: Moving 'D:/2dProject/New_Prototype/BP_Cplusplus/Saved/NewPaperTileMap4CE2568E4FCB1E6C5946FC8B1CF36ACC.tmp' to 'D:/2dProject/New_Prototype/BP_Cplusplus/Content/Final_Project_Content/Sprites/Tilemaps_tilesets/NewPaperTileMap.uasset'
[2018.11.13-02.59.40:153][402]Cmd: OBJ SAVEPACKAGE PACKAGE="/Game/Maps/First_Lvl_Dup" FILE="D:/2dProject/New_Prototype/BP_Cplusplus/Content/Maps/First_Lvl_Dup.umap" SILENT=true AUTOSAVING=false KEEPDIRTY=false
[2018.11.13-02.59.40:307][402]LogSavePackage: Moving 'D:/2dProject/New_Prototype/BP_Cplusplus/Saved/First_Lvl_DupFE9C57F94E9020EEA16EE5A3E5975E27.tmp' to 'D:/2dProject/New_Prototype/BP_Cplusplus/Content/Maps/First_Lvl_Dup.umap'
[2018.11.13-02.59.40:339][402]LogFileHelpers: Saving map 'First_Lvl_Dup' took 0.267
[2018.11.13-02.59.40:427][402]LogSlate: Window 'XCP - Unreal Editor' being destroyed
[2018.11.13-02.59.40:428][402]LogWindowsTextInputMethodSystem: Display: IME system now deactivated.
[2018.11.13-02.59.40:616][403]Cmd: QUIT_EDITOR
[2018.11.13-02.59.41:306][403]LogExit: Preparing to exit.
[2018.11.13-02.59.42:083][403]LogExit: Editor shut down
[2018.11.13-02.59.42:083][403]LogExit: Transaction tracking system shut down
[2018.11.13-02.59.42:812][403]LogExit: Object subsystem successfully closed.
[2018.11.13-02.59.42:843][403]LogShaderCompilers: Display: Shaders left to compile 0
[2018.11.13-02.59.42:848][403]LogD3D11RHI: Shutdown
[2018.11.13-02.59.42:848][403]LogD3D11RHI: CleanupD3DDevice
[2018.11.13-02.59.42:850][403]LogD3D11RHI: ~FD3D11DynamicRHI
[2018.11.13-02.59.42:865][403]LogModuleManager: Shutting down and abandoning module TextureEditor (618)
[2018.11.13-02.59.42:865][403]LogModuleManager: Shutting down and abandoning module HierarchicalLODUtilities (616)
[2018.11.13-02.59.42:865][403]LogModuleManager: Shutting down and abandoning module MovieSceneCapture (614)
[2018.11.13-02.59.42:865][403]LogModuleManager: Shutting down and abandoning module Voice (612)
[2018.11.13-02.59.42:865][403]LogModuleManager: Shutting down and abandoning module HierarchicalLODOutliner (610)
[2018.11.13-02.59.42:865][403]LogModuleManager: Shutting down and abandoning module SceneOutliner (608)
[2018.11.13-02.59.42:865][403]LogModuleManager: Shutting down and abandoning module AddContentDialog (606)
[2018.11.13-02.59.42:866][403]LogModuleManager: Shutting down and abandoning module WidgetCarousel (605)
[2018.11.13-02.59.42:866][403]LogModuleManager: Shutting down and abandoning module EditorWidgets (602)
[2018.11.13-02.59.42:866][403]LogModuleManager: Shutting down and abandoning module CollectionManager (600)
[2018.11.13-02.59.42:866][403]LogModuleManager: Shutting down and abandoning module StatsViewer (598)
[2018.11.13-02.59.42:866][403]LogModuleManager: Shutting down and abandoning module FoliageEdit (596)
[2018.11.13-02.59.42:866][403]LogModuleManager: Shutting down and abandoning module LandscapeEditor (594)
[2018.11.13-02.59.42:866][403]LogModuleManager: Shutting down and abandoning module MeshPaintMode (592)
[2018.11.13-02.59.42:866][403]LogModuleManager: Shutting down and abandoning module SceneDepthPickerMode (590)
[2018.11.13-02.59.42:866][403]LogModuleManager: Shutting down and abandoning module ActorPickerMode (588)
[2018.11.13-02.59.42:866][403]LogModuleManager: Shutting down and abandoning module GeometryMode (586)
[2018.11.13-02.59.42:867][403]LogModuleManager: Shutting down and abandoning module TextureAlignMode (584)
[2018.11.13-02.59.42:867][403]LogModuleManager: Shutting down and abandoning module BspMode (582)
[2018.11.13-02.59.42:867][403]LogModuleManager: Shutting down and abandoning module PIEPreviewDeviceProfileSelector (580)
[2018.11.13-02.59.42:867][403]LogModuleManager: Shutting down and abandoning module SequenceRecorderSections (578)
[2018.11.13-02.59.42:867][403]LogModuleManager: Shutting down and abandoning module AutomationWorker (576)
[2018.11.13-02.59.42:867][403]LogModuleManager: Shutting down and abandoning module AudioCaptureEditor (574)
[2018.11.13-02.59.42:867][403]LogModuleManager: Shutting down and abandoning module SequenceRecorder (573)
[2018.11.13-02.59.42:867][403]LogModuleManager: Shutting down and abandoning module MatineeToLevelSequence (570)
[2018.11.13-02.59.42:867][403]LogModuleManager: Shutting down and abandoning module LevelSequenceEditor (568)
[2018.11.13-02.59.42:867][403]LogModuleManager: Shutting down and abandoning module PlacementMode (567)
[2018.11.13-02.59.42:867][403]LogModuleManager: Shutting down and abandoning module MaterialEditor (566)
[2018.11.13-02.59.42:867][403]LogModuleManager: Shutting down and abandoning module WmfMediaFactory (562)
[2018.11.13-02.59.42:867][403]LogModuleManager: Shutting down and abandoning module WmfMediaEditor (560)
[2018.11.13-02.59.42:867][403]LogModuleManager: Shutting down and abandoning module MediaPlayerEditor (558)
[2018.11.13-02.59.42:867][403]LogModuleManager: Shutting down and abandoning module OpenExrWrapper (556)
[2018.11.13-02.59.42:867][403]LogModuleManager: Shutting down and abandoning module ImgMediaFactory (554)
[2018.11.13-02.59.42:867][403]LogModuleManager: Shutting down and abandoning module ImgMediaEditor (552)
[2018.11.13-02.59.42:867][403]LogModuleManager: Shutting down and abandoning module AvfMediaFactory (550)
[2018.11.13-02.59.42:867][403]LogModuleManager: Shutting down and abandoning module AvfMediaEditor (548)
[2018.11.13-02.59.42:867][403]LogModuleManager: Shutting down and abandoning module AndroidMediaFactory (546)
[2018.11.13-02.59.42:867][403]LogModuleManager: Shutting down and abandoning module AndroidMediaEditor (544)
[2018.11.13-02.59.42:867][403]LogModuleManager: Shutting down and abandoning module MagicLeapCameraPreviewFactory (542)
[2018.11.13-02.59.42:867][403]LogModuleManager: Shutting down and abandoning module MagicLeapMediaFactory (540)
[2018.11.13-02.59.42:867][403]LogModuleManager: Shutting down and abandoning module MagicLeapMediaEditor (538)
[2018.11.13-02.59.42:867][403]LogModuleManager: Shutting down and abandoning module CharacterAI (536)
[2018.11.13-02.59.42:867][403]LogModuleManager: Shutting down and abandoning module SmartSnapping (534)
[2018.11.13-02.59.42:867][403]LogModuleManager: Shutting down and abandoning module SessionServices (532)
[2018.11.13-02.59.42:867][403]LogModuleManager: Shutting down and abandoning module ViewportSnapping (530)
[2018.11.13-02.59.42:867][403]LogModuleManager: Shutting down and abandoning module ViewportInteraction (528)
[2018.11.13-02.59.42:867][403]LogModuleManager: Shutting down and abandoning module ClothPainter (526)
[2018.11.13-02.59.42:868][403]LogModuleManager: Shutting down and abandoning module SkeletalMeshEditor (525)
[2018.11.13-02.59.42:868][403]LogModuleManager: Shutting down and abandoning module LogVisualizer (522)
[2018.11.13-02.59.42:868][403]LogModuleManager: Shutting down and abandoning module IntroTutorials (520)
[2018.11.13-02.59.42:868][403]LogModuleManager: Shutting down and abandoning module GameProjectGeneration (519)
[2018.11.13-02.59.42:868][403]LogModuleManager: Shutting down and abandoning module LuminPlatformEditor (516)
[2018.11.13-02.59.42:868][403]LogModuleManager: Shutting down and abandoning module IOSPlatformEditor (514)
[2018.11.13-02.59.42:868][403]LogModuleManager: Shutting down and abandoning module HTML5PlatformEditor (512)
[2018.11.13-02.59.42:868][403]LogModuleManager: Shutting down and abandoning module AndroidPlatformEditor (510)
[2018.11.13-02.59.42:868][403]LogModuleManager: Shutting down and abandoning module AndroidDeviceDetection (509)
[2018.11.13-02.59.43:652][403]LogModuleManager: Shutting down and abandoning module WindowsPlatformEditor (506)
[2018.11.13-02.59.43:652][403]LogModuleManager: Shutting down and abandoning module LuminRuntimeSettings (504)
[2018.11.13-02.59.43:652][403]LogModuleManager: Shutting down and abandoning module IOSRuntimeSettings (502)
[2018.11.13-02.59.43:652][403]LogModuleManager: Shutting down and abandoning module AndroidRuntimeSettings (500)
[2018.11.13-02.59.43:652][403]LogModuleManager: Shutting down and abandoning module InputBindingEditor (498)
[2018.11.13-02.59.43:652][403]LogModuleManager: Shutting down and abandoning module MergeActors (496)
[2018.11.13-02.59.43:652][403]LogModuleManager: Shutting down and abandoning module LocalizationDashboard (494)
[2018.11.13-02.59.43:652][403]LogModuleManager: Shutting down and abandoning module LocalizationService (493)
[2018.11.13-02.59.43:652][403]LogModuleManager: Shutting down and abandoning module HardwareTargeting (490)
[2018.11.13-02.59.43:652][403]LogModuleManager: Shutting down and abandoning module DeviceProfileEditor (488)
[2018.11.13-02.59.43:652][403]LogModuleManager: Shutting down and abandoning module UndoHistory (486)
[2018.11.13-02.59.43:652][403]LogModuleManager: Shutting down and abandoning module XmlParser (484)
[2018.11.13-02.59.43:652][403]LogModuleManager: Shutting down and abandoning module Blutility (482)
[2018.11.13-02.59.43:652][403]LogModuleManager: Shutting down and abandoning module ProjectSettingsViewer (480)
[2018.11.13-02.59.43:653][403]LogModuleManager: Shutting down and abandoning module ProjectTargetPlatformEditor (479)
[2018.11.13-02.59.43:653][403]LogModuleManager: Shutting down and abandoning module EditorSettingsViewer (476)
[2018.11.13-02.59.43:653][403]LogModuleManager: Shutting down and abandoning module SettingsEditor (474)
[2018.11.13-02.59.43:653][403]LogModuleManager: Shutting down and abandoning module ProjectLauncher (472)
[2018.11.13-02.59.43:653][403]LogModuleManager: Shutting down and abandoning module SessionFrontend (470)
[2018.11.13-02.59.43:653][403]LogModuleManager: Shutting down and abandoning module ProfilerClient (468)
[2018.11.13-02.59.43:653][403]LogModuleManager: Shutting down and abandoning module DeviceManager (466)
[2018.11.13-02.59.43:653][403]LogModuleManager: Shutting down and abandoning module TargetDeviceServices (465)
[2018.11.13-02.59.43:718][403]LogModuleManager: Shutting down and abandoning module AutomationController (462)
[2018.11.13-02.59.43:718][403]LogModuleManager: Shutting down and abandoning module AutomationWindow (460)
[2018.11.13-02.59.43:718][403]LogModuleManager: Shutting down and abandoning module Layers (458)
[2018.11.13-02.59.43:718][403]LogModuleManager: Shutting down and abandoning module ComponentVisualizers (456)
[2018.11.13-02.59.43:718][403]LogModuleManager: Shutting down and abandoning module DetailCustomizations (454)
[2018.11.13-02.59.43:718][403]LogModuleManager: Shutting down and abandoning module PackagesDialog (452)
[2018.11.13-02.59.43:718][403]LogModuleManager: Shutting down and abandoning module Persona (450)
[2018.11.13-02.59.43:718][403]LogModuleManager: Shutting down and abandoning module AdvancedPreviewScene (449)
[2018.11.13-02.59.43:718][403]LogModuleManager: Shutting down and abandoning module AnimGraph (447)
[2018.11.13-02.59.43:718][403]LogModuleManager: Shutting down and abandoning module Kismet (444)
[2018.11.13-02.59.43:719][403]LogModuleManager: Shutting down and abandoning module GraphEditor (442)
[2018.11.13-02.59.43:719][403]LogModuleManager: Shutting down and abandoning module ClassViewer (440)
[2018.11.13-02.59.43:719][403]LogModuleManager: Shutting down and abandoning module Toolbox (438)
[2018.11.13-02.59.43:719][403]LogModuleManager: Shutting down and abandoning module ModuleUI (436)
[2018.11.13-02.59.43:719][403]LogModuleManager: Shutting down and abandoning module MovieSceneTools (434)
[2018.11.13-02.59.43:719][403]LogModuleManager: Shutting down and abandoning module OutputLog (432)
[2018.11.13-02.59.43:719][403]LogModuleManager: Shutting down and abandoning module GammaUI (430)
[2018.11.13-02.59.43:719][403]LogModuleManager: Shutting down and abandoning module Documentation (428)
[2018.11.13-02.59.43:719][403]LogModuleManager: Shutting down and abandoning module MovieSceneTracks (426)
[2018.11.13-02.59.43:719][403]LogModuleManager: Shutting down and abandoning module MovieScene (424)
[2018.11.13-02.59.43:719][403]LogModuleManager: Shutting down and abandoning module StreamingPauseRendering (422)
[2018.11.13-02.59.43:719][403]LogModuleManager: Shutting down and abandoning module LauncherPlatform (420)
[2018.11.13-02.59.43:719][403]LogModuleManager: Shutting down and abandoning module AnalyticsET (418)
[2018.11.13-02.59.43:719][403]LogModuleManager: Shutting down and abandoning module PortalServices (416)
[2018.11.13-02.59.43:719][403]LogModuleManager: Shutting down and abandoning module PortalRpc (414)
[2018.11.13-02.59.43:719][403]LogModuleManager: Shutting down and abandoning module MessagingRpc (412)
[2018.11.13-02.59.43:719][403]LogModuleManager: Shutting down and abandoning module AIModule (410)
[2018.11.13-02.59.43:719][403]LogModuleManager: Shutting down and abandoning module GameplayDebugger (409)
[2018.11.13-02.59.43:720][403]LogModuleManager: Shutting down and abandoning module AITestSuite (407)
[2018.11.13-02.59.43:720][403]LogModuleManager: Shutting down and abandoning module NavigationSystem (405)
[2018.11.13-02.59.43:720][403]LogModuleManager: Shutting down and abandoning module DesktopPlatform (402)
[2018.11.13-02.59.43:720][403]LogModuleManager: Shutting down and abandoning module ProfilerService (400)
[2018.11.13-02.59.43:916][403]LogModuleManager: Shutting down and abandoning module TaskGraph (398)
[2018.11.13-02.59.43:916][403]LogModuleManager: Shutting down and abandoning module SteamVRController (396)
[2018.11.13-02.59.43:916][403]LogModuleManager: Shutting down and abandoning module ProceduralMeshComponentEditor (394)
[2018.11.13-02.59.43:916][403]LogModuleManager: Shutting down and abandoning module ProceduralMeshComponent (392)
[2018.11.13-02.59.43:916][403]LogModuleManager: Shutting down and abandoning module OculusInput (390)
[2018.11.13-02.59.43:916][403]LogModuleManager: Shutting down and abandoning module MobilePatchingUtils (388)
[2018.11.13-02.59.43:916][403]LogModuleManager: Shutting down and abandoning module EditableMesh (386)
[2018.11.13-02.59.43:917][403]LogModuleManager: Shutting down and abandoning module CustomMeshComponent (384)
[2018.11.13-02.59.43:917][403]LogModuleManager: Shutting down and abandoning module CableComponent (382)
[2018.11.13-02.59.43:917][403]LogModuleManager: Shutting down and abandoning module AudioCapture (380)
[2018.11.13-02.59.43:917][403]LogModuleManager: Shutting down and abandoning module ArchVisCharacter (378)
[2018.11.13-02.59.43:917][403]LogModuleManager: Shutting down and abandoning module AndroidPermission (376)
[2018.11.13-02.59.43:917][403]LogModuleManager: Shutting down and abandoning module NUTUnrealEngine4 (374)
[2018.11.13-02.59.43:917][403]LogModuleManager: Shutting down and abandoning module NetcodeUnitTest (372)
[2018.11.13-02.59.43:917][403]LogModuleManager: Shutting down and abandoning module MediaCompositingEditor (370)
[2018.11.13-02.59.43:917][403]LogModuleManager: Shutting down and abandoning module MediaCompositing (368)
[2018.11.13-02.59.43:917][403]LogModuleManager: Shutting down and abandoning module LinearTimecode (366)
[2018.11.13-02.59.43:917][403]LogModuleManager: Shutting down and abandoning module ImgMedia (364)
[2018.11.13-02.59.43:920][403]LogModuleManager: Shutting down and abandoning module HTML5Networking (362)
[2018.11.13-02.59.43:920][403]LogModuleManager: Shutting down and abandoning module GeometryCacheTracks (360)
[2018.11.13-02.59.43:920][403]LogModuleManager: Shutting down and abandoning module GeometryCacheSequencer (358)
[2018.11.13-02.59.43:920][403]LogModuleManager: Shutting down and abandoning module BackChannel (356)
[2018.11.13-02.59.43:920][403]LogModuleManager: Shutting down and abandoning module AppleVision (354)
[2018.11.13-02.59.43:920][403]LogModuleManager: Shutting down and abandoning module AppleImageUtils (352)
[2018.11.13-02.59.43:920][403]LogModuleManager: Shutting down and abandoning module AlembicImporter (350)
[2018.11.13-02.59.43:920][403]LogModuleManager: Shutting down and abandoning module AlembicLibrary (349)
[2018.11.13-02.59.43:920][403]LogModuleManager: Shutting down and abandoning module GeometryCache (348)
[2018.11.13-02.59.43:920][403]LogModuleManager: Shutting down and abandoning module GeometryCacheEd (347)
[2018.11.13-02.59.43:920][403]LogModuleManager: Shutting down and abandoning module DatasmithContentEditor (342)
[2018.11.13-02.59.43:920][403]LogModuleManager: Shutting down and abandoning module DatasmithContent (340)
[2018.11.13-02.59.43:921][403]LogModuleManager: Shutting down and abandoning module SpeedTreeImporter (338)
[2018.11.13-02.59.43:921][403]LogModuleManager: Shutting down and abandoning module PluginBrowser (336)
[2018.11.13-02.59.43:921][403]LogModuleManager: Shutting down and abandoning module MobileLauncherProfileWizard (334)
[2018.11.13-02.59.43:921][403]LogModuleManager: Shutting down and abandoning module PolygonModeling (332)
[2018.11.13-02.59.43:921][403]LogModuleManager: Shutting down and abandoning module MeshEditor (330)
[2018.11.13-02.59.43:921][403]LogModuleManager: Shutting down and abandoning module CryptoKeysOpenSSL (328)
[2018.11.13-02.59.43:921][403]LogModuleManager: Shutting down and abandoning module CryptoKeys (326)
[2018.11.13-02.59.43:921][403]LogModuleManager: Shutting down and abandoning module VisualStudioSourceCodeAccess (324)
[2018.11.13-02.59.43:921][403]LogModuleManager: Shutting down and abandoning module VisualStudioCodeSourceCodeAccess (322)
[2018.11.13-02.59.43:921][403]LogModuleManager: Shutting down and abandoning module UObjectPlugin (320)
[2018.11.13-02.59.43:921][403]LogModuleManager: Shutting down and abandoning module SubversionSourceControl (318)
[2018.11.13-02.59.43:921][403]LogModuleManager: Shutting down and abandoning module PerforceSourceControl (316)
[2018.11.13-02.59.43:921][403]LogModuleManager: Shutting down and abandoning module GitSourceControl (314)
[2018.11.13-02.59.43:921][403]LogModuleManager: Shutting down and abandoning module SourceControl (313)
[2018.11.13-02.59.43:921][403]LogModuleManager: Shutting down and abandoning module CLionSourceCodeAccess (310)
[2018.11.13-02.59.43:921][403]LogModuleManager: Shutting down and abandoning module LightPropagationVolumeEditor (308)
[2018.11.13-02.59.43:921][403]LogModuleManager: Shutting down and abandoning module PaperTiledImporter (306)
[2018.11.13-02.59.43:921][403]LogModuleManager: Shutting down and abandoning module PaperSpriteSheetImporter (304)
[2018.11.13-02.59.43:921][403]LogModuleManager: Shutting down and abandoning module Paper2DEditor (302)
[2018.11.13-02.59.43:921][403]LogModuleManager: Shutting down and abandoning module MeshPaint (301)
[2018.11.13-02.59.43:922][403]LogModuleManager: Shutting down and abandoning module RuntimePhysXCooking (298)
[2018.11.13-02.59.43:922][403]LogModuleManager: Shutting down and abandoning module PhysXVehiclesEditor (296)
[2018.11.13-02.59.43:922][403]LogModuleManager: Shutting down and abandoning module PhysXVehicles (294)
[2018.11.13-02.59.43:922][403]LogModuleManager: Shutting down and abandoning module OculusEditor (292)
[2018.11.13-02.59.43:922][403]LogModuleManager: Shutting down and abandoning module LocationServicesBPLibrary (290)
[2018.11.13-02.59.43:922][403]LogModuleManager: Shutting down and abandoning module ImmediatePhysicsEditor (288)
[2018.11.13-02.59.43:922][403]LogModuleManager: Shutting down and abandoning module ImmediatePhysics (286)
[2018.11.13-02.59.43:922][403]LogModuleManager: Shutting down and abandoning module ActorSequence (284)
[2018.11.13-02.59.43:922][403]LogModuleManager: Shutting down and abandoning module UdpMessaging (282)
[2018.11.13-02.59.44:023][403]LogModuleManager: Shutting down and abandoning module TcpMessaging (280)
[2018.11.13-02.59.44:124][403]LogModuleManager: Shutting down and abandoning module MagicLeapAudio (278)
[2018.11.13-02.59.44:124][403]LogModuleManager: Shutting down and abandoning module GameplayTagsEditor (276)
[2018.11.13-02.59.44:124][403]LogModuleManager: Shutting down and abandoning module FacialAnimationEditor (274)
[2018.11.13-02.59.44:124][403]LogModuleManager: Shutting down and abandoning module FacialAnimation (272)
[2018.11.13-02.59.44:124][403]LogModuleManager: Shutting down and abandoning module DataValidation (270)
[2018.11.13-02.59.44:124][403]LogModuleManager: Shutting down and abandoning module AssetManagerEditor (268)
[2018.11.13-02.59.44:124][403]LogModuleManager: Shutting down and abandoning module LevelEditor (267)
[2018.11.13-02.59.44:125][403]LogModuleManager: Shutting down and abandoning module PixelInspectorModule (266)
[2018.11.13-02.59.44:125][403]LogModuleManager: Shutting down and abandoning module CommonMenuExtensions (264)
[2018.11.13-02.59.44:125][403]LogModuleManager: Shutting down and abandoning module MainFrame (262)
[2018.11.13-02.59.44:125][403]LogModuleManager: Shutting down and abandoning module HotReload (261)
[2018.11.13-02.59.44:126][403]LogModuleManager: Shutting down and abandoning module ContentBrowser (257)
[2018.11.13-02.59.44:127][403]LogModuleManager: Shutting down and abandoning module TreeMap (255)
[2018.11.13-02.59.44:127][403]LogModuleManager: Shutting down and abandoning module LightPropagationVolumeRuntime (252)
[2018.11.13-02.59.44:127][403]LogModuleManager: Shutting down and abandoning module AISupportModule (250)
[2018.11.13-02.59.44:127][403]LogModuleManager: Shutting down and abandoning module Paper2D (248)
[2018.11.13-02.59.44:127][403]LogModuleManager: Shutting down and abandoning module WindowsMoviePlayer (246)
[2018.11.13-02.59.44:127][403]LogModuleManager: Shutting down and abandoning module WmfMedia (244)
[2018.11.13-02.59.44:131][403]LogModuleManager: Shutting down and abandoning module Media (243)
[2018.11.13-02.59.44:137][403]LogModuleManager: Shutting down and abandoning module PacketHandler (240)
[2018.11.13-02.59.44:137][403]LogModuleManager: Shutting down and abandoning module ClothingSystemEditor (238)
[2018.11.13-02.59.44:137][403]LogModuleManager: Shutting down and abandoning module ClothingSystemRuntime (236)
[2018.11.13-02.59.44:137][403]LogModuleManager: Shutting down and abandoning module MediaAssets (234)
[2018.11.13-02.59.44:137][403]LogModuleManager: Shutting down and abandoning module Overlay (232)
[2018.11.13-02.59.44:137][403]LogModuleManager: Shutting down and abandoning module OverlayEditor (231)
[2018.11.13-02.59.44:137][403]LogModuleManager: Shutting down and abandoning module VREditor (228)
[2018.11.13-02.59.44:137][403]LogModuleManager: Shutting down and abandoning module StringTableEditor (226)
[2018.11.13-02.59.44:137][403]LogModuleManager: Shutting down and abandoning module GameplayTasksEditor (224)
[2018.11.13-02.59.44:137][403]LogModuleManager: Shutting down and abandoning module BehaviorTreeEditor (222)
[2018.11.13-02.59.44:137][403]LogModuleManager: Shutting down and abandoning module FunctionalTesting (220)
[2018.11.13-02.59.44:137][403]LogModuleManager: Shutting down and abandoning module CollisionAnalyzer (218)
[2018.11.13-02.59.44:137][403]LogModuleManager: Shutting down and abandoning module WorkspaceMenuStructure (217)
[2018.11.13-02.59.44:137][403]LogModuleManager: Shutting down and abandoning module UMG (214)
[2018.11.13-02.59.44:137][403]LogModuleManager: Shutting down and abandoning module UMGEditor (213)
[2018.11.13-02.59.44:138][403]LogModuleManager: Shutting down and abandoning module Sequencer (212)
[2018.11.13-02.59.44:138][403]LogModuleManager: Shutting down and abandoning module MessageLog (209)
[2018.11.13-02.59.44:138][403]LogModuleManager: Shutting down and abandoning module SlateReflector (204)
[2018.11.13-02.59.44:138][403]LogModuleManager: Shutting down and abandoning module Slate (202)
[2018.11.13-02.59.44:138][403]LogModuleManager: Shutting down and abandoning module EditorStyle (200)
[2018.11.13-02.59.44:140][403]LogModuleManager: Shutting down and abandoning module MRMesh (198)
[2018.11.13-02.59.44:140][403]LogModuleManager: Shutting down and abandoning module SourceCodeAccess (196)
[2018.11.13-02.59.44:140][403]LogModuleManager: Shutting down and abandoning module HeadMountedDisplay (194)
[2018.11.13-02.59.44:140][403]LogModuleManager: Shutting down and abandoning module XAudio2 (192)
[2018.11.13-02.59.44:140][403]LogModuleManager: Shutting down and abandoning module Networking (190)
[2018.11.13-02.59.44:140][403]LogModuleManager: Shutting down and abandoning module Core (188)
[2018.11.13-02.59.44:140][403]LogModuleManager: Shutting down and abandoning module LevelSequence (186)
[2018.11.13-02.59.44:140][403]LogModuleManager: Shutting down and abandoning module KismetCompiler (184)
[2018.11.13-02.59.44:140][403]LogModuleManager: Shutting down and abandoning module MeshUtilities (182)
[2018.11.13-02.59.44:140][403]LogModuleManager: Shutting down and abandoning module MeshMergeUtilities (181)
[2018.11.13-02.59.44:140][403]LogModuleManager: Shutting down and abandoning module MeshReductionInterface (180)
[2018.11.13-02.59.44:140][403]LogModuleManager: Shutting down and abandoning module SimplygonSwarm (179)
[2018.11.13-02.59.44:140][403]LogModuleManager: Shutting down and abandoning module ProxyLODMeshReduction (177)
[2018.11.13-02.59.44:140][403]LogModuleManager: Shutting down and abandoning module SimplygonMeshReduction (175)
[2018.11.13-02.59.44:140][403]LogModuleManager: Shutting down and abandoning module QuadricMeshReduction (173)
[2018.11.13-02.59.44:140][403]LogModuleManager: Shutting down and abandoning module MaterialBaking (169)
[2018.11.13-02.59.44:140][403]LogModuleManager: Shutting down and abandoning module DirectoryWatcher (165)
[2018.11.13-02.59.44:141][403]LogModuleManager: Shutting down and abandoning module DerivedDataCache (162)
[2018.11.13-02.59.44:174][403]LogDerivedDataCache: Shutdown
[2018.11.13-02.59.44:174][403]LogModuleManager: Shutting down and abandoning module XGEController (160)
[2018.11.13-02.59.44:174][403]LogXGEController: Cleaning working directory: C:/Users/P/AppData/Local/Temp/UnrealXGEWorkingDir/
[2018.11.13-02.59.44:174][403]LogModuleManager: Shutting down and abandoning module TargetPlatform (158)
[2018.11.13-02.59.44:174][403]LogModuleManager: Shutting down and abandoning module VulkanShaderFormat (157)
[2018.11.13-02.59.44:175][403]LogModuleManager: Shutting down and abandoning module ShaderFormatVectorVM (155)
[2018.11.13-02.59.44:175][403]LogModuleManager: Shutting down and abandoning module ShaderFormatOpenGL (153)
[2018.11.13-02.59.44:175][403]LogModuleManager: Shutting down and abandoning module ShaderFormatD3D (151)
[2018.11.13-02.59.44:175][403]LogModuleManager: Shutting down and abandoning module MetalShaderFormat (149)
[2018.11.13-02.59.44:175][403]LogModuleManager: Shutting down and abandoning module TextureFormatUncompressed (147)
[2018.11.13-02.59.44:175][403]LogModuleManager: Shutting down and abandoning module TextureFormatPVR (145)
[2018.11.13-02.59.44:175][403]LogModuleManager: Shutting down and abandoning module TextureFormatDXT (143)
[2018.11.13-02.59.44:175][403]LogModuleManager: Shutting down and abandoning module TextureFormatIntelISPCTexComp (141)
[2018.11.13-02.59.44:175][403]LogModuleManager: Shutting down and abandoning module TextureFormatASTC (139)
[2018.11.13-02.59.44:175][403]LogModuleManager: Shutting down and abandoning module ImageWrapper (138)
[2018.11.13-02.59.44:175][403]LogModuleManager: Shutting down and abandoning module TextureFormatAndroid (135)
[2018.11.13-02.59.44:175][403]LogModuleManager: Shutting down and abandoning module AudioFormatOpus (133)
[2018.11.13-02.59.44:175][403]LogModuleManager: Shutting down and abandoning module AudioFormatOgg (131)
[2018.11.13-02.59.44:175][403]LogModuleManager: Shutting down and abandoning module AudioFormatADPCM (129)
[2018.11.13-02.59.44:175][403]LogModuleManager: Shutting down and abandoning module LuminTargetPlatform (127)
[2018.11.13-02.59.44:175][403]LogModuleManager: Shutting down and abandoning module LinuxTargetPlatform (125)
[2018.11.13-02.59.44:175][403]LogModuleManager: Shutting down and abandoning module LinuxServerTargetPlatform (123)
[2018.11.13-02.59.44:175][403]LogModuleManager: Shutting down and abandoning module LinuxNoEditorTargetPlatform (121)
[2018.11.13-02.59.44:175][403]LogModuleManager: Shutting down and abandoning module LinuxClientTargetPlatform (119)
[2018.11.13-02.59.44:175][403]LogModuleManager: Shutting down and abandoning module TVOSTargetPlatform (117)
[2018.11.13-02.59.44:178][403]LogModuleManager: Shutting down and abandoning module Messaging (115)
[2018.11.13-02.59.44:178][403]LogModuleManager: Shutting down and abandoning module IOSTargetPlatform (113)
[2018.11.13-02.59.44:180][403]LogModuleManager: Shutting down and abandoning module HTML5TargetPlatform (111)
[2018.11.13-02.59.44:180][403]LogModuleManager: Shutting down and abandoning module AndroidTargetPlatform (109)
[2018.11.13-02.59.44:195][403]LogModuleManager: Shutting down and abandoning module WindowsTargetPlatform (107)
[2018.11.13-02.59.44:195][403]LogModuleManager: Shutting down and abandoning module WindowsServerTargetPlatform (105)
[2018.11.13-02.59.44:195][403]LogModuleManager: Shutting down and abandoning module WindowsNoEditorTargetPlatform (103)
[2018.11.13-02.59.44:195][403]LogModuleManager: Shutting down and abandoning module WindowsClientTargetPlatform (101)
[2018.11.13-02.59.44:195][403]LogModuleManager: Shutting down and abandoning module MacTargetPlatform (99)
[2018.11.13-02.59.44:195][403]LogModuleManager: Shutting down and abandoning module MacServerTargetPlatform (97)
[2018.11.13-02.59.44:195][403]LogModuleManager: Shutting down and abandoning module MacNoEditorTargetPlatform (95)
[2018.11.13-02.59.44:196][403]LogModuleManager: Shutting down and abandoning module MacClientTargetPlatform (93)
[2018.11.13-02.59.44:196][403]LogModuleManager: Shutting down and abandoning module AllDesktopTargetPlatform (91)
[2018.11.13-02.59.44:196][403]LogModuleManager: Shutting down and abandoning module InputCore (88)
[2018.11.13-02.59.44:196][403]LogModuleManager: Shutting down and abandoning module Settings (86)
[2018.11.13-02.59.44:196][403]LogModuleManager: Shutting down and abandoning module PhysXCooking (84)
[2018.11.13-02.59.44:196][403]LogModuleManager: Shutting down and abandoning module SteamVR (82)
[2018.11.13-02.59.44:196][403]LogModuleManager: Shutting down and abandoning module OculusHMD (80)
[2018.11.13-02.59.44:196][403]LogModuleManager: Shutting down and abandoning module ExampleDeviceProfileSelector (78)
[2018.11.13-02.59.44:196][403]LogModuleManager: Shutting down and abandoning module LauncherChunkInstaller (76)
[2018.11.13-02.59.44:196][403]LogModuleManager: Shutting down and abandoning module OnlineBlueprintSupport (74)
[2018.11.13-02.59.44:196][403]LogModuleManager: Shutting down and abandoning module OnlineSubsystem (70)
[2018.11.13-02.59.44:197][403]LogModuleManager: Shutting down and abandoning module XMPP (65)
[2018.11.13-02.59.44:197][403]LogModuleManager: Shutting down and abandoning module WebSockets (64)
[2018.11.13-02.59.44:231][403]LogModuleManager: Shutting down and abandoning module HTTP (61)
[2018.11.13-02.59.44:231][403]LogHttp: Display: Http module shutting down, but needs to wait on 1 outstanding Http requests:
[2018.11.13-02.59.44:231][403]LogHttp: Display: 	verb=[POST] url=[https://datarouter.ol.epicgames.com/datarouter/api/v1/public/data?SessionID=%7BAF892CF2-4C5D-856B-278B-ABA2BB1B63D8%7D&AppID=UEEditor.Rocket.Release&AppVersion=4.20.3-4369336%2B%2B%2BUE4%2BRelease-4.20&UserID=ef9869264e260f7347e22a83733310bf%7C37be36ec409e4448912e0c43e593d1c8%7C1e0ea301-63d6-423a-a581-ff6fb8035dc0&AppEnvironment=datacollector-binary&UploadType=eteventstream] status=Processing
[2018.11.13-02.59.44:247][403]LogModuleManager: Shutting down and abandoning module SSL (60)
[2018.11.13-02.59.44:248][403]LogModuleManager: Shutting down and abandoning module MagicLeapEmulator (56)
[2018.11.13-02.59.44:248][403]LogModuleManager: Shutting down and abandoning module MagicLeapPrivileges (54)
[2018.11.13-02.59.44:248][403]LogModuleManager: Shutting down and abandoning module MagicLeapIdentity (52)
[2018.11.13-02.59.44:248][403]LogModuleManager: Shutting down and abandoning module MagicLeapHelperVulkan (50)
[2018.11.13-02.59.44:248][403]LogModuleManager: Shutting down and abandoning module MagicLeapHelperOpenGL (48)
[2018.11.13-02.59.44:248][403]LogModuleManager: Shutting down and abandoning module MagicLeapSecureStorage (46)
[2018.11.13-02.59.44:248][403]LogModuleManager: Shutting down and abandoning module MagicLeapGestures (44)
[2018.11.13-02.59.44:248][403]LogModuleManager: Shutting down and abandoning module MagicLeapEyeTracker (42)
[2018.11.13-02.59.44:248][403]LogModuleManager: Shutting down and abandoning module MagicLeapController (40)
[2018.11.13-02.59.44:248][403]LogSlate: Slate User Destroyed.  User Index 0, Is Virtual User: 0
[2018.11.13-02.59.44:248][403]LogModuleManager: Shutting down and abandoning module MagicLeap (38)
[2018.11.13-02.59.44:249][403]LogModuleManager: Shutting down and abandoning module AnimationModifiers (36)
[2018.11.13-02.59.44:249][403]LogModuleManager: Shutting down and abandoning module PropertyEditor (35)
[2018.11.13-02.59.44:249][403]LogModuleManager: Shutting down and abandoning module AudioEditor (32)
[2018.11.13-02.59.44:249][403]LogModuleManager: Shutting down and abandoning module TextureCompressor (30)
[2018.11.13-02.59.44:249][403]LogModuleManager: Shutting down and abandoning module ShaderCore (28)
[2018.11.13-02.59.44:249][403]LogModuleManager: Shutting down and abandoning module Landscape (26)
[2018.11.13-02.59.44:249][403]LogModuleManager: Shutting down and abandoning module SlateRHIRenderer (24)
[2018.11.13-02.59.44:250][403]LogModuleManager: Shutting down and abandoning module OpenGLDrv (22)
[2018.11.13-02.59.44:250][403]LogModuleManager: Shutting down and abandoning module D3D11RHI (20)
[2018.11.13-02.59.44:250][403]LogModuleManager: Shutting down and abandoning module AnimGraphRuntime (18)
[2018.11.13-02.59.44:250][403]LogModuleManager: Shutting down and abandoning module Renderer (16)
[2018.11.13-02.59.44:250][403]LogModuleManager: Shutting down and abandoning module Engine (14)
[2018.11.13-02.59.44:250][403]LogModuleManager: Shutting down and abandoning module CoreUObject (12)
[2018.11.13-02.59.44:250][403]LogModuleManager: Shutting down and abandoning module NetworkFile (10)
[2018.11.13-02.59.44:250][403]LogModuleManager: Shutting down and abandoning module CookedIterativeFile (8)
[2018.11.13-02.59.44:250][403]LogModuleManager: Shutting down and abandoning module StreamingFile (6)
[2018.11.13-02.59.44:250][403]LogModuleManager: Shutting down and abandoning module SandboxFile (4)
[2018.11.13-02.59.44:250][403]LogModuleManager: Shutting down and abandoning module PakFile (2)
[2018.11.13-02.59.44:260][403]LogExit: Exiting.
[2018.11.13-02.59.44:289][403]Log file closed, 11/12/18 20:59:44
