Log file open, 11/19/18 00:22:23
LogWindows: Failed to load 'aqProf.dll' (GetLastError=126)
LogWindows: File 'aqProf.dll' does not exist
LogWindows: Failed to load 'VSPerf140.dll' (GetLastError=126)
LogWindows: File 'VSPerf140.dll' does not exist
LogWindows: Failed to load 'VtuneApi.dll' (GetLastError=126)
LogWindows: File 'VtuneApi.dll' does not exist
LogWindows: Failed to load 'VtuneApi32e.dll' (GetLastError=126)
LogWindows: File 'VtuneApi32e.dll' does not exist
LogInit: Display: Running engine for game: XCP
LogPlatformFile: Not using cached read wrapper
LogTaskGraph: Started task graph with 5 named threads and 35 total threads with 3 sets of task threads.
LogStats: Stats thread started at 0.406828
LogD3D11RHI: Loaded GFSDK_Aftermath_Lib.x64.dll
LogICUInternationalization: Display: ICU TimeZone Detection - Raw Offset: -6:00, Platform Override: ''
LogPluginManager: Mounting plugin Paper2D
LogPluginManager: Mounting plugin AISupport
LogPluginManager: Mounting plugin LightPropagationVolume
LogPluginManager: Mounting plugin CLionSourceCodeAccess
LogPluginManager: Mounting plugin CodeLiteSourceCodeAccess
LogPluginManager: Mounting plugin GitSourceControl
LogPluginManager: Mounting plugin KDevelopSourceCodeAccess
LogPluginManager: Mounting plugin NullSourceCodeAccess
LogPluginManager: Mounting plugin PerforceSourceControl
LogPluginManager: Mounting plugin SubversionSourceControl
LogPluginManager: Mounting plugin UObjectPlugin
LogPluginManager: Mounting plugin VisualStudioCodeSourceCodeAccess
LogPluginManager: Mounting plugin VisualStudioSourceCodeAccess
LogPluginManager: Mounting plugin XCodeSourceCodeAccess
LogPluginManager: Mounting plugin AssetManagerEditor
LogPluginManager: Mounting plugin CryptoKeys
LogPluginManager: Mounting plugin DataValidation
LogPluginManager: Mounting plugin FacialAnimation
LogPluginManager: Mounting plugin GameplayTagsEditor
LogPluginManager: Mounting plugin MacGraphicsSwitching
LogPluginManager: Mounting plugin MeshEditor
LogPluginManager: Mounting plugin MobileLauncherProfileWizard
LogPluginManager: Mounting plugin PluginBrowser
LogPluginManager: Mounting plugin SpeedTreeImporter
LogPluginManager: Mounting plugin DatasmithContent
LogPluginManager: Mounting plugin AlembicImporter
LogPluginManager: Mounting plugin AppleImageUtils
LogPluginManager: Mounting plugin AppleVision
LogPluginManager: Mounting plugin BackChannel
LogPluginManager: Mounting plugin CharacterAI
LogPluginManager: Mounting plugin GeometryCache
LogPluginManager: Mounting plugin HTML5Networking
LogPluginManager: Mounting plugin ProxyLODPlugin
LogPluginManager: Mounting plugin MagicLeap
LogPluginManager: Mounting plugin MagicLeapEmulator
LogPluginManager: Mounting plugin MagicLeapMedia
LogPluginManager: Mounting plugin AndroidMedia
LogPluginManager: Mounting plugin AvfMedia
LogPluginManager: Mounting plugin ImgMedia
LogPluginManager: Mounting plugin LinearTimecode
LogPluginManager: Mounting plugin MediaCompositing
LogPluginManager: Mounting plugin MediaPlayerEditor
LogPluginManager: Mounting plugin WmfMedia
LogPluginManager: Mounting plugin TcpMessaging
LogPluginManager: Mounting plugin UdpMessaging
LogPluginManager: Mounting plugin ActorSequence
LogPluginManager: Mounting plugin LevelSequenceEditor
LogPluginManager: Mounting plugin MatineeToLevelSequence
LogPluginManager: Mounting plugin NetcodeUnitTest
LogPluginManager: Mounting plugin NUTUnrealEngine4
LogPluginManager: Mounting plugin OnlineSubsystemGooglePlay
LogPluginManager: Mounting plugin OnlineSubsystemIOS
LogPluginManager: Mounting plugin OnlineSubsystem
LogPluginManager: Mounting plugin OnlineSubsystemNull
LogPluginManager: Mounting plugin OnlineSubsystemUtils
LogPluginManager: Mounting plugin LauncherChunkInstaller
LogPluginManager: Mounting plugin AndroidDeviceProfileSelector
LogPluginManager: Mounting plugin AndroidMoviePlayer
LogPluginManager: Mounting plugin AndroidPermission
LogPluginManager: Mounting plugin AppleMoviePlayer
LogPluginManager: Mounting plugin ArchVisCharacter
LogPluginManager: Mounting plugin AudioCapture
LogPluginManager: Mounting plugin CableComponent
LogPluginManager: Mounting plugin CustomMeshComponent
LogPluginManager: Mounting plugin EditableMesh
LogPluginManager: Mounting plugin ExampleDeviceProfileSelector
LogPluginManager: Mounting plugin GoogleCloudMessaging
LogPluginManager: Mounting plugin ImmediatePhysics
LogPluginManager: Mounting plugin IOSDeviceProfileSelector
LogPluginManager: Mounting plugin LinuxDeviceProfileSelector
LogPluginManager: Mounting plugin LocationServicesBPLibrary
LogPluginManager: Mounting plugin MobilePatchingUtils
LogPluginManager: Mounting plugin OculusVR
LogPluginManager: Plugin shader directory ../../../Engine/Plugins/Runtime/Oculus/OculusVR/Shaders found
LogPluginManager: Mapping shader source directory ../../../Engine/Plugins/Runtime/Oculus/OculusVR/Shaders to virtual directory /Plugin/OculusVR
LogPluginManager: Mounting plugin PhysXVehicles
LogPluginManager: Mounting plugin ProceduralMeshComponent
LogPluginManager: Mounting plugin RuntimePhysXCooking
LogPluginManager: Mounting plugin SteamVR
LogPluginManager: Mounting plugin WindowsMoviePlayer
LogStreaming: Display: Took  0.117s to configure plugins.
LogInit: Using libcurl 7.55.1-DEV
LogInit:  - built for x86_64-pc-win32
LogInit:  - supports SSL with OpenSSL/1.0.2h
LogInit:  - supports HTTP deflate (compression) using libz 1.2.8
LogInit:  - other features:
LogInit:      CURL_VERSION_SSL
LogInit:      CURL_VERSION_LIBZ
LogInit:      CURL_VERSION_IPV6
LogInit:      CURL_VERSION_ASYNCHDNS
LogInit:      CURL_VERSION_LARGEFILE
LogInit:      CURL_VERSION_IDN
LogInit:  CurlRequestOptions (configurable via config and command line):
LogInit:  - bVerifyPeer = false  - Libcurl will NOT verify peer certificate
LogInit:  - bUseHttpProxy = false  - Libcurl will NOT use HTTP proxy
LogInit:  - bDontReuseConnections = false  - Libcurl will reuse connections
LogInit:  - CertBundlePath = nullptr  - Libcurl will use whatever was configured at build time.
LogInit:  - MaxHostConnections = 16  - Libcurl will limit the number of connections to a host
LogInit:  - LocalHostAddr = Default
LogInit:  - BufferSize = 65536
LogInit: WinSock: version 1.1 (2.2), MaxSocks=32767, MaxUdp=65467
LogInit: Build: ++UE4+Release-4.20-CL-4302132
LogInit: Engine Version: 4.20.2-4302132+++UE4+Release-4.20
LogInit: Compatible Engine Version: 4.20.0-4212847+++UE4+Release-4.20
LogInit: Net CL: 4212847
LogInit: OS: Windows 10 (), CPU: Intel(R) Core(TM) i7-8750H CPU @ 2.20GHz, GPU: NVIDIA GeForce GTX 1060
LogInit: Compiled (64-bit): Aug 21 2018 02:06:06
LogInit: Compiled with Visual C++: 19.13.26129.00
LogInit: Build Configuration: Development
LogInit: Branch Name: ++UE4+Release-4.20
LogInit: Command Line: 
LogInit: Base Directory: C:/Program Files/Epic Games/UE_4.20/Engine/Binaries/Win64/
LogInit: Installed Engine Build: 1
LogDevObjectVersion: Number of dev versions registered: 20
LogDevObjectVersion:   Dev-Blueprints (B0D832E4-1F89-4F0D-ACCF-7EB736FD4AA2): 10
LogDevObjectVersion:   Dev-Build (E1C64328-A22C-4D53-A36C-8E866417BD8C): 0
LogDevObjectVersion:   Dev-Core (375EC13C-06E4-48FB-B500-84F0262A717E): 2
LogDevObjectVersion:   Dev-Editor (E4B068ED-F494-42E9-A231-DA0B2E46BB41): 24
LogDevObjectVersion:   Dev-Framework (CFFC743F-43B0-4480-9391-14DF171D2073): 34
LogDevObjectVersion:   Dev-Mobile (B02B49B5-BB20-44E9-A304-32B752E40360): 2
LogDevObjectVersion:   Dev-Networking (A4E4105C-59A1-49B5-A7C5-40C4547EDFEE): 0
LogDevObjectVersion:   Dev-Online (39C831C9-5AE6-47DC-9A44-9C173E1C8E7C): 0
LogDevObjectVersion:   Dev-Physics (78F01B33-EBEA-4F98-B9B4-84EACCB95AA2): 0
LogDevObjectVersion:   Dev-Platform (6631380F-2D4D-43E0-8009-CF276956A95A): 0
LogDevObjectVersion:   Dev-Rendering (12F88B9F-8875-4AFC-A67C-D90C383ABD29): 26
LogDevObjectVersion:   Dev-Sequencer (7B5AE74C-D270-4C10-A958-57980B212A5A): 9
LogDevObjectVersion:   Dev-VR (D7296918-1DD6-4BDD-9DE2-64A83CC13884): 2
LogDevObjectVersion:   Dev-LoadTimes (C2A15278-BFE7-4AFE-6C17-90FF531DF755): 1
LogDevObjectVersion:   Private-Geometry (6EACA3D4-40EC-4CC1-B786-8BED09428FC5): 3
LogDevObjectVersion:   Dev-AnimPhys (29E575DD-E0A3-4627-9D10-D276232CDCEA): 17
LogDevObjectVersion:   Dev-ReflectionCapture (6B266CEC-1EC7-4B8F-A30B-E4D90942FC07): 1
LogDevObjectVersion:   Dev-Automation (0DF73D61-A23F-47EA-B727-89E90C41499A): 1
LogDevObjectVersion:   FortniteMain (601D1886-AC64-4F84-AA16-D3DE0DEAC7D6): 12
LogDevObjectVersion:   Dev-Enterprise (9DFFBCD6-494F-0158-E221-12823C92A888): 1
LogStreaming: Display: Took  0.006s to delete old logs.
LogInit: Presizing for max 8388607 objects, including 0 objects not considered by GC, pre-allocating 0 bytes for permanent pool.
LogInit: Object subsystem initialized
[2018.11.19-06.22.23:493][  0]LogInit: Selected Device Profile: [Windows]
[2018.11.19-06.22.23:493][  0]LogInit: Applying CVar settings loaded from the selected device profile: [Windows]
[2018.11.19-06.22.23:502][  0]LogHAL: Display: Platform has ~ 16 GB [17052700672 / 17179869184 / 16], which maps to Larger [LargestMinGB=32, LargerMinGB=12, DefaultMinGB=8, SmallerMinGB=6, SmallestMinGB=0)
[2018.11.19-06.22.23:502][  0]LogInit: Setting Device Profile CVar: [[r.Vulkan.UseRealUBs:1]]
[2018.11.19-06.22.23:502][  0]LogInit: Going up to parent DeviceProfile []
[2018.11.19-06.22.23:502][  0]LogInit: Computer: MSI
[2018.11.19-06.22.23:502][  0]LogInit: User: Luis
[2018.11.19-06.22.23:502][  0]LogInit: CPU Page size=4096, Cores=6
[2018.11.19-06.22.23:502][  0]LogInit: High frequency timer resolution =2.156251 MHz
[2018.11.19-06.22.23:503][  0]LogMemory: Memory total: Physical=15.9GB (16GB approx)
[2018.11.19-06.22.23:503][  0]LogMemory: Platform Memory Stats for Windows
[2018.11.19-06.22.23:503][  0]LogMemory: Process Physical Memory: 102.04 MB used, 102.04 MB peak
[2018.11.19-06.22.23:503][  0]LogMemory: Process Virtual Memory: 97.99 MB used, 97.99 MB peak
[2018.11.19-06.22.23:503][  0]LogMemory: Physical Memory: 8962.76 MB used,  7299.96 MB free, 16262.72 MB total
[2018.11.19-06.22.23:503][  0]LogMemory: Virtual Memory: 4669.24 MB used,  7299.96 MB free, 134217728.00 MB total
[2018.11.19-06.22.24:007][  0]LogInit: Using OS detected language (en-US).
[2018.11.19-06.22.24:007][  0]LogInit: Using OS detected locale (en-US).
[2018.11.19-06.22.24:008][  0]LogTextLocalizationManager: No specific localization for 'en-US' exists, so the 'en' localization will be used.
[2018.11.19-06.22.24:318][  0]LogStreaming: Display: Took  0.311s to InitEngineTextLocalization.
[2018.11.19-06.22.24:318][  0]LogInit: Setting process to per monitor DPI aware
[2018.11.19-06.22.24:359][  0]LogSlate: New Slate User Created.  User Index 0, Is Virtual User: 0
[2018.11.19-06.22.24:360][  0]LogSlate: Slate User Registered.  User Index 0, Is Virtual User: 0
[2018.11.19-06.22.24:502][  0]LogHMD: Failed to initialize OpenVR with code 110
[2018.11.19-06.22.24:502][  0]LogD3D11RHI: D3D11 adapters:
[2018.11.19-06.22.24:569][  0]LogD3D11RHI:    0. 'NVIDIA GeForce GTX 1060' (Feature Level 11_0)
[2018.11.19-06.22.24:569][  0]LogD3D11RHI:       6052/0/8131 MB DedicatedVideo/DedicatedSystem/SharedSystem, Outputs:1, VendorId:0x10de
[2018.11.19-06.22.24:600][  0]LogD3D11RHI:    1. 'Intel(R) UHD Graphics 630' (Feature Level 11_0)
[2018.11.19-06.22.24:600][  0]LogD3D11RHI:       128/0/8131 MB DedicatedVideo/DedicatedSystem/SharedSystem, Outputs:0, VendorId:0x8086
[2018.11.19-06.22.24:602][  0]LogD3D11RHI:    2. 'Microsoft Basic Render Driver' (Feature Level 11_0)
[2018.11.19-06.22.24:602][  0]LogD3D11RHI:       0/0/8131 MB DedicatedVideo/DedicatedSystem/SharedSystem, Outputs:0, VendorId:0x1414
[2018.11.19-06.22.24:602][  0]LogD3D11RHI: Chosen D3D11 Adapter: 0
[2018.11.19-06.22.24:610][  0]LogD3D11RHI: Creating new Direct3DDevice
[2018.11.19-06.22.24:610][  0]LogD3D11RHI:     GPU DeviceId: 0x1c20 (for the marketing name, search the web for "GPU Device Id")
[2018.11.19-06.22.24:610][  0]LogWindows: EnumDisplayDevices:
[2018.11.19-06.22.24:610][  0]LogWindows:    0. 'Intel(R) UHD Graphics 630' (P:0 D:0)
[2018.11.19-06.22.24:611][  0]LogWindows:    1. 'Intel(R) UHD Graphics 630' (P:0 D:0)
[2018.11.19-06.22.24:611][  0]LogWindows:    2. 'Intel(R) UHD Graphics 630' (P:0 D:0)
[2018.11.19-06.22.24:611][  0]LogWindows:    3. 'NVIDIA GeForce GTX 1060' (P:1 D:1)
[2018.11.19-06.22.24:611][  0]LogWindows:    4. 'NVIDIA GeForce GTX 1060' (P:0 D:0)
[2018.11.19-06.22.24:612][  0]LogWindows:    5. 'NVIDIA GeForce GTX 1060' (P:0 D:0)
[2018.11.19-06.22.24:612][  0]LogWindows:    6. 'NVIDIA GeForce GTX 1060' (P:0 D:0)
[2018.11.19-06.22.24:612][  0]LogWindows: DebugString: PrimaryIsNotTheChoosenAdapter PrimaryIsNotTheChoosenAdapter PrimaryIsNotTheChoosenAdapter FoundDriverCount:4 
[2018.11.19-06.22.24:612][  0]LogD3D11RHI:     Adapter Name: NVIDIA GeForce GTX 1060
[2018.11.19-06.22.24:612][  0]LogD3D11RHI:   Driver Version: 398.11 (internal:24.21.13.9811, unified:398.11)
[2018.11.19-06.22.24:612][  0]LogD3D11RHI:      Driver Date: 6-1-2018
[2018.11.19-06.22.24:612][  0]LogRHI: Texture pool is 4236 MB (70% of 6052 MB)
[2018.11.19-06.22.24:649][  0]LogD3D11RHI: Async texture creation enabled
[2018.11.19-06.22.24:671][  0]LogD3D11RHI: GPU Timing Frequency: 1000.000000 (Debug: 2 2)
[2018.11.19-06.22.24:720][  0]LogShaderCompilers: Guid format shader working directory is -28 characters bigger than the processId version (../../../../../../Users/Luis/Documents/GitHub/New_Prototype/BP_Cplusplus/Intermediate/Shaders/WorkingDirectory/20588/).
[2018.11.19-06.22.24:720][  0]LogShaderCompilers: Cleaned the shader compiler working directory 'C:/Users/Luis/AppData/Local/Temp/UnrealShaderWorkingDir/5E983A45490940D118EB8EB2F3F80BA4/'.
[2018.11.19-06.22.24:981][  0]LogTemp: Display: Loaded TP AllDesktopTargetPlatform
[2018.11.19-06.22.24:993][  0]LogTemp: Display: Loaded TP MacClientTargetPlatform
[2018.11.19-06.22.25:005][  0]LogTemp: Display: Loaded TP MacNoEditorTargetPlatform
[2018.11.19-06.22.25:018][  0]LogTemp: Display: Loaded TP MacServerTargetPlatform
[2018.11.19-06.22.25:033][  0]LogTemp: Display: Loaded TP MacTargetPlatform
[2018.11.19-06.22.25:046][  0]LogTemp: Display: Loaded TP WindowsClientTargetPlatform
[2018.11.19-06.22.25:059][  0]LogTemp: Display: Loaded TP WindowsNoEditorTargetPlatform
[2018.11.19-06.22.25:073][  0]LogTemp: Display: Loaded TP WindowsServerTargetPlatform
[2018.11.19-06.22.25:081][  0]LogTemp: Display: Loaded TP WindowsTargetPlatform
[2018.11.19-06.22.25:157][  0]LogTemp: Display: Loaded TP AndroidTargetPlatform
[2018.11.19-06.22.25:157][  0]LogTemp: Display: Loaded TP AndroidTargetPlatform
[2018.11.19-06.22.25:157][  0]LogTemp: Display: Loaded TP AndroidTargetPlatform
[2018.11.19-06.22.25:157][  0]LogTemp: Display: Loaded TP AndroidTargetPlatform
[2018.11.19-06.22.25:157][  0]LogTemp: Display: Loaded TP AndroidTargetPlatform
[2018.11.19-06.22.25:157][  0]LogTemp: Display: Loaded TP AndroidTargetPlatform
[2018.11.19-06.22.25:157][  0]LogTemp: Display: Loaded TP AndroidTargetPlatform
[2018.11.19-06.22.25:157][  0]LogTemp: Display: Loaded TP AndroidTargetPlatform
[2018.11.19-06.22.25:157][  0]LogTemp: Display: Loaded TP AndroidTargetPlatform
[2018.11.19-06.22.25:157][  0]LogTemp: Display: Loaded TP AndroidTargetPlatform
[2018.11.19-06.22.25:157][  0]LogTemp: Display: Loaded TP AndroidTargetPlatform
[2018.11.19-06.22.25:157][  0]LogTemp: Display: Loaded TP AndroidTargetPlatform
[2018.11.19-06.22.25:157][  0]LogTemp: Display: Loaded TP AndroidTargetPlatform
[2018.11.19-06.22.25:157][  0]LogTemp: Display: Loaded TP AndroidTargetPlatform
[2018.11.19-06.22.25:157][  0]LogTemp: Display: Loaded TP AndroidTargetPlatform
[2018.11.19-06.22.25:157][  0]LogTemp: Display: Loaded TP AndroidTargetPlatform
[2018.11.19-06.22.25:157][  0]LogTemp: Display: Loaded TP AndroidTargetPlatform
[2018.11.19-06.22.25:157][  0]LogTemp: Display: Loaded TP AndroidTargetPlatform
[2018.11.19-06.22.25:159][  0]LogTemp: Display: Loaded TP HTML5TargetPlatform
[2018.11.19-06.22.25:217][  0]LogTemp: Display: Loaded TP IOSTargetPlatform
[2018.11.19-06.22.25:217][  0]LogTemp: Display: Loaded TP IOSTargetPlatform
[2018.11.19-06.22.25:238][  0]LogTemp: Display: Loaded TP TVOSTargetPlatform
[2018.11.19-06.22.25:238][  0]LogTemp: Display: Loaded TP TVOSTargetPlatform
[2018.11.19-06.22.25:249][  0]LogTemp: Display: Loaded TP LinuxClientTargetPlatform
[2018.11.19-06.22.25:259][  0]LogTemp: Display: Loaded TP LinuxNoEditorTargetPlatform
[2018.11.19-06.22.25:271][  0]LogTemp: Display: Loaded TP LinuxServerTargetPlatform
[2018.11.19-06.22.25:283][  0]LogTemp: Display: Loaded TP LinuxTargetPlatform
[2018.11.19-06.22.25:291][  0]LogTemp: Display: Loaded TP LuminTargetPlatform
[2018.11.19-06.22.25:292][  0]LogTargetPlatformManager: Display: Building Assets For Windows
[2018.11.19-06.22.25:356][  0]LogXGEController: Cannot use XGE Controller as Incredibuild is not installed on this machine.
[2018.11.19-06.22.25:356][  0]LogShaderCompilers: Cannot use XGE Shader Compiler as Incredibuild is not installed on this machine.
[2018.11.19-06.22.25:356][  0]LogShaderCompilers: Display: Using Local Shader Compiler.
[2018.11.19-06.22.25:949][  0]LogDerivedDataCache: Display: Max Cache Size: 512 MB
[2018.11.19-06.22.25:993][  0]LogDerivedDataCache: Loaded boot cache 0.04s 71MB C:/Users/Luis/AppData/Local/UnrealEngine/4.20/DerivedDataCache/Boot.ddc.
[2018.11.19-06.22.25:994][  0]LogDerivedDataCache: Display: Loaded Boot cache: C:/Users/Luis/AppData/Local/UnrealEngine/4.20/DerivedDataCache/Boot.ddc
[2018.11.19-06.22.25:994][  0]LogDerivedDataCache: FDerivedDataBackendGraph:  Pak pak cache file ../../../../../../Users/Luis/Documents/GitHub/New_Prototype/BP_Cplusplus/DerivedDataCache/DDC.ddp not found, will not use a pak cache.
[2018.11.19-06.22.25:994][  0]LogDerivedDataCache: Unable to find inner node Pak for hierarchical cache Hierarchy.
[2018.11.19-06.22.25:994][  0]LogDerivedDataCache: FDerivedDataBackendGraph:  CompressedPak pak cache file ../../../../../../Users/Luis/Documents/GitHub/New_Prototype/BP_Cplusplus/DerivedDataCache/Compressed.ddp not found, will not use a pak cache.
[2018.11.19-06.22.25:994][  0]LogDerivedDataCache: Unable to find inner node CompressedPak for hierarchical cache Hierarchy.
[2018.11.19-06.22.26:004][  0]LogDerivedDataCache: Display: Pak cache opened for reading ../../../Engine/DerivedDataCache/Compressed.ddp.
[2018.11.19-06.22.26:017][  0]LogDerivedDataCache: Using Local data cache path C:/Users/Luis/AppData/Local/UnrealEngine/Common/DerivedDataCache: Writable
[2018.11.19-06.22.26:017][  0]LogDerivedDataCache: Shared data cache path not found in *engine.ini, will not use an Shared cache.
[2018.11.19-06.22.26:017][  0]LogDerivedDataCache: Unable to find inner node Shared for hierarchical cache Hierarchy.
[2018.11.19-06.22.26:032][  0]LogMaterial: Verifying Global Shaders for PCD3D_SM5
[2018.11.19-06.22.26:033][  0]LogSlate: Using FreeType 2.6.0
[2018.11.19-06.22.26:034][  0]LogSlate: SlateFontServices - WITH_FREETYPE: 1, WITH_HARFBUZZ: 1
[2018.11.19-06.22.26:097][  0]LogAssetRegistry: FAssetRegistry took 0.0252 seconds to start up
[2018.11.19-06.22.26:358][  0]LogInit: Selected Device Profile: [Windows]
[2018.11.19-06.22.26:475][  0]LogSimplygon: Simplygon DLL not present - disabling.
[2018.11.19-06.22.26:480][  0]LogMeshReduction: Using SimplygonSwarm for distributed automatic mesh merging
[2018.11.19-06.22.26:480][  0]LogMeshReduction: Using ProxyLODMeshReduction for automatic mesh merging
[2018.11.19-06.22.26:480][  0]LogMeshReduction: Using QuadricMeshReduction for automatic static mesh reduction
[2018.11.19-06.22.26:480][  0]LogMeshReduction: No automatic skeletal mesh reduction module available
[2018.11.19-06.22.26:508][  0]LogNetVersion: XCP 1.0.0, NetCL: 4212847, EngineNetVer: 5, GameNetVer: 0 (Checksum: 2987001549)
[2018.11.19-06.22.26:956][  0]LogPackageLocalizationCache: Processed 11 localized package path(s) for 2 prioritized culture(s) in 0.087925 seconds
[2018.11.19-06.22.26:962][  0]LogUObjectArray: 38425 objects as part of root set at end of initial load.
[2018.11.19-06.22.26:962][  0]LogUObjectAllocator: 6690864 out of 0 bytes used by permanent object pool.
[2018.11.19-06.22.26:962][  0]LogUObjectArray: CloseDisregardForGC: 0/0 objects in disregard for GC pool
[2018.11.19-06.22.27:698][  0]LogTcpMessaging: Initializing TcpMessaging bridge
[2018.11.19-06.22.27:711][  0]LogUdpMessaging: Initializing bridge on interface 0.0.0.0:0 to multicast group 230.0.0.1:6666.
[2018.11.19-06.22.27:847][  0]SourceControl: Source control is disabled
[2018.11.19-06.22.27:847][  0]SourceControl: Source control is disabled
[2018.11.19-06.22.27:849][  0]SourceControl: Source control is disabled
[2018.11.19-06.22.27:851][  0]SourceControl: Source control is disabled
[2018.11.19-06.22.28:020][  0]LogAndroidPermission: UAndroidPermissionCallbackProxy::GetInstance
[2018.11.19-06.22.28:110][  0]LogOcInput: OculusInput pre-init called
[2018.11.19-06.22.28:164][  0]LogEngine: Initializing Engine...
[2018.11.19-06.22.28:165][  0]LogHMD: Failed to initialize OpenVR with code 110
[2018.11.19-06.22.28:166][  0]LogStats: UGameplayTagsManager::ConstructGameplayTagTree: ImportINI prefixes -  0.000 s
[2018.11.19-06.22.28:166][  0]LogStats: UGameplayTagsManager::ConstructGameplayTagTree: Construct from data asset -  0.000 s
[2018.11.19-06.22.28:166][  0]LogStats: UGameplayTagsManager::ConstructGameplayTagTree: ImportINI -  0.000 s
[2018.11.19-06.22.28:166][  0]LogStats: UGameplayTagsManager::ConstructGameplayTagTree: GameplayTagTreeChangedEvent.Broadcast -  0.000 s
[2018.11.19-06.22.28:329][  0]LogInit: Initializing FReadOnlyCVARCache
[2018.11.19-06.22.28:340][  0]LogAIModule: Creating AISystem for world Untitled
[2018.11.19-06.22.28:356][  0]LogInit: XAudio2 using 'ROG PG248Q (NVIDIA High Definition Audio)' : 2 channels at 48 kHz using 16 bits per sample (channel mask 0x3)
[2018.11.19-06.22.28:385][  0]LogInit: FAudioDevice initialized.
[2018.11.19-06.22.28:386][  0]LogNetVersion: Set ProjectVersion to 1.0.0.0. Version Checksum will be recalculated on next use.
[2018.11.19-06.22.28:455][  0]LogDerivedDataCache: Saved boot cache 0.07s 71MB C:/Users/Luis/AppData/Local/UnrealEngine/4.20/DerivedDataCache/Boot.ddc.
[2018.11.19-06.22.28:455][  0]LogInit: Texture streaming: Enabled
[2018.11.19-06.22.28:471][  0]LogEngineSessionManager: EngineSessionManager initialized
[2018.11.19-06.22.28:483][  0]LogInit: Transaction tracking system initialized
[2018.11.19-06.22.28:504][  0]BlueprintLog: New page: Editor Load
[2018.11.19-06.22.28:579][  0]LocalizationService: Localization service is disabled
[2018.11.19-06.22.28:819][  0]LogCook: Display: Max memory allowance for cook 16384mb min free memory 0mb
[2018.11.19-06.22.28:819][  0]LogCook: Display: Mobile HDR setting 1
[2018.11.19-06.22.28:819][  0]LogGameplayTags: Display: UGameplayTagsManager::DoneAddingNativeTags. DelegateIsBound: 0
[2018.11.19-06.22.28:819][  0]LogStats: UGameplayTagsManager::ConstructGameplayTagTree: ImportINI prefixes -  0.000 s
[2018.11.19-06.22.28:819][  0]LogStats: UGameplayTagsManager::ConstructGameplayTagTree: Construct from data asset -  0.000 s
[2018.11.19-06.22.28:819][  0]LogStats: UGameplayTagsManager::ConstructGameplayTagTree: ImportINI -  0.000 s
[2018.11.19-06.22.28:819][  0]LogStats: UGameplayTagsManager::ConstructGameplayTagTree: GameplayTagTreeChangedEvent.Broadcast -  0.000 s
[2018.11.19-06.22.28:925][  0]LogFileCache: Scanning file cache for directory 'C:/Users/Luis/Documents/GitHub/New_Prototype/BP_Cplusplus/Content/' took 0.01s
[2018.11.19-06.22.28:925][  0]SourceControl: Source control is disabled
[2018.11.19-06.22.28:925][  0]Cmd: MAP LOAD FILE="../../../../../../Users/Luis/Documents/GitHub/New_Prototype/BP_Cplusplus/Content/Maps/First_Lvl_Dup.umap" TEMPLATE=0 SHOWPROGRESS=1 FEATURELEVEL=3
[2018.11.19-06.22.28:925][  0]LightingResults: New page: Lighting Build
[2018.11.19-06.22.28:927][  0]MapCheck: New page: Map Check
[2018.11.19-06.22.28:927][  0]LightingResults: New page: Lighting Build
[2018.11.19-06.22.29:527][  0]LogAIModule: Creating AISystem for world First_Lvl_Dup
[2018.11.19-06.22.29:535][  0]LogEditorServer: Finished looking for orphan Actors (0.000 secs)
[2018.11.19-06.22.29:560][  0]Cmd: MAP CHECKDEP NOCLEARLOG
[2018.11.19-06.22.29:625][  0]MapCheck: Map check complete: 0 Error(s), 0 Warning(s), took 65.248ms to complete.
[2018.11.19-06.22.29:626][  0]LogFileHelpers: Loading map 'First_Lvl_Dup' took 0.701
[2018.11.19-06.22.29:758][  0]LogSlate: Updating window title bar state: overlay mode, drag disabled, window buttons hidden, title bar hidden
[2018.11.19-06.22.29:765][  0]LogSlate: Updating window title bar state: overlay mode, drag disabled, window buttons hidden, title bar hidden
[2018.11.19-06.22.29:770][  0]LogSlate: Updating window title bar state: overlay mode, drag disabled, window buttons hidden, title bar hidden
[2018.11.19-06.22.29:775][  0]LogSlate: Updating window title bar state: overlay mode, drag disabled, window buttons hidden, title bar hidden
[2018.11.19-06.22.29:787][  0]LogCollectionManager: Loaded 0 collections in 0.001293 seconds
[2018.11.19-06.22.29:858][  0]LogFileCache: Scanning file cache for directory 'C:/Users/Luis/Documents/GitHub/New_Prototype/BP_Cplusplus/Saved/Collections/' took 0.01s
[2018.11.19-06.22.29:858][  0]LogFileCache: Scanning file cache for directory 'C:/Users/Luis/Documents/GitHub/New_Prototype/BP_Cplusplus/Content/Developers/Luis/Collections/' took 0.01s
[2018.11.19-06.22.29:858][  0]LogFileCache: Scanning file cache for directory 'C:/Users/Luis/Documents/GitHub/New_Prototype/BP_Cplusplus/Content/Collections/' took 0.01s
[2018.11.19-06.22.29:858][  0]LogCollectionManager: Rebuilt the GUID cache for 0 collections in 0.000000 seconds
[2018.11.19-06.22.29:868][  0]LogContentBrowser: Native class hierarchy populated in 0.0089 seconds. Added 2572 classes and 603 folders.
[2018.11.19-06.22.29:880][  0]LogContentBrowser: Native class hierarchy updated for 'WidgetCarousel' in 0.0002 seconds. Added 0 classes and 0 folders.
[2018.11.19-06.22.30:020][  0]LogContentBrowser: Native class hierarchy updated for 'AddContentDialog' in 0.0002 seconds. Added 0 classes and 0 folders.
[2018.11.19-06.22.30:034][  0]LogContentBrowser: Native class hierarchy updated for 'SceneOutliner' in 0.0002 seconds. Added 1 classes and 2 folders.
[2018.11.19-06.22.30:189][  0]LogSlate: Took 0.000151 seconds to synchronously load lazily loaded font '../../../Engine/Content/Slate/Fonts/Roboto-Regular.ttf' (155K)
[2018.11.19-06.22.30:190][  0]LogSlate: Took 0.000115 seconds to synchronously load lazily loaded font '../../../Engine/Content/Slate/Fonts/Roboto-Bold.ttf' (160K)
[2018.11.19-06.22.30:197][  0]LogSlate: Took 0.001350 seconds to synchronously load lazily loaded font '../../../Engine/Content/Editor/Slate/Fonts/FontAwesome.ttf' (139K)
[2018.11.19-06.22.30:255][  0]LogRenderer: Reallocating scene render targets to support 1068x468 Format 10 NumSamples 1 (Frame:1).
[2018.11.19-06.22.30:382][  0]LogContentBrowser: Native class hierarchy updated for 'HierarchicalLODOutliner' in 0.0002 seconds. Added 0 classes and 0 folders.
[2018.11.19-06.22.30:382][  0]LogLoad: (Engine Initialization) Total time: 8.61 seconds
[2018.11.19-06.22.30:382][  0]LogLoad: (Engine Initialization) Total Blueprint compile time: 0.00 seconds
[2018.11.19-06.22.30:427][  0]LogContentStreaming: Texture pool size now 1000 MB
[2018.11.19-06.22.30:451][  0]LogSlate: Took 0.001839 seconds to synchronously load lazily loaded font '../../../Engine/Content/Slate/Fonts/Roboto-Light.ttf' (167K)
[2018.11.19-06.22.30:475][  1]LogAssetRegistry: Asset discovery search completed in 4.3995 seconds
[2018.11.19-06.22.30:477][  1]LogCollectionManager: Rebuilt the object cache for 0 collections in 0.000000 seconds (found 0 objects)
[2018.11.19-06.22.30:477][  1]LogCollectionManager: Fixed up redirectors for 0 collections in 0.000085 seconds (updated 0 objects)
[2018.11.19-06.24.45:934][117]LogSlate: FSceneViewport::OnFocusLost() reason 0
[2018.11.19-06.25.00:958][ 14]LogSlate: Took 0.000208 seconds to synchronously load lazily loaded font '../../../Engine/Content/Slate/Fonts/Roboto-Light.ttf' (167K)
[2018.11.19-06.25.01:015][ 14]LogSavePackage: Moving '../../../../../../Users/Luis/Documents/GitHub/New_Prototype/BP_Cplusplus/Saved/eyelander6E9944C840C56BF0B0FC2FA66F4E4BB9.tmp' to '../../../../../../Users/Luis/Documents/GitHub/New_Prototype/BP_Cplusplus/Content/Final_Project_Content/Sprites/Enemies/eyelander.uasset'
[2018.11.19-06.25.01:275][ 14]LogSavePackage: Moving '../../../../../../Users/Luis/Documents/GitHub/New_Prototype/BP_Cplusplus/Saved/eyelander_SpriteB73A6BA245BC8D5ADFAFBF8803E34EB8.tmp' to '../../../../../../Users/Luis/Documents/GitHub/New_Prototype/BP_Cplusplus/Content/Final_Project_Content/Sprites/eyelander_Sprite.uasset'
[2018.11.19-06.25.02:916][106]LogSavePackage: Moving '../../../../../../Users/Luis/Documents/GitHub/New_Prototype/BP_Cplusplus/Saved/eyelander17D35791D4DCFDE02319238A07FD482BC.tmp' to '../../../../../../Users/Luis/Documents/GitHub/New_Prototype/BP_Cplusplus/Content/Final_Project_Content/Sprites/Enemies/eyelander1.uasset'
[2018.11.19-06.25.03:150][106]LogSavePackage: Moving '../../../../../../Users/Luis/Documents/GitHub/New_Prototype/BP_Cplusplus/Saved/eyelander1_Sprite9413734148A38C12E3755A85D1AC7A98.tmp' to '../../../../../../Users/Luis/Documents/GitHub/New_Prototype/BP_Cplusplus/Content/Final_Project_Content/Sprites/eyelander1_Sprite.uasset'
[2018.11.19-06.25.05:204][217]LogSavePackage: Moving '../../../../../../Users/Luis/Documents/GitHub/New_Prototype/BP_Cplusplus/Saved/eyelander1_SpriteBC3735454B850B402A890C96DEF23851.tmp' to '../../../../../../Users/Luis/Documents/GitHub/New_Prototype/BP_Cplusplus/Content/Final_Project_Content/Sprites/Enemies/eyelander1_Sprite.uasset'
[2018.11.19-06.25.05:479][217]LogSavePackage: Moving '../../../../../../Users/Luis/Documents/GitHub/New_Prototype/BP_Cplusplus/Saved/BossE3D443D64113BA9F9A248EA1777E5C07.tmp' to '../../../../../../Users/Luis/Documents/GitHub/New_Prototype/BP_Cplusplus/Content/Final_Project_Content/Blueprints/Boss.uasset'
[2018.11.19-06.25.05:576][217]LogSavePackage: Moving '../../../../../../Users/Luis/Documents/GitHub/New_Prototype/BP_Cplusplus/Saved/Third_Stage_BossC085485A49C6EB14122958BA126F96E1.tmp' to '../../../../../../Users/Luis/Documents/GitHub/New_Prototype/BP_Cplusplus/Content/Final_Project_Content/Blueprints/Third_Stage_Boss.uasset'
[2018.11.19-06.25.05:669][217]LogSavePackage: Moving '../../../../../../Users/Luis/Documents/GitHub/New_Prototype/BP_Cplusplus/Saved/Boss4758441A46555E0493104B8DB0A3A583.tmp' to '../../../../../../Users/Luis/Documents/GitHub/New_Prototype/BP_Cplusplus/Content/Final_Project_Content/Blueprints/Enemies/Boss.uasset'
[2018.11.19-06.25.05:768][217]LogSavePackage: Moving '../../../../../../Users/Luis/Documents/GitHub/New_Prototype/BP_Cplusplus/Saved/Boss173C5DA9646FD0E39DC04E8BE30322FA6.tmp' to '../../../../../../Users/Luis/Documents/GitHub/New_Prototype/BP_Cplusplus/Content/Final_Project_Content/Blueprints/Enemies/Boss1.uasset'
[2018.11.19-06.25.11:211][530]LogSavePackage: Moving '../../../../../../Users/Luis/Documents/GitHub/New_Prototype/BP_Cplusplus/Saved/enemy_eye7EEF145C40A4A8DF7FEC6BB4E6EC37EB.tmp' to '../../../../../../Users/Luis/Documents/GitHub/New_Prototype/BP_Cplusplus/Content/Final_Project_Content/Sprites/Enemies/enemy_eye.uasset'
[2018.11.19-06.25.11:227][530]LogSavePackage: Moving '../../../../../../Users/Luis/Documents/GitHub/New_Prototype/BP_Cplusplus/Saved/enemy_eye_Sprite5ADC317F45F818631C123BB9A1AED7C2.tmp' to '../../../../../../Users/Luis/Documents/GitHub/New_Prototype/BP_Cplusplus/Content/Final_Project_Content/Sprites/Enemies/enemy_eye_Sprite.uasset'
[2018.11.19-06.25.11:244][530]LogSavePackage: Moving '../../../../../../Users/Luis/Documents/GitHub/New_Prototype/BP_Cplusplus/Saved/eyelander_SpriteF62DEF374958587A14D32CA97F2B9B96.tmp' to '../../../../../../Users/Luis/Documents/GitHub/New_Prototype/BP_Cplusplus/Content/Final_Project_Content/Sprites/Enemies/eyelander_Sprite.uasset'
[2018.11.19-06.25.11:598][530]LogSavePackage: Moving '../../../../../../Users/Luis/Documents/GitHub/New_Prototype/BP_Cplusplus/Saved/BP_Enemy_Eye1B0D0A52B4B1F4ABBA1ABF2A9B6F61B50.tmp' to '../../../../../../Users/Luis/Documents/GitHub/New_Prototype/BP_Cplusplus/Content/Final_Project_Content/Blueprints/BP_Enemy_Eye1.uasset'
[2018.11.19-06.25.11:691][530]LogSavePackage: Moving '../../../../../../Users/Luis/Documents/GitHub/New_Prototype/BP_Cplusplus/Saved/BP_Enemy_Eye2C90D67C64F1D500683FD21A0E4E66DAD.tmp' to '../../../../../../Users/Luis/Documents/GitHub/New_Prototype/BP_Cplusplus/Content/Final_Project_Content/Blueprints/BP_Enemy_Eye2.uasset'
[2018.11.19-06.25.11:782][530]LogSavePackage: Moving '../../../../../../Users/Luis/Documents/GitHub/New_Prototype/BP_Cplusplus/Saved/BP_Enemy_Eye1121716004846BCD1F9E2FEB257C1212F.tmp' to '../../../../../../Users/Luis/Documents/GitHub/New_Prototype/BP_Cplusplus/Content/Final_Project_Content/Blueprints/Enemies/BP_Enemy_Eye1.uasset'
[2018.11.19-06.25.11:876][530]LogSavePackage: Moving '../../../../../../Users/Luis/Documents/GitHub/New_Prototype/BP_Cplusplus/Saved/BP_Enemy_Eye2D84AAE224898BA234978B8891E9C1FA4.tmp' to '../../../../../../Users/Luis/Documents/GitHub/New_Prototype/BP_Cplusplus/Content/Final_Project_Content/Blueprints/Enemies/BP_Enemy_Eye2.uasset'
[2018.11.19-06.25.11:966][530]LogSavePackage: Moving '../../../../../../Users/Luis/Documents/GitHub/New_Prototype/BP_Cplusplus/Saved/BossEnemy846CC2934533C03397CF8FACAEFD0959.tmp' to '../../../../../../Users/Luis/Documents/GitHub/New_Prototype/BP_Cplusplus/Content/Final_Project_Content/Blueprints/Enemies/BossEnemy.uasset'
[2018.11.19-06.25.14:010][633]LogSavePackage: Moving '../../../../../../Users/Luis/Documents/GitHub/New_Prototype/BP_Cplusplus/Saved/Character17B5B613C40CF3B321C7815BFC44F4687.tmp' to '../../../../../../Users/Luis/Documents/GitHub/New_Prototype/BP_Cplusplus/Content/Final_Project_Content/Sprites/Character/Character1.uasset'
[2018.11.19-06.25.14:338][633]LogSavePackage: Moving '../../../../../../Users/Luis/Documents/GitHub/New_Prototype/BP_Cplusplus/Saved/2DSideScrollerCharacter6E0E1B0448983D84CF258D86F81465D6.tmp' to '../../../../../../Users/Luis/Documents/GitHub/New_Prototype/BP_Cplusplus/Content/Final_Project_Content/Blueprints/Character/2DSideScrollerCharacter.uasset'
[2018.11.19-06.25.14:487][633]LogSavePackage: Moving '../../../../../../Users/Luis/Documents/GitHub/New_Prototype/BP_Cplusplus/Saved/2DSideScrollerCharacterDB37D95A449EDDEB823EF48C9353C5EC.tmp' to '../../../../../../Users/Luis/Documents/GitHub/New_Prototype/BP_Cplusplus/Content/Final_Project_Content/Blueprints/2DSideScrollerCharacter.uasset'
[2018.11.19-06.25.14:644][633]LogSavePackage: Moving '../../../../../../Users/Luis/Documents/GitHub/New_Prototype/BP_Cplusplus/Saved/2DSideScrollerCharacter0D105B87F4FF17BC852B4CBBEFED7855B.tmp' to '../../../../../../Users/Luis/Documents/GitHub/New_Prototype/BP_Cplusplus/Content/Final_Project_Content/Blueprints/2DSideScrollerCharacter0.uasset'
[2018.11.19-06.25.19:955][945]LogSavePackage: Moving '../../../../../../Users/Luis/Documents/GitHub/New_Prototype/BP_Cplusplus/Saved/Character832527B645294F8FE9201980D2C1A225.tmp' to '../../../../../../Users/Luis/Documents/GitHub/New_Prototype/BP_Cplusplus/Content/Final_Project_Content/Sprites/Enemies/Character.uasset'
[2018.11.19-06.25.20:197][945]LogSavePackage: Moving '../../../../../../Users/Luis/Documents/GitHub/New_Prototype/BP_Cplusplus/Saved/Character_Sprite_0DD6C71AC459D5A9EBE96D5A347BD8C8B.tmp' to '../../../../../../Users/Luis/Documents/GitHub/New_Prototype/BP_Cplusplus/Content/Final_Project_Content/Sprites/Using/Character_Sprite_0.uasset'
[2018.11.19-06.25.37:651][901]LogFactory: FactoryCreateFile: Texture with ReimportTextureFactory (0 0 C:\Users\Luis\Downloads\Main_Menu (1).png)
[2018.11.19-06.25.37:665][901]LogTexture: Display: Building textures: Main_Menu__1_ (BGRA8, 1202X677)
[2018.11.19-06.25.37:690][901]LogFactory: FactoryCreateFile: Texture with ReimportTextureFactory (0 0 C:\Users\Luis\Downloads\Directional_S.png)
[2018.11.19-06.25.37:693][901]LogTexture: Display: Building textures: Directional_S (AutoDXT, 320X64)
[2018.11.19-06.25.41:845][130]LogAssetEditorManager: Opening Asset editor for Texture2D /Game/Final_Project_Content/Sprites/Main_Menu__1_.Main_Menu__1_
[2018.11.19-06.25.41:857][130]LogContentBrowser: Native class hierarchy updated for 'TextureEditor' in 0.0002 seconds. Added 1 classes and 2 folders.
[2018.11.19-06.25.46:261][386]LogSlate: Window 'Main_Menu__1_*' being destroyed
[2018.11.19-06.25.46:266][386]LogSlate: Window 'Main_Menu__1_*' being destroyed
[2018.11.19-06.25.50:937][661]LogTexture: Display: Building textures: Directional_S (BGRA8, 320X64)
[2018.11.19-06.25.52:234][738]LogAssetEditorManager: Opening Asset editor for Texture2D /Game/Final_Project_Content/Sprites/Directional_S.Directional_S
[2018.11.19-06.25.58:193][ 88]LogSlate: Window 'Directional_S*' being destroyed
[2018.11.19-06.25.58:199][ 88]LogSlate: Window 'Directional_S*' being destroyed
[2018.11.19-06.26.03:568][403]LogSlate: Took 0.001512 seconds to synchronously load lazily loaded font '../../../Engine/Content/Slate/Fonts/Roboto-BoldCondensed.ttf' (158K)
[2018.11.19-06.26.15:658][122]LogSlate: Prevented a slow task dialog from being summoned while a context menu was open
[2018.11.19-06.26.16:781][187]LogSlate: Window 'Extract sprites' being destroyed
[2018.11.19-06.26.27:390][808]LogSavePackage: Moving '../../../../../../Users/Luis/Documents/GitHub/New_Prototype/BP_Cplusplus/Saved/First_Lvl_Dup5B15608E4D1808115AB40E868432F835.tmp' to '../../../../../../Users/Luis/Documents/GitHub/New_Prototype/BP_Cplusplus/Content/Maps/First_Lvl_Dup.umap'
[2018.11.19-06.26.52:911][333]LogAssetEditorManager: Opening Asset editor for Blueprint /Game/Final_Project_Content/Blueprints/2DSideScrollerCharacter0.2DSideScrollerCharacter0
[2018.11.19-06.26.53:332][333]LogContentBrowser: Native class hierarchy updated for 'BlueprintGraph' in 0.0005 seconds. Added 116 classes and 0 folders.
[2018.11.19-06.26.54:340][334]LogSlate: Took 0.001478 seconds to synchronously load lazily loaded font '../../../Engine/Content/Slate/Fonts/Roboto-Italic.ttf' (157K)
[2018.11.19-06.28.33:758][241]BlueprintLog: New page: Compile 2DSideScrollerCharacter0
[2018.11.19-06.29.10:288][385]LogSavePackage: Moving '../../../../../../Users/Luis/Documents/GitHub/New_Prototype/BP_Cplusplus/Saved/First_Lvl_DupD25C1C9D41578AE41E5D7CB9B652F27B.tmp' to '../../../../../../Users/Luis/Documents/GitHub/New_Prototype/BP_Cplusplus/Content/Maps/First_Lvl_Dup.umap'
[2018.11.19-06.29.13:330][563]LogAssetEditorManager: Opening Asset editor for PaperFlipbook /Game/Final_Project_Content/Sprites/Directional_S1.Directional_S1
[2018.11.19-06.29.13:460][563]LogRenderer: Reallocating scene render targets to support 1416x788 Format 10 NumSamples 1 (Frame:1).
[2018.11.19-06.29.20:034][958]LogSlate: Window 'Directional_S1*' being destroyed
[2018.11.19-06.29.20:040][958]LogSlate: Window 'Directional_S1*' being destroyed
[2018.11.19-06.30.18:463][440]BlueprintLog: New page: Compile 2DSideScrollerCharacter0
[2018.11.19-06.30.19:230][456]LogSavePackage: Moving '../../../../../../Users/Luis/Documents/GitHub/New_Prototype/BP_Cplusplus/Saved/2DSideScrollerCharacter0DF97663A450C08ABDC40E080287FA81E.tmp' to '../../../../../../Users/Luis/Documents/GitHub/New_Prototype/BP_Cplusplus/Content/Final_Project_Content/Blueprints/2DSideScrollerCharacter0.uasset'
[2018.11.19-06.30.21:160][572]LogTemp: Repeating last play command: New Editor Window (PIE)
[2018.11.19-06.30.21:179][572]LogBlueprintUserMessages: Early PlayInEditor Detection: Level '/Game/Maps/First_Lvl_Dup.First_Lvl_Dup:PersistentLevel' has LevelScriptBlueprint '/Game/Maps/First_Lvl_Dup.First_Lvl_Dup:PersistentLevel.First_Lvl_Dup' with GeneratedClass '/Game/Maps/First_Lvl_Dup.First_Lvl_Dup_C' with ClassGeneratedBy '/Game/Maps/First_Lvl_Dup.First_Lvl_Dup:PersistentLevel.First_Lvl_Dup'
[2018.11.19-06.30.21:179][572]BlueprintLog: New page: Pre-Play auto-recompile
[2018.11.19-06.30.21:190][572]LogPlayLevel: [PlayLevel] Compiling BP_Enemy_Eye1 before play...
[2018.11.19-06.30.21:215][572]LogPlayLevel: [PlayLevel] Compiling BP_Enemy_Eye2 before play...
[2018.11.19-06.30.21:248][572]LogPlayLevel: [PlayLevel] Compiling Third_Stage_Boss before play...
[2018.11.19-06.30.21:275][572]LogPlayLevel: [PlayLevel] Compiling Boss before play...
[2018.11.19-06.30.21:382][572]LogPlayLevel: [PlayLevel] Compiling Boss before play...
[2018.11.19-06.30.21:410][572]LogPlayLevel: [PlayLevel] Compiling Boss1 before play...
[2018.11.19-06.30.21:436][572]LogPlayLevel: [PlayLevel] Compiling BP_Enemy_Eye1 before play...
[2018.11.19-06.30.21:460][572]LogPlayLevel: [PlayLevel] Compiling BP_Enemy_Eye2 before play...
[2018.11.19-06.30.21:482][572]LogPlayLevel: [PlayLevel] Compiling BossEnemy before play...
[2018.11.19-06.30.21:524][572]LogPlayLevel: [PlayLevel] Compiling 2DSideScrollerCharacter before play...
[2018.11.19-06.30.21:595][572]LogPlayLevel: [PlayLevel] Compiling 2DSideScrollerCharacter before play...
[2018.11.19-06.30.21:671][572]LogPlayLevel: PlayLevel: Blueprint regeneration took 491 ms (11 blueprints)
[2018.11.19-06.30.21:686][572]PIE: New page: PIE session: First_Lvl_Dup (Nov 18, 2018, 6:30:21 PM)
[2018.11.19-06.30.21:687][572]LogPlayLevel: Creating play world package: /Game/Maps/UEDPIE_0_First_Lvl_Dup
[2018.11.19-06.30.21:689][572]LogPlayLevel: PIE: StaticDuplicateObject took: (0.002840s)
[2018.11.19-06.30.21:690][572]LogAIModule: Creating AISystem for world First_Lvl_Dup
[2018.11.19-06.30.21:690][572]LogPlayLevel: PIE: World Init took: (0.000518s)
[2018.11.19-06.30.21:690][572]LogPlayLevel: PIE: Created PIE world by copying editor world from /Game/Maps/First_Lvl_Dup.First_Lvl_Dup to /Game/Maps/UEDPIE_0_First_Lvl_Dup.First_Lvl_Dup (0.003487s)
[2018.11.19-06.30.21:725][572]LogInit: XAudio2 using 'ROG PG248Q (NVIDIA High Definition Audio)' : 2 channels at 48 kHz using 16 bits per sample (channel mask 0x3)
[2018.11.19-06.30.21:735][572]LogInit: FAudioDevice initialized.
[2018.11.19-06.30.21:758][572]LogSlate: Updating window title bar state: overlay mode, drag disabled, window buttons hidden, title bar hidden
[2018.11.19-06.30.21:807][572]LogLoad: Game class is '2DSideScrollerGameMode_C'
[2018.11.19-06.30.21:812][572]LogWorld: Bringing World /Game/Maps/UEDPIE_0_First_Lvl_Dup.First_Lvl_Dup up for play (max tick rate 60) at 2018.11.19-00.30.21
[2018.11.19-06.30.21:813][572]LogWorld: Bringing up level for play took: 0.003219
[2018.11.19-06.30.21:836][572]LogContentBrowser: Native class hierarchy updated for 'MovieSceneCapture' in 0.0003 seconds. Added 10 classes and 0 folders.
[2018.11.19-06.30.21:844][572]PIE: Play in editor start time for /Game/Maps/UEDPIE_0_First_Lvl_Dup -0.105
[2018.11.19-06.30.21:844][572]LogBlueprintUserMessages: Late PlayInEditor Detection: Level '/Game/Maps/First_Lvl_Dup.First_Lvl_Dup:PersistentLevel' has LevelScriptBlueprint '/Game/Maps/First_Lvl_Dup.First_Lvl_Dup:PersistentLevel.First_Lvl_Dup' with GeneratedClass '/Game/Maps/First_Lvl_Dup.First_Lvl_Dup_C' with ClassGeneratedBy '/Game/Maps/First_Lvl_Dup.First_Lvl_Dup:PersistentLevel.First_Lvl_Dup'
[2018.11.19-06.30.30:217][ 71]LogBlueprintUserMessages: [BP_checkpoint_2] X=500.616 Y=0.000 Z=136.231
[2018.11.19-06.30.31:665][158]LogBlueprintUserMessages: Early EndPlayMap Detection: Level '/Game/Maps/First_Lvl_Dup.First_Lvl_Dup:PersistentLevel' has LevelScriptBlueprint '/Game/Maps/First_Lvl_Dup.First_Lvl_Dup:PersistentLevel.First_Lvl_Dup' with GeneratedClass '/Game/Maps/First_Lvl_Dup.First_Lvl_Dup_C' with ClassGeneratedBy '/Game/Maps/First_Lvl_Dup.First_Lvl_Dup:PersistentLevel.First_Lvl_Dup'
[2018.11.19-06.30.31:666][158]LogSlate: Updating window title bar state: overlay mode, drag disabled, window buttons hidden, title bar hidden
[2018.11.19-06.30.31:683][158]LogSlate: Window 'XCP Game Preview Standalone (64-bit/PCD3D_SM5)' being destroyed
[2018.11.19-06.30.31:715][158]LogPlayLevel: Display: Shutting down PIE online subsystems
[2018.11.19-06.30.31:715][158]LogBlueprintUserMessages: Late EndPlayMap Detection: Level '/Game/Maps/First_Lvl_Dup.First_Lvl_Dup:PersistentLevel' has LevelScriptBlueprint '/Game/Maps/First_Lvl_Dup.First_Lvl_Dup:PersistentLevel.First_Lvl_Dup' with GeneratedClass '/Game/Maps/First_Lvl_Dup.First_Lvl_Dup_C' with ClassGeneratedBy '/Game/Maps/First_Lvl_Dup.First_Lvl_Dup:PersistentLevel.First_Lvl_Dup'
[2018.11.19-06.30.31:863][165]LogPlayLevel: Display: Destroying online subsystem :Context_4
[2018.11.19-06.31.01:243][926]BlueprintLog: New page: Compile 2DSideScrollerCharacter0
[2018.11.19-06.31.02:191][952]LogSavePackage: Moving '../../../../../../Users/Luis/Documents/GitHub/New_Prototype/BP_Cplusplus/Saved/2DSideScrollerCharacter0EF6F02CD4FAB27866782AA95B33E3D52.tmp' to '../../../../../../Users/Luis/Documents/GitHub/New_Prototype/BP_Cplusplus/Content/Final_Project_Content/Blueprints/2DSideScrollerCharacter0.uasset'
[2018.11.19-06.31.12:288][556]BlueprintLog: New page: Compile 2DSideScrollerCharacter0
[2018.11.19-06.31.13:137][577]LogSavePackage: Moving '../../../../../../Users/Luis/Documents/GitHub/New_Prototype/BP_Cplusplus/Saved/2DSideScrollerCharacter02D82EFA54260BAE513127C84FC9ED49E.tmp' to '../../../../../../Users/Luis/Documents/GitHub/New_Prototype/BP_Cplusplus/Content/Final_Project_Content/Blueprints/2DSideScrollerCharacter0.uasset'
[2018.11.19-06.31.15:780][735]LogTemp: Repeating last play command: New Editor Window (PIE)
[2018.11.19-06.31.15:798][735]LogBlueprintUserMessages: Early PlayInEditor Detection: Level '/Game/Maps/First_Lvl_Dup.First_Lvl_Dup:PersistentLevel' has LevelScriptBlueprint '/Game/Maps/First_Lvl_Dup.First_Lvl_Dup:PersistentLevel.First_Lvl_Dup' with GeneratedClass '/Game/Maps/First_Lvl_Dup.First_Lvl_Dup_C' with ClassGeneratedBy '/Game/Maps/First_Lvl_Dup.First_Lvl_Dup:PersistentLevel.First_Lvl_Dup'
[2018.11.19-06.31.15:798][735]LogPlayLevel: PlayLevel: No blueprints needed recompiling
[2018.11.19-06.31.15:799][735]PIE: New page: PIE session: First_Lvl_Dup (Nov 18, 2018, 6:31:15 PM)
[2018.11.19-06.31.15:799][735]LogPlayLevel: Creating play world package: /Game/Maps/UEDPIE_0_First_Lvl_Dup
[2018.11.19-06.31.15:801][735]LogPlayLevel: PIE: StaticDuplicateObject took: (0.002581s)
[2018.11.19-06.31.15:802][735]LogAIModule: Creating AISystem for world First_Lvl_Dup
[2018.11.19-06.31.15:802][735]LogPlayLevel: PIE: World Init took: (0.000519s)
[2018.11.19-06.31.15:802][735]LogPlayLevel: PIE: Created PIE world by copying editor world from /Game/Maps/First_Lvl_Dup.First_Lvl_Dup to /Game/Maps/UEDPIE_0_First_Lvl_Dup.First_Lvl_Dup (0.003205s)
[2018.11.19-06.31.15:833][735]LogInit: XAudio2 using 'ROG PG248Q (NVIDIA High Definition Audio)' : 2 channels at 48 kHz using 16 bits per sample (channel mask 0x3)
[2018.11.19-06.31.15:843][735]LogInit: FAudioDevice initialized.
[2018.11.19-06.31.15:866][735]LogSlate: Updating window title bar state: overlay mode, drag disabled, window buttons hidden, title bar hidden
[2018.11.19-06.31.15:903][735]LogLoad: Game class is '2DSideScrollerGameMode_C'
[2018.11.19-06.31.15:906][735]LogWorld: Bringing World /Game/Maps/UEDPIE_0_First_Lvl_Dup.First_Lvl_Dup up for play (max tick rate 60) at 2018.11.19-00.31.15
[2018.11.19-06.31.15:907][735]LogWorld: Bringing up level for play took: 0.002777
[2018.11.19-06.31.15:924][735]PIE: Play in editor start time for /Game/Maps/UEDPIE_0_First_Lvl_Dup -0.025
[2018.11.19-06.31.15:925][735]LogBlueprintUserMessages: Late PlayInEditor Detection: Level '/Game/Maps/First_Lvl_Dup.First_Lvl_Dup:PersistentLevel' has LevelScriptBlueprint '/Game/Maps/First_Lvl_Dup.First_Lvl_Dup:PersistentLevel.First_Lvl_Dup' with GeneratedClass '/Game/Maps/First_Lvl_Dup.First_Lvl_Dup_C' with ClassGeneratedBy '/Game/Maps/First_Lvl_Dup.First_Lvl_Dup:PersistentLevel.First_Lvl_Dup'
[2018.11.19-06.31.19:599][953]LogBlueprintUserMessages: Early EndPlayMap Detection: Level '/Game/Maps/First_Lvl_Dup.First_Lvl_Dup:PersistentLevel' has LevelScriptBlueprint '/Game/Maps/First_Lvl_Dup.First_Lvl_Dup:PersistentLevel.First_Lvl_Dup' with GeneratedClass '/Game/Maps/First_Lvl_Dup.First_Lvl_Dup_C' with ClassGeneratedBy '/Game/Maps/First_Lvl_Dup.First_Lvl_Dup:PersistentLevel.First_Lvl_Dup'
[2018.11.19-06.31.19:599][953]LogSlate: Updating window title bar state: overlay mode, drag disabled, window buttons hidden, title bar hidden
[2018.11.19-06.31.19:617][953]LogSlate: Window 'XCP Game Preview Standalone (64-bit/PCD3D_SM5)' being destroyed
[2018.11.19-06.31.19:654][953]LogPlayLevel: Display: Shutting down PIE online subsystems
[2018.11.19-06.31.19:654][953]LogBlueprintUserMessages: Late EndPlayMap Detection: Level '/Game/Maps/First_Lvl_Dup.First_Lvl_Dup:PersistentLevel' has LevelScriptBlueprint '/Game/Maps/First_Lvl_Dup.First_Lvl_Dup:PersistentLevel.First_Lvl_Dup' with GeneratedClass '/Game/Maps/First_Lvl_Dup.First_Lvl_Dup_C' with ClassGeneratedBy '/Game/Maps/First_Lvl_Dup.First_Lvl_Dup:PersistentLevel.First_Lvl_Dup'
[2018.11.19-06.31.19:797][960]LogPlayLevel: Display: Destroying online subsystem :Context_5
[2018.11.19-06.31.25:272][287]LogAssetEditorManager: Opening Asset editor for PaperFlipbook /Game/Final_Project_Content/Sprites/Directional_S2.Directional_S2
[2018.11.19-06.32.20:959][606]LogSavePackage: Moving '../../../../../../Users/Luis/Documents/GitHub/New_Prototype/BP_Cplusplus/Saved/Directional_S2AF441245422981F4D07E599278D35A6B.tmp' to '../../../../../../Users/Luis/Documents/GitHub/New_Prototype/BP_Cplusplus/Content/Final_Project_Content/Sprites/Directional_S2.uasset'
[2018.11.19-06.32.21:520][634]LogSavePackage: Moving '../../../../../../Users/Luis/Documents/GitHub/New_Prototype/BP_Cplusplus/Saved/Directional_S203831DEE4AC203E852C8BEA32704729D.tmp' to '../../../../../../Users/Luis/Documents/GitHub/New_Prototype/BP_Cplusplus/Content/Final_Project_Content/Sprites/Directional_S2.uasset'
[2018.11.19-06.32.25:014][837]LogSlate: Window 'Directional_S2' being destroyed
[2018.11.19-06.32.34:012][377]LogTemp: Repeating last play command: New Editor Window (PIE)
[2018.11.19-06.32.34:031][377]LogBlueprintUserMessages: Early PlayInEditor Detection: Level '/Game/Maps/First_Lvl_Dup.First_Lvl_Dup:PersistentLevel' has LevelScriptBlueprint '/Game/Maps/First_Lvl_Dup.First_Lvl_Dup:PersistentLevel.First_Lvl_Dup' with GeneratedClass '/Game/Maps/First_Lvl_Dup.First_Lvl_Dup_C' with ClassGeneratedBy '/Game/Maps/First_Lvl_Dup.First_Lvl_Dup:PersistentLevel.First_Lvl_Dup'
[2018.11.19-06.32.34:031][377]LogPlayLevel: PlayLevel: No blueprints needed recompiling
[2018.11.19-06.32.34:031][377]PIE: New page: PIE session: First_Lvl_Dup (Nov 18, 2018, 6:32:34 PM)
[2018.11.19-06.32.34:031][377]LogPlayLevel: Creating play world package: /Game/Maps/UEDPIE_0_First_Lvl_Dup
[2018.11.19-06.32.34:034][377]LogPlayLevel: PIE: StaticDuplicateObject took: (0.002502s)
[2018.11.19-06.32.34:034][377]LogAIModule: Creating AISystem for world First_Lvl_Dup
[2018.11.19-06.32.34:034][377]LogPlayLevel: PIE: World Init took: (0.000497s)
[2018.11.19-06.32.34:034][377]LogPlayLevel: PIE: Created PIE world by copying editor world from /Game/Maps/First_Lvl_Dup.First_Lvl_Dup to /Game/Maps/UEDPIE_0_First_Lvl_Dup.First_Lvl_Dup (0.003106s)
[2018.11.19-06.32.34:066][377]LogInit: XAudio2 using 'ROG PG248Q (NVIDIA High Definition Audio)' : 2 channels at 48 kHz using 16 bits per sample (channel mask 0x3)
[2018.11.19-06.32.34:075][377]LogInit: FAudioDevice initialized.
[2018.11.19-06.32.34:099][377]LogSlate: Updating window title bar state: overlay mode, drag disabled, window buttons hidden, title bar hidden
[2018.11.19-06.32.34:132][377]LogLoad: Game class is '2DSideScrollerGameMode_C'
[2018.11.19-06.32.34:135][377]LogWorld: Bringing World /Game/Maps/UEDPIE_0_First_Lvl_Dup.First_Lvl_Dup up for play (max tick rate 60) at 2018.11.19-00.32.34
[2018.11.19-06.32.34:135][377]LogWorld: Bringing up level for play took: 0.002418
[2018.11.19-06.32.34:151][377]PIE: Play in editor start time for /Game/Maps/UEDPIE_0_First_Lvl_Dup 0.201
[2018.11.19-06.32.34:151][377]LogBlueprintUserMessages: Late PlayInEditor Detection: Level '/Game/Maps/First_Lvl_Dup.First_Lvl_Dup:PersistentLevel' has LevelScriptBlueprint '/Game/Maps/First_Lvl_Dup.First_Lvl_Dup:PersistentLevel.First_Lvl_Dup' with GeneratedClass '/Game/Maps/First_Lvl_Dup.First_Lvl_Dup_C' with ClassGeneratedBy '/Game/Maps/First_Lvl_Dup.First_Lvl_Dup:PersistentLevel.First_Lvl_Dup'
[2018.11.19-06.32.40:566][759]LogBlueprintUserMessages: Early EndPlayMap Detection: Level '/Game/Maps/First_Lvl_Dup.First_Lvl_Dup:PersistentLevel' has LevelScriptBlueprint '/Game/Maps/First_Lvl_Dup.First_Lvl_Dup:PersistentLevel.First_Lvl_Dup' with GeneratedClass '/Game/Maps/First_Lvl_Dup.First_Lvl_Dup_C' with ClassGeneratedBy '/Game/Maps/First_Lvl_Dup.First_Lvl_Dup:PersistentLevel.First_Lvl_Dup'
[2018.11.19-06.32.40:566][759]LogSlate: Updating window title bar state: overlay mode, drag disabled, window buttons hidden, title bar hidden
[2018.11.19-06.32.40:583][759]LogSlate: Window 'XCP Game Preview Standalone (64-bit/PCD3D_SM5)' being destroyed
[2018.11.19-06.32.40:615][759]LogPlayLevel: Display: Shutting down PIE online subsystems
[2018.11.19-06.32.40:616][759]LogBlueprintUserMessages: Late EndPlayMap Detection: Level '/Game/Maps/First_Lvl_Dup.First_Lvl_Dup:PersistentLevel' has LevelScriptBlueprint '/Game/Maps/First_Lvl_Dup.First_Lvl_Dup:PersistentLevel.First_Lvl_Dup' with GeneratedClass '/Game/Maps/First_Lvl_Dup.First_Lvl_Dup_C' with ClassGeneratedBy '/Game/Maps/First_Lvl_Dup.First_Lvl_Dup:PersistentLevel.First_Lvl_Dup'
[2018.11.19-06.32.40:761][766]LogPlayLevel: Display: Destroying online subsystem :Context_7
[2018.11.19-06.33.08:647][433]LogSavePackage: Moving '../../../../../../Users/Luis/Documents/GitHub/New_Prototype/BP_Cplusplus/Saved/Directional_S2D9A0BE8D4B54D847DEBB6D9BD3E1782D.tmp' to '../../../../../../Users/Luis/Documents/GitHub/New_Prototype/BP_Cplusplus/Content/Final_Project_Content/Sprites/Directional_S2.uasset'
[2018.11.19-06.33.09:197][461]LogSavePackage: Moving '../../../../../../Users/Luis/Documents/GitHub/New_Prototype/BP_Cplusplus/Saved/Directional_S25D29E6A143961003F0572EA57E9C3369.tmp' to '../../../../../../Users/Luis/Documents/GitHub/New_Prototype/BP_Cplusplus/Content/Final_Project_Content/Sprites/Directional_S2.uasset'
[2018.11.19-06.33.09:832][494]LogSavePackage: Moving '../../../../../../Users/Luis/Documents/GitHub/New_Prototype/BP_Cplusplus/Saved/Directional_S2AA0A4B3B409726EAE12443B83D5D9DAF.tmp' to '../../../../../../Users/Luis/Documents/GitHub/New_Prototype/BP_Cplusplus/Content/Final_Project_Content/Sprites/Directional_S2.uasset'
[2018.11.19-06.33.16:111][869]LogTemp: Repeating last play command: New Editor Window (PIE)
[2018.11.19-06.33.16:129][869]LogBlueprintUserMessages: Early PlayInEditor Detection: Level '/Game/Maps/First_Lvl_Dup.First_Lvl_Dup:PersistentLevel' has LevelScriptBlueprint '/Game/Maps/First_Lvl_Dup.First_Lvl_Dup:PersistentLevel.First_Lvl_Dup' with GeneratedClass '/Game/Maps/First_Lvl_Dup.First_Lvl_Dup_C' with ClassGeneratedBy '/Game/Maps/First_Lvl_Dup.First_Lvl_Dup:PersistentLevel.First_Lvl_Dup'
[2018.11.19-06.33.16:129][869]LogPlayLevel: PlayLevel: No blueprints needed recompiling
[2018.11.19-06.33.16:129][869]PIE: New page: PIE session: First_Lvl_Dup (Nov 18, 2018, 6:33:16 PM)
[2018.11.19-06.33.16:129][869]LogPlayLevel: Creating play world package: /Game/Maps/UEDPIE_0_First_Lvl_Dup
[2018.11.19-06.33.16:132][869]LogPlayLevel: PIE: StaticDuplicateObject took: (0.002533s)
[2018.11.19-06.33.16:132][869]LogAIModule: Creating AISystem for world First_Lvl_Dup
[2018.11.19-06.33.16:132][869]LogPlayLevel: PIE: World Init took: (0.000491s)
[2018.11.19-06.33.16:132][869]LogPlayLevel: PIE: Created PIE world by copying editor world from /Game/Maps/First_Lvl_Dup.First_Lvl_Dup to /Game/Maps/UEDPIE_0_First_Lvl_Dup.First_Lvl_Dup (0.003128s)
[2018.11.19-06.33.16:167][869]LogInit: XAudio2 using 'ROG PG248Q (NVIDIA High Definition Audio)' : 2 channels at 48 kHz using 16 bits per sample (channel mask 0x3)
[2018.11.19-06.33.16:176][869]LogInit: FAudioDevice initialized.
[2018.11.19-06.33.16:200][869]LogSlate: Updating window title bar state: overlay mode, drag disabled, window buttons hidden, title bar hidden
[2018.11.19-06.33.16:234][869]LogLoad: Game class is '2DSideScrollerGameMode_C'
[2018.11.19-06.33.16:236][869]LogWorld: Bringing World /Game/Maps/UEDPIE_0_First_Lvl_Dup.First_Lvl_Dup up for play (max tick rate 60) at 2018.11.19-00.33.16
[2018.11.19-06.33.16:237][869]LogWorld: Bringing up level for play took: 0.002440
[2018.11.19-06.33.16:253][869]PIE: Play in editor start time for /Game/Maps/UEDPIE_0_First_Lvl_Dup 0.303
[2018.11.19-06.33.16:253][869]LogBlueprintUserMessages: Late PlayInEditor Detection: Level '/Game/Maps/First_Lvl_Dup.First_Lvl_Dup:PersistentLevel' has LevelScriptBlueprint '/Game/Maps/First_Lvl_Dup.First_Lvl_Dup:PersistentLevel.First_Lvl_Dup' with GeneratedClass '/Game/Maps/First_Lvl_Dup.First_Lvl_Dup_C' with ClassGeneratedBy '/Game/Maps/First_Lvl_Dup.First_Lvl_Dup:PersistentLevel.First_Lvl_Dup'
[2018.11.19-06.33.31:239][766]LogBlueprintUserMessages: Early EndPlayMap Detection: Level '/Game/Maps/First_Lvl_Dup.First_Lvl_Dup:PersistentLevel' has LevelScriptBlueprint '/Game/Maps/First_Lvl_Dup.First_Lvl_Dup:PersistentLevel.First_Lvl_Dup' with GeneratedClass '/Game/Maps/First_Lvl_Dup.First_Lvl_Dup_C' with ClassGeneratedBy '/Game/Maps/First_Lvl_Dup.First_Lvl_Dup:PersistentLevel.First_Lvl_Dup'
[2018.11.19-06.33.31:239][766]LogSlate: Updating window title bar state: overlay mode, drag disabled, window buttons hidden, title bar hidden
[2018.11.19-06.33.31:256][766]LogSlate: Window 'XCP Game Preview Standalone (64-bit/PCD3D_SM5)' being destroyed
[2018.11.19-06.33.31:293][766]LogPlayLevel: Display: Shutting down PIE online subsystems
[2018.11.19-06.33.31:293][766]LogBlueprintUserMessages: Late EndPlayMap Detection: Level '/Game/Maps/First_Lvl_Dup.First_Lvl_Dup:PersistentLevel' has LevelScriptBlueprint '/Game/Maps/First_Lvl_Dup.First_Lvl_Dup:PersistentLevel.First_Lvl_Dup' with GeneratedClass '/Game/Maps/First_Lvl_Dup.First_Lvl_Dup_C' with ClassGeneratedBy '/Game/Maps/First_Lvl_Dup.First_Lvl_Dup:PersistentLevel.First_Lvl_Dup'
[2018.11.19-06.33.31:449][773]LogPlayLevel: Display: Destroying online subsystem :Context_8
[2018.11.19-06.33.47:327][724]LogSlate: Prevented a slow task dialog from being summoned while a context menu was open
[2018.11.19-06.34.08:758][  7]LogAssetEditorManager: Opening Asset editor for Blueprint /Game/Final_Project_Content/Blueprints/2DSideScrollerCharacter.2DSideScrollerCharacter
[2018.11.19-06.34.31:019][314]LogAssetEditorManager: Opening Asset editor for Blueprint /Game/Final_Project_Content/Blueprints/Character/2DSideScrollerCharacter.2DSideScrollerCharacter
[2018.11.19-06.34.37:414][672]LogSlate: Window '2DSideScrollerCharacter' being destroyed
[2018.11.19-06.34.37:418][672]LogSlate: Window '2DSideScrollerCharacter' being destroyed
[2018.11.19-06.34.54:508][399]LogSlate: Window 'Delete Assets' being destroyed
[2018.11.19-06.34.54:533][399]LogActorComponent: UnregisterComponent: (/Engine/Transient.EditorFloorComp) Not registered. Aborting.
[2018.11.19-06.35.41:394][895]LogSlate: Window 'Replace References?' being destroyed
[2018.11.19-06.35.41:398][895]LogSlate: Window 'Delete Assets' being destroyed
[2018.11.19-06.35.46:745][895]LogSlate: Window 'Save Content' being destroyed
[2018.11.19-06.35.53:769][298]LogMetaData: Removing '/Game/Final_Project_Content/Blueprints/Character/2DSideScrollerCharacter0.2DSideScrollerCharacter0_C' ref from Metadata '/Game/Final_Project_Content/Blueprints/2DSideScrollerCharacter0.PackageMetaData'
[2018.11.19-06.35.53:769][298]LogMetaData: Removing '/Game/Final_Project_Content/Blueprints/Character/2DSideScrollerCharacter0.2DSideScrollerCharacter0_C:Health System' ref from Metadata '/Game/Final_Project_Content/Blueprints/2DSideScrollerCharacter0.PackageMetaData'
[2018.11.19-06.35.53:769][298]LogMetaData: Removing '/Game/Final_Project_Content/Blueprints/Character/2DSideScrollerCharacter0.2DSideScrollerCharacter0_C:Damage_System' ref from Metadata '/Game/Final_Project_Content/Blueprints/2DSideScrollerCharacter0.PackageMetaData'
[2018.11.19-06.35.53:769][298]LogMetaData: Removing '/Game/Final_Project_Content/Blueprints/Character/2DSideScrollerCharacter0.2DSideScrollerCharacter0_C:UserConstructionScript' ref from Metadata '/Game/Final_Project_Content/Blueprints/2DSideScrollerCharacter0.PackageMetaData'
[2018.11.19-06.35.53:769][298]LogMetaData: Removing '/Game/Final_Project_Content/Blueprints/Character/2DSideScrollerCharacter0.2DSideScrollerCharacter0_C:ReceiveBeginPlay' ref from Metadata '/Game/Final_Project_Content/Blueprints/2DSideScrollerCharacter0.PackageMetaData'
[2018.11.19-06.35.53:769][298]LogMetaData: Removing '/Game/Final_Project_Content/Blueprints/Character/2DSideScrollerCharacter0.2DSideScrollerCharacter0_C:ReceiveTick' ref from Metadata '/Game/Final_Project_Content/Blueprints/2DSideScrollerCharacter0.PackageMetaData'
[2018.11.19-06.35.53:769][298]LogMetaData: Removing '/Game/Final_Project_Content/Blueprints/Character/2DSideScrollerCharacter0.2DSideScrollerCharacter0_C:Arrow5' ref from Metadata '/Game/Final_Project_Content/Blueprints/2DSideScrollerCharacter0.PackageMetaData'
[2018.11.19-06.35.53:769][298]LogMetaData: Removing '/Game/Final_Project_Content/Blueprints/Character/2DSideScrollerCharacter0.2DSideScrollerCharacter0_C:Arrow4' ref from Metadata '/Game/Final_Project_Content/Blueprints/2DSideScrollerCharacter0.PackageMetaData'
[2018.11.19-06.35.53:769][298]LogMetaData: Removing '/Game/Final_Project_Content/Blueprints/Character/2DSideScrollerCharacter0.2DSideScrollerCharacter0_C:Arrow3' ref from Metadata '/Game/Final_Project_Content/Blueprints/2DSideScrollerCharacter0.PackageMetaData'
[2018.11.19-06.35.53:769][298]LogMetaData: Removing '/Game/Final_Project_Content/Blueprints/Character/2DSideScrollerCharacter0.2DSideScrollerCharacter0_C:Arrow2' ref from Metadata '/Game/Final_Project_Content/Blueprints/2DSideScrollerCharacter0.PackageMetaData'
[2018.11.19-06.35.53:769][298]LogMetaData: Removing '/Game/Final_Project_Content/Blueprints/Character/2DSideScrollerCharacter0.2DSideScrollerCharacter0_C:Arrow1' ref from Metadata '/Game/Final_Project_Content/Blueprints/2DSideScrollerCharacter0.PackageMetaData'
[2018.11.19-06.35.53:769][298]LogMetaData: Removing '/Game/Final_Project_Content/Blueprints/Character/2DSideScrollerCharacter0.2DSideScrollerCharacter0_C:bisMovingRight' ref from Metadata '/Game/Final_Project_Content/Blueprints/2DSideScrollerCharacter0.PackageMetaData'
[2018.11.19-06.35.53:769][298]LogMetaData: Removing '/Game/Final_Project_Content/Blueprints/Character/2DSideScrollerCharacter0.2DSideScrollerCharacter0_C:Health' ref from Metadata '/Game/Final_Project_Content/Blueprints/2DSideScrollerCharacter0.PackageMetaData'
[2018.11.19-06.35.53:769][298]LogMetaData: Removing '/Game/Final_Project_Content/Blueprints/Character/2DSideScrollerCharacter0.2DSideScrollerCharacter0_C:Dead?' ref from Metadata '/Game/Final_Project_Content/Blueprints/2DSideScrollerCharacter0.PackageMetaData'
[2018.11.19-06.35.53:769][298]LogMetaData: Removing '/Game/Final_Project_Content/Blueprints/Character/2DSideScrollerCharacter0.SKEL_2DSideScrollerCharacter0_C:UserConstructionScript' ref from Metadata '/Game/Final_Project_Content/Blueprints/2DSideScrollerCharacter0.PackageMetaData'
[2018.11.19-06.35.53:769][298]LogMetaData: Removing '/Game/Final_Project_Content/Blueprints/Character/2DSideScrollerCharacter0.SKEL_2DSideScrollerCharacter0_C:Arrow5' ref from Metadata '/Game/Final_Project_Content/Blueprints/2DSideScrollerCharacter0.PackageMetaData'
[2018.11.19-06.35.53:769][298]LogMetaData: Removing '/Game/Final_Project_Content/Blueprints/Character/2DSideScrollerCharacter0.SKEL_2DSideScrollerCharacter0_C:Arrow4' ref from Metadata '/Game/Final_Project_Content/Blueprints/2DSideScrollerCharacter0.PackageMetaData'
[2018.11.19-06.35.53:770][298]LogMetaData: Removing '/Game/Final_Project_Content/Blueprints/Character/2DSideScrollerCharacter0.SKEL_2DSideScrollerCharacter0_C:Arrow3' ref from Metadata '/Game/Final_Project_Content/Blueprints/2DSideScrollerCharacter0.PackageMetaData'
[2018.11.19-06.35.53:770][298]LogMetaData: Removing '/Game/Final_Project_Content/Blueprints/Character/2DSideScrollerCharacter0.SKEL_2DSideScrollerCharacter0_C:Arrow2' ref from Metadata '/Game/Final_Project_Content/Blueprints/2DSideScrollerCharacter0.PackageMetaData'
[2018.11.19-06.35.53:770][298]LogMetaData: Removing '/Game/Final_Project_Content/Blueprints/Character/2DSideScrollerCharacter0.SKEL_2DSideScrollerCharacter0_C:Arrow1' ref from Metadata '/Game/Final_Project_Content/Blueprints/2DSideScrollerCharacter0.PackageMetaData'
[2018.11.19-06.35.53:770][298]LogMetaData: Removing '/Game/Final_Project_Content/Blueprints/Character/2DSideScrollerCharacter0.SKEL_2DSideScrollerCharacter0_C:bisMovingRight' ref from Metadata '/Game/Final_Project_Content/Blueprints/2DSideScrollerCharacter0.PackageMetaData'
[2018.11.19-06.35.53:770][298]LogMetaData: Removing '/Game/Final_Project_Content/Blueprints/Character/2DSideScrollerCharacter0.SKEL_2DSideScrollerCharacter0_C:Health' ref from Metadata '/Game/Final_Project_Content/Blueprints/2DSideScrollerCharacter0.PackageMetaData'
[2018.11.19-06.35.53:770][298]LogMetaData: Removing '/Game/Final_Project_Content/Blueprints/Character/2DSideScrollerCharacter0.SKEL_2DSideScrollerCharacter0_C:Dead?' ref from Metadata '/Game/Final_Project_Content/Blueprints/2DSideScrollerCharacter0.PackageMetaData'
[2018.11.19-06.35.53:770][298]LogMetaData: Removing '/Game/Final_Project_Content/Blueprints/Character/2DSideScrollerCharacter0.SKEL_2DSideScrollerCharacter0_C:Damage_System' ref from Metadata '/Game/Final_Project_Content/Blueprints/2DSideScrollerCharacter0.PackageMetaData'
[2018.11.19-06.35.53:770][298]LogMetaData: Removing '/Game/Final_Project_Content/Blueprints/Character/2DSideScrollerCharacter0.SKEL_2DSideScrollerCharacter0_C:Health System' ref from Metadata '/Game/Final_Project_Content/Blueprints/2DSideScrollerCharacter0.PackageMetaData'
[2018.11.19-06.35.53:770][298]LogMetaData: Removing '/Game/Final_Project_Content/Blueprints/Character/2DSideScrollerCharacter0.SKEL_2DSideScrollerCharacter0_C:ReceiveTick' ref from Metadata '/Game/Final_Project_Content/Blueprints/2DSideScrollerCharacter0.PackageMetaData'
[2018.11.19-06.35.53:770][298]LogMetaData: Removing '/Game/Final_Project_Content/Blueprints/Character/2DSideScrollerCharacter0.SKEL_2DSideScrollerCharacter0_C:ReceiveBeginPlay' ref from Metadata '/Game/Final_Project_Content/Blueprints/2DSideScrollerCharacter0.PackageMetaData'
[2018.11.19-06.35.53:770][298]LogMetaData: Removing '/Game/Final_Project_Content/Blueprints/Character/2DSideScrollerCharacter0.SKEL_2DSideScrollerCharacter0_C:InpAxisEvt_MoveRight_K2Node_InputAxisEvent_5' ref from Metadata '/Game/Final_Project_Content/Blueprints/2DSideScrollerCharacter0.PackageMetaData'
[2018.11.19-06.35.53:770][298]LogMetaData: Removing '/Game/Final_Project_Content/Blueprints/Character/2DSideScrollerCharacter0.SKEL_2DSideScrollerCharacter0_C' ref from Metadata '/Game/Final_Project_Content/Blueprints/2DSideScrollerCharacter0.PackageMetaData'
[2018.11.19-06.35.53:896][298]LogSavePackage: Moving '../../../../../../Users/Luis/Documents/GitHub/New_Prototype/BP_Cplusplus/Saved/2DSideScrollerCharacter0D8F0F94D48468689CC8577AA3FCC8787.tmp' to '../../../../../../Users/Luis/Documents/GitHub/New_Prototype/BP_Cplusplus/Content/Final_Project_Content/Blueprints/Character/2DSideScrollerCharacter0.uasset'
[2018.11.19-06.35.53:964][298]LogSavePackage: Moving '../../../../../../Users/Luis/Documents/GitHub/New_Prototype/BP_Cplusplus/Saved/2DSideScrollerCharacter0D2886D054EFBFEC9E0F42CAF22B13D3A.tmp' to '../../../../../../Users/Luis/Documents/GitHub/New_Prototype/BP_Cplusplus/Content/Final_Project_Content/Blueprints/2DSideScrollerCharacter0.uasset'
[2018.11.19-06.36.04:117][906]LogTemp: Repeating last play command: New Editor Window (PIE)
[2018.11.19-06.36.04:132][906]LogBlueprintUserMessages: Early PlayInEditor Detection: Level '/Game/Maps/First_Lvl_Dup.First_Lvl_Dup:PersistentLevel' has LevelScriptBlueprint '/Game/Maps/First_Lvl_Dup.First_Lvl_Dup:PersistentLevel.First_Lvl_Dup' with GeneratedClass '/Game/Maps/First_Lvl_Dup.First_Lvl_Dup_C' with ClassGeneratedBy '/Game/Maps/First_Lvl_Dup.First_Lvl_Dup:PersistentLevel.First_Lvl_Dup'
[2018.11.19-06.36.04:132][906]BlueprintLog: New page: Pre-Play auto-recompile
[2018.11.19-06.36.04:142][906]LogPlayLevel: [PlayLevel] Compiling BP_Ammo12 before play...
[2018.11.19-06.36.04:170][906]LogPlayLevel: [PlayLevel] Compiling BP_Ammo1 before play...
[2018.11.19-06.36.04:194][906]LogPlayLevel: [PlayLevel] Compiling BP_First_Level_Checkpoint before play...
[2018.11.19-06.36.04:295][906]LogPlayLevel: [PlayLevel] Compiling Activate_2nd_Stage before play...
[2018.11.19-06.36.04:384][906]LogPlayLevel: [PlayLevel] Compiling BP_KillBox before play...
[2018.11.19-06.36.04:477][906]LogPlayLevel: [PlayLevel] Compiling BP_Boss_Attack before play...
[2018.11.19-06.36.04:484][906]LogPlayLevel: [PlayLevel] Compiling Health before play...
[2018.11.19-06.36.04:495][906]LogPlayLevel: [PlayLevel] Compiling First_Lvl_Dup before play...
[2018.11.19-06.36.04:615][906]LogPlayLevel: PlayLevel: Blueprint regeneration took 482 ms (8 blueprints)
[2018.11.19-06.36.04:615][906]PIE: New page: PIE session: First_Lvl_Dup (Nov 18, 2018, 6:36:04 PM)
[2018.11.19-06.36.04:615][906]LogPlayLevel: Creating play world package: /Game/Maps/UEDPIE_0_First_Lvl_Dup
[2018.11.19-06.36.04:618][906]LogPlayLevel: PIE: StaticDuplicateObject took: (0.002580s)
[2018.11.19-06.36.04:618][906]LogAIModule: Creating AISystem for world First_Lvl_Dup
[2018.11.19-06.36.04:618][906]LogPlayLevel: PIE: World Init took: (0.000495s)
[2018.11.19-06.36.04:618][906]LogPlayLevel: PIE: Created PIE world by copying editor world from /Game/Maps/First_Lvl_Dup.First_Lvl_Dup to /Game/Maps/UEDPIE_0_First_Lvl_Dup.First_Lvl_Dup (0.003184s)
[2018.11.19-06.36.04:654][906]LogInit: XAudio2 using 'ROG PG248Q (NVIDIA High Definition Audio)' : 2 channels at 48 kHz using 16 bits per sample (channel mask 0x3)
[2018.11.19-06.36.04:664][906]LogInit: FAudioDevice initialized.
[2018.11.19-06.36.04:688][906]LogSlate: Updating window title bar state: overlay mode, drag disabled, window buttons hidden, title bar hidden
[2018.11.19-06.36.04:720][906]LogLoad: Game class is '2DSideScrollerGameMode_C'
[2018.11.19-06.36.04:723][906]LogWorld: Bringing World /Game/Maps/UEDPIE_0_First_Lvl_Dup.First_Lvl_Dup up for play (max tick rate 60) at 2018.11.19-00.36.04
[2018.11.19-06.36.04:724][906]LogWorld: Bringing up level for play took: 0.002425
[2018.11.19-06.36.04:738][906]PIE: Play in editor start time for /Game/Maps/UEDPIE_0_First_Lvl_Dup 0.789
[2018.11.19-06.36.04:739][906]LogBlueprintUserMessages: Late PlayInEditor Detection: Level '/Game/Maps/First_Lvl_Dup.First_Lvl_Dup:PersistentLevel' has LevelScriptBlueprint '/Game/Maps/First_Lvl_Dup.First_Lvl_Dup:PersistentLevel.First_Lvl_Dup' with GeneratedClass '/Game/Maps/First_Lvl_Dup.First_Lvl_Dup_C' with ClassGeneratedBy '/Game/Maps/First_Lvl_Dup.First_Lvl_Dup:PersistentLevel.First_Lvl_Dup'
[2018.11.19-06.36.13:404][418]LogBlueprintUserMessages: Early EndPlayMap Detection: Level '/Game/Maps/First_Lvl_Dup.First_Lvl_Dup:PersistentLevel' has LevelScriptBlueprint '/Game/Maps/First_Lvl_Dup.First_Lvl_Dup:PersistentLevel.First_Lvl_Dup' with GeneratedClass '/Game/Maps/First_Lvl_Dup.First_Lvl_Dup_C' with ClassGeneratedBy '/Game/Maps/First_Lvl_Dup.First_Lvl_Dup:PersistentLevel.First_Lvl_Dup'
[2018.11.19-06.36.13:404][418]LogSlate: Updating window title bar state: overlay mode, drag disabled, window buttons hidden, title bar hidden
[2018.11.19-06.36.13:422][418]LogSlate: Window 'XCP Game Preview Standalone (64-bit/PCD3D_SM5)' being destroyed
[2018.11.19-06.36.13:455][418]LogPlayLevel: Display: Shutting down PIE online subsystems
[2018.11.19-06.36.13:456][418]LogBlueprintUserMessages: Late EndPlayMap Detection: Level '/Game/Maps/First_Lvl_Dup.First_Lvl_Dup:PersistentLevel' has LevelScriptBlueprint '/Game/Maps/First_Lvl_Dup.First_Lvl_Dup:PersistentLevel.First_Lvl_Dup' with GeneratedClass '/Game/Maps/First_Lvl_Dup.First_Lvl_Dup_C' with ClassGeneratedBy '/Game/Maps/First_Lvl_Dup.First_Lvl_Dup:PersistentLevel.First_Lvl_Dup'
[2018.11.19-06.36.13:603][425]LogPlayLevel: Display: Destroying online subsystem :Context_11
[2018.11.19-06.36.18:110][694]LogAssetEditorManager: Opening Asset editor for Blueprint /Game/Final_Project_Content/Blueprints/Character/2DSideScrollerCharacter0.2DSideScrollerCharacter0
[2018.11.19-06.36.40:132][987]LogSlate: Window '2DSideScrollerCharacter0*' being destroyed
[2018.11.19-06.36.59:429][143]LogAssetEditorManager: Opening Asset editor for PaperFlipbook /Game/Final_Project_Content/Sprites/Directional_S2.Directional_S2
[2018.11.19-06.37.26:742][770]LogSavePackage: Moving '../../../../../../Users/Luis/Documents/GitHub/New_Prototype/BP_Cplusplus/Saved/Directional_S23DAD080A47C98124C7CF7F8672D63900.tmp' to '../../../../../../Users/Luis/Documents/GitHub/New_Prototype/BP_Cplusplus/Content/Final_Project_Content/Sprites/Directional_S2.uasset'
[2018.11.19-06.37.53:064][345]BlueprintLog: New page: Compile 2DSideScrollerCharacter0
[2018.11.19-06.37.54:349][392]LogSavePackage: Moving '../../../../../../Users/Luis/Documents/GitHub/New_Prototype/BP_Cplusplus/Saved/2DSideScrollerCharacter0F6597C794F0C07116ACC46BFBEEDA389.tmp' to '../../../../../../Users/Luis/Documents/GitHub/New_Prototype/BP_Cplusplus/Content/Final_Project_Content/Blueprints/Character/2DSideScrollerCharacter0.uasset'
[2018.11.19-06.38.00:471][759]LogTemp: Repeating last play command: New Editor Window (PIE)
[2018.11.19-06.38.00:490][759]LogBlueprintUserMessages: Early PlayInEditor Detection: Level '/Game/Maps/First_Lvl_Dup.First_Lvl_Dup:PersistentLevel' has LevelScriptBlueprint '/Game/Maps/First_Lvl_Dup.First_Lvl_Dup:PersistentLevel.First_Lvl_Dup' with GeneratedClass '/Game/Maps/First_Lvl_Dup.First_Lvl_Dup_C' with ClassGeneratedBy '/Game/Maps/First_Lvl_Dup.First_Lvl_Dup:PersistentLevel.First_Lvl_Dup'
[2018.11.19-06.38.00:490][759]LogPlayLevel: PlayLevel: No blueprints needed recompiling
[2018.11.19-06.38.00:490][759]PIE: New page: PIE session: First_Lvl_Dup (Nov 18, 2018, 6:38:00 PM)
[2018.11.19-06.38.00:490][759]LogPlayLevel: Creating play world package: /Game/Maps/UEDPIE_0_First_Lvl_Dup
[2018.11.19-06.38.00:493][759]LogPlayLevel: PIE: StaticDuplicateObject took: (0.002544s)
[2018.11.19-06.38.00:493][759]LogAIModule: Creating AISystem for world First_Lvl_Dup
[2018.11.19-06.38.00:493][759]LogPlayLevel: PIE: World Init took: (0.000505s)
[2018.11.19-06.38.00:493][759]LogPlayLevel: PIE: Created PIE world by copying editor world from /Game/Maps/First_Lvl_Dup.First_Lvl_Dup to /Game/Maps/UEDPIE_0_First_Lvl_Dup.First_Lvl_Dup (0.003154s)
[2018.11.19-06.38.00:528][759]LogInit: XAudio2 using 'ROG PG248Q (NVIDIA High Definition Audio)' : 2 channels at 48 kHz using 16 bits per sample (channel mask 0x3)
[2018.11.19-06.38.00:538][759]LogInit: FAudioDevice initialized.
[2018.11.19-06.38.00:562][759]LogSlate: Updating window title bar state: overlay mode, drag disabled, window buttons hidden, title bar hidden
[2018.11.19-06.38.00:600][759]LogLoad: Game class is '2DSideScrollerGameMode_C'
[2018.11.19-06.38.00:602][759]LogWorld: Bringing World /Game/Maps/UEDPIE_0_First_Lvl_Dup.First_Lvl_Dup up for play (max tick rate 60) at 2018.11.19-00.38.00
[2018.11.19-06.38.00:603][759]LogWorld: Bringing up level for play took: 0.002508
[2018.11.19-06.38.00:618][759]PIE: Play in editor start time for /Game/Maps/UEDPIE_0_First_Lvl_Dup 0.669
[2018.11.19-06.38.00:618][759]LogBlueprintUserMessages: Late PlayInEditor Detection: Level '/Game/Maps/First_Lvl_Dup.First_Lvl_Dup:PersistentLevel' has LevelScriptBlueprint '/Game/Maps/First_Lvl_Dup.First_Lvl_Dup:PersistentLevel.First_Lvl_Dup' with GeneratedClass '/Game/Maps/First_Lvl_Dup.First_Lvl_Dup_C' with ClassGeneratedBy '/Game/Maps/First_Lvl_Dup.First_Lvl_Dup:PersistentLevel.First_Lvl_Dup'
[2018.11.19-06.38.13:663][539]LogBlueprintUserMessages: Early EndPlayMap Detection: Level '/Game/Maps/First_Lvl_Dup.First_Lvl_Dup:PersistentLevel' has LevelScriptBlueprint '/Game/Maps/First_Lvl_Dup.First_Lvl_Dup:PersistentLevel.First_Lvl_Dup' with GeneratedClass '/Game/Maps/First_Lvl_Dup.First_Lvl_Dup_C' with ClassGeneratedBy '/Game/Maps/First_Lvl_Dup.First_Lvl_Dup:PersistentLevel.First_Lvl_Dup'
[2018.11.19-06.38.13:664][539]LogSlate: Updating window title bar state: overlay mode, drag disabled, window buttons hidden, title bar hidden
[2018.11.19-06.38.13:681][539]LogSlate: Window 'XCP Game Preview Standalone (64-bit/PCD3D_SM5)' being destroyed
[2018.11.19-06.38.13:720][539]LogPlayLevel: Display: Shutting down PIE online subsystems
[2018.11.19-06.38.13:721][539]LogBlueprintUserMessages: Late EndPlayMap Detection: Level '/Game/Maps/First_Lvl_Dup.First_Lvl_Dup:PersistentLevel' has LevelScriptBlueprint '/Game/Maps/First_Lvl_Dup.First_Lvl_Dup:PersistentLevel.First_Lvl_Dup' with GeneratedClass '/Game/Maps/First_Lvl_Dup.First_Lvl_Dup_C' with ClassGeneratedBy '/Game/Maps/First_Lvl_Dup.First_Lvl_Dup:PersistentLevel.First_Lvl_Dup'
[2018.11.19-06.38.13:869][546]LogPlayLevel: Display: Destroying online subsystem :Context_14
[2018.11.19-06.39.43:211][877]BlueprintLog: New page: Compile 2DSideScrollerCharacter0
[2018.11.19-06.40.38:820][187]LogSavePackage: Moving '../../../../../../Users/Luis/Documents/GitHub/New_Prototype/BP_Cplusplus/Saved/Directional_S23295F83A42C9597EB22E72A3C5979D27.tmp' to '../../../../../../Users/Luis/Documents/GitHub/New_Prototype/BP_Cplusplus/Content/Final_Project_Content/Sprites/Directional_S2.uasset'
[2018.11.19-06.40.39:387][216]LogSavePackage: Moving '../../../../../../Users/Luis/Documents/GitHub/New_Prototype/BP_Cplusplus/Saved/Directional_S24460DFDA49D29020E576DC89DFA7D47F.tmp' to '../../../../../../Users/Luis/Documents/GitHub/New_Prototype/BP_Cplusplus/Content/Final_Project_Content/Sprites/Directional_S2.uasset'
[2018.11.19-06.40.39:974][246]LogSavePackage: Moving '../../../../../../Users/Luis/Documents/GitHub/New_Prototype/BP_Cplusplus/Saved/Directional_S2046E892647C578D8C68FC5A2B57838D2.tmp' to '../../../../../../Users/Luis/Documents/GitHub/New_Prototype/BP_Cplusplus/Content/Final_Project_Content/Sprites/Directional_S2.uasset'
[2018.11.19-06.40.40:524][274]LogSavePackage: Moving '../../../../../../Users/Luis/Documents/GitHub/New_Prototype/BP_Cplusplus/Saved/Directional_S27EF3EEE6419D5618F3A184A3CB4EA83B.tmp' to '../../../../../../Users/Luis/Documents/GitHub/New_Prototype/BP_Cplusplus/Content/Final_Project_Content/Sprites/Directional_S2.uasset'
[2018.11.19-06.40.44:184][483]LogSavePackage: Moving '../../../../../../Users/Luis/Documents/GitHub/New_Prototype/BP_Cplusplus/Saved/2DSideScrollerCharacter095273CF64CCCA32C76E228B413907CEB.tmp' to '../../../../../../Users/Luis/Documents/GitHub/New_Prototype/BP_Cplusplus/Content/Final_Project_Content/Blueprints/Character/2DSideScrollerCharacter0.uasset'
[2018.11.19-06.40.44:534][504]BlueprintLog: New page: Compile 2DSideScrollerCharacter0
[2018.11.19-06.40.45:147][522]BlueprintLog: New page: Compile 2DSideScrollerCharacter0
[2018.11.19-06.40.49:799][782]LogTemp: Repeating last play command: New Editor Window (PIE)
[2018.11.19-06.40.49:818][782]LogBlueprintUserMessages: Early PlayInEditor Detection: Level '/Game/Maps/First_Lvl_Dup.First_Lvl_Dup:PersistentLevel' has LevelScriptBlueprint '/Game/Maps/First_Lvl_Dup.First_Lvl_Dup:PersistentLevel.First_Lvl_Dup' with GeneratedClass '/Game/Maps/First_Lvl_Dup.First_Lvl_Dup_C' with ClassGeneratedBy '/Game/Maps/First_Lvl_Dup.First_Lvl_Dup:PersistentLevel.First_Lvl_Dup'
[2018.11.19-06.40.49:818][782]LogPlayLevel: PlayLevel: No blueprints needed recompiling
[2018.11.19-06.40.49:818][782]PIE: New page: PIE session: First_Lvl_Dup (Nov 18, 2018, 6:40:49 PM)
[2018.11.19-06.40.49:818][782]LogPlayLevel: Creating play world package: /Game/Maps/UEDPIE_0_First_Lvl_Dup
[2018.11.19-06.40.49:821][782]LogPlayLevel: PIE: StaticDuplicateObject took: (0.002583s)
[2018.11.19-06.40.49:822][782]LogAIModule: Creating AISystem for world First_Lvl_Dup
[2018.11.19-06.40.49:822][782]LogPlayLevel: PIE: World Init took: (0.000546s)
[2018.11.19-06.40.49:822][782]LogPlayLevel: PIE: Created PIE world by copying editor world from /Game/Maps/First_Lvl_Dup.First_Lvl_Dup to /Game/Maps/UEDPIE_0_First_Lvl_Dup.First_Lvl_Dup (0.003238s)
[2018.11.19-06.40.49:853][782]LogInit: XAudio2 using 'ROG PG248Q (NVIDIA High Definition Audio)' : 2 channels at 48 kHz using 16 bits per sample (channel mask 0x3)
[2018.11.19-06.40.49:862][782]LogInit: FAudioDevice initialized.
[2018.11.19-06.40.49:887][782]LogSlate: Updating window title bar state: overlay mode, drag disabled, window buttons hidden, title bar hidden
[2018.11.19-06.40.49:925][782]LogLoad: Game class is '2DSideScrollerGameMode_C'
[2018.11.19-06.40.49:928][782]LogWorld: Bringing World /Game/Maps/UEDPIE_0_First_Lvl_Dup.First_Lvl_Dup up for play (max tick rate 60) at 2018.11.19-00.40.49
[2018.11.19-06.40.49:929][782]LogWorld: Bringing up level for play took: 0.002451
[2018.11.19-06.40.49:945][782]PIE: Play in editor start time for /Game/Maps/UEDPIE_0_First_Lvl_Dup -0.005
[2018.11.19-06.40.49:945][782]LogBlueprintUserMessages: Late PlayInEditor Detection: Level '/Game/Maps/First_Lvl_Dup.First_Lvl_Dup:PersistentLevel' has LevelScriptBlueprint '/Game/Maps/First_Lvl_Dup.First_Lvl_Dup:PersistentLevel.First_Lvl_Dup' with GeneratedClass '/Game/Maps/First_Lvl_Dup.First_Lvl_Dup_C' with ClassGeneratedBy '/Game/Maps/First_Lvl_Dup.First_Lvl_Dup:PersistentLevel.First_Lvl_Dup'
[2018.11.19-06.41.01:520][473]LogBlueprintUserMessages: [BP_checkpoint_2] X=500.831 Y=0.000 Z=136.231
[2018.11.19-06.41.23:424][787]LogBlueprintUserMessages: Early EndPlayMap Detection: Level '/Game/Maps/First_Lvl_Dup.First_Lvl_Dup:PersistentLevel' has LevelScriptBlueprint '/Game/Maps/First_Lvl_Dup.First_Lvl_Dup:PersistentLevel.First_Lvl_Dup' with GeneratedClass '/Game/Maps/First_Lvl_Dup.First_Lvl_Dup_C' with ClassGeneratedBy '/Game/Maps/First_Lvl_Dup.First_Lvl_Dup:PersistentLevel.First_Lvl_Dup'
[2018.11.19-06.41.23:425][787]LogSlate: Updating window title bar state: overlay mode, drag disabled, window buttons hidden, title bar hidden
[2018.11.19-06.41.23:442][787]LogSlate: Window 'XCP Game Preview Standalone (64-bit/PCD3D_SM5)' being destroyed
[2018.11.19-06.41.23:476][787]LogPlayLevel: Display: Shutting down PIE online subsystems
[2018.11.19-06.41.23:477][787]LogBlueprintUserMessages: Late EndPlayMap Detection: Level '/Game/Maps/First_Lvl_Dup.First_Lvl_Dup:PersistentLevel' has LevelScriptBlueprint '/Game/Maps/First_Lvl_Dup.First_Lvl_Dup:PersistentLevel.First_Lvl_Dup' with GeneratedClass '/Game/Maps/First_Lvl_Dup.First_Lvl_Dup_C' with ClassGeneratedBy '/Game/Maps/First_Lvl_Dup.First_Lvl_Dup:PersistentLevel.First_Lvl_Dup'
[2018.11.19-06.41.23:625][794]LogPlayLevel: Display: Destroying online subsystem :Context_15
[2018.11.19-06.41.27:557][ 15]LogSavePackage: Moving '../../../../../../Users/Luis/Documents/GitHub/New_Prototype/BP_Cplusplus/Saved/First_Lvl_Dup60F63F314D84963AA554E49685CC7D2F.tmp' to '../../../../../../Users/Luis/Documents/GitHub/New_Prototype/BP_Cplusplus/Content/Maps/First_Lvl_Dup.umap'
[2018.11.19-06.42.07:837][427]LogSlate: FSceneViewport::OnFocusLost() reason 0
[2018.11.19-06.42.08:184][433]LogSavePackage: Moving '../../../../../../Users/Luis/Documents/GitHub/New_Prototype/BP_Cplusplus/Saved/First_Lvl_DupD07F33054C05B7D31616DF92861B87EC.tmp' to '../../../../../../Users/Luis/Documents/GitHub/New_Prototype/BP_Cplusplus/Content/Maps/First_Lvl_Dup.umap'
[2018.11.19-06.42.09:561][512]BlueprintLog: New page: Compile 2DSideScrollerCharacter0
[2018.11.19-06.42.10:475][537]LogSavePackage: Moving '../../../../../../Users/Luis/Documents/GitHub/New_Prototype/BP_Cplusplus/Saved/2DSideScrollerCharacter016839558404AA71CCB0990A693674BB5.tmp' to '../../../../../../Users/Luis/Documents/GitHub/New_Prototype/BP_Cplusplus/Content/Final_Project_Content/Blueprints/Character/2DSideScrollerCharacter0.uasset'
[2018.11.19-06.42.14:927][798]LogSavePackage: Moving '../../../../../../Users/Luis/Documents/GitHub/New_Prototype/BP_Cplusplus/Saved/Directional_S2730487A944B1705B59C71B91FEF59947.tmp' to '../../../../../../Users/Luis/Documents/GitHub/New_Prototype/BP_Cplusplus/Content/Final_Project_Content/Sprites/Directional_S2.uasset'
[2018.11.19-06.42.17:035][910]LogSavePackage: Moving '../../../../../../Users/Luis/Documents/GitHub/New_Prototype/BP_Cplusplus/Saved/First_Lvl_Dup037FEC2C4B2E6E44F0216DB70644D817.tmp' to '../../../../../../Users/Luis/Documents/GitHub/New_Prototype/BP_Cplusplus/Content/Maps/First_Lvl_Dup.umap'
