Log file open, 11/08/18 09:02:08
LogWindows: Failed to load 'aqProf.dll' (GetLastError=126)
LogWindows: File 'aqProf.dll' does not exist
LogWindows: Failed to load 'VSPerf140.dll' (GetLastError=126)
LogWindows: File 'VSPerf140.dll' does not exist
LogWindows: Failed to load 'VtuneApi.dll' (GetLastError=126)
LogWindows: File 'VtuneApi.dll' does not exist
LogWindows: Failed to load 'VtuneApi32e.dll' (GetLastError=126)
LogWindows: File 'VtuneApi32e.dll' does not exist
LogInit: Display: Running engine for game: BP_Cplusplus
LogInit: Display: Project file not found: ../../../BP_Cplusplus/BP_Cplusplus.uproject
LogInit: Display: 	Attempting to find via project info helper.
LogUProjectInfo: Found projects:
LogPakFile: Display: Found Pak file ../../../BP_Cplusplus/Content/Paks/BP_Cplusplus-WindowsNoEditor.pak attempting to mount.
LogPakFile: Display: Mounting pak file ../../../BP_Cplusplus/Content/Paks/BP_Cplusplus-WindowsNoEditor.pak.
LogPlatformFile: Not using cached read wrapper
LogTaskGraph: Started task graph with 5 named threads and 35 total threads with 3 sets of task threads.
LogStats: Stats thread started at 0.629679
LogD3D11RHI: Loaded GFSDK_Aftermath_Lib.x64.dll
LogICUInternationalization: Display: ICU TimeZone Detection - Raw Offset: -6:00, Platform Override: ''
LogPluginManager: Mounting plugin Paper2D
LogPluginManager: Mounting plugin AISupport
LogPluginManager: Mounting plugin LightPropagationVolume
LogPluginManager: Mounting plugin AssetManagerEditor
LogPluginManager: Mounting plugin CryptoKeys
LogPluginManager: Mounting plugin FacialAnimation
LogPluginManager: Mounting plugin MeshEditor
LogPluginManager: Mounting plugin EditableMesh
LogPluginManager: Mounting plugin DatasmithContent
LogPluginManager: Mounting plugin AlembicImporter
LogPluginManager: Mounting plugin GeometryCache
LogPluginManager: Mounting plugin AppleImageUtils
LogPluginManager: Mounting plugin AppleVision
LogPluginManager: Mounting plugin BackChannel
LogPluginManager: Mounting plugin CharacterAI
LogPluginManager: Mounting plugin HTML5Networking
LogPluginManager: Mounting plugin AvfMedia
LogPluginManager: Mounting plugin ImgMedia
LogPluginManager: Mounting plugin LinearTimecode
LogPluginManager: Mounting plugin MediaCompositing
LogPluginManager: Mounting plugin WmfMedia
LogPluginManager: Mounting plugin TcpMessaging
LogPluginManager: Mounting plugin UdpMessaging
LogPluginManager: Mounting plugin ActorSequence
LogPluginManager: Mounting plugin NetcodeUnitTest
LogPluginManager: Mounting plugin NUTUnrealEngine4
LogPluginManager: Mounting plugin OnlineSubsystem
LogPluginManager: Mounting plugin OnlineSubsystemNull
LogPluginManager: Mounting plugin OnlineSubsystemUtils
LogPluginManager: Mounting plugin LauncherChunkInstaller
LogPluginManager: Mounting plugin AndroidPermission
LogPluginManager: Mounting plugin ArchVisCharacter
LogPluginManager: Mounting plugin AudioCapture
LogPluginManager: Mounting plugin CableComponent
LogPluginManager: Mounting plugin CustomMeshComponent
LogPluginManager: Mounting plugin ExampleDeviceProfileSelector
LogPluginManager: Mounting plugin ImmediatePhysics
LogPluginManager: Mounting plugin LocationServicesBPLibrary
LogPluginManager: Mounting plugin MobilePatchingUtils
LogPluginManager: Mounting plugin OculusVR
LogPluginManager: Mounting plugin ProceduralMeshComponent
LogPluginManager: Mounting plugin PhysXVehicles
LogPluginManager: Mounting plugin RuntimePhysXCooking
LogPluginManager: Mounting plugin SteamVR
LogPluginManager: Mounting plugin WindowsMoviePlayer
LogStreaming: Display: Took  0.037s to configure plugins.
LogInit: Using libcurl 7.55.1-DEV
LogInit:  - built for x86_64-pc-win32
LogInit:  - supports SSL with OpenSSL/1.0.2h
LogInit:  - supports HTTP deflate (compression) using libz 1.2.8
LogInit:  - other features:
LogInit:      CURL_VERSION_SSL
LogInit:      CURL_VERSION_LIBZ
LogInit:      CURL_VERSION_IPV6
LogInit:      CURL_VERSION_ASYNCHDNS
LogInit:      CURL_VERSION_LARGEFILE
LogInit:      CURL_VERSION_IDN
LogInit:  CurlRequestOptions (configurable via config and command line):
LogInit:  - bVerifyPeer = false  - Libcurl will NOT verify peer certificate
LogInit:  - bUseHttpProxy = false  - Libcurl will NOT use HTTP proxy
LogInit:  - bDontReuseConnections = false  - Libcurl will reuse connections
LogInit:  - CertBundlePath = nullptr  - Libcurl will use whatever was configured at build time.
LogInit:  - MaxHostConnections = 16  - Libcurl will limit the number of connections to a host
LogInit:  - LocalHostAddr = Default
LogInit:  - BufferSize = 65536
LogInit: WinSock: version 1.1 (2.2), MaxSocks=32767, MaxUdp=65467
LogInit: Build: ++UE4+Release-4.20-CL-4302132
LogInit: Engine Version: 4.20.2-4302132+++UE4+Release-4.20
LogInit: Compatible Engine Version: 4.20.0-4212847+++UE4+Release-4.20
LogInit: Net CL: 4212847
LogInit: OS: Windows 10 (), CPU: Intel(R) Core(TM) i7-8750H CPU @ 2.20GHz, GPU: Intel(R) UHD Graphics 630
LogInit: Compiled (64-bit): Aug 21 2018 05:12:56
LogInit: Compiled with Visual C++: 19.00.24215.01
LogInit: Build Configuration: Development
LogInit: Branch Name: ++UE4+Release-4.20
LogInit: Command Line:  
LogInit: Base Directory: C:/Users/Luis/Documents/GitHub/New_Prototype/BP_Cplusplus/WindowsNoEditor/Engine/Binaries/Win64/
LogInit: Installed Engine Build: 0
LogDevObjectVersion: Number of dev versions registered: 20
LogDevObjectVersion:   Dev-Blueprints (B0D832E4-1F89-4F0D-ACCF-7EB736FD4AA2): 10
LogDevObjectVersion:   Dev-Build (E1C64328-A22C-4D53-A36C-8E866417BD8C): 0
LogDevObjectVersion:   Dev-Core (375EC13C-06E4-48FB-B500-84F0262A717E): 2
LogDevObjectVersion:   Dev-Editor (E4B068ED-F494-42E9-A231-DA0B2E46BB41): 24
LogDevObjectVersion:   Dev-Framework (CFFC743F-43B0-4480-9391-14DF171D2073): 34
LogDevObjectVersion:   Dev-Mobile (B02B49B5-BB20-44E9-A304-32B752E40360): 2
LogDevObjectVersion:   Dev-Networking (A4E4105C-59A1-49B5-A7C5-40C4547EDFEE): 0
LogDevObjectVersion:   Dev-Online (39C831C9-5AE6-47DC-9A44-9C173E1C8E7C): 0
LogDevObjectVersion:   Dev-Physics (78F01B33-EBEA-4F98-B9B4-84EACCB95AA2): 0
LogDevObjectVersion:   Dev-Platform (6631380F-2D4D-43E0-8009-CF276956A95A): 0
LogDevObjectVersion:   Dev-Rendering (12F88B9F-8875-4AFC-A67C-D90C383ABD29): 26
LogDevObjectVersion:   Dev-Sequencer (7B5AE74C-D270-4C10-A958-57980B212A5A): 9
LogDevObjectVersion:   Dev-VR (D7296918-1DD6-4BDD-9DE2-64A83CC13884): 2
LogDevObjectVersion:   Dev-LoadTimes (C2A15278-BFE7-4AFE-6C17-90FF531DF755): 1
LogDevObjectVersion:   Private-Geometry (6EACA3D4-40EC-4CC1-B786-8BED09428FC5): 3
LogDevObjectVersion:   Dev-AnimPhys (29E575DD-E0A3-4627-9D10-D276232CDCEA): 17
LogDevObjectVersion:   Dev-ReflectionCapture (6B266CEC-1EC7-4B8F-A30B-E4D90942FC07): 1
LogDevObjectVersion:   Dev-Automation (0DF73D61-A23F-47EA-B727-89E90C41499A): 1
LogDevObjectVersion:   FortniteMain (601D1886-AC64-4F84-AA16-D3DE0DEAC7D6): 12
LogDevObjectVersion:   Dev-Enterprise (9DFFBCD6-494F-0158-E221-12823C92A888): 1
LogStreaming: Display: Took  0.000s to delete old logs.
LogInit: Presizing for max 2097152 objects, including 0 objects not considered by GC, pre-allocating 0 bytes for permanent pool.
LogStreaming: Display: Async Loading initialized: Event Driven Loader: true, Async Loading Thread: false, Async Post Load: true
LogInit: Object subsystem initialized
[2018.11.08-15.02.08:878][  0]LogInit: Selected Device Profile: [WindowsNoEditor]
[2018.11.08-15.02.08:878][  0]LogInit: Applying CVar settings loaded from the selected device profile: [WindowsNoEditor]
[2018.11.08-15.02.08:883][  0]LogHAL: Display: Platform has ~ 16 GB [17052700672 / 17179869184 / 16], which maps to Larger [LargestMinGB=32, LargerMinGB=12, DefaultMinGB=8, SmallerMinGB=6, SmallestMinGB=0)
[2018.11.08-15.02.08:883][  0]LogInit: Going up to parent DeviceProfile [Windows]
[2018.11.08-15.02.08:883][  0]LogInit: Setting Device Profile CVar: [[r.Vulkan.UseRealUBs:1]]
[2018.11.08-15.02.08:883][  0]LogInit: Going up to parent DeviceProfile []
[2018.11.08-15.02.08:888][  0]LogInit: Computer: MSI
[2018.11.08-15.02.08:888][  0]LogInit: User: Luis
[2018.11.08-15.02.08:888][  0]LogInit: CPU Page size=4096, Cores=6
[2018.11.08-15.02.08:888][  0]LogInit: High frequency timer resolution =2.156248 MHz
[2018.11.08-15.02.08:888][  0]LogMemory: Memory total: Physical=15.9GB (16GB approx)
[2018.11.08-15.02.08:888][  0]LogMemory: Platform Memory Stats for WindowsNoEditor
[2018.11.08-15.02.08:888][  0]LogMemory: Process Physical Memory: 54.28 MB used, 54.28 MB peak
[2018.11.08-15.02.08:888][  0]LogMemory: Process Virtual Memory: 65.87 MB used, 65.87 MB peak
[2018.11.08-15.02.08:888][  0]LogMemory: Physical Memory: 10026.29 MB used,  6236.43 MB free, 16262.72 MB total
[2018.11.08-15.02.08:888][  0]LogMemory: Virtual Memory: 4444.98 MB used,  6236.43 MB free, 134217728.00 MB total
[2018.11.08-15.02.09:470][  0]LogInit: Using OS detected language (en-US).
[2018.11.08-15.02.09:470][  0]LogInit: Using OS detected locale (en-US).
[2018.11.08-15.02.09:471][  0]LogTextLocalizationManager: No specific localization for 'en-US' exists, so the 'en' localization will be used.
[2018.11.08-15.02.09:490][  0]LogStreaming: Display: Took  0.020s to InitEngineTextLocalization.
[2018.11.08-15.02.09:526][  0]LogSlate: New Slate User Created.  User Index 0, Is Virtual User: 0
[2018.11.08-15.02.09:526][  0]LogSlate: Slate User Registered.  User Index 0, Is Virtual User: 0
[2018.11.08-15.02.09:539][  0]LogHMD: Failed to initialize OpenVR with code 110
[2018.11.08-15.02.09:540][  0]LogD3D11RHI: D3D11 adapters:
[2018.11.08-15.02.09:608][  0]LogD3D11RHI:    0. 'NVIDIA GeForce GTX 1060' (Feature Level 11_0)
[2018.11.08-15.02.09:608][  0]LogD3D11RHI:       6052/0/8131 MB DedicatedVideo/DedicatedSystem/SharedSystem, Outputs:1, VendorId:0x10de
[2018.11.08-15.02.09:624][  0]LogD3D11RHI:    1. 'Intel(R) UHD Graphics 630' (Feature Level 11_0)
[2018.11.08-15.02.09:625][  0]LogD3D11RHI:       128/0/8131 MB DedicatedVideo/DedicatedSystem/SharedSystem, Outputs:0, VendorId:0x8086
[2018.11.08-15.02.09:627][  0]LogD3D11RHI:    2. 'Microsoft Basic Render Driver' (Feature Level 11_0)
[2018.11.08-15.02.09:627][  0]LogD3D11RHI:       0/0/8131 MB DedicatedVideo/DedicatedSystem/SharedSystem, Outputs:0, VendorId:0x1414
[2018.11.08-15.02.09:627][  0]LogD3D11RHI: Chosen D3D11 Adapter: 0
[2018.11.08-15.02.09:642][  0]LogD3D11RHI: Creating new Direct3DDevice
[2018.11.08-15.02.09:642][  0]LogD3D11RHI:     GPU DeviceId: 0x1c20 (for the marketing name, search the web for "GPU Device Id")
[2018.11.08-15.02.09:642][  0]LogWindows: EnumDisplayDevices:
[2018.11.08-15.02.09:642][  0]LogWindows:    0. 'Intel(R) UHD Graphics 630' (P:1 D:1)
[2018.11.08-15.02.09:643][  0]LogWindows:    1. 'Intel(R) UHD Graphics 630' (P:0 D:0)
[2018.11.08-15.02.09:643][  0]LogWindows:    2. 'Intel(R) UHD Graphics 630' (P:0 D:0)
[2018.11.08-15.02.09:643][  0]LogWindows:    3. 'NVIDIA GeForce GTX 1060' (P:0 D:0)
[2018.11.08-15.02.09:643][  0]LogWindows:    4. 'NVIDIA GeForce GTX 1060' (P:0 D:0)
[2018.11.08-15.02.09:643][  0]LogWindows:    5. 'NVIDIA GeForce GTX 1060' (P:0 D:0)
[2018.11.08-15.02.09:644][  0]LogWindows:    6. 'NVIDIA GeForce GTX 1060' (P:0 D:0)
[2018.11.08-15.02.09:644][  0]LogWindows: DebugString: PrimaryIsNotTheChoosenAdapter PrimaryIsNotTheChoosenAdapter PrimaryIsNotTheChoosenAdapter FoundDriverCount:4 
[2018.11.08-15.02.09:644][  0]LogD3D11RHI:     Adapter Name: NVIDIA GeForce GTX 1060
[2018.11.08-15.02.09:644][  0]LogD3D11RHI:   Driver Version: 398.11 (internal:24.21.13.9811, unified:398.11)
[2018.11.08-15.02.09:644][  0]LogD3D11RHI:      Driver Date: 6-1-2018
[2018.11.08-15.02.09:644][  0]LogRHI: Texture pool is 4236 MB (70% of 6052 MB)
[2018.11.08-15.02.09:685][  0]LogD3D11RHI: Async texture creation enabled
[2018.11.08-15.02.09:716][  0]LogD3D11RHI: GPU Timing Frequency: 1000.000000 (Debug: 2 2)
[2018.11.08-15.02.09:720][  0]LogShaderLibrary: Display: Failed to load Shared Shader Library: Global and no native library supported.
[2018.11.08-15.02.09:720][  0]LogShaderLibrary: Display: Failed to load Shared Shader Library: Global_SC and no native library supported.
[2018.11.08-15.02.09:720][  0]LogShaderLibrary: Display: Failed to load Shared Shader Library: Paper2D and no native library supported.
[2018.11.08-15.02.09:720][  0]LogShaderLibrary: Display: Failed to load Shared Shader Library: Paper2D_SC and no native library supported.
[2018.11.08-15.02.09:721][  0]LogShaderLibrary: Display: Failed to load Shared Shader Library: Paper2D and no native library supported.
[2018.11.08-15.02.09:721][  0]LogShaderLibrary: Display: Failed to load Shared Shader Library: Paper2D_SC and no native library supported.
[2018.11.08-15.02.09:721][  0]LogShaderLibrary: Display: Failed to load Shared Shader Library: CryptoKeys and no native library supported.
[2018.11.08-15.02.09:721][  0]LogShaderLibrary: Display: Failed to load Shared Shader Library: CryptoKeys_SC and no native library supported.
[2018.11.08-15.02.09:721][  0]LogShaderLibrary: Display: Failed to load Shared Shader Library: CryptoKeys and no native library supported.
[2018.11.08-15.02.09:721][  0]LogShaderLibrary: Display: Failed to load Shared Shader Library: CryptoKeys_SC and no native library supported.
[2018.11.08-15.02.09:721][  0]LogShaderLibrary: Display: Failed to load Shared Shader Library: MeshEditor and no native library supported.
[2018.11.08-15.02.09:721][  0]LogShaderLibrary: Display: Failed to load Shared Shader Library: MeshEditor_SC and no native library supported.
[2018.11.08-15.02.09:721][  0]LogShaderLibrary: Display: Failed to load Shared Shader Library: MeshEditor and no native library supported.
[2018.11.08-15.02.09:721][  0]LogShaderLibrary: Display: Failed to load Shared Shader Library: MeshEditor_SC and no native library supported.
[2018.11.08-15.02.09:721][  0]LogShaderLibrary: Display: Failed to load Shared Shader Library: DatasmithContent and no native library supported.
[2018.11.08-15.02.09:721][  0]LogShaderLibrary: Display: Failed to load Shared Shader Library: DatasmithContent_SC and no native library supported.
[2018.11.08-15.02.09:721][  0]LogShaderLibrary: Display: Failed to load Shared Shader Library: DatasmithContent and no native library supported.
[2018.11.08-15.02.09:721][  0]LogShaderLibrary: Display: Failed to load Shared Shader Library: DatasmithContent_SC and no native library supported.
[2018.11.08-15.02.09:721][  0]LogShaderLibrary: Display: Failed to load Shared Shader Library: MediaCompositing and no native library supported.
[2018.11.08-15.02.09:721][  0]LogShaderLibrary: Display: Failed to load Shared Shader Library: MediaCompositing_SC and no native library supported.
[2018.11.08-15.02.09:721][  0]LogShaderLibrary: Display: Failed to load Shared Shader Library: MediaCompositing and no native library supported.
[2018.11.08-15.02.09:721][  0]LogShaderLibrary: Display: Failed to load Shared Shader Library: MediaCompositing_SC and no native library supported.
[2018.11.08-15.02.09:721][  0]LogShaderLibrary: Display: Failed to load Shared Shader Library: OculusVR and no native library supported.
[2018.11.08-15.02.09:721][  0]LogShaderLibrary: Display: Failed to load Shared Shader Library: OculusVR_SC and no native library supported.
[2018.11.08-15.02.09:721][  0]LogShaderLibrary: Display: Failed to load Shared Shader Library: OculusVR and no native library supported.
[2018.11.08-15.02.09:721][  0]LogShaderLibrary: Display: Failed to load Shared Shader Library: OculusVR_SC and no native library supported.
[2018.11.08-15.02.09:721][  0]LogShaderLibrary: Display: Failed to load Shared Shader Library: SteamVR and no native library supported.
[2018.11.08-15.02.09:721][  0]LogShaderLibrary: Display: Failed to load Shared Shader Library: SteamVR_SC and no native library supported.
[2018.11.08-15.02.09:721][  0]LogShaderLibrary: Display: Failed to load Shared Shader Library: SteamVR and no native library supported.
[2018.11.08-15.02.09:721][  0]LogShaderLibrary: Display: Failed to load Shared Shader Library: SteamVR_SC and no native library supported.
[2018.11.08-15.02.09:722][  0]LogRHI: Display: Failed to open default shader pipeline cache for BP_Cplusplus using shader platform 0.
[2018.11.08-15.02.09:752][  0]LogMaterial: Verifying Global Shaders for PCD3D_SM5
[2018.11.08-15.02.09:787][  0]LogSlate: Using FreeType 2.6.0
[2018.11.08-15.02.09:788][  0]LogSlate: SlateFontServices - WITH_FREETYPE: 1, WITH_HARFBUZZ: 1
[2018.11.08-15.02.09:819][  0]LogShaderLibrary: Display: Failed to load Shared Shader Library: BP_Cplusplus and no native library supported.
[2018.11.08-15.02.09:819][  0]LogShaderLibrary: Display: Failed to load Shared Shader Library: BP_Cplusplus_SC and no native library supported.
[2018.11.08-15.02.09:820][  0]LogRHI: Display: Failed to open default shader pipeline cache for BP_Cplusplus using shader platform 0.
[2018.11.08-15.02.09:820][  0]LogShaderLibrary: Display: Failed to load Shared Shader Library: BP_Cplusplus and no native library supported.
[2018.11.08-15.02.09:820][  0]LogShaderLibrary: Display: Failed to load Shared Shader Library: BP_Cplusplus_SC and no native library supported.
[2018.11.08-15.02.09:821][  0]LogRHI: Display: Failed to open default shader pipeline cache for BP_Cplusplus using shader platform 0.
[2018.11.08-15.02.09:821][  0]LogInit: Using OS detected language (en-US).
[2018.11.08-15.02.09:821][  0]LogInit: Using OS detected locale (en-US).
[2018.11.08-15.02.09:821][  0]LogTextLocalizationManager: No localization for 'en-US' exists, so 'en' will be used for the language.
[2018.11.08-15.02.09:821][  0]LogTextLocalizationManager: No localization for 'en-US' exists, so 'en' will be used for the locale.
[2018.11.08-15.02.09:837][  0]LogStreaming: Display: Took  0.016s to InitGameTextLocalization.
[2018.11.08-15.02.09:850][  0]LogAssetRegistry: FAssetRegistry took 0.0116 seconds to start up
[2018.11.08-15.02.09:970][  0]LogStreaming: Display: Flushing async loaders.
[2018.11.08-15.02.09:983][  0]LogPackageLocalizationCache: Processed 9 localized package path(s) for 1 prioritized culture(s) in 0.011312 seconds
[2018.11.08-15.02.09:984][  0]LogPakFile: New pak file ../../../BP_Cplusplus/Content/Paks/BP_Cplusplus-WindowsNoEditor.pak added to pak precacher.
[2018.11.08-15.02.09:988][  0]LogInit: Selected Device Profile: [WindowsNoEditor]
[2018.11.08-15.02.10:012][  0]LogNetVersion: BP_Cplusplus 1.0.0, NetCL: 4212847, EngineNetVer: 5, GameNetVer: 0 (Checksum: 68179885)
[2018.11.08-15.02.10:219][  0]LogMoviePlayer: Initializing movie player
[2018.11.08-15.02.10:336][  0]LogSlate: Slate font cache was flushed
[2018.11.08-15.02.10:429][  0]LogAndroidPermission: UAndroidPermissionCallbackProxy::GetInstance
[2018.11.08-15.02.10:429][  0]LogOcInput: OculusInput pre-init called
[2018.11.08-15.02.10:434][  0]LogUObjectArray: 33875 objects as part of root set at end of initial load.
[2018.11.08-15.02.10:434][  0]LogUObjectAllocator: 5085280 out of 0 bytes used by permanent object pool.
[2018.11.08-15.02.10:434][  0]LogUObjectArray: CloseDisregardForGC: 0/0 objects in disregard for GC pool
[2018.11.08-15.02.10:447][  0]LogEngine: Initializing Engine...
[2018.11.08-15.02.10:449][  0]LogHMD: Failed to initialize OpenVR with code 110
[2018.11.08-15.02.10:462][  0]LogStats: UGameplayTagsManager::ConstructGameplayTagTree: ImportINI prefixes -  0.000 s
[2018.11.08-15.02.10:462][  0]LogStats: UGameplayTagsManager::ConstructGameplayTagTree: Construct from data asset -  0.000 s
[2018.11.08-15.02.10:462][  0]LogStats: UGameplayTagsManager::ConstructGameplayTagTree: ImportINI -  0.000 s
[2018.11.08-15.02.10:462][  0]LogStats: UGameplayTagsManager::ConstructGameplayTagTree: GameplayTagTreeChangedEvent.Broadcast -  0.000 s
[2018.11.08-15.02.10:522][  0]LogInit: Initializing FReadOnlyCVARCache
[2018.11.08-15.02.10:547][  0]LogInit: XAudio2 using 'Speakers (Realtek(R) Audio)' : 6 channels at 48 kHz using 32 bits per sample (channel mask 0x3f)
[2018.11.08-15.02.10:617][  0]LogInit: FAudioDevice initialized.
[2018.11.08-15.02.10:629][  0]LogNetVersion: Set ProjectVersion to 1.0.0.0. Version Checksum will be recalculated on next use.
[2018.11.08-15.02.10:629][  0]LogInit: Texture streaming: Enabled
[2018.11.08-15.02.10:657][  0]LogSlate: Updating window title bar state: overlay mode, drag disabled, window buttons hidden, title bar hidden
[2018.11.08-15.02.10:659][  0]LogInit: Display: Game Engine Initialized.
[2018.11.08-15.02.10:659][  0]LogGameplayTags: Display: UGameplayTagsManager::DoneAddingNativeTags. DelegateIsBound: 0
[2018.11.08-15.02.10:659][  0]LogStats: UGameplayTagsManager::ConstructGameplayTagTree: ImportINI prefixes -  0.000 s
[2018.11.08-15.02.10:659][  0]LogStats: UGameplayTagsManager::ConstructGameplayTagTree: Construct from data asset -  0.000 s
[2018.11.08-15.02.10:659][  0]LogStats: UGameplayTagsManager::ConstructGameplayTagTree: ImportINI -  0.000 s
[2018.11.08-15.02.10:659][  0]LogStats: UGameplayTagsManager::ConstructGameplayTagTree: GameplayTagTreeChangedEvent.Broadcast -  0.000 s
[2018.11.08-15.02.10:666][  0]LogInit: Display: Starting Game.
[2018.11.08-15.02.10:666][  0]LogNet: Browse: /Game/Maps/First_Lvl?Name=Player
[2018.11.08-15.02.10:667][  0]LogLoad: LoadMap: /Game/Maps/First_Lvl?Name=Player
[2018.11.08-15.02.10:720][  0]LogAIModule: Creating AISystem for world First_Lvl
[2018.11.08-15.02.10:720][  0]LogLoad: Game class is '2DSideScrollerGameMode_C'
[2018.11.08-15.02.10:725][  0]LogWorld: Bringing World /Game/Maps/First_Lvl.First_Lvl up for play (max tick rate 0) at 2018.11.08-09.02.10
[2018.11.08-15.02.10:726][  0]LogWorld: Bringing up level for play took: 0.005275
[2018.11.08-15.02.10:731][  0]LogUMG: Display: Widget Class Health_C - Loaded Fast Template.
[2018.11.08-15.02.10:736][  0]LogLoad: Took 0.069506 seconds to LoadMap(/Game/Maps/First_Lvl)
[2018.11.08-15.02.10:771][  0]LogRenderer: Reallocating scene render targets to support 1536x864 Format 10 NumSamples 1 (Frame:1).
[2018.11.08-15.02.10:771][  0]LogLoad: (Engine Initialization) Total time: 2.96 seconds
[2018.11.08-15.02.10:835][  0]LogContentStreaming: Texture pool size now 1000 MB
[2018.11.08-15.02.34:602][425]LogNet: Browse: /Game/Maps/Second_Lvl
[2018.11.08-15.02.34:602][425]LogLoad: LoadMap: /Game/Maps/Second_Lvl
[2018.11.08-15.02.34:624][425]LogStreaming: Display: Flushing async loaders.
[2018.11.08-15.02.34:639][425]LogAIModule: Creating AISystem for world Second_Lvl
[2018.11.08-15.02.34:639][425]LogLoad: Game class is '2DShipGameMode_C'
[2018.11.08-15.02.34:641][425]LogWorld: Bringing World /Game/Maps/Second_Lvl.Second_Lvl up for play (max tick rate 0) at 2018.11.08-09.02.34
[2018.11.08-15.02.34:641][425]LogWorld: Bringing up level for play took: 0.000533
[2018.11.08-15.02.34:641][425]LogUMG: Display: Widget Class Health_C - Loaded Fast Template.
[2018.11.08-15.02.34:642][425]LogLoad: Took 0.039628 seconds to LoadMap(/Game/Maps/Second_Lvl)
[2018.11.08-15.03.02:616][104]LogNet: Browse: /Game/Maps/Third_Lvl
[2018.11.08-15.03.02:616][104]LogLoad: LoadMap: /Game/Maps/Third_Lvl
[2018.11.08-15.03.02:635][104]LogStreaming: Display: Flushing async loaders.
[2018.11.08-15.03.02:645][104]LogAIModule: Creating AISystem for world Third_Lvl
[2018.11.08-15.03.02:645][104]LogLoad: Game class is '2DSideScrollerGameMode_C'
[2018.11.08-15.03.02:646][104]LogWorld: Bringing World /Game/Maps/Third_Lvl.Third_Lvl up for play (max tick rate 0) at 2018.11.08-09.03.02
[2018.11.08-15.03.02:647][104]LogWorld: Bringing up level for play took: 0.000461
[2018.11.08-15.03.02:647][104]LogUMG: Display: Widget Class Health_C - Loaded Fast Template.
[2018.11.08-15.03.02:648][104]LogLoad: Took 0.031461 seconds to LoadMap(/Game/Maps/Third_Lvl)
[2018.11.08-15.03.34:637][ 24]LogSlate: Request Window 'BP_Cplusplus (64-bit Development PCD3D_SM5) ' being destroyed
[2018.11.08-15.03.34:666][ 24]LogSlate: Window 'BP_Cplusplus (64-bit Development PCD3D_SM5) ' being destroyed
[2018.11.08-15.03.34:667][ 24]LogWindowsTextInputMethodSystem: Display: IME system now deactivated.
[2018.11.08-15.03.34:674][ 24]LogSlate: Updating window title bar state: overlay mode, drag disabled, window buttons hidden, title bar hidden
[2018.11.08-15.03.34:674][ 24]LogEngine: All Windows Closed
[2018.11.08-15.03.34:674][ 24]LogWindows: FPlatformMisc::RequestExit(0)
[2018.11.08-15.03.35:504][ 25]LogSlate: Slate User Destroyed.  User Index 0, Is Virtual User: 0
[2018.11.08-15.03.35:504][ 25]LogExit: Preparing to exit.
[2018.11.08-15.03.35:504][ 25]LogMoviePlayer: Shutting down movie player
[2018.11.08-15.03.35:510][ 25]LogSlate: Updating window title bar state: overlay mode, drag disabled, window buttons hidden, title bar hidden
[2018.11.08-15.03.35:512][ 25]LogExit: Game engine shut down
[2018.11.08-15.03.35:542][ 25]LogExit: Object subsystem successfully closed.
[2018.11.08-15.03.35:554][ 25]LogD3D11RHI: Shutdown
[2018.11.08-15.03.35:554][ 25]LogD3D11RHI: CleanupD3DDevice
[2018.11.08-15.03.35:556][ 25]LogD3D11RHI: ~FD3D11DynamicRHI
[2018.11.08-15.03.35:556][ 25]LogModuleManager: Shutting down and abandoning module AutomationController (186)
[2018.11.08-15.03.35:556][ 25]LogModuleManager: Shutting down and abandoning module AutomationWorker (184)
[2018.11.08-15.03.35:556][ 25]LogModuleManager: Shutting down and abandoning module Voice (182)
[2018.11.08-15.03.35:556][ 25]LogModuleManager: Shutting down and abandoning module AIModule (180)
[2018.11.08-15.03.35:556][ 25]LogModuleManager: Shutting down and abandoning module GameplayDebugger (179)
[2018.11.08-15.03.35:556][ 25]LogModuleManager: Shutting down and abandoning module NavigationSystem (177)
[2018.11.08-15.03.35:556][ 25]LogModuleManager: Shutting down and abandoning module WmfMediaFactory (174)
[2018.11.08-15.03.35:556][ 25]LogModuleManager: Shutting down and abandoning module OpenExrWrapper (172)
[2018.11.08-15.03.35:556][ 25]LogModuleManager: Shutting down and abandoning module ImgMediaFactory (170)
[2018.11.08-15.03.35:556][ 25]LogModuleManager: Shutting down and abandoning module AvfMediaFactory (168)
[2018.11.08-15.03.35:556][ 25]LogModuleManager: Shutting down and abandoning module CharacterAI (166)
[2018.11.08-15.03.35:556][ 25]LogModuleManager: Shutting down and abandoning module SessionServices (164)
[2018.11.08-15.03.35:557][ 25]LogModuleManager: Shutting down and abandoning module MovieSceneTracks (162)
[2018.11.08-15.03.35:557][ 25]LogModuleManager: Shutting down and abandoning module MovieScene (160)
[2018.11.08-15.03.35:557][ 25]LogModuleManager: Shutting down and abandoning module StreamingPauseRendering (158)
[2018.11.08-15.03.35:557][ 25]LogModuleManager: Shutting down and abandoning module ProfilerService (156)
[2018.11.08-15.03.35:578][ 25]LogModuleManager: Shutting down and abandoning module TaskGraph (154)
[2018.11.08-15.03.35:578][ 25]LogModuleManager: Shutting down and abandoning module SteamVRController (152)
[2018.11.08-15.03.35:578][ 25]LogModuleManager: Shutting down and abandoning module ProceduralMeshComponent (150)
[2018.11.08-15.03.35:578][ 25]LogModuleManager: Shutting down and abandoning module OculusInput (148)
[2018.11.08-15.03.35:578][ 25]LogModuleManager: Shutting down and abandoning module MobilePatchingUtils (146)
[2018.11.08-15.03.35:578][ 25]LogModuleManager: Shutting down and abandoning module CustomMeshComponent (144)
[2018.11.08-15.03.35:578][ 25]LogModuleManager: Shutting down and abandoning module CableComponent (142)
[2018.11.08-15.03.35:578][ 25]LogModuleManager: Shutting down and abandoning module AudioCapture (140)
[2018.11.08-15.03.35:578][ 25]LogModuleManager: Shutting down and abandoning module ArchVisCharacter (138)
[2018.11.08-15.03.35:578][ 25]LogModuleManager: Shutting down and abandoning module AndroidPermission (136)
[2018.11.08-15.03.35:578][ 25]LogModuleManager: Shutting down and abandoning module MediaCompositing (134)
[2018.11.08-15.03.35:578][ 25]LogModuleManager: Shutting down and abandoning module LinearTimecode (132)
[2018.11.08-15.03.35:578][ 25]LogModuleManager: Shutting down and abandoning module ImgMedia (130)
[2018.11.08-15.03.35:579][ 25]LogModuleManager: Shutting down and abandoning module HTML5Networking (128)
[2018.11.08-15.03.35:579][ 25]LogModuleManager: Shutting down and abandoning module BackChannel (126)
[2018.11.08-15.03.35:579][ 25]LogModuleManager: Shutting down and abandoning module AppleVision (124)
[2018.11.08-15.03.35:579][ 25]LogModuleManager: Shutting down and abandoning module AppleImageUtils (122)
[2018.11.08-15.03.35:579][ 25]LogModuleManager: Shutting down and abandoning module GeometryCacheTracks (120)
[2018.11.08-15.03.35:579][ 25]LogModuleManager: Shutting down and abandoning module GeometryCache (118)
[2018.11.08-15.03.35:579][ 25]LogModuleManager: Shutting down and abandoning module DatasmithContent (116)
[2018.11.08-15.03.35:579][ 25]LogModuleManager: Shutting down and abandoning module EditableMesh (114)
[2018.11.08-15.03.35:579][ 25]LogModuleManager: Shutting down and abandoning module RuntimePhysXCooking (112)
[2018.11.08-15.03.35:579][ 25]LogModuleManager: Shutting down and abandoning module PhysXVehicles (110)
[2018.11.08-15.03.35:579][ 25]LogModuleManager: Shutting down and abandoning module LocationServicesBPLibrary (108)
[2018.11.08-15.03.35:580][ 25]LogModuleManager: Shutting down and abandoning module ImmediatePhysics (106)
[2018.11.08-15.03.35:580][ 25]LogModuleManager: Shutting down and abandoning module ActorSequence (104)
[2018.11.08-15.03.35:580][ 25]LogModuleManager: Shutting down and abandoning module UdpMessaging (102)
[2018.11.08-15.03.35:580][ 25]LogModuleManager: Shutting down and abandoning module TcpMessaging (100)
[2018.11.08-15.03.35:580][ 25]LogModuleManager: Shutting down and abandoning module FacialAnimation (98)
[2018.11.08-15.03.35:580][ 25]LogModuleManager: Shutting down and abandoning module LightPropagationVolumeRuntime (96)
[2018.11.08-15.03.35:580][ 25]LogModuleManager: Shutting down and abandoning module AISupportModule (94)
[2018.11.08-15.03.35:580][ 25]LogModuleManager: Shutting down and abandoning module Paper2D (92)
[2018.11.08-15.03.35:580][ 25]LogModuleManager: Shutting down and abandoning module WindowsMoviePlayer (90)
[2018.11.08-15.03.35:580][ 25]LogModuleManager: Shutting down and abandoning module WmfMedia (88)
[2018.11.08-15.03.35:580][ 25]LogModuleManager: Shutting down and abandoning module Media (87)
[2018.11.08-15.03.35:586][ 25]LogModuleManager: Shutting down and abandoning module PacketHandler (84)
[2018.11.08-15.03.35:586][ 25]LogModuleManager: Shutting down and abandoning module ClothingSystemRuntime (82)
[2018.11.08-15.03.35:587][ 25]LogModuleManager: Shutting down and abandoning module MediaAssets (80)
[2018.11.08-15.03.35:587][ 25]LogModuleManager: Shutting down and abandoning module Overlay (78)
[2018.11.08-15.03.35:587][ 25]LogModuleManager: Shutting down and abandoning module UMG (76)
[2018.11.08-15.03.35:587][ 25]LogModuleManager: Shutting down and abandoning module SlateReflector (74)
[2018.11.08-15.03.35:588][ 25]LogModuleManager: Shutting down and abandoning module Slate (72)
[2018.11.08-15.03.35:588][ 25]LogModuleManager: Shutting down and abandoning module MRMesh (70)
[2018.11.08-15.03.35:588][ 25]LogModuleManager: Shutting down and abandoning module Messaging (68)
[2018.11.08-15.03.35:588][ 25]LogModuleManager: Shutting down and abandoning module HeadMountedDisplay (66)
[2018.11.08-15.03.35:588][ 25]LogModuleManager: Shutting down and abandoning module XAudio2 (64)
[2018.11.08-15.03.35:588][ 25]LogModuleManager: Shutting down and abandoning module Networking (62)
[2018.11.08-15.03.35:588][ 25]LogModuleManager: Shutting down and abandoning module Core (60)
[2018.11.08-15.03.35:588][ 25]LogModuleManager: Shutting down and abandoning module LevelSequence (58)
[2018.11.08-15.03.35:588][ 25]LogModuleManager: Shutting down and abandoning module ImageWrapper (54)
[2018.11.08-15.03.35:588][ 25]LogModuleManager: Shutting down and abandoning module InputCore (52)
[2018.11.08-15.03.35:588][ 25]LogModuleManager: Shutting down and abandoning module PhysXCooking (50)
[2018.11.08-15.03.35:588][ 25]LogModuleManager: Shutting down and abandoning module SteamVR (48)
[2018.11.08-15.03.35:588][ 25]LogModuleManager: Shutting down and abandoning module OculusHMD (46)
[2018.11.08-15.03.35:588][ 25]LogModuleManager: Shutting down and abandoning module ExampleDeviceProfileSelector (44)
[2018.11.08-15.03.35:588][ 25]LogModuleManager: Shutting down and abandoning module LauncherChunkInstaller (42)
[2018.11.08-15.03.35:588][ 25]LogModuleManager: Shutting down and abandoning module OnlineSubsystem (38)
[2018.11.08-15.03.35:588][ 25]LogModuleManager: Shutting down and abandoning module HTTP (33)
[2018.11.08-15.03.35:592][ 25]LogModuleManager: Shutting down and abandoning module SSL (32)
[2018.11.08-15.03.35:592][ 25]LogModuleManager: Shutting down and abandoning module ShaderCore (28)
[2018.11.08-15.03.35:592][ 25]LogModuleManager: Shutting down and abandoning module Landscape (26)
[2018.11.08-15.03.35:592][ 25]LogModuleManager: Shutting down and abandoning module SlateRHIRenderer (24)
[2018.11.08-15.03.35:592][ 25]LogModuleManager: Shutting down and abandoning module OpenGLDrv (22)
[2018.11.08-15.03.35:592][ 25]LogModuleManager: Shutting down and abandoning module D3D11RHI (20)
[2018.11.08-15.03.35:592][ 25]LogModuleManager: Shutting down and abandoning module AnimGraphRuntime (18)
[2018.11.08-15.03.35:592][ 25]LogModuleManager: Shutting down and abandoning module Renderer (16)
[2018.11.08-15.03.35:592][ 25]LogModuleManager: Shutting down and abandoning module Engine (14)
[2018.11.08-15.03.35:592][ 25]LogModuleManager: Shutting down and abandoning module CoreUObject (12)
[2018.11.08-15.03.35:592][ 25]LogModuleManager: Shutting down and abandoning module NetworkFile (10)
[2018.11.08-15.03.35:592][ 25]LogModuleManager: Shutting down and abandoning module CookedIterativeFile (8)
[2018.11.08-15.03.35:592][ 25]LogModuleManager: Shutting down and abandoning module StreamingFile (6)
[2018.11.08-15.03.35:592][ 25]LogModuleManager: Shutting down and abandoning module SandboxFile (4)
[2018.11.08-15.03.35:592][ 25]LogModuleManager: Shutting down and abandoning module PakFile (2)
[2018.11.08-15.03.35:595][ 25]LogExit: Exiting.
[2018.11.08-15.03.35:599][ 25]Log file closed, 11/08/18 09:03:35
